Mplus VERSION 8.6 (Mac)
MUTHEN & MUTHEN
09/27/2024   1:54 PM

INPUT INSTRUCTIONS

  TITLE:
  Step 3 - Replication
  DATA:
  FILE = "/Users/agarber/github/SIM_CLCA/C4-Replication/Step2_Replication.dat";

  VARIABLE:
  NAMES = primary change interupt initiat engage approach response expect new same
       relative objects sequence trans avoid control touch sample;
   MISSING=.;
   categorical = primary-touch;
      usevar = primary-touch;

      knownclass = CG (sample=1 sample=2); !!! LABEL SAMPLES !!!
      classes = CG(2) C(5);                !!! CG is KNOWN CLASS !!!

  ANALYSIS:
  estimator = mlr;
      type = mixture;
      starts = 500 200;
      !STSEED = ; !!! USE SEED TO REPLICATE THESIS RESULTS !!!

  MODEL:
  %OVERALL%

       !!! INITIAL SAMPLE (SAMPLE 1) !!! INITIAL SAMPLE (SAMPLE 1) !!!

       %CG#1.C#1%

       [ primary$1*-0.21760  ](1);
       [ change$1*-0.45914   ](2);
       [ interupt$1*-0.64034 ](3);
       [ initiat$1*-0.46809  ](4);
       [ engage$1*-0.33510   ](5);
       [ approach$1*-0.42163 ](6);
       [ response$1*-0.58459 ](7);
       [ expect$1*-0.60368   ](8);
       [ new$1*1.17714       ](9);
       [ same$1*2.92160      ](10);
       [ relative$1*1.86782  ](11);
       [ objects$1*-1.97843  ](12);
       [ sequence$1*-1.40431 ](13);
       [ trans$1*-1.31741    ](14);
       [ avoid$1*0.99669     ](15);
       [ control$1*1.69313   ](16);
       [ touch$1*1.24603     ](17);

       %CG#1.C#2%

       [ primary$1*3.45112   ](18);
       [ change$1*2.10148    ](19);
       [ interupt$1*2.33173  ](20);
       [ initiat$1*4.67053   ](21);
       [ engage$1*2.61317    ](22);
       [ approach$1*3.00689  ](23);
       [ response$1*3.01867  ](24);
       [ expect$1*2.47608    ](25);
       [ new$1*2.13464       ](26);
       [ same$1*2.61928      ](27);
       [ relative$1*2.46710  ](28);
       [ objects$1*3.49010   ](29);
       [ sequence$1*2.16238  ](30);
       [ trans$1*1.76331     ](31);
       [ avoid$1*1.62916     ](32);
       [ control$1*2.77768   ](33);
       [ touch$1*2.98188     ](34);

       %CG#1.C#3%

       [ primary$1*-1.15805  ](35);
       [ change$1*-1.05640   ](36);
       [ interupt$1*-1.47052 ](37);
       [ initiat$1*-1.88494  ](38);
       [ engage$1*-0.85925   ](39);
       [ approach$1*-1.29676 ](40);
       [ response$1*-1.60551 ](41);
       [ expect$1*-1.84879   ](42);
       [ new$1*1.21384       ](43);
       [ same$1*1.25810      ](44);
       [ relative$1*1.00299  ](45);
       [ objects$1*2.02420   ](46);
       [ sequence$1*2.49353  ](47);
       [ trans$1*1.91476     ](48);
       [ avoid$1*1.22229     ](49);
       [ control$1*3.67528   ](50);
       [ touch$1*2.02070     ](51);

       %CG#1.C#4%

       [ primary$1*-2.45913  ](52);
       [ change$1*-2.07089   ](53);
       [ interupt$1*-2.29483 ](54);
       [ initiat$1*-2.28241  ](55);
       [ engage$1*-1.87192   ](56);
       [ approach$1*-2.25327 ](57);
       [ response$1*-2.27708 ](58);
       [ expect$1*-2.29726   ](59);
       [ new$1*-2.86563      ](60);
       [ same$1*-2.02751     ](61);
       [ relative$1*-2.09303 ](62);
       [ objects$1*-3.25774  ](63);
       [ sequence$1*-2.18406 ](64);
       [ trans$1*-2.90318    ](65);
       [ avoid$1*-2.16937    ](66);
       [ control$1*-1.95077  ](67);
       [ touch$1*-1.64226    ](68);

       %CG#1.C#5%

       [ primary$1*3.92177   ](69);
       [ change$1*1.18687    ](70);
       [ interupt$1*2.44270  ](71);
       [ initiat$1*1.17768   ](72);
       [ engage$1*4.46855    ](73);
       [ approach$1*1.51338  ](74);
       [ response$1*2.11385  ](75);
       [ expect$1*2.56064    ](76);
       [ new$1*-2.43669      ](77);
       [ same$1*-1.04154     ](78);
       [ relative$1*-1.78324 ](79);
       [ objects$1*-1.14240  ](80);
       [ sequence$1*-0.84974 ](81);
       [ trans$1*-0.89213    ](82);
       [ avoid$1*-1.11250    ](83);
       [ control$1*-1.78770  ](84);
       [ touch$1*-0.87239    ](85);

       !!! REPLICATION SAMPLE (SAMPLE 2) !!! REPLICATION SAMPLE (SAMPLE 2) !!!

       %CG#2.C#1%

       [ primary$1*-0.21760  ](1);
       [ change$1*-0.45914   ](2);
       [ interupt$1*-0.64034 ](3);
       [ initiat$1*-0.46809  ](4);
       [ engage$1*-0.33510   ](5);
       [ approach$1*-0.42163 ](6);
       [ response$1*-0.58459 ](7);
       [ expect$1*-0.60368   ](8);
       [ new$1*1.17714       ](9);
       [ same$1*2.92160      ](10);
       [ relative$1*1.86782  ](11);
       [ objects$1*-1.97843  ](12);
       [ sequence$1*-1.40431 ](13);
       [ trans$1*-1.31741    ](14);
       [ avoid$1*0.99669     ](15);
       [ control$1*1.69313   ](16);
       [ touch$1*1.24603     ](17);

       %CG#2.C#2%

       [ primary$1*3.45112   ](18);
       [ change$1*2.10148    ](19);
       [ interupt$1*2.33173  ](20);
       [ initiat$1*4.67053   ](21);
       [ engage$1*2.61317    ](22);
       [ approach$1*3.00689  ](23);
       [ response$1*3.01867  ](24);
       [ expect$1*2.47608    ](25);
       [ new$1*2.13464       ](26);
       [ same$1*2.61928      ](27);
       [ relative$1*2.46710  ](28);
       [ objects$1*3.49010   ](29);
       [ sequence$1*2.16238  ](30);
       [ trans$1*1.76331     ](31);
       [ avoid$1*1.62916     ](32);
       [ control$1*2.77768   ](33);
       [ touch$1*2.98188     ](34);

       %CG#2.C#3%

       [ primary$1*-1.15805  ](35);
       [ change$1*-1.05640   ](36);
       [ interupt$1*-1.47052 ](37);
       [ initiat$1*-1.88494  ](38);
       [ engage$1*-0.85925   ](39);
       [ approach$1*-1.29676 ](40);
       [ response$1*-1.60551 ](41);
       [ expect$1*-1.84879   ](42);
       [ new$1*1.21384       ](43);
       [ same$1*1.25810      ](44);
       [ relative$1*1.00299  ](45);
       [ objects$1*2.02420   ](46);
       [ sequence$1*2.49353  ](47);
       [ trans$1*1.91476     ](48);
       [ avoid$1*1.22229     ](49);
       [ control$1*3.67528   ](50);
       [ touch$1*2.02070     ](51);

       %CG#2.C#4%

       [ primary$1*-2.45913  ](52);
       [ change$1*-2.07089   ](53);
       [ interupt$1*-2.29483 ](54);
       [ initiat$1*-2.28241  ](55);
       [ engage$1*-1.87192   ](56);
       [ approach$1*-2.25327 ](57);
       [ response$1*-2.27708 ](58);
       [ expect$1*-2.29726   ](59);
       [ new$1*-2.86563      ](60);
       [ same$1*-2.02751     ](61);
       [ relative$1*-2.09303 ](62);
       [ objects$1*-3.25774  ](63);
       [ sequence$1*-2.18406 ](64);
       [ trans$1*-2.90318    ](65);
       [ avoid$1*-2.16937    ](66);
       [ control$1*-1.95077  ](67);
       [ touch$1*-1.64226    ](68);

       %CG#2.C#5%

       [ primary$1*3.92177   ](69);
       [ change$1*1.18687    ](70);
       [ interupt$1*2.44270  ](71);
       [ initiat$1*1.17768   ](72);
       [ engage$1*4.46855    ](73);
       [ approach$1*1.51338  ](74);
       [ response$1*2.11385  ](75);
       [ expect$1*2.56064    ](76);
       [ new$1*-2.43669      ](77);
       [ same$1*-1.04154     ](78);
       [ relative$1*-1.78324 ](79);
       [ objects$1*-1.14240  ](80);
       [ sequence$1*-0.84974 ](81);
       [ trans$1*-0.89213    ](82);
       [ avoid$1*-1.11250    ](83);
       [ control$1*-1.78770  ](84);
       [ touch$1*-0.87239    ](85);
  PLOT:
  type = plot3;
            series = primary-touch(*);



INPUT READING TERMINATED NORMALLY




Step 2 - Replication

SUMMARY OF ANALYSIS

Number of groups                                                 1
Number of observations                                        6000

Number of dependent variables                                   17
Number of independent variables                                  0
Number of continuous latent variables                            0
Number of categorical latent variables                           2

Observed dependent variables

  Binary and ordered categorical (ordinal)
   PRIMARY     CHANGE      INTERUPT    INITIAT     ENGAGE      APPROACH
   RESPONSE    EXPECT      NEW         SAME        RELATIVE    OBJECTS
   SEQUENCE    TRANS       AVOID       CONTROL     TOUCH

Categorical latent variables
   CG          C

  Knownclass            CG


Estimator                                                      MLR
Information matrix                                        OBSERVED
Optimization Specifications for the Quasi-Newton Algorithm for
Continuous Outcomes
  Maximum number of iterations                                 100
  Convergence criterion                                  0.100D-05
Optimization Specifications for the EM Algorithm
  Maximum number of iterations                                 500
  Convergence criteria
    Loglikelihood change                                 0.100D-06
    Relative loglikelihood change                        0.100D-06
    Derivative                                           0.100D-05
Optimization Specifications for the M step of the EM Algorithm for
Categorical Latent variables
  Number of M step iterations                                    1
  M step convergence criterion                           0.100D-05
  Basis for M step termination                           ITERATION
Optimization Specifications for the M step of the EM Algorithm for
Censored, Binary or Ordered Categorical (Ordinal), Unordered
Categorical (Nominal) and Count Outcomes
  Number of M step iterations                                    1
  M step convergence criterion                           0.100D-05
  Basis for M step termination                           ITERATION
  Maximum value for logit thresholds                            15
  Minimum value for logit thresholds                           -15
  Minimum expected cell size for chi-square              0.100D-01
Maximum number of iterations for H1                           2000
Convergence criterion for H1                             0.100D-03
Optimization algorithm                                         EMA
Random Starts Specifications
  Number of initial stage random starts                        500
  Number of final stage optimizations                          200
  Number of initial stage iterations                            10
  Initial stage convergence criterion                    0.100D+01
  Random starts scale                                    0.500D+01
  Random seed for generating random starts                       0
Parameterization                                             LOGIT
Link                                                         LOGIT

Input data file(s)
  /Users/agarber/github/SIM_CLCA/C4-Replication/Step2_Replication.dat
Input data format  FREE


SUMMARY OF DATA

     Number of missing data patterns             1
     Number of y missing data patterns           0
     Number of u missing data patterns           1


COVARIANCE COVERAGE OF DATA

Minimum covariance coverage value   0.100


UNIVARIATE PROPORTIONS AND COUNTS FOR CATEGORICAL VARIABLES

    PRIMARY
      Category 1    0.558         3348.000
      Category 2    0.442         2652.000
    CHANGE
      Category 1    0.470         2819.000
      Category 2    0.530         3181.000
    INTERUPT
      Category 1    0.484         2906.000
      Category 2    0.516         3094.000
    INITIAT
      Category 1    0.440         2637.000
      Category 2    0.560         3363.000
    ENGAGE
      Category 1    0.559         3357.000
      Category 2    0.441         2643.000
    APPROACH
      Category 1    0.482         2894.000
      Category 2    0.518         3106.000
    RESPONSE
      Category 1    0.481         2887.000
      Category 2    0.519         3113.000
    EXPECT
      Category 1    0.472         2830.000
      Category 2    0.528         3170.000
    NEW
      Category 1    0.555         3330.000
      Category 2    0.445         2670.000
    SAME
      Category 1    0.643         3860.000
      Category 2    0.357         2140.000
    RELATIVE
      Category 1    0.578         3465.000
      Category 2    0.422         2535.000
    OBJECTS
      Category 1    0.505         3029.000
      Category 2    0.495         2971.000
    SEQUENCE
      Category 1    0.541         3247.000
      Category 2    0.459         2753.000
    TRANS
      Category 1    0.519         3116.000
      Category 2    0.481         2884.000
    AVOID
      Category 1    0.598         3589.000
      Category 2    0.402         2411.000
    CONTROL
      Category 1    0.665         3990.000
      Category 2    0.335         2010.000
    TOUCH
      Category 1    0.667         4003.000
      Category 2    0.333         1997.000


RANDOM STARTS RESULTS RANKED FROM THE BEST TO THE WORST LOGLIKELIHOOD VALUES

Final stage loglikelihood values at local maxima, seeds, and initial stage start numbers:

          -56700.410  618760           489
          -56700.410  813779           92
          -56700.410  937225           394
          -56700.410  496881           192
          -56700.410  926797           406
          -56700.410  635245           121
          -56700.410  314757           345
          -56700.410  926283           269
          -56700.410  478421           311
          -56700.410  830570           369
          -56700.410  335485           496
          -56700.410  137305           379
          -56700.410  836515           341
          -56700.410  584397           428
          -56700.410  329127           185
          -56700.410  12477            155
          -56700.410  835767           210
          -56700.410  392407           221
          -56700.410  951709           348
          -56700.410  207896           25
          -56700.410  416463           467
          -56700.410  76451            211
          -56700.410  283492           435
          -56700.410  437181           135
          -56700.410  195353           225
          -56700.410  43523            297
          -56700.410  408713           450
          -56700.410  789985           67
          -56700.410  871851           257
          -56700.410  655497           376
          -56700.410  551639           55
          -56700.410  722748           346
          -56700.410  190339           102
          -56700.410  40340            188
          -56700.410  232559           136
          -56700.410  848969           173
          -56700.410  319575           499
          -56700.410  284109           82
          -56700.410  195763           358
          -56700.410  637345           19
          -56700.410  978061           488
          -56700.410  798821           423
          -56700.410  227563           63
          -56700.410  153053           378
          -56700.410  298275           418
          -56700.410  691234           250
          -56700.410  263221           447
          -56700.410  479273           156
          -56700.410  948615           140
          -56700.410  569833           85
          -56700.410  616917           261
          -56700.410  887580           493
          -56700.410  441191           361
          -56700.410  674171           195
          -56700.410  592219           119
          -56700.410  354559           73
          -56700.410  440841           118
          -56700.410  458181           189
          -56700.410  692169           308
          -56700.410  123985           248
          -56700.410  782821           272
          -56700.410  923437           398
          -56700.410  216565           474
          -56700.410  650371           14
          -56700.410  81117            305
          -56700.410  860102           495
          -56700.410  456213           160
          -56700.410  777045           377
          -56700.410  609089           241
          -56700.410  342019           301
          -56700.410  790059           469
          -56700.410  688839           273
          -56700.410  605161           409
          -56700.410  644297           340
          -56700.410  51375            148
          -56700.410  404510           442
          -56700.410  46437            153
          -56700.410  829540           324
          -56700.410  967237           48
          -56700.410  488125           368
          -56700.410  178475           231
          -56700.410  263268           165
          -56700.410  352277           42
          -56700.410  802779           122
          -56700.410  66276            217
          -56700.410  965639           463
          -56700.410  848890           95
          -56700.410  996231           310
          -56700.410  801065           393
          -56700.410  360419           356
          -56700.410  701525           239
          -56700.410  596257           405
          -56700.410  928287           197
          -56700.410  939709           112
          -56700.410  749453           33
          -56700.410  714997           399
          -56700.410  168762           200
          -56700.410  15715            274
          -56700.410  945065           255
          -56700.410  992389           77
          -56700.410  391179           78
          -56700.410  165853           105
          -56700.410  484687           306
          -56700.410  387701           275
          -56700.410  857799           315
          -56700.410  181293           212
          -56700.410  967902           52
          -56700.410  569131           26
          -56700.410  374219           353
          -56700.410  860772           174
          -56700.410  801717           364
          -56700.410  124999           96
          -56700.410  667250           318
          -56700.410  863691           481
          -56700.410  354395           486
          -56700.410  215353           164
          -56700.410  840031           276
          -56700.410  396795           323
          -56700.410  960438           116
          -56700.410  264935           281
          -56700.410  263049           454
          -56700.410  34346            330
          -56700.410  915107           54
          -56700.410  405079           68
          -56700.410  464179           106
          -56700.410  61587            400
          -56700.410  879211           453
          -56700.410  79945            395
          -56700.410  930323           267
          -56700.410  848331           137
          -56700.410  580405           286
          -56700.410  715561           125
          -56700.410  836066           372
          -56700.410  150531           154
          -56700.410  614535           449
          -56700.410  411615           171
          -56700.410  173191           422
          -56700.410  595153           230
          -56700.410  888905           444
          -56700.410  534483           290
          -56700.410  246575           291
          -56700.410  853195           431
          -56700.410  626087           314
          -56700.410  848163           47
          -56700.410  485483           498
          -56700.410  617243           237
          -56700.410  568405           233
          -56700.410  466971           109
          -56700.410  769907           457
          -56700.410  970689           266
          -56700.410  821011           161
          -56700.410  118421           139
          -56700.410  55115            408
          -56700.410  614009           317
          -56700.410  973369           202
          -56700.410  392751           480
          -56700.410  50887            389
          -56700.410  609185           181
          -56700.410  422103           62
          -56700.410  972873           157
          -56700.410  185071           370
          -56700.410  268217           83
          -56700.410  364676           27
          -56700.410  724519           333
          -56700.410  631413           439
          -56700.410  89970            223
          -56700.410  696773           80
          -56700.410  260601           36
          -56700.410  112586           494
          -56700.410  76974            16
          -56700.410  694303           282
          -56700.410  21345            199
          -56700.410  unperturbed      0
          -56700.410  496710           386
          -56700.410  264081           186
          -56700.410  152496           123
          -56700.410  699554           427
          -56700.410  404426           344
          -56700.410  69413            472
          -56700.410  535063           329
          -56700.410  971853           402
          -56700.410  505879           424
          -56700.410  582296           452
          -56700.410  565819           65
          -56700.410  68985            17
          -56700.410  887676           22
          -56700.410  377504           294
          -56700.410  605565           404
          -56700.410  211281           292
          -56700.410  514326           325
          -56700.410  751153           110
          -56700.410  618000           190
          -56700.410  206099           363
          -56700.410  814975           129
          -56700.410  347515           24
          -56700.410  376411           473
          -56700.410  937885           426
          -56700.410  685657           69
          -56700.410  898745           466
          -56700.410  978781           497



THE BEST LOGLIKELIHOOD VALUE HAS BEEN REPLICATED.  RERUN WITH AT LEAST TWICE THE
RANDOM STARTS TO CHECK THAT THE BEST LOGLIKELIHOOD IS STILL OBTAINED AND REPLICATED.


THE MODEL ESTIMATION TERMINATED NORMALLY



MODEL FIT INFORMATION

Number of Free Parameters                       90

Loglikelihood

          H0 Value                      -56700.410
          H0 Scaling Correction Factor      1.0013
            for MLR

Information Criteria

          Akaike (AIC)                  113580.819
          Bayesian (BIC)                114183.776
          Sample-Size Adjusted BIC      113897.781
            (n* = (n + 2) / 24)

Chi-Square Test of Model Fit for the Binary and Ordered Categorical
(Ordinal) Outcomes**

          Pearson Chi-Square

          Value                          47121.496
          Degrees of Freedom                261683
          P-Value                           1.0000

          Likelihood Ratio Chi-Square

          Value                          14305.656
          Degrees of Freedom                261683
          P-Value                           1.0000

** Of the 131072 cells in the latent class indicator table, 185
   were deleted in the calculation of chi-square due to extreme values.



FINAL CLASS COUNTS AND PROPORTIONS FOR EACH LATENT CLASS VARIABLE
BASED ON THE ESTIMATED MODEL

  Latent Class
    Variable    Class

    CG             1      3000.00000          0.50000
                   2      3000.00000          0.50000
    C              1      1316.95276          0.21949
                   2      2073.80371          0.34563
                   3       370.35999          0.06173
                   4      1615.37268          0.26923
                   5       623.51080          0.10392


LATENT CLASS INDICATOR MEANS AND PROBABILITIES FOR EACH LATENT CLASS

     MEAN/PROBABILITY PROFILES FOR C
                       Latent class
                     1      2      3      4      5
     PRIMARY
       Category 1  0.461  0.251  0.085  0.980  0.970
       Category 2  0.539  0.749  0.915  0.020  0.030
     CHANGE
       Category 1  0.367  0.251  0.119  0.762  0.868
       Category 2  0.633  0.749  0.881  0.238  0.132
     INTERUPT
       Category 1  0.334  0.181  0.120  0.918  0.903
       Category 2  0.666  0.819  0.880  0.082  0.097
     INITIAT
       Category 1  0.366  0.132  0.121  0.757  0.983
       Category 2  0.634  0.868  0.879  0.243  0.017
     ENGAGE
       Category 1  0.405  0.289  0.118  0.987  0.939
       Category 2  0.595  0.711  0.882  0.013  0.061
     APPROACH
       Category 1  0.381  0.214  0.099  0.813  0.959
       Category 2  0.619  0.786  0.901  0.187  0.041
     RESPONSE
       Category 1  0.361  0.167  0.069  0.893  0.959
       Category 2  0.639  0.833  0.931  0.107  0.041
     EXPECT
       Category 1  0.340  0.128  0.090  0.933  0.921
       Category 2  0.660  0.872  0.910  0.067  0.079
     NEW
       Category 1  0.782  0.768  0.054  0.076  0.907
       Category 2  0.218  0.232  0.946  0.924  0.093
     SAME
       Category 1  0.931  0.784  0.089  0.245  0.929
       Category 2  0.069  0.216  0.911  0.755  0.071
     RELATIVE
       Category 1  0.873  0.722  0.085  0.142  0.894
       Category 2  0.127  0.278  0.915  0.858  0.106
     OBJECTS
       Category 1  0.127  0.878  0.032  0.263  0.972
       Category 2  0.873  0.122  0.968  0.737  0.028
     SEQUENCE
       Category 1  0.185  0.926  0.097  0.301  0.897
       Category 2  0.815  0.074  0.903  0.699  0.103
     TRANS
       Category 1  0.205  0.882  0.041  0.298  0.837
       Category 2  0.795  0.118  0.959  0.702  0.163
     AVOID
       Category 1  0.756  0.787  0.091  0.249  0.841
       Category 2  0.244  0.213  0.909  0.751  0.159
     CONTROL
       Category 1  0.862  0.975  0.104  0.137  0.918
       Category 2  0.138  0.025  0.896  0.863  0.082
     TOUCH
       Category 1  0.786  0.889  0.139  0.294  0.959
       Category 2  0.214  0.111  0.861  0.706  0.041


LATENT TRANSITION PROBABILITIES BASED ON THE ESTIMATED MODEL

  CG Classes (Rows) by C Classes (Columns)

            1        2        3        4        5

   1     0.219    0.346    0.062    0.269    0.104
   2     0.219    0.346    0.062    0.269    0.104


C-SPECIFIC CLASSIFICATION RESULTS

Classification Quality for CG

     Entropy                         1.000

Average Latent Class Probabilities for Most Likely Latent Class Membership (Row)
by Latent Class (Column)

           1        2

    1   1.000    0.000
    2   0.000    1.000


Classification Probabilities for the Most Likely Latent Class Membership (Column)
by Latent Class (Row)

           1        2

    1   1.000    0.000
    2   0.000    1.000


Logits for the Classification Probabilities for the Most Likely Latent Class Membership (Column)
by Latent Class (Row)

              1        2

    1     13.816    0.000
    2    -13.816    0.000

Classification Quality for C

     Entropy                         0.947

Average Latent Class Probabilities for Most Likely Latent Class Membership (Row)
by Latent Class (Column)

           1        2        3        4        5

    1   0.944    0.045    0.003    0.004    0.003
    2   0.039    0.959    0.000    0.000    0.002
    3   0.010    0.002    0.988    0.000    0.000
    4   0.004    0.000    0.000    0.992    0.003
    5   0.005    0.004    0.000    0.007    0.984


Classification Probabilities for the Most Likely Latent Class Membership (Column)
by Latent Class (Row)

           1        2        3        4        5

    1   0.928    0.062    0.003    0.005    0.002
    2   0.028    0.970    0.000    0.000    0.001
    3   0.012    0.001    0.987    0.001    0.000
    4   0.003    0.000    0.000    0.994    0.003
    5   0.006    0.005    0.000    0.008    0.980


Logits for the Classification Probabilities for the Most Likely Latent Class Membership (Column)
by Latent Class (Row)

              1        2        3        4        5

    1      6.025    3.316    0.247    0.816    0.000
    2      3.069    6.606   -1.396   -1.798    0.000
    3      9.360    6.778   13.802    6.717    0.000
    4      0.191   -1.865   -3.555    5.954    0.000
    5     -5.035   -5.251  -13.796   -4.773    0.000


MODEL RESULTS

                                                    Two-Tailed
                    Estimate       S.E.  Est./S.E.    P-Value

Parameters for Class-specific Model Parts

Latent Class Pattern 1 1

 Thresholds
    PRIMARY$1         -0.155      0.058     -2.664      0.008
    CHANGE$1          -0.546      0.060     -9.052      0.000
    INTERUPT$1        -0.690      0.062    -11.193      0.000
    INITIAT$1         -0.551      0.060     -9.112      0.000
    ENGAGE$1          -0.385      0.059     -6.483      0.000
    APPROACH$1        -0.484      0.060     -8.062      0.000
    RESPONSE$1        -0.571      0.060     -9.434      0.000
    EXPECT$1          -0.662      0.061    -10.795      0.000
    NEW$1              1.276      0.071     17.868      0.000
    SAME$1             2.597      0.123     21.172      0.000
    RELATIVE$1         1.927      0.090     21.433      0.000
    OBJECTS$1         -1.927      0.108    -17.840      0.000
    SEQUENCE$1        -1.480      0.089    -16.612      0.000
    TRANS$1           -1.355      0.081    -16.803      0.000
    AVOID$1            1.134      0.068     16.687      0.000
    CONTROL$1          1.834      0.085     21.677      0.000
    TOUCH$1            1.300      0.071     18.337      0.000

Latent Class Pattern 1 2

 Thresholds
    PRIMARY$1         -1.092      0.053    -20.508      0.000
    CHANGE$1          -1.095      0.053    -20.749      0.000
    INTERUPT$1        -1.507      0.060    -25.257      0.000
    INITIAT$1         -1.881      0.069    -27.274      0.000
    ENGAGE$1          -0.899      0.050    -17.863      0.000
    APPROACH$1        -1.300      0.056    -23.370      0.000
    RESPONSE$1        -1.610      0.063    -25.725      0.000
    EXPECT$1          -1.914      0.069    -27.611      0.000
    NEW$1              1.196      0.054     22.292      0.000
    SAME$1             1.290      0.055     23.543      0.000
    RELATIVE$1         0.953      0.050     18.900      0.000
    OBJECTS$1          1.970      0.079     24.845      0.000
    SEQUENCE$1         2.533      0.103     24.655      0.000
    TRANS$1            2.007      0.079     25.283      0.000
    AVOID$1            1.308      0.055     23.606      0.000
    CONTROL$1          3.660      0.153     23.989      0.000
    TOUCH$1            2.079      0.073     28.366      0.000

Latent Class Pattern 1 3

 Thresholds
    PRIMARY$1         -2.382      0.194    -12.299      0.000
    CHANGE$1          -2.000      0.164    -12.185      0.000
    INTERUPT$1        -1.993      0.162    -12.319      0.000
    INITIAT$1         -1.982      0.162    -12.243      0.000
    ENGAGE$1          -2.013      0.166    -12.137      0.000
    APPROACH$1        -2.212      0.178    -12.433      0.000
    RESPONSE$1        -2.595      0.208    -12.492      0.000
    EXPECT$1          -2.312      0.186    -12.459      0.000
    NEW$1             -2.855      0.237    -12.069      0.000
    SAME$1            -2.327      0.193    -12.084      0.000
    RELATIVE$1        -2.380      0.198    -12.028      0.000
    OBJECTS$1         -3.422      0.306    -11.169      0.000
    SEQUENCE$1        -2.234      0.179    -12.467      0.000
    TRANS$1           -3.159      0.265    -11.914      0.000
    AVOID$1           -2.302      0.192    -11.994      0.000
    CONTROL$1         -2.149      0.177    -12.143      0.000
    TOUCH$1           -1.827      0.155    -11.794      0.000

Latent Class Pattern 1 4

 Thresholds
    PRIMARY$1          3.904      0.184     21.197      0.000
    CHANGE$1           1.161      0.059     19.759      0.000
    INTERUPT$1         2.412      0.092     26.216      0.000
    INITIAT$1          1.139      0.059     19.455      0.000
    ENGAGE$1           4.361      0.231     18.865      0.000
    APPROACH$1         1.469      0.064     22.879      0.000
    RESPONSE$1         2.119      0.081     26.067      0.000
    EXPECT$1           2.635      0.101     26.124      0.000
    NEW$1             -2.498      0.097    -25.802      0.000
    SAME$1            -1.124      0.059    -19.205      0.000
    RELATIVE$1        -1.795      0.073    -24.687      0.000
    OBJECTS$1         -1.032      0.057    -18.070      0.000
    SEQUENCE$1        -0.842      0.055    -15.404      0.000
    TRANS$1           -0.858      0.055    -15.664      0.000
    AVOID$1           -1.103      0.058    -18.980      0.000
    CONTROL$1         -1.837      0.074    -24.954      0.000
    TOUCH$1           -0.875      0.055    -15.865      0.000

Latent Class Pattern 1 5

 Thresholds
    PRIMARY$1          3.481      0.246     14.138      0.000
    CHANGE$1           1.886      0.122     15.485      0.000
    INTERUPT$1         2.232      0.140     15.915      0.000
    INITIAT$1          4.038      0.344     11.754      0.000
    ENGAGE$1           2.730      0.175     15.589      0.000
    APPROACH$1         3.153      0.222     14.222      0.000
    RESPONSE$1         3.162      0.217     14.601      0.000
    EXPECT$1           2.463      0.155     15.887      0.000
    NEW$1              2.273      0.143     15.923      0.000
    SAME$1             2.568      0.162     15.817      0.000
    RELATIVE$1         2.127      0.135     15.756      0.000
    OBJECTS$1          3.536      0.260     13.581      0.000
    SEQUENCE$1         2.163      0.137     15.740      0.000
    TRANS$1            1.635      0.112     14.656      0.000
    AVOID$1            1.662      0.112     14.805      0.000
    CONTROL$1          2.410      0.153     15.732      0.000
    TOUCH$1            3.163      0.216     14.664      0.000

Latent Class Pattern 2 1

 Thresholds
    PRIMARY$1         -0.155      0.058     -2.664      0.008
    CHANGE$1          -0.546      0.060     -9.052      0.000
    INTERUPT$1        -0.690      0.062    -11.193      0.000
    INITIAT$1         -0.551      0.060     -9.112      0.000
    ENGAGE$1          -0.385      0.059     -6.483      0.000
    APPROACH$1        -0.484      0.060     -8.062      0.000
    RESPONSE$1        -0.571      0.060     -9.434      0.000
    EXPECT$1          -0.662      0.061    -10.795      0.000
    NEW$1              1.276      0.071     17.868      0.000
    SAME$1             2.597      0.123     21.172      0.000
    RELATIVE$1         1.927      0.090     21.433      0.000
    OBJECTS$1         -1.927      0.108    -17.840      0.000
    SEQUENCE$1        -1.480      0.089    -16.612      0.000
    TRANS$1           -1.355      0.081    -16.803      0.000
    AVOID$1            1.134      0.068     16.687      0.000
    CONTROL$1          1.834      0.085     21.677      0.000
    TOUCH$1            1.300      0.071     18.337      0.000

Latent Class Pattern 2 2

 Thresholds
    PRIMARY$1         -1.092      0.053    -20.508      0.000
    CHANGE$1          -1.095      0.053    -20.749      0.000
    INTERUPT$1        -1.507      0.060    -25.257      0.000
    INITIAT$1         -1.881      0.069    -27.274      0.000
    ENGAGE$1          -0.899      0.050    -17.863      0.000
    APPROACH$1        -1.300      0.056    -23.370      0.000
    RESPONSE$1        -1.610      0.063    -25.725      0.000
    EXPECT$1          -1.914      0.069    -27.611      0.000
    NEW$1              1.196      0.054     22.292      0.000
    SAME$1             1.290      0.055     23.543      0.000
    RELATIVE$1         0.953      0.050     18.900      0.000
    OBJECTS$1          1.970      0.079     24.845      0.000
    SEQUENCE$1         2.533      0.103     24.655      0.000
    TRANS$1            2.007      0.079     25.283      0.000
    AVOID$1            1.308      0.055     23.606      0.000
    CONTROL$1          3.660      0.153     23.989      0.000
    TOUCH$1            2.079      0.073     28.366      0.000

Latent Class Pattern 2 3

 Thresholds
    PRIMARY$1         -2.382      0.194    -12.299      0.000
    CHANGE$1          -2.000      0.164    -12.185      0.000
    INTERUPT$1        -1.993      0.162    -12.319      0.000
    INITIAT$1         -1.982      0.162    -12.243      0.000
    ENGAGE$1          -2.013      0.166    -12.137      0.000
    APPROACH$1        -2.212      0.178    -12.433      0.000
    RESPONSE$1        -2.595      0.208    -12.492      0.000
    EXPECT$1          -2.312      0.186    -12.459      0.000
    NEW$1             -2.855      0.237    -12.069      0.000
    SAME$1            -2.327      0.193    -12.084      0.000
    RELATIVE$1        -2.380      0.198    -12.028      0.000
    OBJECTS$1         -3.422      0.306    -11.169      0.000
    SEQUENCE$1        -2.234      0.179    -12.467      0.000
    TRANS$1           -3.159      0.265    -11.914      0.000
    AVOID$1           -2.302      0.192    -11.994      0.000
    CONTROL$1         -2.149      0.177    -12.143      0.000
    TOUCH$1           -1.827      0.155    -11.794      0.000

Latent Class Pattern 2 4

 Thresholds
    PRIMARY$1          3.904      0.184     21.197      0.000
    CHANGE$1           1.161      0.059     19.759      0.000
    INTERUPT$1         2.412      0.092     26.216      0.000
    INITIAT$1          1.139      0.059     19.455      0.000
    ENGAGE$1           4.361      0.231     18.865      0.000
    APPROACH$1         1.469      0.064     22.879      0.000
    RESPONSE$1         2.119      0.081     26.067      0.000
    EXPECT$1           2.635      0.101     26.124      0.000
    NEW$1             -2.498      0.097    -25.802      0.000
    SAME$1            -1.124      0.059    -19.205      0.000
    RELATIVE$1        -1.795      0.073    -24.687      0.000
    OBJECTS$1         -1.032      0.057    -18.070      0.000
    SEQUENCE$1        -0.842      0.055    -15.404      0.000
    TRANS$1           -0.858      0.055    -15.664      0.000
    AVOID$1           -1.103      0.058    -18.980      0.000
    CONTROL$1         -1.837      0.074    -24.954      0.000
    TOUCH$1           -0.875      0.055    -15.865      0.000

Latent Class Pattern 2 5

 Thresholds
    PRIMARY$1          3.481      0.246     14.138      0.000
    CHANGE$1           1.886      0.122     15.485      0.000
    INTERUPT$1         2.232      0.140     15.915      0.000
    INITIAT$1          4.038      0.344     11.754      0.000
    ENGAGE$1           2.730      0.175     15.589      0.000
    APPROACH$1         3.153      0.222     14.222      0.000
    RESPONSE$1         3.162      0.217     14.601      0.000
    EXPECT$1           2.463      0.155     15.887      0.000
    NEW$1              2.273      0.143     15.923      0.000
    SAME$1             2.568      0.162     15.817      0.000
    RELATIVE$1         2.127      0.135     15.756      0.000
    OBJECTS$1          3.536      0.260     13.581      0.000
    SEQUENCE$1         2.163      0.137     15.740      0.000
    TRANS$1            1.635      0.112     14.656      0.000
    AVOID$1            1.662      0.112     14.805      0.000
    CONTROL$1          2.410      0.153     15.732      0.000
    TOUCH$1            3.163      0.216     14.664      0.000

Categorical Latent Variables

 Means
    CG#1               0.000      0.026      0.000      1.000
    C#1                0.748      0.052     14.502      0.000
    C#2                1.202      0.047     25.456      0.000
    C#3               -0.521      0.067     -7.822      0.000
    C#4                0.952      0.048     19.812      0.000


QUALITY OF NUMERICAL RESULTS

     Condition Number for the Information Matrix              0.472E-02
       (ratio of smallest to largest eigenvalue)


RESULTS IN PROBABILITY SCALE

                                                    Two-Tailed
                    Estimate       S.E.  Est./S.E.    P-Value

Results for Class-specific Model Parts of C

Latent Class C#1

 PRIMARY
    Category 1         0.461      0.014     31.877      0.000
    Category 2         0.539      0.014     37.227      0.000
 CHANGE
    Category 1         0.367      0.014     26.197      0.000
    Category 2         0.633      0.014     45.213      0.000
 INTERUPT
    Category 1         0.334      0.014     24.370      0.000
    Category 2         0.666      0.014     48.574      0.000
 INITIAT
    Category 1         0.366      0.014     26.057      0.000
    Category 2         0.634      0.014     45.219      0.000
 ENGAGE
    Category 1         0.405      0.014     28.306      0.000
    Category 2         0.595      0.014     41.594      0.000
 APPROACH
    Category 1         0.381      0.014     26.939      0.000
    Category 2         0.619      0.014     43.701      0.000
 RESPONSE
    Category 1         0.361      0.014     25.880      0.000
    Category 2         0.639      0.014     45.789      0.000
 EXPECT
    Category 1         0.340      0.014     24.738      0.000
    Category 2         0.660      0.014     47.937      0.000
 NEW
    Category 1         0.782      0.012     64.166      0.000
    Category 2         0.218      0.012     17.904      0.000
 SAME
    Category 1         0.931      0.008    117.606      0.000
    Category 2         0.069      0.008      8.759      0.000
 RELATIVE
    Category 1         0.873      0.010     87.518      0.000
    Category 2         0.127      0.010     12.743      0.000
 OBJECTS
    Category 1         0.127      0.012     10.602      0.000
    Category 2         0.873      0.012     72.860      0.000
 SEQUENCE
    Category 1         0.185      0.013     13.780      0.000
    Category 2         0.815      0.013     60.533      0.000
 TRANS
    Category 1         0.205      0.013     15.604      0.000
    Category 2         0.795      0.013     60.473      0.000
 AVOID
    Category 1         0.756      0.013     60.454      0.000
    Category 2         0.244      0.013     19.460      0.000
 CONTROL
    Category 1         0.862      0.010     85.794      0.000
    Category 2         0.138      0.010     13.709      0.000
 TOUCH
    Category 1         0.786      0.012     65.863      0.000
    Category 2         0.214      0.012     17.950      0.000

Latent Class C#2

 PRIMARY
    Category 1         0.251      0.010     25.069      0.000
    Category 2         0.749      0.010     74.744      0.000
 CHANGE
    Category 1         0.251      0.010     25.303      0.000
    Category 2         0.749      0.010     75.598      0.000
 INTERUPT
    Category 1         0.181      0.009     20.467      0.000
    Category 2         0.819      0.009     92.406      0.000
 INITIAT
    Category 1         0.132      0.008     16.715      0.000
    Category 2         0.868      0.008    109.600      0.000
 ENGAGE
    Category 1         0.289      0.010     27.942      0.000
    Category 2         0.711      0.010     68.682      0.000
 APPROACH
    Category 1         0.214      0.009     22.872      0.000
    Category 2         0.786      0.009     83.939      0.000
 RESPONSE
    Category 1         0.167      0.009     19.167      0.000
    Category 2         0.833      0.009     95.921      0.000
 EXPECT
    Category 1         0.128      0.008     16.550      0.000
    Category 2         0.872      0.008    112.249      0.000
 NEW
    Category 1         0.768      0.010     80.278      0.000
    Category 2         0.232      0.010     24.286      0.000
 SAME
    Category 1         0.784      0.009     84.551      0.000
    Category 2         0.216      0.009     23.284      0.000
 RELATIVE
    Category 1         0.722      0.010     71.260      0.000
    Category 2         0.278      0.010     27.468      0.000
 OBJECTS
    Category 1         0.878      0.009    103.031      0.000
    Category 2         0.122      0.009     14.374      0.000
 SEQUENCE
    Category 1         0.926      0.007    132.298      0.000
    Category 2         0.074      0.007     10.506      0.000
 TRANS
    Category 1         0.882      0.008    106.324      0.000
    Category 2         0.118      0.008     14.292      0.000
 AVOID
    Category 1         0.787      0.009     84.801      0.000
    Category 2         0.213      0.009     22.921      0.000
 CONTROL
    Category 1         0.975      0.004    261.338      0.000
    Category 2         0.025      0.004      6.722      0.000
 TOUCH
    Category 1         0.889      0.007    122.731      0.000
    Category 2         0.111      0.007     15.354      0.000

Latent Class C#3

 PRIMARY
    Category 1         0.085      0.015      5.639      0.000
    Category 2         0.915      0.015     61.077      0.000
 CHANGE
    Category 1         0.119      0.017      6.916      0.000
    Category 2         0.881      0.017     51.113      0.000
 INTERUPT
    Category 1         0.120      0.017      7.025      0.000
    Category 2         0.880      0.017     51.530      0.000
 INITIAT
    Category 1         0.121      0.017      7.028      0.000
    Category 2         0.879      0.017     51.009      0.000
 ENGAGE
    Category 1         0.118      0.017      6.834      0.000
    Category 2         0.882      0.017     51.170      0.000
 APPROACH
    Category 1         0.099      0.016      6.237      0.000
    Category 2         0.901      0.016     56.957      0.000
 RESPONSE
    Category 1         0.069      0.013      5.173      0.000
    Category 2         0.931      0.013     69.309      0.000
 EXPECT
    Category 1         0.090      0.015      5.924      0.000
    Category 2         0.910      0.015     59.773      0.000
 NEW
    Category 1         0.054      0.012      4.471      0.000
    Category 2         0.946      0.012     77.657      0.000
 SAME
    Category 1         0.089      0.016      5.700      0.000
    Category 2         0.911      0.016     58.397      0.000
 RELATIVE
    Category 1         0.085      0.015      5.521      0.000
    Category 2         0.915      0.015     59.661      0.000
 OBJECTS
    Category 1         0.032      0.009      3.370      0.001
    Category 2         0.968      0.009    103.270      0.000
 SEQUENCE
    Category 1         0.097      0.016      6.177      0.000
    Category 2         0.903      0.016     57.699      0.000
 TRANS
    Category 1         0.041      0.010      3.932      0.000
    Category 2         0.959      0.010     92.566      0.000
 AVOID
    Category 1         0.091      0.016      5.732      0.000
    Category 2         0.909      0.016     57.280      0.000
 CONTROL
    Category 1         0.104      0.017      6.310      0.000
    Category 2         0.896      0.017     54.110      0.000
 TOUCH
    Category 1         0.139      0.018      7.492      0.000
    Category 2         0.861      0.018     46.581      0.000

Latent Class C#4

 PRIMARY
    Category 1         0.980      0.004    274.714      0.000
    Category 2         0.020      0.004      5.539      0.000
 CHANGE
    Category 1         0.762      0.011     71.358      0.000
    Category 2         0.238      0.011     22.338      0.000
 INTERUPT
    Category 1         0.918      0.007    132.125      0.000
    Category 2         0.082      0.007     11.843      0.000
 INITIAT
    Category 1         0.757      0.011     70.438      0.000
    Category 2         0.243      0.011     22.555      0.000
 ENGAGE
    Category 1         0.987      0.003    343.135      0.000
    Category 2         0.013      0.003      4.381      0.000
 APPROACH
    Category 1         0.813      0.010     83.247      0.000
    Category 2         0.187      0.010     19.158      0.000
 RESPONSE
    Category 1         0.893      0.008    114.703      0.000
    Category 2         0.107      0.008     13.776      0.000
 EXPECT
    Category 1         0.933      0.006    148.169      0.000
    Category 2         0.067      0.006     10.624      0.000
 NEW
    Category 1         0.076      0.007     11.178      0.000
    Category 2         0.924      0.007    135.931      0.000
 SAME
    Category 1         0.245      0.011     22.643      0.000
    Category 2         0.755      0.011     69.664      0.000
 RELATIVE
    Category 1         0.142      0.009     16.036      0.000
    Category 2         0.858      0.009     96.546      0.000
 OBJECTS
    Category 1         0.263      0.011     23.737      0.000
    Category 2         0.737      0.011     66.649      0.000
 SEQUENCE
    Category 1         0.301      0.012     26.187      0.000
    Category 2         0.699      0.012     60.763      0.000
 TRANS
    Category 1         0.298      0.011     25.992      0.000
    Category 2         0.702      0.011     61.309      0.000
 AVOID
    Category 1         0.249      0.011     22.912      0.000
    Category 2         0.751      0.011     69.055      0.000
 CONTROL
    Category 1         0.137      0.009     15.744      0.000
    Category 2         0.863      0.009     98.872      0.000
 TOUCH
    Category 1         0.294      0.011     25.699      0.000
    Category 2         0.706      0.011     61.632      0.000

Latent Class C#5

 PRIMARY
    Category 1         0.970      0.007    136.066      0.000
    Category 2         0.030      0.007      4.186      0.000
 CHANGE
    Category 1         0.868      0.014     62.351      0.000
    Category 2         0.132      0.014      9.453      0.000
 INTERUPT
    Category 1         0.903      0.012     73.564      0.000
    Category 2         0.097      0.012      7.897      0.000
 INITIAT
    Category 1         0.983      0.006    167.998      0.000
    Category 2         0.017      0.006      2.962      0.003
 ENGAGE
    Category 1         0.939      0.010     93.277      0.000
    Category 2         0.061      0.010      6.082      0.000
 APPROACH
    Category 1         0.959      0.009    110.109      0.000
    Category 2         0.041      0.009      4.703      0.000
 RESPONSE
    Category 1         0.959      0.008    113.662      0.000
    Category 2         0.041      0.008      4.814      0.000
 EXPECT
    Category 1         0.921      0.011     82.168      0.000
    Category 2         0.079      0.011      7.000      0.000
 NEW
    Category 1         0.907      0.012     75.032      0.000
    Category 2         0.093      0.012      7.725      0.000
 SAME
    Category 1         0.929      0.011     86.496      0.000
    Category 2         0.071      0.011      6.630      0.000
 RELATIVE
    Category 1         0.894      0.013     69.571      0.000
    Category 2         0.106      0.013      8.288      0.000
 OBJECTS
    Category 1         0.972      0.007    135.716      0.000
    Category 2         0.028      0.007      3.952      0.000
 SEQUENCE
    Category 1         0.897      0.013     70.577      0.000
    Category 2         0.103      0.013      8.112      0.000
 TRANS
    Category 1         0.837      0.015     54.943      0.000
    Category 2         0.163      0.015     10.712      0.000
 AVOID
    Category 1         0.841      0.015     55.854      0.000
    Category 2         0.159      0.015     10.598      0.000
 CONTROL
    Category 1         0.918      0.012     79.203      0.000
    Category 2         0.082      0.012      7.115      0.000
 TOUCH
    Category 1         0.959      0.008    114.201      0.000
    Category 2         0.041      0.008      4.833      0.000


PLOT INFORMATION

The following plots are available:

  Histograms (sample values)
  Scatterplots (sample values)
  Sample proportions and estimated probabilities

     Beginning Time:  13:54:59
        Ending Time:  13:57:46
       Elapsed Time:  00:02:47



MUTHEN & MUTHEN
3463 Stoner Ave.
Los Angeles, CA  90066

Tel: (310) 391-9971
Fax: (310) 391-8971
Web: www.StatModel.com
Support: Support@StatModel.com

Copyright (c) 1998-2021 Muthen & Muthen
