Mplus VERSION 8.6 (Mac)
MUTHEN & MUTHEN
09/16/2024   4:19 PM

INPUT INSTRUCTIONS

  TITLE:
  LCA Power Simulation: Condition N = 500
  MONTECARLO:
  NAMES = primary change interupt initiat engage approach response expect
           new same relative objects sequence trans avoid control touch;
  GENERATE = primary change interupt initiat engage approach response expect
           new same relative objects sequence trans avoid control touch(1);
  CATEGORICAL = primary change interupt initiat engage approach response expect
           new same relative objects sequence trans avoid control touch;
  GENCLASSES = c(5);
  CLASSES = c(5);
  NOBSERVATIONS = 500;
  SEED = 08202024;
  	NREPS = 1000;
   repsave = all;
   save = n_500_lca_rep*.dat;
   RESULTS = lcaresults500.csv;
  MODEL POPULATION:
  %OVERALL%

         [c#1*-0.466]; !!! c1 = 6.1%  !!!
         [c#2* 1.279]; !!! c2 = 35.4% !!!
         [c#3* 1.041]; !!! c3 = 27.9% !!!
         [c#4* 0.739]; !!! c4 = 20.6% !!!
                       !!! c5 = 9.8%  !!!

  !!! Class 1: High Flexibility !!!

  %c#1%
  [primary$1*-2.325907 change$1*-1.815290 interupt$1*-1.945910 initiat$1*-2.090741
   engage$1*-1.840434 approach$1*-2.231012 response$1*-2.556366 expect$1*-2.231012
   new$1*-2.987364 same$1*- 2.428837 relative$1*-2.254058 objects$1*-3.555
   sequence$1*-2.132267 trans$1*-3.152319 avoid$1*-2.699549 control$1*-2.050519
   touch$1*-1.774368];

  !!! Class 2: Social and Interest Flexibility !!!
  %c#2%
  [primary$1*-1.0773913 change$1*-1.1039528 interupt$1*-1.5299568 initiat$1*-1.9550845
   engage$1*-0.9643905 approach$1*-1.3370233 response$1*-1.5299568 expect$1*-1.9187592
   new$1*1.1914483 same$1*1.2891306 relative$1*0.8905323 objects$1*1.9367985
   sequence$1*2.4838238 trans$1*1.9643226 avoid$1*1.2540491 control$1*3.555
   touch$1*2.1972246];

  !!! Class 3: Environmetal Flexibility !!!

  %c#3%
  [primary$1*3.7489924 change$1*1.2139664 interupt$1*2.4423470 initiat$1*1.1200608
   engage$1*4.4987991 approach$1*1.4500102 response$1*2.0211513 expect$1*2.7339416
   new$1*-2.3891996 same$1*-1.0355993 relative$1*-1.6434218 objects$1*-0.9197934
   sequence$1*-0.9247059 trans$1*-0.8616248 avoid$1*-1.2196389 control$1*-1.9736255
   touch$1*-0.8760355];

  !!! Class 4: Location and Sensory Flexibilty !!!

  %c#4%
  [primary$1*-0.2736958 change$1*-0.4853059 interupt$1*-0.7217852 initiat$1*-0.5451086
   engage$1*-0.4641576 approach$1*-0.4305291 response$1*-0.5666941 expect$1*-0.7861311
   new$1*1.1914483 same$1*2.6021528 relative$1*1.8070090 objects$1*-2.1751973
   sequence$1*-1.5645131 trans$1*-1.3925561 avoid$1*1.0511726 control$1*1.7905933
   touch$1*1.2891306];

  !!! Class 5: Low Flexibility !!!

  %c#5%
  [primary$1*3.287572 change$1*1.909830 interupt$1*2.186163 initiat$1*3.623315
   engage$1*2.843852 approach$1*3.009467 response$1*3.555 expect$1*2.338303
   new$1*2.153550 same$1*2.571429 relative$1*2.242481 objects$1*3.511031
   sequence$1*2.363483 trans$1*1.614246 avoid$1*1.665687 control$1*2.338303
   touch$1*3.409496];
  ANALYSIS:
  TYPE = MIXTURE;
         !!!STARTS = ; !!! No Starts !!!
      	 processors = 8;
  MODEL:
  %OVERALL%

         [c#1*-0.466]; !!! c1 = 6.1%  !!!
         [c#2* 1.279]; !!! c2 = 35.4% !!!
         [c#3* 1.041]; !!! c3 = 27.9% !!!
         [c#4* 0.739]; !!! c4 = 20.6% !!!
                       !!! c5 = 9.8%  !!!


  !!! Class 1: High Flexibility !!!

  %c#1%
  [primary$1*-2.325907 change$1*-1.815290 interupt$1*-1.945910 initiat$1*-2.090741
   engage$1*-1.840434 approach$1*-2.231012 response$1*-2.556366 expect$1*-2.231012
   new$1*-2.987364 same$1*- 2.428837 relative$1*-2.254058 objects$1*-3.555
   sequence$1*-2.132267 trans$1*-3.152319 avoid$1*-2.699549 control$1*-2.050519
   touch$1*-1.774368];

  !!! Class 2: Social and Interest Flexibility !!!
  %c#2%
  [primary$1*-1.0773913 change$1*-1.1039528 interupt$1*-1.5299568 initiat$1*-1.9550845
   engage$1*-0.9643905 approach$1*-1.3370233 response$1*-1.5299568 expect$1*-1.9187592
   new$1*1.1914483 same$1*1.2891306 relative$1*0.8905323 objects$1*1.9367985
   sequence$1*2.4838238 trans$1*1.9643226 avoid$1*1.2540491 control$1*3.555
   touch$1*2.1972246];

  !!! Class 3: Environmetal Flexibility !!!

  %c#3%
  [primary$1*3.7489924 change$1*1.2139664 interupt$1*2.4423470 initiat$1*1.1200608
   engage$1*4.4987991 approach$1*1.4500102 response$1*2.0211513 expect$1*2.7339416
   new$1*-2.3891996 same$1*-1.0355993 relative$1*-1.6434218 objects$1*-0.9197934
   sequence$1*-0.9247059 trans$1*-0.8616248 avoid$1*-1.2196389 control$1*-1.9736255
   touch$1*-0.8760355];

  !!! Class 4: Location and Sensory Flexibilty !!!

  %c#4%
  [primary$1*-0.2736958 change$1*-0.4853059 interupt$1*-0.7217852 initiat$1*-0.5451086
   engage$1*-0.4641576 approach$1*-0.4305291 response$1*-0.5666941 expect$1*-0.7861311
   new$1*1.1914483 same$1*2.6021528 relative$1*1.8070090 objects$1*-2.1751973
   sequence$1*-1.5645131 trans$1*-1.3925561 avoid$1*1.0511726 control$1*1.7905933
   touch$1*1.2891306];

  !!! Class 5: Low Flexibility !!!

  %c#5%
  [primary$1*3.287572 change$1*1.909830 interupt$1*2.186163 initiat$1*3.623315
   engage$1*2.843852 approach$1*3.009467 response$1*3.555 expect$1*2.338303
   new$1*2.153550 same$1*2.571429 relative$1*2.242481 objects$1*3.511031
   sequence$1*2.363483 trans$1*1.614246 avoid$1*1.665687 control$1*2.338303
   touch$1*3.409496];



INPUT READING TERMINATED NORMALLY




LCA Power Simulation: Condition N = 500

SUMMARY OF ANALYSIS

Number of groups                                                 1
Number of observations                                         500

Number of replications
    Requested                                                 1000
    Completed                                                 1000
Value of seed                                              8202024

Number of dependent variables                                   17
Number of independent variables                                  0
Number of continuous latent variables                            0
Number of categorical latent variables                           1

Observed dependent variables

  Binary and ordered categorical (ordinal)
   PRIMARY     CHANGE      INTERUPT    INITIAT     ENGAGE      APPROACH
   RESPONSE    EXPECT      NEW         SAME        RELATIVE    OBJECTS
   SEQUENCE    TRANS       AVOID       CONTROL     TOUCH

Categorical latent variables
   C


Estimator                                                      MLR
Information matrix                                        OBSERVED
Optimization Specifications for the Quasi-Newton Algorithm for
Continuous Outcomes
  Maximum number of iterations                                 100
  Convergence criterion                                  0.100D-05
Optimization Specifications for the EM Algorithm
  Maximum number of iterations                                 500
  Convergence criteria
    Loglikelihood change                                 0.100D-06
    Relative loglikelihood change                        0.100D-06
    Derivative                                           0.100D-05
Optimization Specifications for the M step of the EM Algorithm for
Categorical Latent variables
  Number of M step iterations                                    1
  M step convergence criterion                           0.100D-05
  Basis for M step termination                           ITERATION
Optimization Specifications for the M step of the EM Algorithm for
Censored, Binary or Ordered Categorical (Ordinal), Unordered
Categorical (Nominal) and Count Outcomes
  Number of M step iterations                                    1
  M step convergence criterion                           0.100D-05
  Basis for M step termination                           ITERATION
  Maximum value for logit thresholds                            15
  Minimum value for logit thresholds                           -15
  Minimum expected cell size for chi-square              0.100D-01
Optimization algorithm                                         EMA
Link                                                         LOGIT





MODEL FIT INFORMATION

Number of Free Parameters                       89

Loglikelihood

    H0 Value

        Mean                             -4326.510
        Std Dev                             57.404
        Number of successful computations     1000

             Proportions                   Percentiles
        Expected    Observed         Expected       Observed
           0.990       0.989        -4460.049      -4462.083
           0.980       0.983        -4444.401      -4441.052
           0.950       0.953        -4420.934      -4420.382
           0.900       0.907        -4400.079      -4397.435
           0.800       0.802        -4374.821      -4374.797
           0.700       0.693        -4356.613      -4358.428
           0.500       0.488        -4326.510      -4328.118
           0.300       0.292        -4296.407      -4298.088
           0.200       0.200        -4278.198      -4278.375
           0.100       0.102        -4252.941      -4252.054
           0.050       0.049        -4232.086      -4232.369
           0.020       0.023        -4208.619      -4205.747
           0.010       0.013        -4192.970      -4188.584

Information Criteria

    Akaike (AIC)

        Mean                              8831.020
        Std Dev                            114.809
        Number of successful computations     1000

             Proportions                   Percentiles
        Expected    Observed         Expected       Observed
           0.990       0.987         8563.941       8550.703
           0.980       0.977         8595.238       8589.410
           0.950       0.951         8642.171       8642.524
           0.900       0.898         8683.881       8679.516
           0.800       0.800         8734.397       8733.509
           0.700       0.708         8770.814       8774.175
           0.500       0.512         8831.020       8834.088
           0.300       0.307         8891.225       8894.842
           0.200       0.198         8927.643       8926.137
           0.100       0.093         8978.158       8971.037
           0.050       0.047         9019.868       9018.334
           0.020       0.017         9066.802       9058.883
           0.010       0.011         9098.099       9101.308

    Bayesian (BIC)

        Mean                              9206.120
        Std Dev                            114.809
        Number of successful computations     1000

             Proportions                   Percentiles
        Expected    Observed         Expected       Observed
           0.990       0.987         8939.041       8925.803
           0.980       0.977         8970.338       8964.510
           0.950       0.951         9017.271       9017.625
           0.900       0.898         9058.981       9054.616
           0.800       0.800         9109.497       9108.609
           0.700       0.708         9145.914       9149.275
           0.500       0.512         9206.120       9209.188
           0.300       0.307         9266.326       9269.942
           0.200       0.198         9302.743       9301.237
           0.100       0.093         9353.259       9346.137
           0.050       0.047         9394.969       9393.434
           0.020       0.017         9441.902       9433.983
           0.010       0.011         9473.199       9476.408

    Sample-Size Adjusted BIC (n* = (n + 2) / 24)

        Mean                              8923.628
        Std Dev                            114.809
        Number of successful computations     1000

             Proportions                   Percentiles
        Expected    Observed         Expected       Observed
           0.990       0.987         8656.549       8643.311
           0.980       0.977         8687.846       8682.019
           0.950       0.951         8734.780       8735.133
           0.900       0.898         8776.490       8772.124
           0.800       0.800         8827.006       8826.117
           0.700       0.708         8863.423       8866.783
           0.500       0.512         8923.628       8926.697
           0.300       0.307         8983.834       8987.451
           0.200       0.198         9020.251       9018.746
           0.100       0.093         9070.767       9063.645
           0.050       0.047         9112.477       9110.943
           0.020       0.017         9159.411       9151.491
           0.010       0.011         9190.708       9193.917

Chi-Square Test of Model Fit for the Binary and Ordered Categorical
(Ordinal) Outcomes

    Pearson Chi-Square

        Mean                              6518.785
        Std Dev                            510.779
        Degrees of freedom                  130887
        Number of successful computations     1000

             Proportions                   Percentiles
        Expected    Observed         Expected       Observed
           0.990       0.000       129699.693       5315.949
           0.980       0.000       129838.369       5449.207
           0.950       0.000       130046.568       5683.725
           0.900       0.000       130231.739       5843.940
           0.800       0.000       130456.201       6108.306
           0.700       0.000       130618.214       6255.678
           0.500       0.000       130886.333       6515.858
           0.300       0.000       131154.819       6764.531
           0.200       0.000       131317.410       6938.459
           0.100       0.000       131543.118       7156.488
           0.050       0.000       131729.706       7365.923
           0.020       0.000       131939.921       7565.271
           0.010       0.000       132080.190       7860.359

    Likelihood Ratio Chi-Square

        Mean                              1578.695
        Std Dev                             69.580
        Degrees of freedom                  130887
        Number of successful computations     1000

             Proportions                   Percentiles
        Expected    Observed         Expected       Observed
           0.990       0.000       129699.693       1405.440
           0.980       0.000       129838.369       1429.032
           0.950       0.000       130046.568       1463.398
           0.900       0.000       130231.739       1491.350
           0.800       0.000       130456.201       1518.559
           0.700       0.000       130618.214       1544.584
           0.500       0.000       130886.333       1578.450
           0.300       0.000       131154.819       1615.332
           0.200       0.000       131317.410       1637.087
           0.100       0.000       131543.118       1668.259
           0.050       0.000       131729.706       1692.100
           0.020       0.000       131939.921       1714.240
           0.010       0.000       132080.190       1728.075



FINAL CLASS COUNTS AND PROPORTIONS FOR THE LATENT CLASSES
BASED ON THE ESTIMATED MODEL

    Latent
   Classes

       1         30.83643          0.06167
       2        177.56637          0.35513
       3        139.78151          0.27956
       4        102.67764          0.20536
       5         49.13805          0.09828


FINAL CLASS COUNTS AND PROPORTIONS FOR THE LATENT CLASSES
BASED ON ESTIMATED POSTERIOR PROBABILITIES

    Latent
   Classes

       1         30.83643          0.06167
       2        177.56637          0.35513
       3        139.78151          0.27956
       4        102.67764          0.20536
       5         49.13805          0.09828


FINAL CLASS COUNTS AND PROPORTIONS FOR THE LATENT CLASSES
BASED ON THEIR MOST LIKELY LATENT CLASS MEMBERSHIP

Class Counts and Proportions

    Latent
   Classes

       1               31          0.06179
       2              178          0.35611
       3              140          0.27966
       4              102          0.20379
       5               49          0.09865


CLASSIFICATION QUALITY

     Entropy                         0.970


Average Latent Class Probabilities for Most Likely Latent Class Membership (Row)
by Latent Class (Column)

           1        2        3        4        5

    1   0.990    0.001    0.001    0.008    0.000
    2   0.000    0.970    0.000    0.029    0.001
    3   0.000    0.000    0.994    0.004    0.002
    4   0.002    0.045    0.004    0.948    0.001
    5   0.000    0.004    0.006    0.004    0.986


Classification Probabilities for the Most Likely Latent Class Membership (Column)
by Latent Class (Row)

           1        2        3        4        5

    1   0.993    0.000    0.006    0.001    0.000
    2   0.000    0.988    0.000    0.011    0.000
    3   0.000    0.000    0.995    0.003    0.001
    4   0.001    0.050    0.004    0.945    0.000
    5   0.000    0.000    0.015    0.005    0.980


Logits for the Classification Probabilities for the Most Likely Latent Class Membership (Column)
by Latent Class (Row)

              1        2        3        4        5

    1     13.809    0.000    8.634    7.096    0.000
    2      0.599    9.429   -0.022    4.960    0.000
    3     -1.519   -3.346    6.589    0.803    0.000
    4      2.231    6.216    3.754    9.156    0.000
    5    -13.796   -8.910   -4.176   -5.363    0.000


MODEL RESULTS

                              ESTIMATES              S. E.     M. S. E.  95%  % Sig
                 Population   Average   Std. Dev.   Average             Cover Coeff

Latent Class 1

 Thresholds
  PRIMARY$1          -2.326    -3.6267     3.8549     0.6522    16.5372 0.867 0.990
  CHANGE$1           -1.815    -2.0713     1.6998     0.5826     2.9519 0.947 0.976
  INTERUPT$1         -1.946    -2.4247     2.3293     0.6182     5.6494 0.938 0.980
  INITIAT$1          -2.091    -2.7202     2.6973     0.6352     7.6641 0.925 0.987
  ENGAGE$1           -1.840    -2.3391     2.2979     0.5968     5.5239 0.943 0.973
  APPROACH$1         -2.231    -3.1007     3.0922     0.6707    10.3083 0.909 0.987
  RESPONSE$1         -2.556    -4.2367     4.3247     0.7390    21.5076 0.826 0.987
  EXPECT$1           -2.231    -3.1678     3.2522     0.6621    11.4438 0.902 0.986
  NEW$1              -2.987    -5.7463     5.2420     0.7282    35.0629 0.713 0.981
  SAME$1             -2.429    -3.9659     4.1354     0.7324    19.4473 0.842 0.972
  RELATIVE$1         -2.254    -3.2104     3.2907     0.7515    11.7327 0.898 0.979
  OBJECTS$1          -3.555    -8.0781     5.9173     0.6434    55.4381 0.539 0.990
  SEQUENCE$1         -2.132    -2.7685     2.6040     0.6507     7.1786 0.926 0.992
  TRANS$1            -3.152    -6.7065     5.6290     0.6831    44.2857 0.658 0.988
  AVOID$1            -2.700    -4.9429     4.8391     0.6858    28.4263 0.778 0.981
  CONTROL$1          -2.051    -2.7769     2.8999     0.6525     8.9285 0.913 0.973
  TOUCH$1            -1.774    -2.0791     1.8421     0.5914     3.4828 0.946 0.960

Latent Class 2

 Thresholds
  PRIMARY$1          -1.077    -1.0895     0.1846     0.1832     0.0342 0.957 1.000
  CHANGE$1           -1.104    -1.1118     0.1842     0.1834     0.0340 0.951 1.000
  INTERUPT$1         -1.530    -1.5441     0.2065     0.2096     0.0428 0.962 1.000
  INITIAT$1          -1.955    -1.9764     0.2460     0.2503     0.0609 0.955 1.000
  ENGAGE$1           -0.964    -0.9632     0.1709     0.1764     0.0292 0.961 1.000
  APPROACH$1         -1.337    -1.3527     0.2032     0.1976     0.0415 0.948 1.000
  RESPONSE$1         -1.530    -1.5413     0.2108     0.2103     0.0445 0.959 1.000
  EXPECT$1           -1.919    -1.9411     0.2522     0.2443     0.0640 0.951 1.000
  NEW$1               1.191     1.2007     0.1909     0.1862     0.0365 0.945 1.000
  SAME$1              1.289     1.3019     0.1945     0.1902     0.0379 0.943 1.000
  RELATIVE$1          0.891     0.8982     0.1741     0.1724     0.0303 0.949 0.999
  OBJECTS$1           1.937     1.9784     0.2981     0.2955     0.0905 0.976 1.000
  SEQUENCE$1          2.484     2.5645     0.5582     0.3938     0.3178 0.966 0.998
  TRANS$1             1.964     1.9978     0.2750     0.2777     0.0767 0.954 1.000
  AVOID$1             1.254     1.2591     0.1988     0.1896     0.0395 0.945 1.000
  CONTROL$1           3.555     3.8622     1.5226     0.5633     2.4103 0.945 0.997
  TOUCH$1             2.197     2.2274     0.2892     0.2714     0.0845 0.946 1.000

Latent Class 3

 Thresholds
  PRIMARY$1           3.749     4.3306     2.3849     0.6277     6.0205 0.924 0.998
  CHANGE$1            1.214     1.2245     0.2152     0.2058     0.0464 0.948 1.000
  INTERUPT$1          2.442     2.4902     0.3429     0.3315     0.1198 0.958 1.000
  INITIAT$1           1.120     1.1320     0.1980     0.2005     0.0393 0.961 1.000
  ENGAGE$1            4.499     6.8657     4.5321     0.7198    26.1218 0.728 0.995
  APPROACH$1          1.450     1.4769     0.2267     0.2220     0.0521 0.944 1.000
  RESPONSE$1          2.021     2.0578     0.2895     0.2752     0.0851 0.949 1.000
  EXPECT$1            2.734     2.8140     0.4031     0.3869     0.1687 0.975 1.000
  NEW$1              -2.389    -2.4343     0.3246     0.3271     0.1073 0.967 1.000
  SAME$1             -1.036    -1.0379     0.1995     0.1974     0.0397 0.949 1.000
  RELATIVE$1         -1.643    -1.6517     0.2293     0.2386     0.0526 0.960 1.000
  OBJECTS$1          -0.920    -0.9293     0.1940     0.1916     0.0377 0.946 0.999
  SEQUENCE$1         -0.925    -0.9239     0.1965     0.1912     0.0386 0.945 1.000
  TRANS$1            -0.862    -0.8772     0.1843     0.1890     0.0342 0.953 1.000
  AVOID$1            -1.220    -1.2169     0.2064     0.2065     0.0426 0.949 1.000
  CONTROL$1          -1.974    -1.9929     0.2768     0.2721     0.0769 0.948 1.000
  TOUCH$1            -0.876    -0.8922     0.1939     0.1904     0.0378 0.942 0.997

Latent Class 4

 Thresholds
  PRIMARY$1          -0.274    -0.2779     0.2138     0.2180     0.0457 0.958 0.244
  CHANGE$1           -0.485    -0.4919     0.2254     0.2217     0.0508 0.955 0.612
  INTERUPT$1         -0.722    -0.7298     0.2356     0.2298     0.0555 0.956 0.897
  INITIAT$1          -0.545    -0.5477     0.2156     0.2238     0.0464 0.960 0.705
  ENGAGE$1           -0.464    -0.4763     0.2266     0.2218     0.0514 0.948 0.592
  APPROACH$1         -0.431    -0.4314     0.2160     0.2206     0.0466 0.964 0.496
  RESPONSE$1         -0.567    -0.5769     0.2261     0.2243     0.0512 0.948 0.743
  EXPECT$1           -0.786    -0.7921     0.2293     0.2324     0.0525 0.960 0.948
  NEW$1               1.191     1.2192     0.2800     0.2629     0.0791 0.949 1.000
  SAME$1              2.602     2.7924     1.2052     0.5125     1.4873 0.957 0.998
  RELATIVE$1          1.807     1.8419     0.3417     0.3338     0.1179 0.957 1.000
  OBJECTS$1          -2.175    -2.3887     1.3170     0.5509     1.7783 0.962 0.987
  SEQUENCE$1         -1.565    -1.6268     0.3920     0.3878     0.1574 0.961 0.999
  TRANS$1            -1.393    -1.4256     0.3338     0.3190     0.1124 0.949 1.000
  AVOID$1             1.051     1.0627     0.2510     0.2491     0.0631 0.958 0.997
  CONTROL$1           1.791     1.8239     0.3167     0.3172     0.1013 0.961 0.999
  TOUCH$1             1.289     1.3125     0.2745     0.2648     0.0758 0.947 1.000

Latent Class 5

 Thresholds
  PRIMARY$1           3.288     5.4820     4.6961     0.9062    26.8465 0.771 0.987
  CHANGE$1            1.910     2.0354     0.8747     0.4921     0.7801 0.965 0.997
  INTERUPT$1          2.186     2.4847     1.5954     0.5714     2.6319 0.954 0.994
  INITIAT$1           3.623     7.0699     5.4518     2.6905    41.5720 0.641 0.985
  ENGAGE$1            2.844     3.7598     3.1160     0.7474    10.5389 0.909 0.990
  APPROACH$1          3.009     4.4531     3.9689     0.6807    17.8207 0.843 0.997
  RESPONSE$1          3.555     6.7062     5.3100     0.6626    38.0984 0.673 0.987
  EXPECT$1            2.338     2.6524     1.6700     0.5949     2.8849 0.961 0.995
  NEW$1               2.154     2.3475     1.4346     0.5535     2.0935 0.958 0.991
  SAME$1              2.571     3.0575     2.2140     0.6466     5.1329 0.934 0.993
  RELATIVE$1          2.242     2.5819     1.8147     0.5591     3.4050 0.944 0.998
  OBJECTS$1           3.511     6.5802     5.2900     0.7646    37.3758 0.679 0.974
  SEQUENCE$1          2.363     2.7671     2.0765     0.5989     4.4705 0.941 0.995
  TRANS$1             1.614     1.6767     0.4703     0.5281     0.2249 0.951 0.991
  AVOID$1             1.666     1.7357     0.4563     0.4391     0.2129 0.962 0.993
  CONTROL$1           2.338     2.6407     1.7204     0.5840     3.0482 0.947 0.995
  TOUCH$1             3.409     6.0566     5.0546     1.1590    32.5309 0.712 0.988

Categorical Latent Variables

 Means
  C#1                -0.466    -0.4724     0.2363     0.2389     0.0558 0.950 0.517
  C#2                 1.279     1.2924     0.1715     0.1693     0.0296 0.950 1.000
  C#3                 1.041     1.0528     0.1778     0.1717     0.0317 0.944 1.000
  C#4                 0.739     0.7412     0.1918     0.1887     0.0368 0.949 0.982


QUALITY OF NUMERICAL RESULTS

     Average Condition Number for the Information Matrix      0.121E-02
       (ratio of smallest to largest eigenvalue)


TECHNICAL 1 OUTPUT


     PARAMETER SPECIFICATION FOR LATENT CLASS 1


     PARAMETER SPECIFICATION FOR LATENT CLASS 2


     PARAMETER SPECIFICATION FOR LATENT CLASS 3


     PARAMETER SPECIFICATION FOR LATENT CLASS 4


     PARAMETER SPECIFICATION FOR LATENT CLASS 5


     PARAMETER SPECIFICATION FOR LATENT CLASS INDICATOR MODEL PART


           TAU(U) FOR LATENT CLASS 1
              PRIMARY$      CHANGE$1      INTERUPT      INITIAT$      ENGAGE$1
              ________      ________      ________      ________      ________
                    1             2             3             4             5


           TAU(U) FOR LATENT CLASS 1
              APPROACH      RESPONSE      EXPECT$1      NEW$1         SAME$1
              ________      ________      ________      ________      ________
                    6             7             8             9            10


           TAU(U) FOR LATENT CLASS 1
              RELATIVE      OBJECTS$      SEQUENCE      TRANS$1       AVOID$1
              ________      ________      ________      ________      ________
                   11            12            13            14            15


           TAU(U) FOR LATENT CLASS 1
              CONTROL$      TOUCH$1
              ________      ________
                   16            17


           TAU(U) FOR LATENT CLASS 2
              PRIMARY$      CHANGE$1      INTERUPT      INITIAT$      ENGAGE$1
              ________      ________      ________      ________      ________
                   18            19            20            21            22


           TAU(U) FOR LATENT CLASS 2
              APPROACH      RESPONSE      EXPECT$1      NEW$1         SAME$1
              ________      ________      ________      ________      ________
                   23            24            25            26            27


           TAU(U) FOR LATENT CLASS 2
              RELATIVE      OBJECTS$      SEQUENCE      TRANS$1       AVOID$1
              ________      ________      ________      ________      ________
                   28            29            30            31            32


           TAU(U) FOR LATENT CLASS 2
              CONTROL$      TOUCH$1
              ________      ________
                   33            34


           TAU(U) FOR LATENT CLASS 3
              PRIMARY$      CHANGE$1      INTERUPT      INITIAT$      ENGAGE$1
              ________      ________      ________      ________      ________
                   35            36            37            38            39


           TAU(U) FOR LATENT CLASS 3
              APPROACH      RESPONSE      EXPECT$1      NEW$1         SAME$1
              ________      ________      ________      ________      ________
                   40            41            42            43            44


           TAU(U) FOR LATENT CLASS 3
              RELATIVE      OBJECTS$      SEQUENCE      TRANS$1       AVOID$1
              ________      ________      ________      ________      ________
                   45            46            47            48            49


           TAU(U) FOR LATENT CLASS 3
              CONTROL$      TOUCH$1
              ________      ________
                   50            51


           TAU(U) FOR LATENT CLASS 4
              PRIMARY$      CHANGE$1      INTERUPT      INITIAT$      ENGAGE$1
              ________      ________      ________      ________      ________
                   52            53            54            55            56


           TAU(U) FOR LATENT CLASS 4
              APPROACH      RESPONSE      EXPECT$1      NEW$1         SAME$1
              ________      ________      ________      ________      ________
                   57            58            59            60            61


           TAU(U) FOR LATENT CLASS 4
              RELATIVE      OBJECTS$      SEQUENCE      TRANS$1       AVOID$1
              ________      ________      ________      ________      ________
                   62            63            64            65            66


           TAU(U) FOR LATENT CLASS 4
              CONTROL$      TOUCH$1
              ________      ________
                   67            68


           TAU(U) FOR LATENT CLASS 5
              PRIMARY$      CHANGE$1      INTERUPT      INITIAT$      ENGAGE$1
              ________      ________      ________      ________      ________
                   69            70            71            72            73


           TAU(U) FOR LATENT CLASS 5
              APPROACH      RESPONSE      EXPECT$1      NEW$1         SAME$1
              ________      ________      ________      ________      ________
                   74            75            76            77            78


           TAU(U) FOR LATENT CLASS 5
              RELATIVE      OBJECTS$      SEQUENCE      TRANS$1       AVOID$1
              ________      ________      ________      ________      ________
                   79            80            81            82            83


           TAU(U) FOR LATENT CLASS 5
              CONTROL$      TOUCH$1
              ________      ________
                   84            85


     PARAMETER SPECIFICATION FOR LATENT CLASS REGRESSION MODEL PART


           ALPHA(C)
              C#1           C#2           C#3           C#4           C#5
              ________      ________      ________      ________      ________
                   86            87            88            89             0


     STARTING VALUES FOR LATENT CLASS 1


     STARTING VALUES FOR LATENT CLASS 2


     STARTING VALUES FOR LATENT CLASS 3


     STARTING VALUES FOR LATENT CLASS 4


     STARTING VALUES FOR LATENT CLASS 5


     STARTING VALUES FOR LATENT CLASS INDICATOR MODEL PART


           TAU(U) FOR LATENT CLASS 1
              PRIMARY$      CHANGE$1      INTERUPT      INITIAT$      ENGAGE$1
              ________      ________      ________      ________      ________
               -2.326        -1.815        -1.946        -2.091        -1.840


           TAU(U) FOR LATENT CLASS 1
              APPROACH      RESPONSE      EXPECT$1      NEW$1         SAME$1
              ________      ________      ________      ________      ________
               -2.231        -2.556        -2.231        -2.987        -2.429


           TAU(U) FOR LATENT CLASS 1
              RELATIVE      OBJECTS$      SEQUENCE      TRANS$1       AVOID$1
              ________      ________      ________      ________      ________
               -2.254        -3.555        -2.132        -3.152        -2.700


           TAU(U) FOR LATENT CLASS 1
              CONTROL$      TOUCH$1
              ________      ________
               -2.051        -1.774


           TAU(U) FOR LATENT CLASS 2
              PRIMARY$      CHANGE$1      INTERUPT      INITIAT$      ENGAGE$1
              ________      ________      ________      ________      ________
               -1.077        -1.104        -1.530        -1.955        -0.964


           TAU(U) FOR LATENT CLASS 2
              APPROACH      RESPONSE      EXPECT$1      NEW$1         SAME$1
              ________      ________      ________      ________      ________
               -1.337        -1.530        -1.919         1.191         1.289


           TAU(U) FOR LATENT CLASS 2
              RELATIVE      OBJECTS$      SEQUENCE      TRANS$1       AVOID$1
              ________      ________      ________      ________      ________
                0.891         1.937         2.484         1.964         1.254


           TAU(U) FOR LATENT CLASS 2
              CONTROL$      TOUCH$1
              ________      ________
                3.555         2.197


           TAU(U) FOR LATENT CLASS 3
              PRIMARY$      CHANGE$1      INTERUPT      INITIAT$      ENGAGE$1
              ________      ________      ________      ________      ________
                3.749         1.214         2.442         1.120         4.499


           TAU(U) FOR LATENT CLASS 3
              APPROACH      RESPONSE      EXPECT$1      NEW$1         SAME$1
              ________      ________      ________      ________      ________
                1.450         2.021         2.734        -2.389        -1.036


           TAU(U) FOR LATENT CLASS 3
              RELATIVE      OBJECTS$      SEQUENCE      TRANS$1       AVOID$1
              ________      ________      ________      ________      ________
               -1.643        -0.920        -0.925        -0.862        -1.220


           TAU(U) FOR LATENT CLASS 3
              CONTROL$      TOUCH$1
              ________      ________
               -1.974        -0.876


           TAU(U) FOR LATENT CLASS 4
              PRIMARY$      CHANGE$1      INTERUPT      INITIAT$      ENGAGE$1
              ________      ________      ________      ________      ________
               -0.274        -0.485        -0.722        -0.545        -0.464


           TAU(U) FOR LATENT CLASS 4
              APPROACH      RESPONSE      EXPECT$1      NEW$1         SAME$1
              ________      ________      ________      ________      ________
               -0.431        -0.567        -0.786         1.191         2.602


           TAU(U) FOR LATENT CLASS 4
              RELATIVE      OBJECTS$      SEQUENCE      TRANS$1       AVOID$1
              ________      ________      ________      ________      ________
                1.807        -2.175        -1.565        -1.393         1.051


           TAU(U) FOR LATENT CLASS 4
              CONTROL$      TOUCH$1
              ________      ________
                1.791         1.289


           TAU(U) FOR LATENT CLASS 5
              PRIMARY$      CHANGE$1      INTERUPT      INITIAT$      ENGAGE$1
              ________      ________      ________      ________      ________
                3.288         1.910         2.186         3.623         2.844


           TAU(U) FOR LATENT CLASS 5
              APPROACH      RESPONSE      EXPECT$1      NEW$1         SAME$1
              ________      ________      ________      ________      ________
                3.009         3.555         2.338         2.154         2.571


           TAU(U) FOR LATENT CLASS 5
              RELATIVE      OBJECTS$      SEQUENCE      TRANS$1       AVOID$1
              ________      ________      ________      ________      ________
                2.242         3.511         2.363         1.614         1.666


           TAU(U) FOR LATENT CLASS 5
              CONTROL$      TOUCH$1
              ________      ________
                2.338         3.409


     STARTING VALUES FOR LATENT CLASS REGRESSION MODEL PART


           ALPHA(C)
              C#1           C#2           C#3           C#4           C#5
              ________      ________      ________      ________      ________
               -0.466         1.279         1.041         0.739         0.000


     POPULATION VALUES FOR LATENT CLASS 1


     POPULATION VALUES FOR LATENT CLASS 2


     POPULATION VALUES FOR LATENT CLASS 3


     POPULATION VALUES FOR LATENT CLASS 4


     POPULATION VALUES FOR LATENT CLASS 5


     POPULATION VALUES FOR LATENT CLASS INDICATOR MODEL PART


           TAU(U) FOR LATENT CLASS 1
              PRIMARY$      CHANGE$1      INTERUPT      INITIAT$      ENGAGE$1
              ________      ________      ________      ________      ________
               -2.326        -1.815        -1.946        -2.091        -1.840


           TAU(U) FOR LATENT CLASS 1
              APPROACH      RESPONSE      EXPECT$1      NEW$1         SAME$1
              ________      ________      ________      ________      ________
               -2.231        -2.556        -2.231        -2.987        -2.429


           TAU(U) FOR LATENT CLASS 1
              RELATIVE      OBJECTS$      SEQUENCE      TRANS$1       AVOID$1
              ________      ________      ________      ________      ________
               -2.254        -3.555        -2.132        -3.152        -2.700


           TAU(U) FOR LATENT CLASS 1
              CONTROL$      TOUCH$1
              ________      ________
               -2.051        -1.774


           TAU(U) FOR LATENT CLASS 2
              PRIMARY$      CHANGE$1      INTERUPT      INITIAT$      ENGAGE$1
              ________      ________      ________      ________      ________
               -1.077        -1.104        -1.530        -1.955        -0.964


           TAU(U) FOR LATENT CLASS 2
              APPROACH      RESPONSE      EXPECT$1      NEW$1         SAME$1
              ________      ________      ________      ________      ________
               -1.337        -1.530        -1.919         1.191         1.289


           TAU(U) FOR LATENT CLASS 2
              RELATIVE      OBJECTS$      SEQUENCE      TRANS$1       AVOID$1
              ________      ________      ________      ________      ________
                0.891         1.937         2.484         1.964         1.254


           TAU(U) FOR LATENT CLASS 2
              CONTROL$      TOUCH$1
              ________      ________
                3.555         2.197


           TAU(U) FOR LATENT CLASS 3
              PRIMARY$      CHANGE$1      INTERUPT      INITIAT$      ENGAGE$1
              ________      ________      ________      ________      ________
                3.749         1.214         2.442         1.120         4.499


           TAU(U) FOR LATENT CLASS 3
              APPROACH      RESPONSE      EXPECT$1      NEW$1         SAME$1
              ________      ________      ________      ________      ________
                1.450         2.021         2.734        -2.389        -1.036


           TAU(U) FOR LATENT CLASS 3
              RELATIVE      OBJECTS$      SEQUENCE      TRANS$1       AVOID$1
              ________      ________      ________      ________      ________
               -1.643        -0.920        -0.925        -0.862        -1.220


           TAU(U) FOR LATENT CLASS 3
              CONTROL$      TOUCH$1
              ________      ________
               -1.974        -0.876


           TAU(U) FOR LATENT CLASS 4
              PRIMARY$      CHANGE$1      INTERUPT      INITIAT$      ENGAGE$1
              ________      ________      ________      ________      ________
               -0.274        -0.485        -0.722        -0.545        -0.464


           TAU(U) FOR LATENT CLASS 4
              APPROACH      RESPONSE      EXPECT$1      NEW$1         SAME$1
              ________      ________      ________      ________      ________
               -0.431        -0.567        -0.786         1.191         2.602


           TAU(U) FOR LATENT CLASS 4
              RELATIVE      OBJECTS$      SEQUENCE      TRANS$1       AVOID$1
              ________      ________      ________      ________      ________
                1.807        -2.175        -1.565        -1.393         1.051


           TAU(U) FOR LATENT CLASS 4
              CONTROL$      TOUCH$1
              ________      ________
                1.791         1.289


           TAU(U) FOR LATENT CLASS 5
              PRIMARY$      CHANGE$1      INTERUPT      INITIAT$      ENGAGE$1
              ________      ________      ________      ________      ________
                3.288         1.910         2.186         3.623         2.844


           TAU(U) FOR LATENT CLASS 5
              APPROACH      RESPONSE      EXPECT$1      NEW$1         SAME$1
              ________      ________      ________      ________      ________
                3.009         3.555         2.338         2.154         2.571


           TAU(U) FOR LATENT CLASS 5
              RELATIVE      OBJECTS$      SEQUENCE      TRANS$1       AVOID$1
              ________      ________      ________      ________      ________
                2.242         3.511         2.363         1.614         1.666


           TAU(U) FOR LATENT CLASS 5
              CONTROL$      TOUCH$1
              ________      ________
                2.338         3.409


     POPULATION VALUES FOR LATENT CLASS REGRESSION MODEL PART


           ALPHA(C)
              C#1           C#2           C#3           C#4           C#5
              ________      ________      ________      ________      ________
               -0.466         1.279         1.041         0.739         0.000


SAVEDATA INFORMATION

  Order of variables

    PRIMARY
    CHANGE
    INTERUPT
    INITIAT
    ENGAGE
    APPROACH
    RESPONSE
    EXPECT
    NEW
    SAME
    RELATIVE
    OBJECTS
    SEQUENCE
    TRANS
    AVOID
    CONTROL
    TOUCH
    C

  Save file
    n_500_lca_rep*.dat

  Save file format           Free
  Save file record length    10000


RESULTS SAVING INFORMATION

  Order of data

    Replication number
    Parameter estimates
     (saved in order shown in Technical 1 output)
    Standard errors
     (saved in order shown in Technical 1 output)
    Number of Free Parameters
    H0 Loglikelihood
    Akaike (AIC)
    Bayesian (BIC)
    Sample-Size Adjusted BIC
    Pearson Chi-Square : Value
    Pearson Chi-Square : Degrees of Freedom
    Pearson Chi-Square : P-Value
    Likelihood Chi-Square : Value
    Likelihood Chi-Square : Degrees of Freedom
    Likelihood Chi-Square : P-Value

  Save file
    lcaresults500.csv

  Save file format           Free


     Beginning Time:  16:19:08
        Ending Time:  16:20:03
       Elapsed Time:  00:00:55



MUTHEN & MUTHEN
3463 Stoner Ave.
Los Angeles, CA  90066

Tel: (310) 391-9971
Fax: (310) 391-8971
Web: www.StatModel.com
Support: Support@StatModel.com

Copyright (c) 1998-2021 Muthen & Muthen
