Mplus VERSION 8.6 (Mac)
MUTHEN & MUTHEN
09/16/2024   4:30 PM

INPUT INSTRUCTIONS

  TITLE:
  LCA Power Simulation: Condition N = 2500
  MONTECARLO:
  NAMES = primary change interupt initiat engage approach response expect
           new same relative objects sequence trans avoid control touch;
  GENERATE = primary change interupt initiat engage approach response expect
           new same relative objects sequence trans avoid control touch(1);
  CATEGORICAL = primary change interupt initiat engage approach response expect
           new same relative objects sequence trans avoid control touch;
  GENCLASSES = c(5);
  CLASSES = c(5);
  NOBSERVATIONS = 2500;
  SEED = 08202024;
  	NREPS = 1000;
   repsave = all;
   save = n_2500_lca_rep*.dat;
   RESULTS = lcaresults2500.csv;
  MODEL POPULATION:
  %OVERALL%

         [c#1*-0.466]; !!! c1 = 6.1%  !!!
         [c#2* 1.279]; !!! c2 = 35.4% !!!
         [c#3* 1.041]; !!! c3 = 27.9% !!!
         [c#4* 0.739]; !!! c4 = 20.6% !!!
                       !!! c5 = 9.8%  !!!

  !!! Class 1: High Flexibility !!!

  %c#1%
  [primary$1*-2.325907 change$1*-1.815290 interupt$1*-1.945910 initiat$1*-2.090741
   engage$1*-1.840434 approach$1*-2.231012 response$1*-2.556366 expect$1*-2.231012
   new$1*-2.987364 same$1*- 2.428837 relative$1*-2.254058 objects$1*-3.555
   sequence$1*-2.132267 trans$1*-3.152319 avoid$1*-2.699549 control$1*-2.050519
   touch$1*-1.774368];

  !!! Class 2: Social and Interest Flexibility !!!
  %c#2%
  [primary$1*-1.0773913 change$1*-1.1039528 interupt$1*-1.5299568 initiat$1*-1.9550845
   engage$1*-0.9643905 approach$1*-1.3370233 response$1*-1.5299568 expect$1*-1.9187592
   new$1*1.1914483 same$1*1.2891306 relative$1*0.8905323 objects$1*1.9367985
   sequence$1*2.4838238 trans$1*1.9643226 avoid$1*1.2540491 control$1*3.555
   touch$1*2.1972246];

  !!! Class 3: Environmetal Flexibility !!!

  %c#3%
  [primary$1*3.7489924 change$1*1.2139664 interupt$1*2.4423470 initiat$1*1.1200608
   engage$1*4.4987991 approach$1*1.4500102 response$1*2.0211513 expect$1*2.7339416
   new$1*-2.3891996 same$1*-1.0355993 relative$1*-1.6434218 objects$1*-0.9197934
   sequence$1*-0.9247059 trans$1*-0.8616248 avoid$1*-1.2196389 control$1*-1.9736255
   touch$1*-0.8760355];

  !!! Class 4: Location and Sensory Flexibilty !!!

  %c#4%
  [primary$1*-0.2736958 change$1*-0.4853059 interupt$1*-0.7217852 initiat$1*-0.5451086
   engage$1*-0.4641576 approach$1*-0.4305291 response$1*-0.5666941 expect$1*-0.7861311
   new$1*1.1914483 same$1*2.6021528 relative$1*1.8070090 objects$1*-2.1751973
   sequence$1*-1.5645131 trans$1*-1.3925561 avoid$1*1.0511726 control$1*1.7905933
   touch$1*1.2891306];

  !!! Class 5: Low Flexibility !!!

  %c#5%
  [primary$1*3.287572 change$1*1.909830 interupt$1*2.186163 initiat$1*3.623315
   engage$1*2.843852 approach$1*3.009467 response$1*3.555 expect$1*2.338303
   new$1*2.153550 same$1*2.571429 relative$1*2.242481 objects$1*3.511031
   sequence$1*2.363483 trans$1*1.614246 avoid$1*1.665687 control$1*2.338303
   touch$1*3.409496];
  ANALYSIS:
  TYPE = MIXTURE;
         !!!STARTS = ; !!! No Starts !!!
      	 processors = 8;
  MODEL:
  %OVERALL%

         [c#1*-0.466]; !!! c1 = 6.1%  !!!
         [c#2* 1.279]; !!! c2 = 35.4% !!!
         [c#3* 1.041]; !!! c3 = 27.9% !!!
         [c#4* 0.739]; !!! c4 = 20.6% !!!
                       !!! c5 = 9.8%  !!!


  !!! Class 1: High Flexibility !!!

  %c#1%
  [primary$1*-2.325907 change$1*-1.815290 interupt$1*-1.945910 initiat$1*-2.090741
   engage$1*-1.840434 approach$1*-2.231012 response$1*-2.556366 expect$1*-2.231012
   new$1*-2.987364 same$1*- 2.428837 relative$1*-2.254058 objects$1*-3.555
   sequence$1*-2.132267 trans$1*-3.152319 avoid$1*-2.699549 control$1*-2.050519
   touch$1*-1.774368];

  !!! Class 2: Social and Interest Flexibility !!!
  %c#2%
  [primary$1*-1.0773913 change$1*-1.1039528 interupt$1*-1.5299568 initiat$1*-1.9550845
   engage$1*-0.9643905 approach$1*-1.3370233 response$1*-1.5299568 expect$1*-1.9187592
   new$1*1.1914483 same$1*1.2891306 relative$1*0.8905323 objects$1*1.9367985
   sequence$1*2.4838238 trans$1*1.9643226 avoid$1*1.2540491 control$1*3.555
   touch$1*2.1972246];

  !!! Class 3: Environmetal Flexibility !!!

  %c#3%
  [primary$1*3.7489924 change$1*1.2139664 interupt$1*2.4423470 initiat$1*1.1200608
   engage$1*4.4987991 approach$1*1.4500102 response$1*2.0211513 expect$1*2.7339416
   new$1*-2.3891996 same$1*-1.0355993 relative$1*-1.6434218 objects$1*-0.9197934
   sequence$1*-0.9247059 trans$1*-0.8616248 avoid$1*-1.2196389 control$1*-1.9736255
   touch$1*-0.8760355];

  !!! Class 4: Location and Sensory Flexibilty !!!

  %c#4%
  [primary$1*-0.2736958 change$1*-0.4853059 interupt$1*-0.7217852 initiat$1*-0.5451086
   engage$1*-0.4641576 approach$1*-0.4305291 response$1*-0.5666941 expect$1*-0.7861311
   new$1*1.1914483 same$1*2.6021528 relative$1*1.8070090 objects$1*-2.1751973
   sequence$1*-1.5645131 trans$1*-1.3925561 avoid$1*1.0511726 control$1*1.7905933
   touch$1*1.2891306];

  !!! Class 5: Low Flexibility !!!

  %c#5%
  [primary$1*3.287572 change$1*1.909830 interupt$1*2.186163 initiat$1*3.623315
   engage$1*2.843852 approach$1*3.009467 response$1*3.555 expect$1*2.338303
   new$1*2.153550 same$1*2.571429 relative$1*2.242481 objects$1*3.511031
   sequence$1*2.363483 trans$1*1.614246 avoid$1*1.665687 control$1*2.338303
   touch$1*3.409496];



INPUT READING TERMINATED NORMALLY




LCA Power Simulation: Condition N = 2500

SUMMARY OF ANALYSIS

Number of groups                                                 1
Number of observations                                        2500

Number of replications
    Requested                                                 1000
    Completed                                                 1000
Value of seed                                              8202024

Number of dependent variables                                   17
Number of independent variables                                  0
Number of continuous latent variables                            0
Number of categorical latent variables                           1

Observed dependent variables

  Binary and ordered categorical (ordinal)
   PRIMARY     CHANGE      INTERUPT    INITIAT     ENGAGE      APPROACH
   RESPONSE    EXPECT      NEW         SAME        RELATIVE    OBJECTS
   SEQUENCE    TRANS       AVOID       CONTROL     TOUCH

Categorical latent variables
   C


Estimator                                                      MLR
Information matrix                                        OBSERVED
Optimization Specifications for the Quasi-Newton Algorithm for
Continuous Outcomes
  Maximum number of iterations                                 100
  Convergence criterion                                  0.100D-05
Optimization Specifications for the EM Algorithm
  Maximum number of iterations                                 500
  Convergence criteria
    Loglikelihood change                                 0.100D-06
    Relative loglikelihood change                        0.100D-06
    Derivative                                           0.100D-05
Optimization Specifications for the M step of the EM Algorithm for
Categorical Latent variables
  Number of M step iterations                                    1
  M step convergence criterion                           0.100D-05
  Basis for M step termination                           ITERATION
Optimization Specifications for the M step of the EM Algorithm for
Censored, Binary or Ordered Categorical (Ordinal), Unordered
Categorical (Nominal) and Count Outcomes
  Number of M step iterations                                    1
  M step convergence criterion                           0.100D-05
  Basis for M step termination                           ITERATION
  Maximum value for logit thresholds                            15
  Minimum value for logit thresholds                           -15
  Minimum expected cell size for chi-square              0.100D-01
Optimization algorithm                                         EMA
Link                                                         LOGIT





MODEL FIT INFORMATION

Number of Free Parameters                       89

Loglikelihood

    H0 Value

        Mean                            -21824.320
        Std Dev                            125.488
        Number of successful computations     1000

             Proportions                   Percentiles
        Expected    Observed         Expected       Observed
           0.990       0.991       -22116.242     -22115.558
           0.980       0.978       -22082.034     -22088.354
           0.950       0.953       -22030.735     -22026.948
           0.900       0.910       -21985.145     -21981.778
           0.800       0.798       -21929.930     -21931.388
           0.700       0.704       -21890.126     -21889.302
           0.500       0.486       -21824.320     -21830.268
           0.300       0.296       -21758.514     -21760.519
           0.200       0.197       -21718.709     -21719.797
           0.100       0.110       -21663.494     -21655.648
           0.050       0.055       -21617.905     -21610.121
           0.020       0.018       -21566.605     -21577.530
           0.010       0.010       -21532.397     -21541.635

Information Criteria

    Akaike (AIC)

        Mean                             43826.639
        Std Dev                            250.976
        Number of successful computations     1000

             Proportions                   Percentiles
        Expected    Observed         Expected       Observed
           0.990       0.990        43242.794      43230.777
           0.980       0.982        43311.210      43328.629
           0.950       0.945        43413.809      43396.272
           0.900       0.890        43504.989      43487.362
           0.800       0.803        43615.418      43616.836
           0.700       0.704        43695.028      43698.151
           0.500       0.514        43826.639      43837.680
           0.300       0.296        43958.251      43955.706
           0.200       0.202        44037.861      44038.895
           0.100       0.090        44148.290      44140.656
           0.050       0.047        44239.469      44225.048
           0.020       0.022        44342.068      44351.714
           0.010       0.009        44410.484      44408.318

    Bayesian (BIC)

        Mean                             44344.979
        Std Dev                            250.976
        Number of successful computations     1000

             Proportions                   Percentiles
        Expected    Observed         Expected       Observed
           0.990       0.990        43761.134      43749.117
           0.980       0.982        43829.550      43846.969
           0.950       0.945        43932.149      43914.612
           0.900       0.890        44023.329      44005.702
           0.800       0.803        44133.758      44135.176
           0.700       0.704        44213.368      44216.491
           0.500       0.514        44344.979      44356.020
           0.300       0.296        44476.591      44474.046
           0.200       0.202        44556.201      44557.235
           0.100       0.090        44666.630      44658.996
           0.050       0.047        44757.809      44743.388
           0.020       0.022        44860.408      44870.054
           0.010       0.009        44928.824      44926.658

    Sample-Size Adjusted BIC (n* = (n + 2) / 24)

        Mean                             44062.204
        Std Dev                            250.976
        Number of successful computations     1000

             Proportions                   Percentiles
        Expected    Observed         Expected       Observed
           0.990       0.990        43478.359      43466.341
           0.980       0.982        43546.775      43564.193
           0.950       0.945        43649.374      43631.837
           0.900       0.890        43740.553      43722.926
           0.800       0.803        43850.983      43852.400
           0.700       0.704        43930.592      43933.715
           0.500       0.514        44062.204      44073.245
           0.300       0.296        44193.815      44191.271
           0.200       0.202        44273.425      44274.459
           0.100       0.090        44383.854      44376.221
           0.050       0.047        44475.034      44460.612
           0.020       0.022        44577.633      44587.278
           0.010       0.009        44646.049      44643.882

Chi-Square Test of Model Fit for the Binary and Ordered Categorical
(Ordinal) Outcomes

    Pearson Chi-Square

        Mean                             21220.363
        Std Dev                            878.444
        Degrees of freedom                  130805
        Number of successful computations     1000

             Proportions                   Percentiles
        Expected    Observed         Expected       Observed
           0.990       0.000       129618.066      19168.895
           0.980       0.000       129756.699      19418.402
           0.950       0.000       129964.832      19824.730
           0.900       0.000       130149.944      20121.217
           0.800       0.000       130374.336      20451.283
           0.700       0.000       130536.298      20753.807
           0.500       0.000       130804.333      21206.109
           0.300       0.000       131072.735      21677.076
           0.200       0.000       131235.275      21933.045
           0.100       0.000       131460.913      22339.878
           0.050       0.000       131647.442      22699.143
           0.020       0.000       131857.592      23085.572
           0.010       0.000       131997.817      23431.645

    Likelihood Ratio Chi-Square

        Mean                              6206.308
        Std Dev                            143.174
        Degrees of freedom                  130805
        Number of successful computations     1000

             Proportions                   Percentiles
        Expected    Observed         Expected       Observed
           0.990       0.000       129618.066       5867.830
           0.980       0.000       129756.699       5904.302
           0.950       0.000       129964.832       5971.158
           0.900       0.000       130149.944       6021.202
           0.800       0.000       130374.336       6082.831
           0.700       0.000       130536.298       6129.597
           0.500       0.000       130804.333       6208.437
           0.300       0.000       131072.735       6281.885
           0.200       0.000       131235.275       6322.240
           0.100       0.000       131460.913       6381.125
           0.050       0.000       131647.442       6445.571
           0.020       0.000       131857.592       6516.938
           0.010       0.000       131997.817       6558.890



FINAL CLASS COUNTS AND PROPORTIONS FOR THE LATENT CLASSES
BASED ON THE ESTIMATED MODEL

    Latent
   Classes

       1        154.64387          0.06186
       2        885.11120          0.35404
       3        698.50748          0.27940
       4        516.01617          0.20641
       5        245.72129          0.09829


FINAL CLASS COUNTS AND PROPORTIONS FOR THE LATENT CLASSES
BASED ON ESTIMATED POSTERIOR PROBABILITIES

    Latent
   Classes

       1        154.64387          0.06186
       2        885.11120          0.35404
       3        698.50748          0.27940
       4        516.01617          0.20641
       5        245.72129          0.09829


FINAL CLASS COUNTS AND PROPORTIONS FOR THE LATENT CLASSES
BASED ON THEIR MOST LIKELY LATENT CLASS MEMBERSHIP

Class Counts and Proportions

    Latent
   Classes

       1              155          0.06182
       2              888          0.35530
       3              699          0.27956
       4              512          0.20484
       5              246          0.09847


CLASSIFICATION QUALITY

     Entropy                         0.950


Average Latent Class Probabilities for Most Likely Latent Class Membership (Row)
by Latent Class (Column)

           1        2        3        4        5

    1   0.986    0.002    0.002    0.011    0.000
    2   0.000    0.966    0.000    0.032    0.001
    3   0.001    0.000    0.993    0.004    0.002
    4   0.003    0.049    0.005    0.942    0.002
    5   0.000    0.005    0.007    0.005    0.983


Classification Probabilities for the Most Likely Latent Class Membership (Column)
by Latent Class (Row)

           1        2        3        4        5

    1   0.987    0.006    0.001    0.007    0.000
    2   0.001    0.968    0.000    0.030    0.001
    3   0.001    0.000    0.991    0.004    0.004
    4   0.001    0.054    0.006    0.938    0.002
    5   0.000    0.002    0.007    0.003    0.988


Logits for the Classification Probabilities for the Most Likely Latent Class Membership (Column)
by Latent Class (Row)

              1        2        3        4        5

    1     13.802    8.625    6.839    8.793    0.000
    2     -0.628    6.915   -1.421    3.457    0.000
    3     -1.325   -3.927    5.424   -0.141    0.000
    4     -0.673    3.396    1.113    6.248    0.000
    5    -13.804   -6.452   -4.985   -5.718    0.000


MODEL RESULTS

                              ESTIMATES              S. E.     M. S. E.  95%  % Sig
                 Population   Average   Std. Dev.   Average             Cover Coeff

Latent Class 1

 Thresholds
  PRIMARY$1          -2.326    -2.3618     0.3082     0.3034     0.0962 0.956 1.000
  CHANGE$1           -1.815    -1.8292     0.2479     0.2415     0.0616 0.947 1.000
  INTERUPT$1         -1.946    -1.9711     0.2717     0.2557     0.0744 0.948 1.000
  INITIAT$1          -2.091    -2.1324     0.2751     0.2724     0.0773 0.956 1.000
  ENGAGE$1           -1.840    -1.8810     0.2539     0.2478     0.0661 0.951 1.000
  APPROACH$1         -2.231    -2.2834     0.3051     0.2914     0.0957 0.952 1.000
  RESPONSE$1         -2.556    -2.6180     0.3600     0.3390     0.1333 0.964 1.000
  EXPECT$1           -2.231    -2.2629     0.2853     0.2883     0.0824 0.958 1.000
  NEW$1              -2.987    -3.0979     0.7024     0.4345     0.5051 0.962 1.000
  SAME$1             -2.429    -2.4993     0.3711     0.3393     0.1425 0.956 1.000
  RELATIVE$1         -2.254    -2.2860     0.3111     0.2994     0.0977 0.954 1.000
  OBJECTS$1          -3.555    -3.8540     1.6159     0.5815     2.6978 0.951 0.998
  SEQUENCE$1         -2.132    -2.1744     0.2777     0.2758     0.0788 0.958 1.000
  TRANS$1            -3.152    -3.2874     0.9541     0.4518     0.9276 0.959 1.000
  AVOID$1            -2.700    -2.7621     0.3963     0.3708     0.1608 0.963 1.000
  CONTROL$1          -2.051    -2.0887     0.2773     0.2750     0.0783 0.957 1.000
  TOUCH$1            -1.774    -1.7955     0.2497     0.2422     0.0627 0.953 1.000

Latent Class 2

 Thresholds
  PRIMARY$1          -1.077    -1.0799     0.0811     0.0804     0.0066 0.952 1.000
  CHANGE$1           -1.104    -1.1008     0.0768     0.0806     0.0059 0.959 1.000
  INTERUPT$1         -1.530    -1.5312     0.0870     0.0917     0.0076 0.960 1.000
  INITIAT$1          -1.955    -1.9610     0.1073     0.1086     0.0115 0.953 1.000
  ENGAGE$1           -0.964    -0.9684     0.0778     0.0780     0.0061 0.950 1.000
  APPROACH$1         -1.337    -1.3412     0.0898     0.0866     0.0081 0.940 1.000
  RESPONSE$1         -1.530    -1.5317     0.0928     0.0921     0.0086 0.944 1.000
  EXPECT$1           -1.919    -1.9197     0.1084     0.1060     0.0117 0.952 1.000
  NEW$1               1.191     1.1911     0.0863     0.0820     0.0074 0.941 1.000
  SAME$1              1.289     1.2906     0.0848     0.0838     0.0072 0.946 1.000
  RELATIVE$1          0.891     0.8903     0.0782     0.0761     0.0061 0.937 1.000
  OBJECTS$1           1.937     1.9458     0.1240     0.1221     0.0154 0.954 1.000
  SEQUENCE$1          2.484     2.4944     0.1563     0.1549     0.0245 0.949 1.000
  TRANS$1             1.964     1.9713     0.1193     0.1176     0.0143 0.947 1.000
  AVOID$1             1.254     1.2515     0.0843     0.0835     0.0071 0.939 1.000
  CONTROL$1           3.555     3.5772     0.2291     0.2239     0.0529 0.955 1.000
  TOUCH$1             2.197     2.2052     0.1178     0.1176     0.0139 0.955 1.000

Latent Class 3

 Thresholds
  PRIMARY$1           3.749     3.7815     0.2648     0.2672     0.0711 0.962 1.000
  CHANGE$1            1.214     1.2208     0.0938     0.0911     0.0088 0.945 1.000
  INTERUPT$1          2.442     2.4467     0.1430     0.1426     0.0205 0.952 1.000
  INITIAT$1           1.120     1.1251     0.0901     0.0888     0.0081 0.945 1.000
  ENGAGE$1            4.499     4.5833     0.4437     0.4086     0.2038 0.965 1.000
  APPROACH$1          1.450     1.4555     0.0985     0.0976     0.0097 0.951 1.000
  RESPONSE$1          2.021     2.0302     0.1166     0.1199     0.0137 0.958 1.000
  EXPECT$1            2.734     2.7452     0.1641     0.1629     0.0270 0.958 1.000
  NEW$1              -2.389    -2.3911     0.1451     0.1404     0.0210 0.945 1.000
  SAME$1             -1.036    -1.0341     0.0869     0.0872     0.0075 0.949 1.000
  RELATIVE$1         -1.643    -1.6423     0.1006     0.1046     0.0101 0.965 1.000
  OBJECTS$1          -0.920    -0.9229     0.0862     0.0847     0.0074 0.938 1.000
  SEQUENCE$1         -0.925    -0.9222     0.0853     0.0846     0.0073 0.956 1.000
  TRANS$1            -0.862    -0.8641     0.0790     0.0835     0.0062 0.959 1.000
  AVOID$1            -1.220    -1.2191     0.0951     0.0913     0.0090 0.941 1.000
  CONTROL$1          -1.974    -1.9786     0.1185     0.1187     0.0141 0.952 1.000
  TOUCH$1            -0.876    -0.8835     0.0856     0.0842     0.0074 0.948 1.000

Latent Class 4

 Thresholds
  PRIMARY$1          -0.274    -0.2778     0.0922     0.0944     0.0085 0.949 0.852
  CHANGE$1           -0.485    -0.4872     0.0981     0.0961     0.0096 0.948 0.998
  INTERUPT$1         -0.722    -0.7246     0.1011     0.0995     0.0102 0.944 1.000
  INITIAT$1          -0.545    -0.5456     0.0970     0.0968     0.0094 0.951 1.000
  ENGAGE$1           -0.464    -0.4670     0.0969     0.0960     0.0094 0.950 0.997
  APPROACH$1         -0.431    -0.4335     0.0909     0.0955     0.0083 0.957 0.997
  RESPONSE$1         -0.567    -0.5684     0.0985     0.0971     0.0097 0.945 1.000
  EXPECT$1           -0.786    -0.7876     0.0983     0.1006     0.0097 0.951 1.000
  NEW$1               1.191     1.1900     0.1134     0.1116     0.0128 0.951 1.000
  SAME$1              2.602     2.6237     0.2037     0.2001     0.0419 0.951 1.000
  RELATIVE$1          1.807     1.8155     0.1415     0.1397     0.0201 0.949 1.000
  OBJECTS$1          -2.175    -2.1923     0.1934     0.1942     0.0377 0.948 1.000
  SEQUENCE$1         -1.565    -1.5734     0.1496     0.1473     0.0224 0.949 1.000
  TRANS$1            -1.393    -1.3982     0.1318     0.1312     0.0174 0.956 1.000
  AVOID$1             1.051     1.0606     0.1034     0.1074     0.0108 0.963 1.000
  CONTROL$1           1.791     1.7964     0.1322     0.1338     0.0175 0.952 1.000
  TOUCH$1             1.289     1.2919     0.1189     0.1134     0.0141 0.939 1.000

Latent Class 5

 Thresholds
  PRIMARY$1           3.288     3.3938     0.6566     0.3858     0.4419 0.970 1.000
  CHANGE$1            1.910     1.9284     0.2004     0.1994     0.0405 0.948 1.000
  INTERUPT$1          2.186     2.2170     0.2385     0.2245     0.0578 0.936 1.000
  INITIAT$1           3.623     3.8114     1.0077     0.4905     1.0498 0.971 0.999
  ENGAGE$1            2.844     2.8874     0.3020     0.3021     0.0930 0.961 1.000
  APPROACH$1          3.009     3.0545     0.3415     0.3326     0.1185 0.959 1.000
  RESPONSE$1          3.555     3.6625     0.5948     0.4589     0.3650 0.965 0.999
  EXPECT$1            2.338     2.3671     0.2423     0.2404     0.0595 0.957 1.000
  NEW$1               2.154     2.1542     0.2137     0.2204     0.0456 0.963 1.000
  SAME$1              2.571     2.5999     0.2692     0.2646     0.0732 0.959 1.000
  RELATIVE$1          2.242     2.2697     0.2431     0.2304     0.0598 0.937 1.000
  OBJECTS$1           3.511     3.6972     1.0682     0.4659     1.1746 0.963 0.999
  SEQUENCE$1          2.363     2.3777     0.2505     0.2424     0.0629 0.945 1.000
  TRANS$1             1.614     1.6303     0.1811     0.1786     0.0330 0.958 1.000
  AVOID$1             1.666     1.6735     0.1840     0.1808     0.0339 0.952 1.000
  CONTROL$1           2.338     2.3652     0.2499     0.2399     0.0631 0.945 1.000
  TOUCH$1             3.409     3.5441     0.7865     0.4304     0.6361 0.972 0.998

Categorical Latent Variables

 Means
  C#1                -0.466    -0.4643     0.1044     0.1046     0.0109 0.951 0.999
  C#2                 1.279     1.2829     0.0730     0.0744     0.0053 0.951 1.000
  C#3                 1.041     1.0461     0.0759     0.0756     0.0058 0.944 1.000
  C#4                 0.739     0.7428     0.0812     0.0821     0.0066 0.951 1.000


QUALITY OF NUMERICAL RESULTS

     Average Condition Number for the Information Matrix      0.273E-02
       (ratio of smallest to largest eigenvalue)


TECHNICAL 1 OUTPUT


     PARAMETER SPECIFICATION FOR LATENT CLASS 1


     PARAMETER SPECIFICATION FOR LATENT CLASS 2


     PARAMETER SPECIFICATION FOR LATENT CLASS 3


     PARAMETER SPECIFICATION FOR LATENT CLASS 4


     PARAMETER SPECIFICATION FOR LATENT CLASS 5


     PARAMETER SPECIFICATION FOR LATENT CLASS INDICATOR MODEL PART


           TAU(U) FOR LATENT CLASS 1
              PRIMARY$      CHANGE$1      INTERUPT      INITIAT$      ENGAGE$1
              ________      ________      ________      ________      ________
                    1             2             3             4             5


           TAU(U) FOR LATENT CLASS 1
              APPROACH      RESPONSE      EXPECT$1      NEW$1         SAME$1
              ________      ________      ________      ________      ________
                    6             7             8             9            10


           TAU(U) FOR LATENT CLASS 1
              RELATIVE      OBJECTS$      SEQUENCE      TRANS$1       AVOID$1
              ________      ________      ________      ________      ________
                   11            12            13            14            15


           TAU(U) FOR LATENT CLASS 1
              CONTROL$      TOUCH$1
              ________      ________
                   16            17


           TAU(U) FOR LATENT CLASS 2
              PRIMARY$      CHANGE$1      INTERUPT      INITIAT$      ENGAGE$1
              ________      ________      ________      ________      ________
                   18            19            20            21            22


           TAU(U) FOR LATENT CLASS 2
              APPROACH      RESPONSE      EXPECT$1      NEW$1         SAME$1
              ________      ________      ________      ________      ________
                   23            24            25            26            27


           TAU(U) FOR LATENT CLASS 2
              RELATIVE      OBJECTS$      SEQUENCE      TRANS$1       AVOID$1
              ________      ________      ________      ________      ________
                   28            29            30            31            32


           TAU(U) FOR LATENT CLASS 2
              CONTROL$      TOUCH$1
              ________      ________
                   33            34


           TAU(U) FOR LATENT CLASS 3
              PRIMARY$      CHANGE$1      INTERUPT      INITIAT$      ENGAGE$1
              ________      ________      ________      ________      ________
                   35            36            37            38            39


           TAU(U) FOR LATENT CLASS 3
              APPROACH      RESPONSE      EXPECT$1      NEW$1         SAME$1
              ________      ________      ________      ________      ________
                   40            41            42            43            44


           TAU(U) FOR LATENT CLASS 3
              RELATIVE      OBJECTS$      SEQUENCE      TRANS$1       AVOID$1
              ________      ________      ________      ________      ________
                   45            46            47            48            49


           TAU(U) FOR LATENT CLASS 3
              CONTROL$      TOUCH$1
              ________      ________
                   50            51


           TAU(U) FOR LATENT CLASS 4
              PRIMARY$      CHANGE$1      INTERUPT      INITIAT$      ENGAGE$1
              ________      ________      ________      ________      ________
                   52            53            54            55            56


           TAU(U) FOR LATENT CLASS 4
              APPROACH      RESPONSE      EXPECT$1      NEW$1         SAME$1
              ________      ________      ________      ________      ________
                   57            58            59            60            61


           TAU(U) FOR LATENT CLASS 4
              RELATIVE      OBJECTS$      SEQUENCE      TRANS$1       AVOID$1
              ________      ________      ________      ________      ________
                   62            63            64            65            66


           TAU(U) FOR LATENT CLASS 4
              CONTROL$      TOUCH$1
              ________      ________
                   67            68


           TAU(U) FOR LATENT CLASS 5
              PRIMARY$      CHANGE$1      INTERUPT      INITIAT$      ENGAGE$1
              ________      ________      ________      ________      ________
                   69            70            71            72            73


           TAU(U) FOR LATENT CLASS 5
              APPROACH      RESPONSE      EXPECT$1      NEW$1         SAME$1
              ________      ________      ________      ________      ________
                   74            75            76            77            78


           TAU(U) FOR LATENT CLASS 5
              RELATIVE      OBJECTS$      SEQUENCE      TRANS$1       AVOID$1
              ________      ________      ________      ________      ________
                   79            80            81            82            83


           TAU(U) FOR LATENT CLASS 5
              CONTROL$      TOUCH$1
              ________      ________
                   84            85


     PARAMETER SPECIFICATION FOR LATENT CLASS REGRESSION MODEL PART


           ALPHA(C)
              C#1           C#2           C#3           C#4           C#5
              ________      ________      ________      ________      ________
                   86            87            88            89             0


     STARTING VALUES FOR LATENT CLASS 1


     STARTING VALUES FOR LATENT CLASS 2


     STARTING VALUES FOR LATENT CLASS 3


     STARTING VALUES FOR LATENT CLASS 4


     STARTING VALUES FOR LATENT CLASS 5


     STARTING VALUES FOR LATENT CLASS INDICATOR MODEL PART


           TAU(U) FOR LATENT CLASS 1
              PRIMARY$      CHANGE$1      INTERUPT      INITIAT$      ENGAGE$1
              ________      ________      ________      ________      ________
               -2.326        -1.815        -1.946        -2.091        -1.840


           TAU(U) FOR LATENT CLASS 1
              APPROACH      RESPONSE      EXPECT$1      NEW$1         SAME$1
              ________      ________      ________      ________      ________
               -2.231        -2.556        -2.231        -2.987        -2.429


           TAU(U) FOR LATENT CLASS 1
              RELATIVE      OBJECTS$      SEQUENCE      TRANS$1       AVOID$1
              ________      ________      ________      ________      ________
               -2.254        -3.555        -2.132        -3.152        -2.700


           TAU(U) FOR LATENT CLASS 1
              CONTROL$      TOUCH$1
              ________      ________
               -2.051        -1.774


           TAU(U) FOR LATENT CLASS 2
              PRIMARY$      CHANGE$1      INTERUPT      INITIAT$      ENGAGE$1
              ________      ________      ________      ________      ________
               -1.077        -1.104        -1.530        -1.955        -0.964


           TAU(U) FOR LATENT CLASS 2
              APPROACH      RESPONSE      EXPECT$1      NEW$1         SAME$1
              ________      ________      ________      ________      ________
               -1.337        -1.530        -1.919         1.191         1.289


           TAU(U) FOR LATENT CLASS 2
              RELATIVE      OBJECTS$      SEQUENCE      TRANS$1       AVOID$1
              ________      ________      ________      ________      ________
                0.891         1.937         2.484         1.964         1.254


           TAU(U) FOR LATENT CLASS 2
              CONTROL$      TOUCH$1
              ________      ________
                3.555         2.197


           TAU(U) FOR LATENT CLASS 3
              PRIMARY$      CHANGE$1      INTERUPT      INITIAT$      ENGAGE$1
              ________      ________      ________      ________      ________
                3.749         1.214         2.442         1.120         4.499


           TAU(U) FOR LATENT CLASS 3
              APPROACH      RESPONSE      EXPECT$1      NEW$1         SAME$1
              ________      ________      ________      ________      ________
                1.450         2.021         2.734        -2.389        -1.036


           TAU(U) FOR LATENT CLASS 3
              RELATIVE      OBJECTS$      SEQUENCE      TRANS$1       AVOID$1
              ________      ________      ________      ________      ________
               -1.643        -0.920        -0.925        -0.862        -1.220


           TAU(U) FOR LATENT CLASS 3
              CONTROL$      TOUCH$1
              ________      ________
               -1.974        -0.876


           TAU(U) FOR LATENT CLASS 4
              PRIMARY$      CHANGE$1      INTERUPT      INITIAT$      ENGAGE$1
              ________      ________      ________      ________      ________
               -0.274        -0.485        -0.722        -0.545        -0.464


           TAU(U) FOR LATENT CLASS 4
              APPROACH      RESPONSE      EXPECT$1      NEW$1         SAME$1
              ________      ________      ________      ________      ________
               -0.431        -0.567        -0.786         1.191         2.602


           TAU(U) FOR LATENT CLASS 4
              RELATIVE      OBJECTS$      SEQUENCE      TRANS$1       AVOID$1
              ________      ________      ________      ________      ________
                1.807        -2.175        -1.565        -1.393         1.051


           TAU(U) FOR LATENT CLASS 4
              CONTROL$      TOUCH$1
              ________      ________
                1.791         1.289


           TAU(U) FOR LATENT CLASS 5
              PRIMARY$      CHANGE$1      INTERUPT      INITIAT$      ENGAGE$1
              ________      ________      ________      ________      ________
                3.288         1.910         2.186         3.623         2.844


           TAU(U) FOR LATENT CLASS 5
              APPROACH      RESPONSE      EXPECT$1      NEW$1         SAME$1
              ________      ________      ________      ________      ________
                3.009         3.555         2.338         2.154         2.571


           TAU(U) FOR LATENT CLASS 5
              RELATIVE      OBJECTS$      SEQUENCE      TRANS$1       AVOID$1
              ________      ________      ________      ________      ________
                2.242         3.511         2.363         1.614         1.666


           TAU(U) FOR LATENT CLASS 5
              CONTROL$      TOUCH$1
              ________      ________
                2.338         3.409


     STARTING VALUES FOR LATENT CLASS REGRESSION MODEL PART


           ALPHA(C)
              C#1           C#2           C#3           C#4           C#5
              ________      ________      ________      ________      ________
               -0.466         1.279         1.041         0.739         0.000


     POPULATION VALUES FOR LATENT CLASS 1


     POPULATION VALUES FOR LATENT CLASS 2


     POPULATION VALUES FOR LATENT CLASS 3


     POPULATION VALUES FOR LATENT CLASS 4


     POPULATION VALUES FOR LATENT CLASS 5


     POPULATION VALUES FOR LATENT CLASS INDICATOR MODEL PART


           TAU(U) FOR LATENT CLASS 1
              PRIMARY$      CHANGE$1      INTERUPT      INITIAT$      ENGAGE$1
              ________      ________      ________      ________      ________
               -2.326        -1.815        -1.946        -2.091        -1.840


           TAU(U) FOR LATENT CLASS 1
              APPROACH      RESPONSE      EXPECT$1      NEW$1         SAME$1
              ________      ________      ________      ________      ________
               -2.231        -2.556        -2.231        -2.987        -2.429


           TAU(U) FOR LATENT CLASS 1
              RELATIVE      OBJECTS$      SEQUENCE      TRANS$1       AVOID$1
              ________      ________      ________      ________      ________
               -2.254        -3.555        -2.132        -3.152        -2.700


           TAU(U) FOR LATENT CLASS 1
              CONTROL$      TOUCH$1
              ________      ________
               -2.051        -1.774


           TAU(U) FOR LATENT CLASS 2
              PRIMARY$      CHANGE$1      INTERUPT      INITIAT$      ENGAGE$1
              ________      ________      ________      ________      ________
               -1.077        -1.104        -1.530        -1.955        -0.964


           TAU(U) FOR LATENT CLASS 2
              APPROACH      RESPONSE      EXPECT$1      NEW$1         SAME$1
              ________      ________      ________      ________      ________
               -1.337        -1.530        -1.919         1.191         1.289


           TAU(U) FOR LATENT CLASS 2
              RELATIVE      OBJECTS$      SEQUENCE      TRANS$1       AVOID$1
              ________      ________      ________      ________      ________
                0.891         1.937         2.484         1.964         1.254


           TAU(U) FOR LATENT CLASS 2
              CONTROL$      TOUCH$1
              ________      ________
                3.555         2.197


           TAU(U) FOR LATENT CLASS 3
              PRIMARY$      CHANGE$1      INTERUPT      INITIAT$      ENGAGE$1
              ________      ________      ________      ________      ________
                3.749         1.214         2.442         1.120         4.499


           TAU(U) FOR LATENT CLASS 3
              APPROACH      RESPONSE      EXPECT$1      NEW$1         SAME$1
              ________      ________      ________      ________      ________
                1.450         2.021         2.734        -2.389        -1.036


           TAU(U) FOR LATENT CLASS 3
              RELATIVE      OBJECTS$      SEQUENCE      TRANS$1       AVOID$1
              ________      ________      ________      ________      ________
               -1.643        -0.920        -0.925        -0.862        -1.220


           TAU(U) FOR LATENT CLASS 3
              CONTROL$      TOUCH$1
              ________      ________
               -1.974        -0.876


           TAU(U) FOR LATENT CLASS 4
              PRIMARY$      CHANGE$1      INTERUPT      INITIAT$      ENGAGE$1
              ________      ________      ________      ________      ________
               -0.274        -0.485        -0.722        -0.545        -0.464


           TAU(U) FOR LATENT CLASS 4
              APPROACH      RESPONSE      EXPECT$1      NEW$1         SAME$1
              ________      ________      ________      ________      ________
               -0.431        -0.567        -0.786         1.191         2.602


           TAU(U) FOR LATENT CLASS 4
              RELATIVE      OBJECTS$      SEQUENCE      TRANS$1       AVOID$1
              ________      ________      ________      ________      ________
                1.807        -2.175        -1.565        -1.393         1.051


           TAU(U) FOR LATENT CLASS 4
              CONTROL$      TOUCH$1
              ________      ________
                1.791         1.289


           TAU(U) FOR LATENT CLASS 5
              PRIMARY$      CHANGE$1      INTERUPT      INITIAT$      ENGAGE$1
              ________      ________      ________      ________      ________
                3.288         1.910         2.186         3.623         2.844


           TAU(U) FOR LATENT CLASS 5
              APPROACH      RESPONSE      EXPECT$1      NEW$1         SAME$1
              ________      ________      ________      ________      ________
                3.009         3.555         2.338         2.154         2.571


           TAU(U) FOR LATENT CLASS 5
              RELATIVE      OBJECTS$      SEQUENCE      TRANS$1       AVOID$1
              ________      ________      ________      ________      ________
                2.242         3.511         2.363         1.614         1.666


           TAU(U) FOR LATENT CLASS 5
              CONTROL$      TOUCH$1
              ________      ________
                2.338         3.409


     POPULATION VALUES FOR LATENT CLASS REGRESSION MODEL PART


           ALPHA(C)
              C#1           C#2           C#3           C#4           C#5
              ________      ________      ________      ________      ________
               -0.466         1.279         1.041         0.739         0.000


SAVEDATA INFORMATION

  Order of variables

    PRIMARY
    CHANGE
    INTERUPT
    INITIAT
    ENGAGE
    APPROACH
    RESPONSE
    EXPECT
    NEW
    SAME
    RELATIVE
    OBJECTS
    SEQUENCE
    TRANS
    AVOID
    CONTROL
    TOUCH
    C

  Save file
    n_2500_lca_rep*.dat

  Save file format           Free
  Save file record length    10000


RESULTS SAVING INFORMATION

  Order of data

    Replication number
    Parameter estimates
     (saved in order shown in Technical 1 output)
    Standard errors
     (saved in order shown in Technical 1 output)
    Number of Free Parameters
    H0 Loglikelihood
    Akaike (AIC)
    Bayesian (BIC)
    Sample-Size Adjusted BIC
    Pearson Chi-Square : Value
    Pearson Chi-Square : Degrees of Freedom
    Pearson Chi-Square : P-Value
    Likelihood Chi-Square : Value
    Likelihood Chi-Square : Degrees of Freedom
    Likelihood Chi-Square : P-Value

  Save file
    lcaresults2500.csv

  Save file format           Free


     Beginning Time:  16:30:06
        Ending Time:  16:32:46
       Elapsed Time:  00:02:40



MUTHEN & MUTHEN
3463 Stoner Ave.
Los Angeles, CA  90066

Tel: (310) 391-9971
Fax: (310) 391-8971
Web: www.StatModel.com
Support: Support@StatModel.com

Copyright (c) 1998-2021 Muthen & Muthen
