Mplus VERSION 8.6 (Mac)
MUTHEN & MUTHEN
09/16/2024   4:33 PM

INPUT INSTRUCTIONS

  TITLE:
  LCA Power Simulation: Condition N = 3000
  MONTECARLO:
  NAMES = primary change interupt initiat engage approach response expect
           new same relative objects sequence trans avoid control touch;
  GENERATE = primary change interupt initiat engage approach response expect
           new same relative objects sequence trans avoid control touch(1);
  CATEGORICAL = primary change interupt initiat engage approach response expect
           new same relative objects sequence trans avoid control touch;
  GENCLASSES = c(5);
  CLASSES = c(5);
  NOBSERVATIONS = 3000;
  SEED = 08202024;
  	NREPS = 1000;
   repsave = all;
   save = n_3000_lca_rep*.dat;
   RESULTS = lcaresults3000.csv;
  MODEL POPULATION:
  %OVERALL%

         [c#1*-0.466]; !!! c1 = 6.1%  !!!
         [c#2* 1.279]; !!! c2 = 35.4% !!!
         [c#3* 1.041]; !!! c3 = 27.9% !!!
         [c#4* 0.739]; !!! c4 = 20.6% !!!
                       !!! c5 = 9.8%  !!!

  !!! Class 1: High Flexibility !!!

  %c#1%
  [primary$1*-2.325907 change$1*-1.815290 interupt$1*-1.945910 initiat$1*-2.090741
   engage$1*-1.840434 approach$1*-2.231012 response$1*-2.556366 expect$1*-2.231012
   new$1*-2.987364 same$1*- 2.428837 relative$1*-2.254058 objects$1*-3.555
   sequence$1*-2.132267 trans$1*-3.152319 avoid$1*-2.699549 control$1*-2.050519
   touch$1*-1.774368];

  !!! Class 2: Social and Interest Flexibility !!!
  %c#2%
  [primary$1*-1.0773913 change$1*-1.1039528 interupt$1*-1.5299568 initiat$1*-1.9550845
   engage$1*-0.9643905 approach$1*-1.3370233 response$1*-1.5299568 expect$1*-1.9187592
   new$1*1.1914483 same$1*1.2891306 relative$1*0.8905323 objects$1*1.9367985
   sequence$1*2.4838238 trans$1*1.9643226 avoid$1*1.2540491 control$1*3.555
   touch$1*2.1972246];

  !!! Class 3: Environmetal Flexibility !!!

  %c#3%
  [primary$1*3.7489924 change$1*1.2139664 interupt$1*2.4423470 initiat$1*1.1200608
   engage$1*4.4987991 approach$1*1.4500102 response$1*2.0211513 expect$1*2.7339416
   new$1*-2.3891996 same$1*-1.0355993 relative$1*-1.6434218 objects$1*-0.9197934
   sequence$1*-0.9247059 trans$1*-0.8616248 avoid$1*-1.2196389 control$1*-1.9736255
   touch$1*-0.8760355];

  !!! Class 4: Location and Sensory Flexibilty !!!

  %c#4%
  [primary$1*-0.2736958 change$1*-0.4853059 interupt$1*-0.7217852 initiat$1*-0.5451086
   engage$1*-0.4641576 approach$1*-0.4305291 response$1*-0.5666941 expect$1*-0.7861311
   new$1*1.1914483 same$1*2.6021528 relative$1*1.8070090 objects$1*-2.1751973
   sequence$1*-1.5645131 trans$1*-1.3925561 avoid$1*1.0511726 control$1*1.7905933
   touch$1*1.2891306];

  !!! Class 5: Low Flexibility !!!

  %c#5%
  [primary$1*3.287572 change$1*1.909830 interupt$1*2.186163 initiat$1*3.623315
   engage$1*2.843852 approach$1*3.009467 response$1*3.555 expect$1*2.338303
   new$1*2.153550 same$1*2.571429 relative$1*2.242481 objects$1*3.511031
   sequence$1*2.363483 trans$1*1.614246 avoid$1*1.665687 control$1*2.338303
   touch$1*3.409496];
  ANALYSIS:
  TYPE = MIXTURE;
         !!!STARTS = ; !!! No Starts !!!
      	 processors = 8;
  MODEL:
  %OVERALL%

         [c#1*-0.466]; !!! c1 = 6.1%  !!!
         [c#2* 1.279]; !!! c2 = 35.4% !!!
         [c#3* 1.041]; !!! c3 = 27.9% !!!
         [c#4* 0.739]; !!! c4 = 20.6% !!!
                       !!! c5 = 9.8%  !!!


  !!! Class 1: High Flexibility !!!

  %c#1%
  [primary$1*-2.325907 change$1*-1.815290 interupt$1*-1.945910 initiat$1*-2.090741
   engage$1*-1.840434 approach$1*-2.231012 response$1*-2.556366 expect$1*-2.231012
   new$1*-2.987364 same$1*- 2.428837 relative$1*-2.254058 objects$1*-3.555
   sequence$1*-2.132267 trans$1*-3.152319 avoid$1*-2.699549 control$1*-2.050519
   touch$1*-1.774368];

  !!! Class 2: Social and Interest Flexibility !!!
  %c#2%
  [primary$1*-1.0773913 change$1*-1.1039528 interupt$1*-1.5299568 initiat$1*-1.9550845
   engage$1*-0.9643905 approach$1*-1.3370233 response$1*-1.5299568 expect$1*-1.9187592
   new$1*1.1914483 same$1*1.2891306 relative$1*0.8905323 objects$1*1.9367985
   sequence$1*2.4838238 trans$1*1.9643226 avoid$1*1.2540491 control$1*3.555
   touch$1*2.1972246];

  !!! Class 3: Environmetal Flexibility !!!

  %c#3%
  [primary$1*3.7489924 change$1*1.2139664 interupt$1*2.4423470 initiat$1*1.1200608
   engage$1*4.4987991 approach$1*1.4500102 response$1*2.0211513 expect$1*2.7339416
   new$1*-2.3891996 same$1*-1.0355993 relative$1*-1.6434218 objects$1*-0.9197934
   sequence$1*-0.9247059 trans$1*-0.8616248 avoid$1*-1.2196389 control$1*-1.9736255
   touch$1*-0.8760355];

  !!! Class 4: Location and Sensory Flexibilty !!!

  %c#4%
  [primary$1*-0.2736958 change$1*-0.4853059 interupt$1*-0.7217852 initiat$1*-0.5451086
   engage$1*-0.4641576 approach$1*-0.4305291 response$1*-0.5666941 expect$1*-0.7861311
   new$1*1.1914483 same$1*2.6021528 relative$1*1.8070090 objects$1*-2.1751973
   sequence$1*-1.5645131 trans$1*-1.3925561 avoid$1*1.0511726 control$1*1.7905933
   touch$1*1.2891306];

  !!! Class 5: Low Flexibility !!!

  %c#5%
  [primary$1*3.287572 change$1*1.909830 interupt$1*2.186163 initiat$1*3.623315
   engage$1*2.843852 approach$1*3.009467 response$1*3.555 expect$1*2.338303
   new$1*2.153550 same$1*2.571429 relative$1*2.242481 objects$1*3.511031
   sequence$1*2.363483 trans$1*1.614246 avoid$1*1.665687 control$1*2.338303
   touch$1*3.409496];



INPUT READING TERMINATED NORMALLY




LCA Power Simulation: Condition N = 3000

SUMMARY OF ANALYSIS

Number of groups                                                 1
Number of observations                                        3000

Number of replications
    Requested                                                 1000
    Completed                                                 1000
Value of seed                                              8202024

Number of dependent variables                                   17
Number of independent variables                                  0
Number of continuous latent variables                            0
Number of categorical latent variables                           1

Observed dependent variables

  Binary and ordered categorical (ordinal)
   PRIMARY     CHANGE      INTERUPT    INITIAT     ENGAGE      APPROACH
   RESPONSE    EXPECT      NEW         SAME        RELATIVE    OBJECTS
   SEQUENCE    TRANS       AVOID       CONTROL     TOUCH

Categorical latent variables
   C


Estimator                                                      MLR
Information matrix                                        OBSERVED
Optimization Specifications for the Quasi-Newton Algorithm for
Continuous Outcomes
  Maximum number of iterations                                 100
  Convergence criterion                                  0.100D-05
Optimization Specifications for the EM Algorithm
  Maximum number of iterations                                 500
  Convergence criteria
    Loglikelihood change                                 0.100D-06
    Relative loglikelihood change                        0.100D-06
    Derivative                                           0.100D-05
Optimization Specifications for the M step of the EM Algorithm for
Categorical Latent variables
  Number of M step iterations                                    1
  M step convergence criterion                           0.100D-05
  Basis for M step termination                           ITERATION
Optimization Specifications for the M step of the EM Algorithm for
Censored, Binary or Ordered Categorical (Ordinal), Unordered
Categorical (Nominal) and Count Outcomes
  Number of M step iterations                                    1
  M step convergence criterion                           0.100D-05
  Basis for M step termination                           ITERATION
  Maximum value for logit thresholds                            15
  Minimum value for logit thresholds                           -15
  Minimum expected cell size for chi-square              0.100D-01
Optimization algorithm                                         EMA
Link                                                         LOGIT





MODEL FIT INFORMATION

Number of Free Parameters                       89

Loglikelihood

    H0 Value

        Mean                            -26199.894
        Std Dev                            134.150
        Number of successful computations     1000

             Proportions                   Percentiles
        Expected    Observed         Expected       Observed
           0.990       0.991       -26511.967     -26511.534
           0.980       0.981       -26475.398     -26473.160
           0.950       0.956       -26420.557     -26413.049
           0.900       0.901       -26371.821     -26372.019
           0.800       0.804       -26312.795     -26311.981
           0.700       0.693       -26270.242     -26274.245
           0.500       0.509       -26199.894     -26196.715
           0.300       0.291       -26129.546     -26131.529
           0.200       0.198       -26086.994     -26087.899
           0.100       0.104       -26027.968     -26026.034
           0.050       0.052       -25979.231     -25977.660
           0.020       0.022       -25924.390     -25917.177
           0.010       0.014       -25887.821     -25869.317

Information Criteria

    Akaike (AIC)

        Mean                             52577.788
        Std Dev                            268.300
        Number of successful computations     1000

             Proportions                   Percentiles
        Expected    Observed         Expected       Observed
           0.990       0.986        51953.642      51915.769
           0.980       0.978        52026.781      52012.196
           0.950       0.948        52136.462      52133.003
           0.900       0.896        52233.935      52228.478
           0.800       0.802        52351.987      52353.084
           0.700       0.709        52437.092      52440.135
           0.500       0.491        52577.788      52570.587
           0.300       0.307        52718.485      52725.202
           0.200       0.196        52803.589      52801.450
           0.100       0.099        52921.641      52921.341
           0.050       0.044        53019.115      53003.895
           0.020       0.019        53128.796      53116.020
           0.010       0.009        53201.934      53200.975

    Bayesian (BIC)

        Mean                             53112.355
        Std Dev                            268.300
        Number of successful computations     1000

             Proportions                   Percentiles
        Expected    Observed         Expected       Observed
           0.990       0.986        52488.209      52450.336
           0.980       0.978        52561.348      52546.763
           0.950       0.948        52671.029      52667.570
           0.900       0.896        52768.502      52763.045
           0.800       0.802        52886.554      52887.650
           0.700       0.709        52971.659      52974.702
           0.500       0.491        53112.355      53105.154
           0.300       0.307        53253.051      53259.769
           0.200       0.196        53338.156      53336.017
           0.100       0.099        53456.208      53455.908
           0.050       0.044        53553.681      53538.462
           0.020       0.019        53663.362      53650.587
           0.010       0.009        53736.501      53735.541

    Sample-Size Adjusted BIC (n* = (n + 2) / 24)

        Mean                             52829.567
        Std Dev                            268.300
        Number of successful computations     1000

             Proportions                   Percentiles
        Expected    Observed         Expected       Observed
           0.990       0.986        52205.422      52167.548
           0.980       0.978        52278.560      52263.975
           0.950       0.948        52388.241      52384.782
           0.900       0.896        52485.714      52480.258
           0.800       0.802        52603.766      52604.863
           0.700       0.709        52688.871      52691.914
           0.500       0.491        52829.567      52822.367
           0.300       0.307        52970.264      52976.981
           0.200       0.196        53055.369      53053.229
           0.100       0.099        53173.421      53173.120
           0.050       0.044        53270.894      53255.675
           0.020       0.019        53380.575      53367.799
           0.010       0.009        53453.713      53452.754

Chi-Square Test of Model Fit for the Binary and Ordered Categorical
(Ordinal) Outcomes

    Pearson Chi-Square

        Mean                             23776.228
        Std Dev                            908.759
        Degrees of freedom                  130796
        Number of successful computations     1000

             Proportions                   Percentiles
        Expected    Observed         Expected       Observed
           0.990       0.000       129609.107      21583.243
           0.980       0.000       129747.735      21858.070
           0.950       0.000       129955.861      22213.091
           0.900       0.000       130140.967      22572.082
           0.800       0.000       130365.351      23020.053
           0.700       0.000       130527.307      23343.267
           0.500       0.000       130795.333      23796.359
           0.300       0.000       131063.726      24263.382
           0.200       0.000       131226.261      24536.027
           0.100       0.000       131451.890      24909.143
           0.050       0.000       131638.413      25250.729
           0.020       0.000       131848.556      25610.977
           0.010       0.000       131988.776      25913.855

    Likelihood Ratio Chi-Square

        Mean                              7126.343
        Std Dev                            150.865
        Degrees of freedom                  130796
        Number of successful computations     1000

             Proportions                   Percentiles
        Expected    Observed         Expected       Observed
           0.990       0.000       129609.107       6771.174
           0.980       0.000       129747.735       6804.152
           0.950       0.000       129955.861       6874.469
           0.900       0.000       130140.967       6919.893
           0.800       0.000       130365.351       6998.263
           0.700       0.000       130527.307       7052.183
           0.500       0.000       130795.333       7128.912
           0.300       0.000       131063.726       7210.698
           0.200       0.000       131226.261       7250.912
           0.100       0.000       131451.890       7303.589
           0.050       0.000       131638.413       7369.921
           0.020       0.000       131848.556       7426.328
           0.010       0.000       131988.776       7491.339



FINAL CLASS COUNTS AND PROPORTIONS FOR THE LATENT CLASSES
BASED ON THE ESTIMATED MODEL

    Latent
   Classes

       1        185.40296          0.06180
       2       1061.92719          0.35398
       3        838.42132          0.27947
       4        619.14505          0.20638
       5        295.10347          0.09837


FINAL CLASS COUNTS AND PROPORTIONS FOR THE LATENT CLASSES
BASED ON ESTIMATED POSTERIOR PROBABILITIES

    Latent
   Classes

       1        185.40296          0.06180
       2       1061.92719          0.35398
       3        838.42132          0.27947
       4        619.14505          0.20638
       5        295.10347          0.09837


FINAL CLASS COUNTS AND PROPORTIONS FOR THE LATENT CLASSES
BASED ON THEIR MOST LIKELY LATENT CLASS MEMBERSHIP

Class Counts and Proportions

    Latent
   Classes

       1              185          0.06176
       2             1066          0.35520
       3              839          0.27964
       4              615          0.20486
       5              296          0.09855


CLASSIFICATION QUALITY

     Entropy                         0.951


Average Latent Class Probabilities for Most Likely Latent Class Membership (Row)
by Latent Class (Column)

           1        2        3        4        5

    1   0.986    0.002    0.002    0.011    0.000
    2   0.000    0.966    0.000    0.032    0.001
    3   0.001    0.000    0.993    0.004    0.002
    4   0.003    0.049    0.005    0.941    0.002
    5   0.000    0.005    0.007    0.005    0.983


Classification Probabilities for the Most Likely Latent Class Membership (Column)
by Latent Class (Row)

           1        2        3        4        5

    1   0.986    0.002    0.001    0.011    0.000
    2   0.000    0.974    0.000    0.025    0.001
    3   0.000    0.000    0.995    0.003    0.002
    4   0.002    0.066    0.007    0.923    0.002
    5   0.000    0.004    0.008    0.004    0.984


Logits for the Classification Probabilities for the Most Likely Latent Class Membership (Column)
by Latent Class (Row)

              1        2        3        4        5

    1     13.801    7.448    6.874    9.345    0.000
    2     -1.113    6.897   -3.347    3.229    0.000
    3     -3.268   -4.193    6.070    0.174    0.000
    4     -0.035    3.344    1.054    5.986    0.000
    5    -13.799   -5.479   -4.852   -5.396    0.000


MODEL RESULTS

                              ESTIMATES              S. E.     M. S. E.  95%  % Sig
                 Population   Average   Std. Dev.   Average             Cover Coeff

Latent Class 1

 Thresholds
  PRIMARY$1          -2.326    -2.3554     0.2703     0.2751     0.0739 0.957 1.000
  CHANGE$1           -1.815    -1.8251     0.2267     0.2197     0.0514 0.949 1.000
  INTERUPT$1         -1.946    -1.9606     0.2409     0.2316     0.0582 0.949 1.000
  INITIAT$1          -2.091    -2.1212     0.2488     0.2467     0.0628 0.955 1.000
  ENGAGE$1           -1.840    -1.8740     0.2288     0.2249     0.0534 0.952 1.000
  APPROACH$1         -2.231    -2.2663     0.2661     0.2630     0.0720 0.954 1.000
  RESPONSE$1         -2.556    -2.6038     0.3237     0.3060     0.1069 0.960 1.000
  EXPECT$1           -2.231    -2.2565     0.2672     0.2619     0.0720 0.964 1.000
  NEW$1              -2.987    -3.0590     0.5594     0.3886     0.3177 0.959 1.000
  SAME$1             -2.429    -2.4825     0.3160     0.3031     0.1026 0.954 1.000
  RELATIVE$1         -2.254    -2.2728     0.2602     0.2697     0.0680 0.970 1.000
  OBJECTS$1          -3.555    -3.7165     1.0837     0.5073     1.1993 0.959 0.999
  SEQUENCE$1         -2.132    -2.1623     0.2447     0.2499     0.0607 0.960 1.000
  TRANS$1            -3.152    -3.2521     0.7791     0.4079     0.6163 0.957 1.000
  AVOID$1            -2.700    -2.7498     0.3559     0.3342     0.1291 0.948 1.000
  CONTROL$1          -2.051    -2.0769     0.2490     0.2485     0.0626 0.960 1.000
  TOUCH$1            -1.774    -1.7912     0.2289     0.2201     0.0526 0.945 1.000

Latent Class 2

 Thresholds
  PRIMARY$1          -1.077    -1.0787     0.0736     0.0734     0.0054 0.955 1.000
  CHANGE$1           -1.104    -1.1032     0.0741     0.0736     0.0055 0.947 1.000
  INTERUPT$1         -1.530    -1.5302     0.0789     0.0837     0.0062 0.962 1.000
  INITIAT$1          -1.955    -1.9583     0.0986     0.0989     0.0097 0.956 1.000
  ENGAGE$1           -0.964    -0.9669     0.0697     0.0712     0.0049 0.955 1.000
  APPROACH$1         -1.337    -1.3383     0.0819     0.0790     0.0067 0.943 1.000
  RESPONSE$1         -1.530    -1.5305     0.0837     0.0840     0.0070 0.950 1.000
  EXPECT$1           -1.919    -1.9219     0.0979     0.0968     0.0096 0.958 1.000
  NEW$1               1.191     1.1913     0.0767     0.0748     0.0059 0.950 1.000
  SAME$1              1.289     1.2912     0.0767     0.0764     0.0059 0.947 1.000
  RELATIVE$1          0.891     0.8886     0.0697     0.0694     0.0049 0.946 1.000
  OBJECTS$1           1.937     1.9432     0.1148     0.1112     0.0132 0.946 1.000
  SEQUENCE$1          2.484     2.4914     0.1400     0.1409     0.0196 0.956 1.000
  TRANS$1             1.964     1.9700     0.1078     0.1071     0.0116 0.956 1.000
  AVOID$1             1.254     1.2508     0.0766     0.0762     0.0059 0.945 1.000
  CONTROL$1           3.555     3.5664     0.2037     0.2029     0.0416 0.951 1.000
  TOUCH$1             2.197     2.2026     0.1076     0.1072     0.0116 0.949 1.000

Latent Class 3

 Thresholds
  PRIMARY$1           3.749     3.7836     0.2455     0.2437     0.0614 0.956 1.000
  CHANGE$1            1.214     1.2201     0.0830     0.0831     0.0069 0.955 1.000
  INTERUPT$1          2.442     2.4441     0.1299     0.1299     0.0169 0.946 1.000
  INITIAT$1           1.120     1.1248     0.0810     0.0810     0.0066 0.955 1.000
  ENGAGE$1            4.499     4.5664     0.3969     0.3672     0.1619 0.958 1.000
  APPROACH$1          1.450     1.4539     0.0920     0.0890     0.0085 0.944 1.000
  RESPONSE$1          2.021     2.0296     0.1058     0.1093     0.0113 0.953 1.000
  EXPECT$1            2.734     2.7462     0.1524     0.1486     0.0233 0.955 1.000
  NEW$1              -2.389    -2.3902     0.1302     0.1280     0.0169 0.947 1.000
  SAME$1             -1.036    -1.0335     0.0777     0.0796     0.0060 0.952 1.000
  RELATIVE$1         -1.643    -1.6425     0.0935     0.0955     0.0087 0.960 1.000
  OBJECTS$1          -0.920    -0.9242     0.0780     0.0773     0.0061 0.945 1.000
  SEQUENCE$1         -0.925    -0.9220     0.0809     0.0772     0.0066 0.945 1.000
  TRANS$1            -0.862    -0.8651     0.0724     0.0762     0.0052 0.960 1.000
  AVOID$1            -1.220    -1.2209     0.0861     0.0834     0.0074 0.943 1.000
  CONTROL$1          -1.974    -1.9776     0.1102     0.1082     0.0122 0.941 1.000
  TOUCH$1            -0.876    -0.8831     0.0742     0.0768     0.0055 0.952 1.000

Latent Class 4

 Thresholds
  PRIMARY$1          -0.274    -0.2762     0.0836     0.0861     0.0070 0.950 0.901
  CHANGE$1           -0.485    -0.4864     0.0880     0.0876     0.0077 0.952 0.999
  INTERUPT$1         -0.722    -0.7252     0.0940     0.0908     0.0088 0.946 1.000
  INITIAT$1          -0.545    -0.5494     0.0894     0.0883     0.0080 0.947 1.000
  ENGAGE$1           -0.464    -0.4686     0.0909     0.0876     0.0083 0.945 0.998
  APPROACH$1         -0.431    -0.4331     0.0855     0.0871     0.0073 0.954 0.997
  RESPONSE$1         -0.567    -0.5674     0.0911     0.0886     0.0083 0.945 1.000
  EXPECT$1           -0.786    -0.7882     0.0901     0.0918     0.0081 0.960 1.000
  NEW$1               1.191     1.1901     0.1020     0.1018     0.0104 0.941 1.000
  SAME$1              2.602     2.6207     0.1864     0.1818     0.0351 0.954 1.000
  RELATIVE$1          1.807     1.8140     0.1307     0.1273     0.0171 0.938 1.000
  OBJECTS$1          -2.175    -2.1915     0.1721     0.1766     0.0299 0.955 1.000
  SEQUENCE$1         -1.565    -1.5737     0.1336     0.1340     0.0179 0.949 1.000
  TRANS$1            -1.393    -1.3973     0.1226     0.1195     0.0150 0.944 1.000
  AVOID$1             1.051     1.0592     0.0933     0.0979     0.0088 0.964 1.000
  CONTROL$1           1.791     1.7958     0.1214     0.1220     0.0148 0.951 1.000
  TOUCH$1             1.289     1.2912     0.1053     0.1034     0.0111 0.951 1.000

Latent Class 5

 Thresholds
  PRIMARY$1           3.288     3.3801     0.5311     0.3505     0.2903 0.967 1.000
  CHANGE$1            1.910     1.9231     0.1841     0.1812     0.0340 0.947 1.000
  INTERUPT$1          2.186     2.2155     0.2134     0.2042     0.0464 0.946 1.000
  INITIAT$1           3.623     3.7589     0.7815     0.4440     0.6285 0.964 0.999
  ENGAGE$1            2.844     2.8845     0.2917     0.2749     0.0867 0.948 1.000
  APPROACH$1          3.009     3.0444     0.3040     0.3003     0.0935 0.958 1.000
  RESPONSE$1          3.555     3.6387     0.5619     0.4084     0.3225 0.963 1.000
  EXPECT$1            2.338     2.3671     0.2210     0.2186     0.0496 0.949 1.000
  NEW$1               2.154     2.1592     0.1946     0.2010     0.0379 0.959 1.000
  SAME$1              2.571     2.5924     0.2386     0.2398     0.0573 0.959 1.000
  RELATIVE$1          2.242     2.2635     0.2195     0.2090     0.0486 0.946 1.000
  OBJECTS$1           3.511     3.6393     0.7716     0.4352     0.6113 0.967 0.999
  SEQUENCE$1          2.363     2.3729     0.2300     0.2201     0.0529 0.943 1.000
  TRANS$1             1.614     1.6278     0.1566     0.1625     0.0247 0.969 1.000
  AVOID$1             1.666     1.6726     0.1653     0.1647     0.0274 0.960 1.000
  CONTROL$1           2.338     2.3580     0.2287     0.2177     0.0526 0.947 1.000
  TOUCH$1             3.409     3.4924     0.4156     0.3753     0.1794 0.972 1.000

Categorical Latent Variables

 Means
  C#1                -0.466    -0.4658     0.0979     0.0954     0.0096 0.942 0.998
  C#2                 1.279     1.2818     0.0694     0.0678     0.0048 0.947 1.000
  C#3                 1.041     1.0455     0.0695     0.0690     0.0048 0.950 1.000
  C#4                 0.739     0.7418     0.0765     0.0748     0.0058 0.945 1.000


QUALITY OF NUMERICAL RESULTS

     Average Condition Number for the Information Matrix      0.306E-02
       (ratio of smallest to largest eigenvalue)


TECHNICAL 1 OUTPUT


     PARAMETER SPECIFICATION FOR LATENT CLASS 1


     PARAMETER SPECIFICATION FOR LATENT CLASS 2


     PARAMETER SPECIFICATION FOR LATENT CLASS 3


     PARAMETER SPECIFICATION FOR LATENT CLASS 4


     PARAMETER SPECIFICATION FOR LATENT CLASS 5


     PARAMETER SPECIFICATION FOR LATENT CLASS INDICATOR MODEL PART


           TAU(U) FOR LATENT CLASS 1
              PRIMARY$      CHANGE$1      INTERUPT      INITIAT$      ENGAGE$1
              ________      ________      ________      ________      ________
                    1             2             3             4             5


           TAU(U) FOR LATENT CLASS 1
              APPROACH      RESPONSE      EXPECT$1      NEW$1         SAME$1
              ________      ________      ________      ________      ________
                    6             7             8             9            10


           TAU(U) FOR LATENT CLASS 1
              RELATIVE      OBJECTS$      SEQUENCE      TRANS$1       AVOID$1
              ________      ________      ________      ________      ________
                   11            12            13            14            15


           TAU(U) FOR LATENT CLASS 1
              CONTROL$      TOUCH$1
              ________      ________
                   16            17


           TAU(U) FOR LATENT CLASS 2
              PRIMARY$      CHANGE$1      INTERUPT      INITIAT$      ENGAGE$1
              ________      ________      ________      ________      ________
                   18            19            20            21            22


           TAU(U) FOR LATENT CLASS 2
              APPROACH      RESPONSE      EXPECT$1      NEW$1         SAME$1
              ________      ________      ________      ________      ________
                   23            24            25            26            27


           TAU(U) FOR LATENT CLASS 2
              RELATIVE      OBJECTS$      SEQUENCE      TRANS$1       AVOID$1
              ________      ________      ________      ________      ________
                   28            29            30            31            32


           TAU(U) FOR LATENT CLASS 2
              CONTROL$      TOUCH$1
              ________      ________
                   33            34


           TAU(U) FOR LATENT CLASS 3
              PRIMARY$      CHANGE$1      INTERUPT      INITIAT$      ENGAGE$1
              ________      ________      ________      ________      ________
                   35            36            37            38            39


           TAU(U) FOR LATENT CLASS 3
              APPROACH      RESPONSE      EXPECT$1      NEW$1         SAME$1
              ________      ________      ________      ________      ________
                   40            41            42            43            44


           TAU(U) FOR LATENT CLASS 3
              RELATIVE      OBJECTS$      SEQUENCE      TRANS$1       AVOID$1
              ________      ________      ________      ________      ________
                   45            46            47            48            49


           TAU(U) FOR LATENT CLASS 3
              CONTROL$      TOUCH$1
              ________      ________
                   50            51


           TAU(U) FOR LATENT CLASS 4
              PRIMARY$      CHANGE$1      INTERUPT      INITIAT$      ENGAGE$1
              ________      ________      ________      ________      ________
                   52            53            54            55            56


           TAU(U) FOR LATENT CLASS 4
              APPROACH      RESPONSE      EXPECT$1      NEW$1         SAME$1
              ________      ________      ________      ________      ________
                   57            58            59            60            61


           TAU(U) FOR LATENT CLASS 4
              RELATIVE      OBJECTS$      SEQUENCE      TRANS$1       AVOID$1
              ________      ________      ________      ________      ________
                   62            63            64            65            66


           TAU(U) FOR LATENT CLASS 4
              CONTROL$      TOUCH$1
              ________      ________
                   67            68


           TAU(U) FOR LATENT CLASS 5
              PRIMARY$      CHANGE$1      INTERUPT      INITIAT$      ENGAGE$1
              ________      ________      ________      ________      ________
                   69            70            71            72            73


           TAU(U) FOR LATENT CLASS 5
              APPROACH      RESPONSE      EXPECT$1      NEW$1         SAME$1
              ________      ________      ________      ________      ________
                   74            75            76            77            78


           TAU(U) FOR LATENT CLASS 5
              RELATIVE      OBJECTS$      SEQUENCE      TRANS$1       AVOID$1
              ________      ________      ________      ________      ________
                   79            80            81            82            83


           TAU(U) FOR LATENT CLASS 5
              CONTROL$      TOUCH$1
              ________      ________
                   84            85


     PARAMETER SPECIFICATION FOR LATENT CLASS REGRESSION MODEL PART


           ALPHA(C)
              C#1           C#2           C#3           C#4           C#5
              ________      ________      ________      ________      ________
                   86            87            88            89             0


     STARTING VALUES FOR LATENT CLASS 1


     STARTING VALUES FOR LATENT CLASS 2


     STARTING VALUES FOR LATENT CLASS 3


     STARTING VALUES FOR LATENT CLASS 4


     STARTING VALUES FOR LATENT CLASS 5


     STARTING VALUES FOR LATENT CLASS INDICATOR MODEL PART


           TAU(U) FOR LATENT CLASS 1
              PRIMARY$      CHANGE$1      INTERUPT      INITIAT$      ENGAGE$1
              ________      ________      ________      ________      ________
               -2.326        -1.815        -1.946        -2.091        -1.840


           TAU(U) FOR LATENT CLASS 1
              APPROACH      RESPONSE      EXPECT$1      NEW$1         SAME$1
              ________      ________      ________      ________      ________
               -2.231        -2.556        -2.231        -2.987        -2.429


           TAU(U) FOR LATENT CLASS 1
              RELATIVE      OBJECTS$      SEQUENCE      TRANS$1       AVOID$1
              ________      ________      ________      ________      ________
               -2.254        -3.555        -2.132        -3.152        -2.700


           TAU(U) FOR LATENT CLASS 1
              CONTROL$      TOUCH$1
              ________      ________
               -2.051        -1.774


           TAU(U) FOR LATENT CLASS 2
              PRIMARY$      CHANGE$1      INTERUPT      INITIAT$      ENGAGE$1
              ________      ________      ________      ________      ________
               -1.077        -1.104        -1.530        -1.955        -0.964


           TAU(U) FOR LATENT CLASS 2
              APPROACH      RESPONSE      EXPECT$1      NEW$1         SAME$1
              ________      ________      ________      ________      ________
               -1.337        -1.530        -1.919         1.191         1.289


           TAU(U) FOR LATENT CLASS 2
              RELATIVE      OBJECTS$      SEQUENCE      TRANS$1       AVOID$1
              ________      ________      ________      ________      ________
                0.891         1.937         2.484         1.964         1.254


           TAU(U) FOR LATENT CLASS 2
              CONTROL$      TOUCH$1
              ________      ________
                3.555         2.197


           TAU(U) FOR LATENT CLASS 3
              PRIMARY$      CHANGE$1      INTERUPT      INITIAT$      ENGAGE$1
              ________      ________      ________      ________      ________
                3.749         1.214         2.442         1.120         4.499


           TAU(U) FOR LATENT CLASS 3
              APPROACH      RESPONSE      EXPECT$1      NEW$1         SAME$1
              ________      ________      ________      ________      ________
                1.450         2.021         2.734        -2.389        -1.036


           TAU(U) FOR LATENT CLASS 3
              RELATIVE      OBJECTS$      SEQUENCE      TRANS$1       AVOID$1
              ________      ________      ________      ________      ________
               -1.643        -0.920        -0.925        -0.862        -1.220


           TAU(U) FOR LATENT CLASS 3
              CONTROL$      TOUCH$1
              ________      ________
               -1.974        -0.876


           TAU(U) FOR LATENT CLASS 4
              PRIMARY$      CHANGE$1      INTERUPT      INITIAT$      ENGAGE$1
              ________      ________      ________      ________      ________
               -0.274        -0.485        -0.722        -0.545        -0.464


           TAU(U) FOR LATENT CLASS 4
              APPROACH      RESPONSE      EXPECT$1      NEW$1         SAME$1
              ________      ________      ________      ________      ________
               -0.431        -0.567        -0.786         1.191         2.602


           TAU(U) FOR LATENT CLASS 4
              RELATIVE      OBJECTS$      SEQUENCE      TRANS$1       AVOID$1
              ________      ________      ________      ________      ________
                1.807        -2.175        -1.565        -1.393         1.051


           TAU(U) FOR LATENT CLASS 4
              CONTROL$      TOUCH$1
              ________      ________
                1.791         1.289


           TAU(U) FOR LATENT CLASS 5
              PRIMARY$      CHANGE$1      INTERUPT      INITIAT$      ENGAGE$1
              ________      ________      ________      ________      ________
                3.288         1.910         2.186         3.623         2.844


           TAU(U) FOR LATENT CLASS 5
              APPROACH      RESPONSE      EXPECT$1      NEW$1         SAME$1
              ________      ________      ________      ________      ________
                3.009         3.555         2.338         2.154         2.571


           TAU(U) FOR LATENT CLASS 5
              RELATIVE      OBJECTS$      SEQUENCE      TRANS$1       AVOID$1
              ________      ________      ________      ________      ________
                2.242         3.511         2.363         1.614         1.666


           TAU(U) FOR LATENT CLASS 5
              CONTROL$      TOUCH$1
              ________      ________
                2.338         3.409


     STARTING VALUES FOR LATENT CLASS REGRESSION MODEL PART


           ALPHA(C)
              C#1           C#2           C#3           C#4           C#5
              ________      ________      ________      ________      ________
               -0.466         1.279         1.041         0.739         0.000


     POPULATION VALUES FOR LATENT CLASS 1


     POPULATION VALUES FOR LATENT CLASS 2


     POPULATION VALUES FOR LATENT CLASS 3


     POPULATION VALUES FOR LATENT CLASS 4


     POPULATION VALUES FOR LATENT CLASS 5


     POPULATION VALUES FOR LATENT CLASS INDICATOR MODEL PART


           TAU(U) FOR LATENT CLASS 1
              PRIMARY$      CHANGE$1      INTERUPT      INITIAT$      ENGAGE$1
              ________      ________      ________      ________      ________
               -2.326        -1.815        -1.946        -2.091        -1.840


           TAU(U) FOR LATENT CLASS 1
              APPROACH      RESPONSE      EXPECT$1      NEW$1         SAME$1
              ________      ________      ________      ________      ________
               -2.231        -2.556        -2.231        -2.987        -2.429


           TAU(U) FOR LATENT CLASS 1
              RELATIVE      OBJECTS$      SEQUENCE      TRANS$1       AVOID$1
              ________      ________      ________      ________      ________
               -2.254        -3.555        -2.132        -3.152        -2.700


           TAU(U) FOR LATENT CLASS 1
              CONTROL$      TOUCH$1
              ________      ________
               -2.051        -1.774


           TAU(U) FOR LATENT CLASS 2
              PRIMARY$      CHANGE$1      INTERUPT      INITIAT$      ENGAGE$1
              ________      ________      ________      ________      ________
               -1.077        -1.104        -1.530        -1.955        -0.964


           TAU(U) FOR LATENT CLASS 2
              APPROACH      RESPONSE      EXPECT$1      NEW$1         SAME$1
              ________      ________      ________      ________      ________
               -1.337        -1.530        -1.919         1.191         1.289


           TAU(U) FOR LATENT CLASS 2
              RELATIVE      OBJECTS$      SEQUENCE      TRANS$1       AVOID$1
              ________      ________      ________      ________      ________
                0.891         1.937         2.484         1.964         1.254


           TAU(U) FOR LATENT CLASS 2
              CONTROL$      TOUCH$1
              ________      ________
                3.555         2.197


           TAU(U) FOR LATENT CLASS 3
              PRIMARY$      CHANGE$1      INTERUPT      INITIAT$      ENGAGE$1
              ________      ________      ________      ________      ________
                3.749         1.214         2.442         1.120         4.499


           TAU(U) FOR LATENT CLASS 3
              APPROACH      RESPONSE      EXPECT$1      NEW$1         SAME$1
              ________      ________      ________      ________      ________
                1.450         2.021         2.734        -2.389        -1.036


           TAU(U) FOR LATENT CLASS 3
              RELATIVE      OBJECTS$      SEQUENCE      TRANS$1       AVOID$1
              ________      ________      ________      ________      ________
               -1.643        -0.920        -0.925        -0.862        -1.220


           TAU(U) FOR LATENT CLASS 3
              CONTROL$      TOUCH$1
              ________      ________
               -1.974        -0.876


           TAU(U) FOR LATENT CLASS 4
              PRIMARY$      CHANGE$1      INTERUPT      INITIAT$      ENGAGE$1
              ________      ________      ________      ________      ________
               -0.274        -0.485        -0.722        -0.545        -0.464


           TAU(U) FOR LATENT CLASS 4
              APPROACH      RESPONSE      EXPECT$1      NEW$1         SAME$1
              ________      ________      ________      ________      ________
               -0.431        -0.567        -0.786         1.191         2.602


           TAU(U) FOR LATENT CLASS 4
              RELATIVE      OBJECTS$      SEQUENCE      TRANS$1       AVOID$1
              ________      ________      ________      ________      ________
                1.807        -2.175        -1.565        -1.393         1.051


           TAU(U) FOR LATENT CLASS 4
              CONTROL$      TOUCH$1
              ________      ________
                1.791         1.289


           TAU(U) FOR LATENT CLASS 5
              PRIMARY$      CHANGE$1      INTERUPT      INITIAT$      ENGAGE$1
              ________      ________      ________      ________      ________
                3.288         1.910         2.186         3.623         2.844


           TAU(U) FOR LATENT CLASS 5
              APPROACH      RESPONSE      EXPECT$1      NEW$1         SAME$1
              ________      ________      ________      ________      ________
                3.009         3.555         2.338         2.154         2.571


           TAU(U) FOR LATENT CLASS 5
              RELATIVE      OBJECTS$      SEQUENCE      TRANS$1       AVOID$1
              ________      ________      ________      ________      ________
                2.242         3.511         2.363         1.614         1.666


           TAU(U) FOR LATENT CLASS 5
              CONTROL$      TOUCH$1
              ________      ________
                2.338         3.409


     POPULATION VALUES FOR LATENT CLASS REGRESSION MODEL PART


           ALPHA(C)
              C#1           C#2           C#3           C#4           C#5
              ________      ________      ________      ________      ________
               -0.466         1.279         1.041         0.739         0.000


SAVEDATA INFORMATION

  Order of variables

    PRIMARY
    CHANGE
    INTERUPT
    INITIAT
    ENGAGE
    APPROACH
    RESPONSE
    EXPECT
    NEW
    SAME
    RELATIVE
    OBJECTS
    SEQUENCE
    TRANS
    AVOID
    CONTROL
    TOUCH
    C

  Save file
    n_3000_lca_rep*.dat

  Save file format           Free
  Save file record length    10000


RESULTS SAVING INFORMATION

  Order of data

    Replication number
    Parameter estimates
     (saved in order shown in Technical 1 output)
    Standard errors
     (saved in order shown in Technical 1 output)
    Number of Free Parameters
    H0 Loglikelihood
    Akaike (AIC)
    Bayesian (BIC)
    Sample-Size Adjusted BIC
    Pearson Chi-Square : Value
    Pearson Chi-Square : Degrees of Freedom
    Pearson Chi-Square : P-Value
    Likelihood Chi-Square : Value
    Likelihood Chi-Square : Degrees of Freedom
    Likelihood Chi-Square : P-Value

  Save file
    lcaresults3000.csv

  Save file format           Free


     Beginning Time:  16:33:23
        Ending Time:  16:36:21
       Elapsed Time:  00:02:58



MUTHEN & MUTHEN
3463 Stoner Ave.
Los Angeles, CA  90066

Tel: (310) 391-9971
Fax: (310) 391-8971
Web: www.StatModel.com
Support: Support@StatModel.com

Copyright (c) 1998-2021 Muthen & Muthen
