Mplus VERSION 8.6 (Mac)
MUTHEN & MUTHEN
09/16/2024   4:37 PM

INPUT INSTRUCTIONS

  TITLE:
  LCA Power Simulation: Condition N = 4000
  MONTECARLO:
  NAMES = primary change interupt initiat engage approach response expect
           new same relative objects sequence trans avoid control touch;
  GENERATE = primary change interupt initiat engage approach response expect
           new same relative objects sequence trans avoid control touch(1);
  CATEGORICAL = primary change interupt initiat engage approach response expect
           new same relative objects sequence trans avoid control touch;
  GENCLASSES = c(5);
  CLASSES = c(5);
  NOBSERVATIONS = 4000;
  SEED = 08202024;
  	NREPS = 1000;
   repsave = all;
   save = n_4000_lca_rep*.dat;
   RESULTS = lcaresults4000.csv;
  MODEL POPULATION:
  %OVERALL%

         [c#1*-0.466]; !!! c1 = 6.1%  !!!
         [c#2* 1.279]; !!! c2 = 35.4% !!!
         [c#3* 1.041]; !!! c3 = 27.9% !!!
         [c#4* 0.739]; !!! c4 = 20.6% !!!
                       !!! c5 = 9.8%  !!!

  !!! Class 1: High Flexibility !!!

  %c#1%
  [primary$1*-2.325907 change$1*-1.815290 interupt$1*-1.945910 initiat$1*-2.090741
   engage$1*-1.840434 approach$1*-2.231012 response$1*-2.556366 expect$1*-2.231012
   new$1*-2.987364 same$1*- 2.428837 relative$1*-2.254058 objects$1*-3.555
   sequence$1*-2.132267 trans$1*-3.152319 avoid$1*-2.699549 control$1*-2.050519
   touch$1*-1.774368];

  !!! Class 2: Social and Interest Flexibility !!!
  %c#2%
  [primary$1*-1.0773913 change$1*-1.1039528 interupt$1*-1.5299568 initiat$1*-1.9550845
   engage$1*-0.9643905 approach$1*-1.3370233 response$1*-1.5299568 expect$1*-1.9187592
   new$1*1.1914483 same$1*1.2891306 relative$1*0.8905323 objects$1*1.9367985
   sequence$1*2.4838238 trans$1*1.9643226 avoid$1*1.2540491 control$1*3.555
   touch$1*2.1972246];

  !!! Class 3: Environmetal Flexibility !!!

  %c#3%
  [primary$1*3.7489924 change$1*1.2139664 interupt$1*2.4423470 initiat$1*1.1200608
   engage$1*4.4987991 approach$1*1.4500102 response$1*2.0211513 expect$1*2.7339416
   new$1*-2.3891996 same$1*-1.0355993 relative$1*-1.6434218 objects$1*-0.9197934
   sequence$1*-0.9247059 trans$1*-0.8616248 avoid$1*-1.2196389 control$1*-1.9736255
   touch$1*-0.8760355];

  !!! Class 4: Location and Sensory Flexibilty !!!

  %c#4%
  [primary$1*-0.2736958 change$1*-0.4853059 interupt$1*-0.7217852 initiat$1*-0.5451086
   engage$1*-0.4641576 approach$1*-0.4305291 response$1*-0.5666941 expect$1*-0.7861311
   new$1*1.1914483 same$1*2.6021528 relative$1*1.8070090 objects$1*-2.1751973
   sequence$1*-1.5645131 trans$1*-1.3925561 avoid$1*1.0511726 control$1*1.7905933
   touch$1*1.2891306];

  !!! Class 5: Low Flexibility !!!

  %c#5%
  [primary$1*3.287572 change$1*1.909830 interupt$1*2.186163 initiat$1*3.623315
   engage$1*2.843852 approach$1*3.009467 response$1*3.555 expect$1*2.338303
   new$1*2.153550 same$1*2.571429 relative$1*2.242481 objects$1*3.511031
   sequence$1*2.363483 trans$1*1.614246 avoid$1*1.665687 control$1*2.338303
   touch$1*3.409496];
  ANALYSIS:
  TYPE = MIXTURE;
         !!!STARTS = ; !!! No Starts !!!
      	 processors = 8;
  MODEL:
  %OVERALL%

         [c#1*-0.466]; !!! c1 = 6.1%  !!!
         [c#2* 1.279]; !!! c2 = 35.4% !!!
         [c#3* 1.041]; !!! c3 = 27.9% !!!
         [c#4* 0.739]; !!! c4 = 20.6% !!!
                       !!! c5 = 9.8%  !!!


  !!! Class 1: High Flexibility !!!

  %c#1%
  [primary$1*-2.325907 change$1*-1.815290 interupt$1*-1.945910 initiat$1*-2.090741
   engage$1*-1.840434 approach$1*-2.231012 response$1*-2.556366 expect$1*-2.231012
   new$1*-2.987364 same$1*- 2.428837 relative$1*-2.254058 objects$1*-3.555
   sequence$1*-2.132267 trans$1*-3.152319 avoid$1*-2.699549 control$1*-2.050519
   touch$1*-1.774368];

  !!! Class 2: Social and Interest Flexibility !!!
  %c#2%
  [primary$1*-1.0773913 change$1*-1.1039528 interupt$1*-1.5299568 initiat$1*-1.9550845
   engage$1*-0.9643905 approach$1*-1.3370233 response$1*-1.5299568 expect$1*-1.9187592
   new$1*1.1914483 same$1*1.2891306 relative$1*0.8905323 objects$1*1.9367985
   sequence$1*2.4838238 trans$1*1.9643226 avoid$1*1.2540491 control$1*3.555
   touch$1*2.1972246];

  !!! Class 3: Environmetal Flexibility !!!

  %c#3%
  [primary$1*3.7489924 change$1*1.2139664 interupt$1*2.4423470 initiat$1*1.1200608
   engage$1*4.4987991 approach$1*1.4500102 response$1*2.0211513 expect$1*2.7339416
   new$1*-2.3891996 same$1*-1.0355993 relative$1*-1.6434218 objects$1*-0.9197934
   sequence$1*-0.9247059 trans$1*-0.8616248 avoid$1*-1.2196389 control$1*-1.9736255
   touch$1*-0.8760355];

  !!! Class 4: Location and Sensory Flexibilty !!!

  %c#4%
  [primary$1*-0.2736958 change$1*-0.4853059 interupt$1*-0.7217852 initiat$1*-0.5451086
   engage$1*-0.4641576 approach$1*-0.4305291 response$1*-0.5666941 expect$1*-0.7861311
   new$1*1.1914483 same$1*2.6021528 relative$1*1.8070090 objects$1*-2.1751973
   sequence$1*-1.5645131 trans$1*-1.3925561 avoid$1*1.0511726 control$1*1.7905933
   touch$1*1.2891306];

  !!! Class 5: Low Flexibility !!!

  %c#5%
  [primary$1*3.287572 change$1*1.909830 interupt$1*2.186163 initiat$1*3.623315
   engage$1*2.843852 approach$1*3.009467 response$1*3.555 expect$1*2.338303
   new$1*2.153550 same$1*2.571429 relative$1*2.242481 objects$1*3.511031
   sequence$1*2.363483 trans$1*1.614246 avoid$1*1.665687 control$1*2.338303
   touch$1*3.409496];



INPUT READING TERMINATED NORMALLY




LCA Power Simulation: Condition N = 4000

SUMMARY OF ANALYSIS

Number of groups                                                 1
Number of observations                                        4000

Number of replications
    Requested                                                 1000
    Completed                                                 1000
Value of seed                                              8202024

Number of dependent variables                                   17
Number of independent variables                                  0
Number of continuous latent variables                            0
Number of categorical latent variables                           1

Observed dependent variables

  Binary and ordered categorical (ordinal)
   PRIMARY     CHANGE      INTERUPT    INITIAT     ENGAGE      APPROACH
   RESPONSE    EXPECT      NEW         SAME        RELATIVE    OBJECTS
   SEQUENCE    TRANS       AVOID       CONTROL     TOUCH

Categorical latent variables
   C


Estimator                                                      MLR
Information matrix                                        OBSERVED
Optimization Specifications for the Quasi-Newton Algorithm for
Continuous Outcomes
  Maximum number of iterations                                 100
  Convergence criterion                                  0.100D-05
Optimization Specifications for the EM Algorithm
  Maximum number of iterations                                 500
  Convergence criteria
    Loglikelihood change                                 0.100D-06
    Relative loglikelihood change                        0.100D-06
    Derivative                                           0.100D-05
Optimization Specifications for the M step of the EM Algorithm for
Categorical Latent variables
  Number of M step iterations                                    1
  M step convergence criterion                           0.100D-05
  Basis for M step termination                           ITERATION
Optimization Specifications for the M step of the EM Algorithm for
Censored, Binary or Ordered Categorical (Ordinal), Unordered
Categorical (Nominal) and Count Outcomes
  Number of M step iterations                                    1
  M step convergence criterion                           0.100D-05
  Basis for M step termination                           ITERATION
  Maximum value for logit thresholds                            15
  Minimum value for logit thresholds                           -15
  Minimum expected cell size for chi-square              0.100D-01
Optimization algorithm                                         EMA
Link                                                         LOGIT





MODEL FIT INFORMATION

Number of Free Parameters                       89

Loglikelihood

    H0 Value

        Mean                            -34944.365
        Std Dev                            148.484
        Number of successful computations     1000

             Proportions                   Percentiles
        Expected    Observed         Expected       Observed
           0.990       0.994       -35289.783     -35272.306
           0.980       0.983       -35249.307     -35228.842
           0.950       0.950       -35188.606     -35189.796
           0.900       0.895       -35134.662     -35138.676
           0.800       0.803       -35069.329     -35068.302
           0.700       0.698       -35022.230     -35023.737
           0.500       0.491       -34944.365     -34947.243
           0.300       0.295       -34866.500     -34868.319
           0.200       0.194       -34819.401     -34823.611
           0.100       0.102       -34754.068     -34752.821
           0.050       0.052       -34700.124     -34697.997
           0.020       0.014       -34639.423     -34646.977
           0.010       0.009       -34598.947     -34609.017

Information Criteria

    Akaike (AIC)

        Mean                             70066.730
        Std Dev                            296.968
        Number of successful computations     1000

             Proportions                   Percentiles
        Expected    Observed         Expected       Observed
           0.990       0.991        69375.893      69390.524
           0.980       0.986        69456.847      69470.882
           0.950       0.948        69578.247      69573.878
           0.900       0.898        69686.136      69680.569
           0.800       0.806        69816.802      69824.833
           0.700       0.705        69911.000      69914.365
           0.500       0.509        70066.730      70071.239
           0.300       0.302        70222.460      70222.897
           0.200       0.197        70316.658      70307.486
           0.100       0.105        70447.324      70453.998
           0.050       0.050        70555.213      70555.204
           0.020       0.017        70676.613      70635.067
           0.010       0.006        70757.567      70721.146

    Bayesian (BIC)

        Mean                             70626.900
        Std Dev                            296.968
        Number of successful computations     1000

             Proportions                   Percentiles
        Expected    Observed         Expected       Observed
           0.990       0.991        69936.064      69950.694
           0.980       0.986        70017.017      70031.053
           0.950       0.948        70138.418      70134.048
           0.900       0.898        70246.306      70240.740
           0.800       0.806        70376.972      70385.004
           0.700       0.705        70471.170      70474.535
           0.500       0.509        70626.900      70631.410
           0.300       0.302        70782.631      70783.067
           0.200       0.197        70876.829      70867.656
           0.100       0.105        71007.495      71014.169
           0.050       0.050        71115.383      71115.375
           0.020       0.017        71236.784      71195.238
           0.010       0.006        71317.737      71281.316

    Sample-Size Adjusted BIC (n* = (n + 2) / 24)

        Mean                             70344.098
        Std Dev                            296.968
        Number of successful computations     1000

             Proportions                   Percentiles
        Expected    Observed         Expected       Observed
           0.990       0.991        69653.261      69667.892
           0.980       0.986        69734.215      69748.250
           0.950       0.948        69855.615      69851.246
           0.900       0.898        69963.504      69957.937
           0.800       0.806        70094.170      70102.202
           0.700       0.705        70188.368      70191.733
           0.500       0.509        70344.098      70348.607
           0.300       0.302        70499.828      70500.265
           0.200       0.197        70594.026      70584.854
           0.100       0.105        70724.692      70731.366
           0.050       0.050        70832.581      70832.573
           0.020       0.017        70953.981      70912.435
           0.010       0.006        71034.935      70998.514

Chi-Square Test of Model Fit for the Binary and Ordered Categorical
(Ordinal) Outcomes

    Pearson Chi-Square

        Mean                             28196.376
        Std Dev                            964.646
        Degrees of freedom                  130784
        Number of successful computations     1000

             Proportions                   Percentiles
        Expected    Observed         Expected       Observed
           0.990       0.000       129597.161      25941.246
           0.980       0.000       129735.783      26302.281
           0.950       0.000       129943.899      26610.827
           0.900       0.000       130128.997      26914.972
           0.800       0.000       130353.370      27392.583
           0.700       0.000       130515.320      27685.165
           0.500       0.000       130783.333      28210.597
           0.300       0.000       131051.714      28664.964
           0.200       0.000       131214.241      28956.973
           0.100       0.000       131439.860      29411.318
           0.050       0.000       131626.375      29823.787
           0.020       0.000       131836.508      30245.073
           0.010       0.000       131976.721      30421.156

    Likelihood Ratio Chi-Square

        Mean                              8792.081
        Std Dev                            159.352
        Degrees of freedom                  130784
        Number of successful computations     1000

             Proportions                   Percentiles
        Expected    Observed         Expected       Observed
           0.990       0.000       129597.161       8403.951
           0.980       0.000       129735.783       8460.758
           0.950       0.000       129943.899       8520.853
           0.900       0.000       130128.997       8582.539
           0.800       0.000       130353.370       8656.251
           0.700       0.000       130515.320       8712.710
           0.500       0.000       130783.333       8796.202
           0.300       0.000       131051.714       8871.697
           0.200       0.000       131214.241       8924.240
           0.100       0.000       131439.860       8986.612
           0.050       0.000       131626.375       9060.402
           0.020       0.000       131836.508       9124.923
           0.010       0.000       131976.721       9174.336



FINAL CLASS COUNTS AND PROPORTIONS FOR THE LATENT CLASSES
BASED ON THE ESTIMATED MODEL

    Latent
   Classes

       1        247.55235          0.06189
       2       1416.38487          0.35410
       3       1117.12051          0.27928
       4        825.49176          0.20637
       5        393.45050          0.09836


FINAL CLASS COUNTS AND PROPORTIONS FOR THE LATENT CLASSES
BASED ON ESTIMATED POSTERIOR PROBABILITIES

    Latent
   Classes

       1        247.55235          0.06189
       2       1416.38487          0.35410
       3       1117.12051          0.27928
       4        825.49176          0.20637
       5        393.45050          0.09836


FINAL CLASS COUNTS AND PROPORTIONS FOR THE LATENT CLASSES
BASED ON THEIR MOST LIKELY LATENT CLASS MEMBERSHIP

Class Counts and Proportions

    Latent
   Classes

       1              247          0.06184
       2             1422          0.35539
       3             1118          0.27944
       4              819          0.20478
       5              394          0.09855


CLASSIFICATION QUALITY

     Entropy                         0.952


Average Latent Class Probabilities for Most Likely Latent Class Membership (Row)
by Latent Class (Column)

           1        2        3        4        5

    1   0.985    0.002    0.002    0.011    0.000
    2   0.000    0.966    0.000    0.032    0.001
    3   0.001    0.000    0.993    0.004    0.002
    4   0.003    0.049    0.005    0.941    0.002
    5   0.000    0.005    0.007    0.005    0.983


Classification Probabilities for the Most Likely Latent Class Membership (Column)
by Latent Class (Row)

           1        2        3        4        5

    1   0.988    0.000    0.001    0.010    0.000
    2   0.000    0.971    0.000    0.027    0.001
    3   0.000    0.000    0.995    0.002    0.002
    4   0.005    0.057    0.005    0.930    0.003
    5   0.000    0.004    0.007    0.004    0.985


Logits for the Classification Probabilities for the Most Likely Latent Class Membership (Column)
by Latent Class (Row)

              1        2        3        4        5

    1     13.803    5.211    7.234    9.247    0.000
    2     -1.608    6.525   -2.811    2.935    0.000
    3     -2.113   -2.148    6.037    0.009    0.000
    4      0.396    2.851    0.444    5.649    0.000
    5    -13.801   -5.500   -4.951   -5.594    0.000


MODEL RESULTS

                              ESTIMATES              S. E.     M. S. E.  95%  % Sig
                 Population   Average   Std. Dev.   Average             Cover Coeff

Latent Class 1

 Thresholds
  PRIMARY$1          -2.326    -2.3517     0.2404     0.2366     0.0584 0.949 1.000
  CHANGE$1           -1.815    -1.8277     0.1940     0.1897     0.0378 0.955 1.000
  INTERUPT$1         -1.946    -1.9589     0.2046     0.1996     0.0420 0.944 1.000
  INITIAT$1          -2.091    -2.1210     0.2191     0.2127     0.0489 0.948 1.000
  ENGAGE$1           -1.840    -1.8640     0.1927     0.1932     0.0376 0.957 1.000
  APPROACH$1         -2.231    -2.2622     0.2326     0.2261     0.0550 0.948 1.000
  RESPONSE$1         -2.556    -2.5939     0.2816     0.2620     0.0806 0.941 1.000
  EXPECT$1           -2.231    -2.2519     0.2334     0.2252     0.0548 0.947 1.000
  NEW$1              -2.987    -3.0326     0.5105     0.3279     0.2624 0.947 1.000
  SAME$1             -2.429    -2.4646     0.2650     0.2583     0.0714 0.963 1.000
  RELATIVE$1         -2.254    -2.2801     0.2337     0.2331     0.0553 0.962 1.000
  OBJECTS$1          -3.555    -3.6423     0.6794     0.4290     0.4688 0.960 1.000
  SEQUENCE$1         -2.132    -2.1636     0.2105     0.2156     0.0453 0.968 1.000
  TRANS$1            -3.152    -3.2068     0.3642     0.3486     0.1355 0.962 1.000
  AVOID$1            -2.700    -2.7339     0.2961     0.2846     0.0888 0.952 1.000
  CONTROL$1          -2.051    -2.0716     0.2172     0.2136     0.0476 0.957 1.000
  TOUCH$1            -1.774    -1.7843     0.1867     0.1891     0.0349 0.955 1.000

Latent Class 2

 Thresholds
  PRIMARY$1          -1.077    -1.0785     0.0624     0.0635     0.0039 0.952 1.000
  CHANGE$1           -1.104    -1.1049     0.0635     0.0637     0.0040 0.955 1.000
  INTERUPT$1         -1.530    -1.5339     0.0691     0.0725     0.0048 0.964 1.000
  INITIAT$1          -1.955    -1.9591     0.0837     0.0856     0.0070 0.952 1.000
  ENGAGE$1           -0.964    -0.9664     0.0610     0.0616     0.0037 0.946 1.000
  APPROACH$1         -1.337    -1.3382     0.0702     0.0683     0.0049 0.944 1.000
  RESPONSE$1         -1.530    -1.5296     0.0716     0.0726     0.0051 0.948 1.000
  EXPECT$1           -1.919    -1.9216     0.0837     0.0837     0.0070 0.953 1.000
  NEW$1               1.191     1.1930     0.0669     0.0648     0.0045 0.946 1.000
  SAME$1              1.289     1.2910     0.0666     0.0662     0.0044 0.945 1.000
  RELATIVE$1          0.891     0.8879     0.0592     0.0600     0.0035 0.951 1.000
  OBJECTS$1           1.937     1.9409     0.0974     0.0959     0.0095 0.949 1.000
  SEQUENCE$1          2.484     2.4904     0.1250     0.1216     0.0156 0.949 1.000
  TRANS$1             1.964     1.9677     0.0909     0.0925     0.0083 0.959 1.000
  AVOID$1             1.254     1.2514     0.0659     0.0659     0.0044 0.950 1.000
  CONTROL$1           3.555     3.5660     0.1749     0.1752     0.0307 0.955 1.000
  TOUCH$1             2.197     2.2006     0.0957     0.0927     0.0092 0.941 1.000

Latent Class 3

 Thresholds
  PRIMARY$1           3.749     3.7750     0.2109     0.2097     0.0451 0.955 1.000
  CHANGE$1            1.214     1.2191     0.0756     0.0719     0.0057 0.940 1.000
  INTERUPT$1          2.442     2.4453     0.1065     0.1125     0.0113 0.962 1.000
  INITIAT$1           1.120     1.1249     0.0721     0.0701     0.0052 0.940 1.000
  ENGAGE$1            4.499     4.5499     0.3256     0.3126     0.1085 0.960 1.000
  APPROACH$1          1.450     1.4542     0.0799     0.0771     0.0064 0.942 1.000
  RESPONSE$1          2.021     2.0263     0.0943     0.0946     0.0089 0.955 1.000
  EXPECT$1            2.734     2.7426     0.1346     0.1284     0.0182 0.943 1.000
  NEW$1              -2.389    -2.3920     0.1152     0.1109     0.0133 0.944 1.000
  SAME$1             -1.036    -1.0332     0.0674     0.0689     0.0045 0.955 1.000
  RELATIVE$1         -1.643    -1.6410     0.0799     0.0826     0.0064 0.955 1.000
  OBJECTS$1          -0.920    -0.9228     0.0678     0.0669     0.0046 0.952 1.000
  SEQUENCE$1         -0.925    -0.9211     0.0697     0.0668     0.0049 0.940 1.000
  TRANS$1            -0.862    -0.8632     0.0631     0.0660     0.0040 0.960 1.000
  AVOID$1            -1.220    -1.2197     0.0744     0.0722     0.0055 0.945 1.000
  CONTROL$1          -1.974    -1.9776     0.0942     0.0937     0.0089 0.950 1.000
  TOUCH$1            -0.876    -0.8811     0.0675     0.0665     0.0046 0.940 1.000

Latent Class 4

 Thresholds
  PRIMARY$1          -0.274    -0.2770     0.0723     0.0745     0.0052 0.961 0.963
  CHANGE$1           -0.485    -0.4869     0.0756     0.0758     0.0057 0.953 1.000
  INTERUPT$1         -0.722    -0.7227     0.0822     0.0785     0.0067 0.938 1.000
  INITIAT$1          -0.545    -0.5475     0.0767     0.0764     0.0059 0.947 1.000
  ENGAGE$1           -0.464    -0.4695     0.0783     0.0758     0.0061 0.944 1.000
  APPROACH$1         -0.431    -0.4327     0.0750     0.0754     0.0056 0.960 1.000
  RESPONSE$1         -0.567    -0.5695     0.0777     0.0766     0.0060 0.947 1.000
  EXPECT$1           -0.786    -0.7870     0.0795     0.0793     0.0063 0.951 1.000
  NEW$1               1.191     1.1895     0.0890     0.0880     0.0079 0.941 1.000
  SAME$1              2.602     2.6189     0.1644     0.1568     0.0273 0.935 1.000
  RELATIVE$1          1.807     1.8140     0.1135     0.1100     0.0129 0.953 1.000
  OBJECTS$1          -2.175    -2.1842     0.1487     0.1517     0.0222 0.952 1.000
  SEQUENCE$1         -1.565    -1.5708     0.1121     0.1155     0.0126 0.955 1.000
  TRANS$1            -1.393    -1.3959     0.1079     0.1032     0.0116 0.946 1.000
  AVOID$1             1.051     1.0583     0.0824     0.0846     0.0068 0.953 1.000
  CONTROL$1           1.791     1.7927     0.1066     0.1054     0.0114 0.948 1.000
  TOUCH$1             1.289     1.2887     0.0915     0.0894     0.0084 0.944 1.000

Latent Class 5

 Thresholds
  PRIMARY$1           3.288     3.3588     0.3183     0.2998     0.1063 0.958 1.000
  CHANGE$1            1.910     1.9175     0.1554     0.1562     0.0242 0.954 1.000
  INTERUPT$1          2.186     2.2056     0.1806     0.1756     0.0330 0.954 1.000
  INITIAT$1           3.623     3.6853     0.3752     0.3655     0.1445 0.959 1.000
  ENGAGE$1            2.844     2.8757     0.2392     0.2357     0.0582 0.956 1.000
  APPROACH$1          3.009     3.0341     0.2647     0.2574     0.0706 0.958 1.000
  RESPONSE$1          3.555     3.6092     0.3676     0.3468     0.1379 0.958 1.000
  EXPECT$1            2.338     2.3609     0.1909     0.1882     0.0369 0.957 1.000
  NEW$1               2.154     2.1627     0.1694     0.1739     0.0288 0.958 1.000
  SAME$1              2.571     2.5859     0.2081     0.2064     0.0435 0.951 1.000
  RELATIVE$1          2.242     2.2587     0.1868     0.1800     0.0351 0.952 1.000
  OBJECTS$1           3.511     3.5801     0.3700     0.3512     0.1415 0.966 1.000
  SEQUENCE$1          2.363     2.3718     0.1877     0.1898     0.0352 0.960 1.000
  TRANS$1             1.614     1.6225     0.1414     0.1402     0.0201 0.945 1.000
  AVOID$1             1.666     1.6693     0.1418     0.1421     0.0201 0.952 1.000
  CONTROL$1           2.338     2.3524     0.1940     0.1873     0.0378 0.945 1.000
  TOUCH$1             3.409     3.4671     0.3485     0.3177     0.1246 0.959 1.000

Categorical Latent Variables

 Means
  C#1                -0.466    -0.4641     0.0854     0.0826     0.0073 0.941 1.000
  C#2                 1.279     1.2818     0.0604     0.0587     0.0036 0.949 1.000
  C#3                 1.041     1.0445     0.0589     0.0597     0.0035 0.960 1.000
  C#4                 0.739     0.7416     0.0655     0.0648     0.0043 0.935 1.000


QUALITY OF NUMERICAL RESULTS

     Average Condition Number for the Information Matrix      0.357E-02
       (ratio of smallest to largest eigenvalue)


TECHNICAL 1 OUTPUT


     PARAMETER SPECIFICATION FOR LATENT CLASS 1


     PARAMETER SPECIFICATION FOR LATENT CLASS 2


     PARAMETER SPECIFICATION FOR LATENT CLASS 3


     PARAMETER SPECIFICATION FOR LATENT CLASS 4


     PARAMETER SPECIFICATION FOR LATENT CLASS 5


     PARAMETER SPECIFICATION FOR LATENT CLASS INDICATOR MODEL PART


           TAU(U) FOR LATENT CLASS 1
              PRIMARY$      CHANGE$1      INTERUPT      INITIAT$      ENGAGE$1
              ________      ________      ________      ________      ________
                    1             2             3             4             5


           TAU(U) FOR LATENT CLASS 1
              APPROACH      RESPONSE      EXPECT$1      NEW$1         SAME$1
              ________      ________      ________      ________      ________
                    6             7             8             9            10


           TAU(U) FOR LATENT CLASS 1
              RELATIVE      OBJECTS$      SEQUENCE      TRANS$1       AVOID$1
              ________      ________      ________      ________      ________
                   11            12            13            14            15


           TAU(U) FOR LATENT CLASS 1
              CONTROL$      TOUCH$1
              ________      ________
                   16            17


           TAU(U) FOR LATENT CLASS 2
              PRIMARY$      CHANGE$1      INTERUPT      INITIAT$      ENGAGE$1
              ________      ________      ________      ________      ________
                   18            19            20            21            22


           TAU(U) FOR LATENT CLASS 2
              APPROACH      RESPONSE      EXPECT$1      NEW$1         SAME$1
              ________      ________      ________      ________      ________
                   23            24            25            26            27


           TAU(U) FOR LATENT CLASS 2
              RELATIVE      OBJECTS$      SEQUENCE      TRANS$1       AVOID$1
              ________      ________      ________      ________      ________
                   28            29            30            31            32


           TAU(U) FOR LATENT CLASS 2
              CONTROL$      TOUCH$1
              ________      ________
                   33            34


           TAU(U) FOR LATENT CLASS 3
              PRIMARY$      CHANGE$1      INTERUPT      INITIAT$      ENGAGE$1
              ________      ________      ________      ________      ________
                   35            36            37            38            39


           TAU(U) FOR LATENT CLASS 3
              APPROACH      RESPONSE      EXPECT$1      NEW$1         SAME$1
              ________      ________      ________      ________      ________
                   40            41            42            43            44


           TAU(U) FOR LATENT CLASS 3
              RELATIVE      OBJECTS$      SEQUENCE      TRANS$1       AVOID$1
              ________      ________      ________      ________      ________
                   45            46            47            48            49


           TAU(U) FOR LATENT CLASS 3
              CONTROL$      TOUCH$1
              ________      ________
                   50            51


           TAU(U) FOR LATENT CLASS 4
              PRIMARY$      CHANGE$1      INTERUPT      INITIAT$      ENGAGE$1
              ________      ________      ________      ________      ________
                   52            53            54            55            56


           TAU(U) FOR LATENT CLASS 4
              APPROACH      RESPONSE      EXPECT$1      NEW$1         SAME$1
              ________      ________      ________      ________      ________
                   57            58            59            60            61


           TAU(U) FOR LATENT CLASS 4
              RELATIVE      OBJECTS$      SEQUENCE      TRANS$1       AVOID$1
              ________      ________      ________      ________      ________
                   62            63            64            65            66


           TAU(U) FOR LATENT CLASS 4
              CONTROL$      TOUCH$1
              ________      ________
                   67            68


           TAU(U) FOR LATENT CLASS 5
              PRIMARY$      CHANGE$1      INTERUPT      INITIAT$      ENGAGE$1
              ________      ________      ________      ________      ________
                   69            70            71            72            73


           TAU(U) FOR LATENT CLASS 5
              APPROACH      RESPONSE      EXPECT$1      NEW$1         SAME$1
              ________      ________      ________      ________      ________
                   74            75            76            77            78


           TAU(U) FOR LATENT CLASS 5
              RELATIVE      OBJECTS$      SEQUENCE      TRANS$1       AVOID$1
              ________      ________      ________      ________      ________
                   79            80            81            82            83


           TAU(U) FOR LATENT CLASS 5
              CONTROL$      TOUCH$1
              ________      ________
                   84            85


     PARAMETER SPECIFICATION FOR LATENT CLASS REGRESSION MODEL PART


           ALPHA(C)
              C#1           C#2           C#3           C#4           C#5
              ________      ________      ________      ________      ________
                   86            87            88            89             0


     STARTING VALUES FOR LATENT CLASS 1


     STARTING VALUES FOR LATENT CLASS 2


     STARTING VALUES FOR LATENT CLASS 3


     STARTING VALUES FOR LATENT CLASS 4


     STARTING VALUES FOR LATENT CLASS 5


     STARTING VALUES FOR LATENT CLASS INDICATOR MODEL PART


           TAU(U) FOR LATENT CLASS 1
              PRIMARY$      CHANGE$1      INTERUPT      INITIAT$      ENGAGE$1
              ________      ________      ________      ________      ________
               -2.326        -1.815        -1.946        -2.091        -1.840


           TAU(U) FOR LATENT CLASS 1
              APPROACH      RESPONSE      EXPECT$1      NEW$1         SAME$1
              ________      ________      ________      ________      ________
               -2.231        -2.556        -2.231        -2.987        -2.429


           TAU(U) FOR LATENT CLASS 1
              RELATIVE      OBJECTS$      SEQUENCE      TRANS$1       AVOID$1
              ________      ________      ________      ________      ________
               -2.254        -3.555        -2.132        -3.152        -2.700


           TAU(U) FOR LATENT CLASS 1
              CONTROL$      TOUCH$1
              ________      ________
               -2.051        -1.774


           TAU(U) FOR LATENT CLASS 2
              PRIMARY$      CHANGE$1      INTERUPT      INITIAT$      ENGAGE$1
              ________      ________      ________      ________      ________
               -1.077        -1.104        -1.530        -1.955        -0.964


           TAU(U) FOR LATENT CLASS 2
              APPROACH      RESPONSE      EXPECT$1      NEW$1         SAME$1
              ________      ________      ________      ________      ________
               -1.337        -1.530        -1.919         1.191         1.289


           TAU(U) FOR LATENT CLASS 2
              RELATIVE      OBJECTS$      SEQUENCE      TRANS$1       AVOID$1
              ________      ________      ________      ________      ________
                0.891         1.937         2.484         1.964         1.254


           TAU(U) FOR LATENT CLASS 2
              CONTROL$      TOUCH$1
              ________      ________
                3.555         2.197


           TAU(U) FOR LATENT CLASS 3
              PRIMARY$      CHANGE$1      INTERUPT      INITIAT$      ENGAGE$1
              ________      ________      ________      ________      ________
                3.749         1.214         2.442         1.120         4.499


           TAU(U) FOR LATENT CLASS 3
              APPROACH      RESPONSE      EXPECT$1      NEW$1         SAME$1
              ________      ________      ________      ________      ________
                1.450         2.021         2.734        -2.389        -1.036


           TAU(U) FOR LATENT CLASS 3
              RELATIVE      OBJECTS$      SEQUENCE      TRANS$1       AVOID$1
              ________      ________      ________      ________      ________
               -1.643        -0.920        -0.925        -0.862        -1.220


           TAU(U) FOR LATENT CLASS 3
              CONTROL$      TOUCH$1
              ________      ________
               -1.974        -0.876


           TAU(U) FOR LATENT CLASS 4
              PRIMARY$      CHANGE$1      INTERUPT      INITIAT$      ENGAGE$1
              ________      ________      ________      ________      ________
               -0.274        -0.485        -0.722        -0.545        -0.464


           TAU(U) FOR LATENT CLASS 4
              APPROACH      RESPONSE      EXPECT$1      NEW$1         SAME$1
              ________      ________      ________      ________      ________
               -0.431        -0.567        -0.786         1.191         2.602


           TAU(U) FOR LATENT CLASS 4
              RELATIVE      OBJECTS$      SEQUENCE      TRANS$1       AVOID$1
              ________      ________      ________      ________      ________
                1.807        -2.175        -1.565        -1.393         1.051


           TAU(U) FOR LATENT CLASS 4
              CONTROL$      TOUCH$1
              ________      ________
                1.791         1.289


           TAU(U) FOR LATENT CLASS 5
              PRIMARY$      CHANGE$1      INTERUPT      INITIAT$      ENGAGE$1
              ________      ________      ________      ________      ________
                3.288         1.910         2.186         3.623         2.844


           TAU(U) FOR LATENT CLASS 5
              APPROACH      RESPONSE      EXPECT$1      NEW$1         SAME$1
              ________      ________      ________      ________      ________
                3.009         3.555         2.338         2.154         2.571


           TAU(U) FOR LATENT CLASS 5
              RELATIVE      OBJECTS$      SEQUENCE      TRANS$1       AVOID$1
              ________      ________      ________      ________      ________
                2.242         3.511         2.363         1.614         1.666


           TAU(U) FOR LATENT CLASS 5
              CONTROL$      TOUCH$1
              ________      ________
                2.338         3.409


     STARTING VALUES FOR LATENT CLASS REGRESSION MODEL PART


           ALPHA(C)
              C#1           C#2           C#3           C#4           C#5
              ________      ________      ________      ________      ________
               -0.466         1.279         1.041         0.739         0.000


     POPULATION VALUES FOR LATENT CLASS 1


     POPULATION VALUES FOR LATENT CLASS 2


     POPULATION VALUES FOR LATENT CLASS 3


     POPULATION VALUES FOR LATENT CLASS 4


     POPULATION VALUES FOR LATENT CLASS 5


     POPULATION VALUES FOR LATENT CLASS INDICATOR MODEL PART


           TAU(U) FOR LATENT CLASS 1
              PRIMARY$      CHANGE$1      INTERUPT      INITIAT$      ENGAGE$1
              ________      ________      ________      ________      ________
               -2.326        -1.815        -1.946        -2.091        -1.840


           TAU(U) FOR LATENT CLASS 1
              APPROACH      RESPONSE      EXPECT$1      NEW$1         SAME$1
              ________      ________      ________      ________      ________
               -2.231        -2.556        -2.231        -2.987        -2.429


           TAU(U) FOR LATENT CLASS 1
              RELATIVE      OBJECTS$      SEQUENCE      TRANS$1       AVOID$1
              ________      ________      ________      ________      ________
               -2.254        -3.555        -2.132        -3.152        -2.700


           TAU(U) FOR LATENT CLASS 1
              CONTROL$      TOUCH$1
              ________      ________
               -2.051        -1.774


           TAU(U) FOR LATENT CLASS 2
              PRIMARY$      CHANGE$1      INTERUPT      INITIAT$      ENGAGE$1
              ________      ________      ________      ________      ________
               -1.077        -1.104        -1.530        -1.955        -0.964


           TAU(U) FOR LATENT CLASS 2
              APPROACH      RESPONSE      EXPECT$1      NEW$1         SAME$1
              ________      ________      ________      ________      ________
               -1.337        -1.530        -1.919         1.191         1.289


           TAU(U) FOR LATENT CLASS 2
              RELATIVE      OBJECTS$      SEQUENCE      TRANS$1       AVOID$1
              ________      ________      ________      ________      ________
                0.891         1.937         2.484         1.964         1.254


           TAU(U) FOR LATENT CLASS 2
              CONTROL$      TOUCH$1
              ________      ________
                3.555         2.197


           TAU(U) FOR LATENT CLASS 3
              PRIMARY$      CHANGE$1      INTERUPT      INITIAT$      ENGAGE$1
              ________      ________      ________      ________      ________
                3.749         1.214         2.442         1.120         4.499


           TAU(U) FOR LATENT CLASS 3
              APPROACH      RESPONSE      EXPECT$1      NEW$1         SAME$1
              ________      ________      ________      ________      ________
                1.450         2.021         2.734        -2.389        -1.036


           TAU(U) FOR LATENT CLASS 3
              RELATIVE      OBJECTS$      SEQUENCE      TRANS$1       AVOID$1
              ________      ________      ________      ________      ________
               -1.643        -0.920        -0.925        -0.862        -1.220


           TAU(U) FOR LATENT CLASS 3
              CONTROL$      TOUCH$1
              ________      ________
               -1.974        -0.876


           TAU(U) FOR LATENT CLASS 4
              PRIMARY$      CHANGE$1      INTERUPT      INITIAT$      ENGAGE$1
              ________      ________      ________      ________      ________
               -0.274        -0.485        -0.722        -0.545        -0.464


           TAU(U) FOR LATENT CLASS 4
              APPROACH      RESPONSE      EXPECT$1      NEW$1         SAME$1
              ________      ________      ________      ________      ________
               -0.431        -0.567        -0.786         1.191         2.602


           TAU(U) FOR LATENT CLASS 4
              RELATIVE      OBJECTS$      SEQUENCE      TRANS$1       AVOID$1
              ________      ________      ________      ________      ________
                1.807        -2.175        -1.565        -1.393         1.051


           TAU(U) FOR LATENT CLASS 4
              CONTROL$      TOUCH$1
              ________      ________
                1.791         1.289


           TAU(U) FOR LATENT CLASS 5
              PRIMARY$      CHANGE$1      INTERUPT      INITIAT$      ENGAGE$1
              ________      ________      ________      ________      ________
                3.288         1.910         2.186         3.623         2.844


           TAU(U) FOR LATENT CLASS 5
              APPROACH      RESPONSE      EXPECT$1      NEW$1         SAME$1
              ________      ________      ________      ________      ________
                3.009         3.555         2.338         2.154         2.571


           TAU(U) FOR LATENT CLASS 5
              RELATIVE      OBJECTS$      SEQUENCE      TRANS$1       AVOID$1
              ________      ________      ________      ________      ________
                2.242         3.511         2.363         1.614         1.666


           TAU(U) FOR LATENT CLASS 5
              CONTROL$      TOUCH$1
              ________      ________
                2.338         3.409


     POPULATION VALUES FOR LATENT CLASS REGRESSION MODEL PART


           ALPHA(C)
              C#1           C#2           C#3           C#4           C#5
              ________      ________      ________      ________      ________
               -0.466         1.279         1.041         0.739         0.000


SAVEDATA INFORMATION

  Order of variables

    PRIMARY
    CHANGE
    INTERUPT
    INITIAT
    ENGAGE
    APPROACH
    RESPONSE
    EXPECT
    NEW
    SAME
    RELATIVE
    OBJECTS
    SEQUENCE
    TRANS
    AVOID
    CONTROL
    TOUCH
    C

  Save file
    n_4000_lca_rep*.dat

  Save file format           Free
  Save file record length    10000


RESULTS SAVING INFORMATION

  Order of data

    Replication number
    Parameter estimates
     (saved in order shown in Technical 1 output)
    Standard errors
     (saved in order shown in Technical 1 output)
    Number of Free Parameters
    H0 Loglikelihood
    Akaike (AIC)
    Bayesian (BIC)
    Sample-Size Adjusted BIC
    Pearson Chi-Square : Value
    Pearson Chi-Square : Degrees of Freedom
    Pearson Chi-Square : P-Value
    Likelihood Chi-Square : Value
    Likelihood Chi-Square : Degrees of Freedom
    Likelihood Chi-Square : P-Value

  Save file
    lcaresults4000.csv

  Save file format           Free


     Beginning Time:  16:37:01
        Ending Time:  16:40:40
       Elapsed Time:  00:03:39



MUTHEN & MUTHEN
3463 Stoner Ave.
Los Angeles, CA  90066

Tel: (310) 391-9971
Fax: (310) 391-8971
Web: www.StatModel.com
Support: Support@StatModel.com

Copyright (c) 1998-2021 Muthen & Muthen
