Mplus VERSION 8.6 (Mac)
MUTHEN & MUTHEN
09/16/2024   4:27 PM

INPUT INSTRUCTIONS

  TITLE:
  LCA Power Simulation: Condition N = 2000
  MONTECARLO:
  NAMES = primary change interupt initiat engage approach response expect
           new same relative objects sequence trans avoid control touch;
  GENERATE = primary change interupt initiat engage approach response expect
           new same relative objects sequence trans avoid control touch(1);
  CATEGORICAL = primary change interupt initiat engage approach response expect
           new same relative objects sequence trans avoid control touch;
  GENCLASSES = c(5);
  CLASSES = c(5);
  NOBSERVATIONS = 2000;
  SEED = 08202024;
  	NREPS = 1000;
   repsave = all;
   save = n_2000_lca_rep*.dat;
   RESULTS = lcaresults2000.csv;
  MODEL POPULATION:
  %OVERALL%

         [c#1*-0.466]; !!! c1 = 6.1%  !!!
         [c#2* 1.279]; !!! c2 = 35.4% !!!
         [c#3* 1.041]; !!! c3 = 27.9% !!!
         [c#4* 0.739]; !!! c4 = 20.6% !!!
                       !!! c5 = 9.8%  !!!

  !!! Class 1: High Flexibility !!!

  %c#1%
  [primary$1*-2.325907 change$1*-1.815290 interupt$1*-1.945910 initiat$1*-2.090741
   engage$1*-1.840434 approach$1*-2.231012 response$1*-2.556366 expect$1*-2.231012
   new$1*-2.987364 same$1*- 2.428837 relative$1*-2.254058 objects$1*-3.555
   sequence$1*-2.132267 trans$1*-3.152319 avoid$1*-2.699549 control$1*-2.050519
   touch$1*-1.774368];

  !!! Class 2: Social and Interest Flexibility !!!
  %c#2%
  [primary$1*-1.0773913 change$1*-1.1039528 interupt$1*-1.5299568 initiat$1*-1.9550845
   engage$1*-0.9643905 approach$1*-1.3370233 response$1*-1.5299568 expect$1*-1.9187592
   new$1*1.1914483 same$1*1.2891306 relative$1*0.8905323 objects$1*1.9367985
   sequence$1*2.4838238 trans$1*1.9643226 avoid$1*1.2540491 control$1*3.555
   touch$1*2.1972246];

  !!! Class 3: Environmetal Flexibility !!!

  %c#3%
  [primary$1*3.7489924 change$1*1.2139664 interupt$1*2.4423470 initiat$1*1.1200608
   engage$1*4.4987991 approach$1*1.4500102 response$1*2.0211513 expect$1*2.7339416
   new$1*-2.3891996 same$1*-1.0355993 relative$1*-1.6434218 objects$1*-0.9197934
   sequence$1*-0.9247059 trans$1*-0.8616248 avoid$1*-1.2196389 control$1*-1.9736255
   touch$1*-0.8760355];

  !!! Class 4: Location and Sensory Flexibilty !!!

  %c#4%
  [primary$1*-0.2736958 change$1*-0.4853059 interupt$1*-0.7217852 initiat$1*-0.5451086
   engage$1*-0.4641576 approach$1*-0.4305291 response$1*-0.5666941 expect$1*-0.7861311
   new$1*1.1914483 same$1*2.6021528 relative$1*1.8070090 objects$1*-2.1751973
   sequence$1*-1.5645131 trans$1*-1.3925561 avoid$1*1.0511726 control$1*1.7905933
   touch$1*1.2891306];

  !!! Class 5: Low Flexibility !!!

  %c#5%
  [primary$1*3.287572 change$1*1.909830 interupt$1*2.186163 initiat$1*3.623315
   engage$1*2.843852 approach$1*3.009467 response$1*3.555 expect$1*2.338303
   new$1*2.153550 same$1*2.571429 relative$1*2.242481 objects$1*3.511031
   sequence$1*2.363483 trans$1*1.614246 avoid$1*1.665687 control$1*2.338303
   touch$1*3.409496];
  ANALYSIS:
  TYPE = MIXTURE;
         !!!STARTS = ; !!! No Starts !!!
      	 processors = 8;
  MODEL:
  %OVERALL%

         [c#1*-0.466]; !!! c1 = 6.1%  !!!
         [c#2* 1.279]; !!! c2 = 35.4% !!!
         [c#3* 1.041]; !!! c3 = 27.9% !!!
         [c#4* 0.739]; !!! c4 = 20.6% !!!
                       !!! c5 = 9.8%  !!!


  !!! Class 1: High Flexibility !!!

  %c#1%
  [primary$1*-2.325907 change$1*-1.815290 interupt$1*-1.945910 initiat$1*-2.090741
   engage$1*-1.840434 approach$1*-2.231012 response$1*-2.556366 expect$1*-2.231012
   new$1*-2.987364 same$1*- 2.428837 relative$1*-2.254058 objects$1*-3.555
   sequence$1*-2.132267 trans$1*-3.152319 avoid$1*-2.699549 control$1*-2.050519
   touch$1*-1.774368];

  !!! Class 2: Social and Interest Flexibility !!!
  %c#2%
  [primary$1*-1.0773913 change$1*-1.1039528 interupt$1*-1.5299568 initiat$1*-1.9550845
   engage$1*-0.9643905 approach$1*-1.3370233 response$1*-1.5299568 expect$1*-1.9187592
   new$1*1.1914483 same$1*1.2891306 relative$1*0.8905323 objects$1*1.9367985
   sequence$1*2.4838238 trans$1*1.9643226 avoid$1*1.2540491 control$1*3.555
   touch$1*2.1972246];

  !!! Class 3: Environmetal Flexibility !!!

  %c#3%
  [primary$1*3.7489924 change$1*1.2139664 interupt$1*2.4423470 initiat$1*1.1200608
   engage$1*4.4987991 approach$1*1.4500102 response$1*2.0211513 expect$1*2.7339416
   new$1*-2.3891996 same$1*-1.0355993 relative$1*-1.6434218 objects$1*-0.9197934
   sequence$1*-0.9247059 trans$1*-0.8616248 avoid$1*-1.2196389 control$1*-1.9736255
   touch$1*-0.8760355];

  !!! Class 4: Location and Sensory Flexibilty !!!

  %c#4%
  [primary$1*-0.2736958 change$1*-0.4853059 interupt$1*-0.7217852 initiat$1*-0.5451086
   engage$1*-0.4641576 approach$1*-0.4305291 response$1*-0.5666941 expect$1*-0.7861311
   new$1*1.1914483 same$1*2.6021528 relative$1*1.8070090 objects$1*-2.1751973
   sequence$1*-1.5645131 trans$1*-1.3925561 avoid$1*1.0511726 control$1*1.7905933
   touch$1*1.2891306];

  !!! Class 5: Low Flexibility !!!

  %c#5%
  [primary$1*3.287572 change$1*1.909830 interupt$1*2.186163 initiat$1*3.623315
   engage$1*2.843852 approach$1*3.009467 response$1*3.555 expect$1*2.338303
   new$1*2.153550 same$1*2.571429 relative$1*2.242481 objects$1*3.511031
   sequence$1*2.363483 trans$1*1.614246 avoid$1*1.665687 control$1*2.338303
   touch$1*3.409496];



INPUT READING TERMINATED NORMALLY




LCA Power Simulation: Condition N = 2000

SUMMARY OF ANALYSIS

Number of groups                                                 1
Number of observations                                        2000

Number of replications
    Requested                                                 1000
    Completed                                                 1000
Value of seed                                              8202024

Number of dependent variables                                   17
Number of independent variables                                  0
Number of continuous latent variables                            0
Number of categorical latent variables                           1

Observed dependent variables

  Binary and ordered categorical (ordinal)
   PRIMARY     CHANGE      INTERUPT    INITIAT     ENGAGE      APPROACH
   RESPONSE    EXPECT      NEW         SAME        RELATIVE    OBJECTS
   SEQUENCE    TRANS       AVOID       CONTROL     TOUCH

Categorical latent variables
   C


Estimator                                                      MLR
Information matrix                                        OBSERVED
Optimization Specifications for the Quasi-Newton Algorithm for
Continuous Outcomes
  Maximum number of iterations                                 100
  Convergence criterion                                  0.100D-05
Optimization Specifications for the EM Algorithm
  Maximum number of iterations                                 500
  Convergence criteria
    Loglikelihood change                                 0.100D-06
    Relative loglikelihood change                        0.100D-06
    Derivative                                           0.100D-05
Optimization Specifications for the M step of the EM Algorithm for
Categorical Latent variables
  Number of M step iterations                                    1
  M step convergence criterion                           0.100D-05
  Basis for M step termination                           ITERATION
Optimization Specifications for the M step of the EM Algorithm for
Censored, Binary or Ordered Categorical (Ordinal), Unordered
Categorical (Nominal) and Count Outcomes
  Number of M step iterations                                    1
  M step convergence criterion                           0.100D-05
  Basis for M step termination                           ITERATION
  Maximum value for logit thresholds                            15
  Minimum value for logit thresholds                           -15
  Minimum expected cell size for chi-square              0.100D-01
Optimization algorithm                                         EMA
Link                                                         LOGIT





MODEL FIT INFORMATION

Number of Free Parameters                       89

Loglikelihood

    H0 Value

        Mean                            -17448.890
        Std Dev                            110.231
        Number of successful computations     1000

             Proportions                   Percentiles
        Expected    Observed         Expected       Observed
           0.990       0.994       -17705.319     -17695.124
           0.980       0.982       -17675.270     -17668.567
           0.950       0.945       -17630.208     -17639.231
           0.900       0.905       -17590.161     -17588.171
           0.800       0.803       -17541.660     -17540.852
           0.700       0.705       -17506.695     -17504.245
           0.500       0.482       -17448.890     -17454.405
           0.300       0.297       -17391.085     -17392.483
           0.200       0.202       -17356.120     -17356.020
           0.100       0.097       -17307.618     -17308.987
           0.050       0.050       -17267.572     -17269.906
           0.020       0.024       -17222.509     -17212.214
           0.010       0.014       -17192.460     -17177.870

Information Criteria

    Akaike (AIC)

        Mean                             35075.780
        Std Dev                            220.461
        Number of successful computations     1000

             Proportions                   Percentiles
        Expected    Observed         Expected       Observed
           0.990       0.986        34562.921      34524.245
           0.980       0.976        34623.019      34602.199
           0.950       0.950        34713.143      34712.283
           0.900       0.903        34793.237      34794.992
           0.800       0.798        34890.240      34888.830
           0.700       0.703        34960.170      34962.877
           0.500       0.518        35075.780      35085.979
           0.300       0.295        35191.390      35185.723
           0.200       0.197        35261.320      35258.974
           0.100       0.095        35358.323      35352.592
           0.050       0.055        35438.416      35454.973
           0.020       0.018        35528.541      35514.783
           0.010       0.006        35588.639      35563.018

    Bayesian (BIC)

        Mean                             35574.260
        Std Dev                            220.461
        Number of successful computations     1000

             Proportions                   Percentiles
        Expected    Observed         Expected       Observed
           0.990       0.986        35061.401      35022.725
           0.980       0.976        35121.499      35100.679
           0.950       0.950        35211.623      35210.764
           0.900       0.903        35291.717      35293.473
           0.800       0.798        35388.720      35387.310
           0.700       0.703        35458.650      35461.357
           0.500       0.518        35574.260      35584.460
           0.300       0.295        35689.870      35684.203
           0.200       0.197        35759.800      35757.454
           0.100       0.095        35856.803      35851.072
           0.050       0.055        35936.897      35953.453
           0.020       0.018        36027.021      36013.263
           0.010       0.006        36087.119      36061.498

    Sample-Size Adjusted BIC (n* = (n + 2) / 24)

        Mean                             35291.502
        Std Dev                            220.461
        Number of successful computations     1000

             Proportions                   Percentiles
        Expected    Observed         Expected       Observed
           0.990       0.986        34778.643      34739.967
           0.980       0.976        34838.741      34817.921
           0.950       0.950        34928.866      34928.006
           0.900       0.903        35008.959      35010.715
           0.800       0.798        35105.962      35104.552
           0.700       0.703        35175.892      35178.599
           0.500       0.518        35291.502      35301.702
           0.300       0.295        35407.112      35401.445
           0.200       0.197        35477.042      35474.696
           0.100       0.095        35574.045      35568.315
           0.050       0.055        35654.139      35670.695
           0.020       0.018        35744.263      35730.505
           0.010       0.006        35804.361      35778.740

Chi-Square Test of Model Fit for the Binary and Ordered Categorical
(Ordinal) Outcomes

    Pearson Chi-Square

        Mean                             18332.757
        Std Dev                            830.025
        Degrees of freedom                  130815
        Number of successful computations     1000

             Proportions                   Percentiles
        Expected    Observed         Expected       Observed
           0.990       0.000       129628.020      16408.713
           0.980       0.000       129766.658      16540.404
           0.950       0.000       129974.800      16881.841
           0.900       0.000       130159.919      17240.835
           0.800       0.000       130384.319      17617.756
           0.700       0.000       130546.288      17928.771
           0.500       0.000       130814.333      18357.624
           0.300       0.000       131082.746      18791.683
           0.200       0.000       131245.292      19039.096
           0.100       0.000       131470.938      19374.381
           0.050       0.000       131657.475      19654.671
           0.020       0.000       131867.632      19975.334
           0.010       0.000       132007.862      20147.923

    Likelihood Ratio Chi-Square

        Mean                              5214.323
        Std Dev                            128.524
        Degrees of freedom                  130815
        Number of successful computations     1000

             Proportions                   Percentiles
        Expected    Observed         Expected       Observed
           0.990       0.000       129628.020       4891.108
           0.980       0.000       129766.658       4938.653
           0.950       0.000       129974.800       5003.061
           0.900       0.000       130159.919       5050.869
           0.800       0.000       130384.319       5112.402
           0.700       0.000       130546.288       5149.419
           0.500       0.000       130814.333       5212.365
           0.300       0.000       131082.746       5279.964
           0.200       0.000       131245.292       5323.536
           0.100       0.000       131470.938       5382.364
           0.050       0.000       131657.475       5415.224
           0.020       0.000       131867.632       5472.669
           0.010       0.000       132007.862       5500.217



FINAL CLASS COUNTS AND PROPORTIONS FOR THE LATENT CLASSES
BASED ON THE ESTIMATED MODEL

    Latent
   Classes

       1        123.63223          0.06182
       2        708.25167          0.35413
       3        558.80778          0.27940
       4        412.42979          0.20621
       5        196.87854          0.09844


FINAL CLASS COUNTS AND PROPORTIONS FOR THE LATENT CLASSES
BASED ON ESTIMATED POSTERIOR PROBABILITIES

    Latent
   Classes

       1        123.63223          0.06182
       2        708.25167          0.35413
       3        558.80778          0.27940
       4        412.42979          0.20621
       5        196.87854          0.09844


FINAL CLASS COUNTS AND PROPORTIONS FOR THE LATENT CLASSES
BASED ON THEIR MOST LIKELY LATENT CLASS MEMBERSHIP

Class Counts and Proportions

    Latent
   Classes

       1              124          0.06179
       2              711          0.35528
       3              559          0.27959
       4              409          0.20472
       5              197          0.09862


CLASSIFICATION QUALITY

     Entropy                         0.944


Average Latent Class Probabilities for Most Likely Latent Class Membership (Row)
by Latent Class (Column)

           1        2        3        4        5

    1   0.986    0.002    0.002    0.011    0.000
    2   0.000    0.967    0.000    0.032    0.001
    3   0.001    0.000    0.993    0.004    0.002
    4   0.003    0.049    0.005    0.942    0.002
    5   0.000    0.005    0.007    0.005    0.984


Classification Probabilities for the Most Likely Latent Class Membership (Column)
by Latent Class (Row)

           1        2        3        4        5

    1   0.987    0.002    0.002    0.009    0.000
    2   0.001    0.964    0.001    0.033    0.002
    3   0.000    0.000    0.994    0.003    0.002
    4   0.002    0.063    0.005    0.926    0.004
    5   0.000    0.002    0.010    0.003    0.986


Logits for the Classification Probabilities for the Most Likely Latent Class Membership (Column)
by Latent Class (Row)

              1        2        3        4        5

    1     13.802    7.811    7.323    9.110    0.000
    2     -1.193    6.140   -1.221    2.762    0.000
    3     -1.830   -1.790    6.139    0.281    0.000
    4     -0.941    2.655    0.199    5.347    0.000
    5    -13.801   -6.221   -4.642   -5.835    0.000


MODEL RESULTS

                              ESTIMATES              S. E.     M. S. E.  95%  % Sig
                 Population   Average   Std. Dev.   Average             Cover Coeff

Latent Class 1

 Thresholds
  PRIMARY$1          -2.326    -2.3723     0.3461     0.3432     0.1218 0.965 1.000
  CHANGE$1           -1.815    -1.8353     0.2807     0.2721     0.0791 0.949 1.000
  INTERUPT$1         -1.946    -1.9774     0.3148     0.2884     0.1000 0.948 1.000
  INITIAT$1          -2.091    -2.1398     0.3089     0.3072     0.0978 0.964 1.000
  ENGAGE$1           -1.840    -1.8927     0.2899     0.2798     0.0867 0.964 1.000
  APPROACH$1         -2.231    -2.2888     0.3451     0.3285     0.1223 0.956 1.000
  RESPONSE$1         -2.556    -2.6262     0.4025     0.3837     0.1667 0.964 1.000
  EXPECT$1           -2.231    -2.2772     0.3274     0.3266     0.1092 0.961 1.000
  NEW$1              -2.987    -3.1530     1.0489     0.4931     1.1266 0.962 1.000
  SAME$1             -2.429    -2.5084     0.4119     0.3833     0.1758 0.961 1.000
  RELATIVE$1         -2.254    -2.2894     0.3413     0.3371     0.1176 0.960 1.000
  OBJECTS$1          -3.555    -4.0130     2.1100     0.6155     4.6573 0.938 0.996
  SEQUENCE$1         -2.132    -2.1838     0.3049     0.3111     0.0955 0.964 1.000
  TRANS$1            -3.152    -3.3361     1.1621     0.5523     1.3828 0.955 0.998
  AVOID$1            -2.700    -2.7955     0.7062     0.4203     0.5074 0.963 1.000
  CONTROL$1          -2.051    -2.1014     0.3063     0.3108     0.0963 0.969 1.000
  TOUCH$1            -1.774    -1.8001     0.2837     0.2728     0.0811 0.959 1.000

Latent Class 2

 Thresholds
  PRIMARY$1          -1.077    -1.0822     0.0878     0.0900     0.0077 0.955 1.000
  CHANGE$1           -1.104    -1.1012     0.0897     0.0902     0.0080 0.954 1.000
  INTERUPT$1         -1.530    -1.5314     0.0992     0.1026     0.0098 0.957 1.000
  INITIAT$1          -1.955    -1.9624     0.1188     0.1216     0.0141 0.969 1.000
  ENGAGE$1           -0.964    -0.9690     0.0852     0.0873     0.0073 0.956 1.000
  APPROACH$1         -1.337    -1.3409     0.0984     0.0969     0.0097 0.947 1.000
  RESPONSE$1         -1.530    -1.5353     0.1020     0.1032     0.0104 0.957 1.000
  EXPECT$1           -1.919    -1.9215     0.1216     0.1187     0.0148 0.948 1.000
  NEW$1               1.191     1.1916     0.0929     0.0917     0.0086 0.942 1.000
  SAME$1              1.289     1.2898     0.0952     0.0937     0.0091 0.945 1.000
  RELATIVE$1          0.891     0.8911     0.0854     0.0851     0.0073 0.950 1.000
  OBJECTS$1           1.937     1.9479     0.1383     0.1370     0.0192 0.943 1.000
  SEQUENCE$1          2.484     2.4991     0.1771     0.1742     0.0316 0.944 1.000
  TRANS$1             1.964     1.9736     0.1321     0.1319     0.0175 0.953 1.000
  AVOID$1             1.254     1.2512     0.0950     0.0934     0.0090 0.948 1.000
  CONTROL$1           3.555     3.5835     0.2523     0.2518     0.0644 0.953 1.000
  TOUCH$1             2.197     2.2079     0.1324     0.1318     0.0176 0.957 1.000

Latent Class 3

 Thresholds
  PRIMARY$1           3.749     3.7907     0.3091     0.3014     0.0972 0.963 1.000
  CHANGE$1            1.214     1.2201     0.1050     0.1019     0.0111 0.947 1.000
  INTERUPT$1          2.442     2.4500     0.1592     0.1598     0.0254 0.953 1.000
  INITIAT$1           1.120     1.1251     0.0993     0.0993     0.0099 0.953 1.000
  ENGAGE$1            4.499     4.6418     0.7621     0.4666     0.6007 0.962 1.000
  APPROACH$1          1.450     1.4575     0.1125     0.1093     0.0127 0.934 1.000
  RESPONSE$1          2.021     2.0315     0.1295     0.1342     0.0169 0.963 1.000
  EXPECT$1            2.734     2.7511     0.1855     0.1829     0.0347 0.949 1.000
  NEW$1              -2.389    -2.3923     0.1595     0.1572     0.0254 0.960 1.000
  SAME$1             -1.036    -1.0343     0.0970     0.0976     0.0094 0.955 1.000
  RELATIVE$1         -1.643    -1.6423     0.1160     0.1171     0.0134 0.959 1.000
  OBJECTS$1          -0.920    -0.9225     0.0967     0.0947     0.0093 0.952 1.000
  SEQUENCE$1         -0.925    -0.9233     0.0962     0.0947     0.0092 0.951 1.000
  TRANS$1            -0.862    -0.8656     0.0906     0.0935     0.0082 0.960 1.000
  AVOID$1            -1.220    -1.2188     0.1052     0.1022     0.0111 0.946 1.000
  CONTROL$1          -1.974    -1.9811     0.1344     0.1329     0.0181 0.949 1.000
  TOUCH$1            -0.876    -0.8822     0.0914     0.0941     0.0084 0.951 1.000

Latent Class 4

 Thresholds
  PRIMARY$1          -0.274    -0.2777     0.1045     0.1058     0.0109 0.955 0.751
  CHANGE$1           -0.485    -0.4844     0.1075     0.1076     0.0115 0.961 0.997
  INTERUPT$1         -0.722    -0.7238     0.1137     0.1114     0.0129 0.949 1.000
  INITIAT$1          -0.545    -0.5476     0.1066     0.1085     0.0114 0.961 0.999
  ENGAGE$1           -0.464    -0.4700     0.1112     0.1076     0.0124 0.940 0.987
  APPROACH$1         -0.431    -0.4324     0.1035     0.1070     0.0107 0.952 0.978
  RESPONSE$1         -0.567    -0.5687     0.1101     0.1088     0.0121 0.939 1.000
  EXPECT$1           -0.786    -0.7870     0.1109     0.1127     0.0123 0.953 1.000
  NEW$1               1.191     1.1958     0.1326     0.1254     0.0176 0.942 1.000
  SAME$1              2.602     2.6290     0.2322     0.2253     0.0546 0.952 1.000
  RELATIVE$1          1.807     1.8184     0.1618     0.1570     0.0263 0.949 1.000
  OBJECTS$1          -2.175    -2.1949     0.2183     0.2186     0.0480 0.958 1.000
  SEQUENCE$1         -1.565    -1.5762     0.1608     0.1656     0.0260 0.966 1.000
  TRANS$1            -1.393    -1.3973     0.1475     0.1472     0.0218 0.952 1.000
  AVOID$1             1.051     1.0587     0.1166     0.1203     0.0136 0.954 1.000
  CONTROL$1           1.791     1.7991     0.1461     0.1501     0.0214 0.959 1.000
  TOUCH$1             1.289     1.2874     0.1309     0.1269     0.0171 0.943 1.000

Latent Class 5

 Thresholds
  PRIMARY$1           3.288     3.4214     0.6896     0.4412     0.4930 0.974 1.000
  CHANGE$1            1.910     1.9250     0.2259     0.2232     0.0512 0.943 1.000
  INTERUPT$1          2.186     2.2197     0.2654     0.2521     0.0715 0.940 1.000
  INITIAT$1           3.623     3.9343     1.5572     0.5686     2.5191 0.953 0.998
  ENGAGE$1            2.844     2.9027     0.3587     0.3456     0.1320 0.962 0.999
  APPROACH$1          3.009     3.0723     0.3944     0.3783     0.1594 0.959 1.000
  RESPONSE$1          3.555     3.7528     1.1856     0.5087     1.4433 0.962 1.000
  EXPECT$1            2.338     2.3752     0.2868     0.2712     0.0836 0.958 1.000
  NEW$1               2.154     2.1637     0.2438     0.2482     0.0595 0.956 1.000
  SAME$1              2.571     2.6071     0.2976     0.2980     0.0898 0.965 1.000
  RELATIVE$1          2.242     2.2736     0.2689     0.2589     0.0732 0.949 1.000
  OBJECTS$1           3.511     3.7586     1.3509     0.5259     1.8843 0.944 0.998
  SEQUENCE$1          2.363     2.3857     0.2847     0.2730     0.0814 0.951 1.000
  TRANS$1             1.614     1.6361     0.2073     0.2006     0.0434 0.952 1.000
  AVOID$1             1.666     1.6767     0.2058     0.2028     0.0424 0.957 1.000
  CONTROL$1           2.338     2.3662     0.2721     0.2692     0.0747 0.950 1.000
  TOUCH$1             3.409     3.6318     1.2497     0.4717     1.6095 0.960 0.999

Categorical Latent Variables

 Means
  C#1                -0.466    -0.4669     0.1181     0.1170     0.0139 0.949 0.984
  C#2                 1.279     1.2820     0.0815     0.0831     0.0067 0.948 1.000
  C#3                 1.041     1.0449     0.0843     0.0845     0.0071 0.954 1.000
  C#4                 0.739     0.7405     0.0903     0.0918     0.0081 0.948 1.000


QUALITY OF NUMERICAL RESULTS

     Average Condition Number for the Information Matrix      0.246E-02
       (ratio of smallest to largest eigenvalue)


TECHNICAL 1 OUTPUT


     PARAMETER SPECIFICATION FOR LATENT CLASS 1


     PARAMETER SPECIFICATION FOR LATENT CLASS 2


     PARAMETER SPECIFICATION FOR LATENT CLASS 3


     PARAMETER SPECIFICATION FOR LATENT CLASS 4


     PARAMETER SPECIFICATION FOR LATENT CLASS 5


     PARAMETER SPECIFICATION FOR LATENT CLASS INDICATOR MODEL PART


           TAU(U) FOR LATENT CLASS 1
              PRIMARY$      CHANGE$1      INTERUPT      INITIAT$      ENGAGE$1
              ________      ________      ________      ________      ________
                    1             2             3             4             5


           TAU(U) FOR LATENT CLASS 1
              APPROACH      RESPONSE      EXPECT$1      NEW$1         SAME$1
              ________      ________      ________      ________      ________
                    6             7             8             9            10


           TAU(U) FOR LATENT CLASS 1
              RELATIVE      OBJECTS$      SEQUENCE      TRANS$1       AVOID$1
              ________      ________      ________      ________      ________
                   11            12            13            14            15


           TAU(U) FOR LATENT CLASS 1
              CONTROL$      TOUCH$1
              ________      ________
                   16            17


           TAU(U) FOR LATENT CLASS 2
              PRIMARY$      CHANGE$1      INTERUPT      INITIAT$      ENGAGE$1
              ________      ________      ________      ________      ________
                   18            19            20            21            22


           TAU(U) FOR LATENT CLASS 2
              APPROACH      RESPONSE      EXPECT$1      NEW$1         SAME$1
              ________      ________      ________      ________      ________
                   23            24            25            26            27


           TAU(U) FOR LATENT CLASS 2
              RELATIVE      OBJECTS$      SEQUENCE      TRANS$1       AVOID$1
              ________      ________      ________      ________      ________
                   28            29            30            31            32


           TAU(U) FOR LATENT CLASS 2
              CONTROL$      TOUCH$1
              ________      ________
                   33            34


           TAU(U) FOR LATENT CLASS 3
              PRIMARY$      CHANGE$1      INTERUPT      INITIAT$      ENGAGE$1
              ________      ________      ________      ________      ________
                   35            36            37            38            39


           TAU(U) FOR LATENT CLASS 3
              APPROACH      RESPONSE      EXPECT$1      NEW$1         SAME$1
              ________      ________      ________      ________      ________
                   40            41            42            43            44


           TAU(U) FOR LATENT CLASS 3
              RELATIVE      OBJECTS$      SEQUENCE      TRANS$1       AVOID$1
              ________      ________      ________      ________      ________
                   45            46            47            48            49


           TAU(U) FOR LATENT CLASS 3
              CONTROL$      TOUCH$1
              ________      ________
                   50            51


           TAU(U) FOR LATENT CLASS 4
              PRIMARY$      CHANGE$1      INTERUPT      INITIAT$      ENGAGE$1
              ________      ________      ________      ________      ________
                   52            53            54            55            56


           TAU(U) FOR LATENT CLASS 4
              APPROACH      RESPONSE      EXPECT$1      NEW$1         SAME$1
              ________      ________      ________      ________      ________
                   57            58            59            60            61


           TAU(U) FOR LATENT CLASS 4
              RELATIVE      OBJECTS$      SEQUENCE      TRANS$1       AVOID$1
              ________      ________      ________      ________      ________
                   62            63            64            65            66


           TAU(U) FOR LATENT CLASS 4
              CONTROL$      TOUCH$1
              ________      ________
                   67            68


           TAU(U) FOR LATENT CLASS 5
              PRIMARY$      CHANGE$1      INTERUPT      INITIAT$      ENGAGE$1
              ________      ________      ________      ________      ________
                   69            70            71            72            73


           TAU(U) FOR LATENT CLASS 5
              APPROACH      RESPONSE      EXPECT$1      NEW$1         SAME$1
              ________      ________      ________      ________      ________
                   74            75            76            77            78


           TAU(U) FOR LATENT CLASS 5
              RELATIVE      OBJECTS$      SEQUENCE      TRANS$1       AVOID$1
              ________      ________      ________      ________      ________
                   79            80            81            82            83


           TAU(U) FOR LATENT CLASS 5
              CONTROL$      TOUCH$1
              ________      ________
                   84            85


     PARAMETER SPECIFICATION FOR LATENT CLASS REGRESSION MODEL PART


           ALPHA(C)
              C#1           C#2           C#3           C#4           C#5
              ________      ________      ________      ________      ________
                   86            87            88            89             0


     STARTING VALUES FOR LATENT CLASS 1


     STARTING VALUES FOR LATENT CLASS 2


     STARTING VALUES FOR LATENT CLASS 3


     STARTING VALUES FOR LATENT CLASS 4


     STARTING VALUES FOR LATENT CLASS 5


     STARTING VALUES FOR LATENT CLASS INDICATOR MODEL PART


           TAU(U) FOR LATENT CLASS 1
              PRIMARY$      CHANGE$1      INTERUPT      INITIAT$      ENGAGE$1
              ________      ________      ________      ________      ________
               -2.326        -1.815        -1.946        -2.091        -1.840


           TAU(U) FOR LATENT CLASS 1
              APPROACH      RESPONSE      EXPECT$1      NEW$1         SAME$1
              ________      ________      ________      ________      ________
               -2.231        -2.556        -2.231        -2.987        -2.429


           TAU(U) FOR LATENT CLASS 1
              RELATIVE      OBJECTS$      SEQUENCE      TRANS$1       AVOID$1
              ________      ________      ________      ________      ________
               -2.254        -3.555        -2.132        -3.152        -2.700


           TAU(U) FOR LATENT CLASS 1
              CONTROL$      TOUCH$1
              ________      ________
               -2.051        -1.774


           TAU(U) FOR LATENT CLASS 2
              PRIMARY$      CHANGE$1      INTERUPT      INITIAT$      ENGAGE$1
              ________      ________      ________      ________      ________
               -1.077        -1.104        -1.530        -1.955        -0.964


           TAU(U) FOR LATENT CLASS 2
              APPROACH      RESPONSE      EXPECT$1      NEW$1         SAME$1
              ________      ________      ________      ________      ________
               -1.337        -1.530        -1.919         1.191         1.289


           TAU(U) FOR LATENT CLASS 2
              RELATIVE      OBJECTS$      SEQUENCE      TRANS$1       AVOID$1
              ________      ________      ________      ________      ________
                0.891         1.937         2.484         1.964         1.254


           TAU(U) FOR LATENT CLASS 2
              CONTROL$      TOUCH$1
              ________      ________
                3.555         2.197


           TAU(U) FOR LATENT CLASS 3
              PRIMARY$      CHANGE$1      INTERUPT      INITIAT$      ENGAGE$1
              ________      ________      ________      ________      ________
                3.749         1.214         2.442         1.120         4.499


           TAU(U) FOR LATENT CLASS 3
              APPROACH      RESPONSE      EXPECT$1      NEW$1         SAME$1
              ________      ________      ________      ________      ________
                1.450         2.021         2.734        -2.389        -1.036


           TAU(U) FOR LATENT CLASS 3
              RELATIVE      OBJECTS$      SEQUENCE      TRANS$1       AVOID$1
              ________      ________      ________      ________      ________
               -1.643        -0.920        -0.925        -0.862        -1.220


           TAU(U) FOR LATENT CLASS 3
              CONTROL$      TOUCH$1
              ________      ________
               -1.974        -0.876


           TAU(U) FOR LATENT CLASS 4
              PRIMARY$      CHANGE$1      INTERUPT      INITIAT$      ENGAGE$1
              ________      ________      ________      ________      ________
               -0.274        -0.485        -0.722        -0.545        -0.464


           TAU(U) FOR LATENT CLASS 4
              APPROACH      RESPONSE      EXPECT$1      NEW$1         SAME$1
              ________      ________      ________      ________      ________
               -0.431        -0.567        -0.786         1.191         2.602


           TAU(U) FOR LATENT CLASS 4
              RELATIVE      OBJECTS$      SEQUENCE      TRANS$1       AVOID$1
              ________      ________      ________      ________      ________
                1.807        -2.175        -1.565        -1.393         1.051


           TAU(U) FOR LATENT CLASS 4
              CONTROL$      TOUCH$1
              ________      ________
                1.791         1.289


           TAU(U) FOR LATENT CLASS 5
              PRIMARY$      CHANGE$1      INTERUPT      INITIAT$      ENGAGE$1
              ________      ________      ________      ________      ________
                3.288         1.910         2.186         3.623         2.844


           TAU(U) FOR LATENT CLASS 5
              APPROACH      RESPONSE      EXPECT$1      NEW$1         SAME$1
              ________      ________      ________      ________      ________
                3.009         3.555         2.338         2.154         2.571


           TAU(U) FOR LATENT CLASS 5
              RELATIVE      OBJECTS$      SEQUENCE      TRANS$1       AVOID$1
              ________      ________      ________      ________      ________
                2.242         3.511         2.363         1.614         1.666


           TAU(U) FOR LATENT CLASS 5
              CONTROL$      TOUCH$1
              ________      ________
                2.338         3.409


     STARTING VALUES FOR LATENT CLASS REGRESSION MODEL PART


           ALPHA(C)
              C#1           C#2           C#3           C#4           C#5
              ________      ________      ________      ________      ________
               -0.466         1.279         1.041         0.739         0.000


     POPULATION VALUES FOR LATENT CLASS 1


     POPULATION VALUES FOR LATENT CLASS 2


     POPULATION VALUES FOR LATENT CLASS 3


     POPULATION VALUES FOR LATENT CLASS 4


     POPULATION VALUES FOR LATENT CLASS 5


     POPULATION VALUES FOR LATENT CLASS INDICATOR MODEL PART


           TAU(U) FOR LATENT CLASS 1
              PRIMARY$      CHANGE$1      INTERUPT      INITIAT$      ENGAGE$1
              ________      ________      ________      ________      ________
               -2.326        -1.815        -1.946        -2.091        -1.840


           TAU(U) FOR LATENT CLASS 1
              APPROACH      RESPONSE      EXPECT$1      NEW$1         SAME$1
              ________      ________      ________      ________      ________
               -2.231        -2.556        -2.231        -2.987        -2.429


           TAU(U) FOR LATENT CLASS 1
              RELATIVE      OBJECTS$      SEQUENCE      TRANS$1       AVOID$1
              ________      ________      ________      ________      ________
               -2.254        -3.555        -2.132        -3.152        -2.700


           TAU(U) FOR LATENT CLASS 1
              CONTROL$      TOUCH$1
              ________      ________
               -2.051        -1.774


           TAU(U) FOR LATENT CLASS 2
              PRIMARY$      CHANGE$1      INTERUPT      INITIAT$      ENGAGE$1
              ________      ________      ________      ________      ________
               -1.077        -1.104        -1.530        -1.955        -0.964


           TAU(U) FOR LATENT CLASS 2
              APPROACH      RESPONSE      EXPECT$1      NEW$1         SAME$1
              ________      ________      ________      ________      ________
               -1.337        -1.530        -1.919         1.191         1.289


           TAU(U) FOR LATENT CLASS 2
              RELATIVE      OBJECTS$      SEQUENCE      TRANS$1       AVOID$1
              ________      ________      ________      ________      ________
                0.891         1.937         2.484         1.964         1.254


           TAU(U) FOR LATENT CLASS 2
              CONTROL$      TOUCH$1
              ________      ________
                3.555         2.197


           TAU(U) FOR LATENT CLASS 3
              PRIMARY$      CHANGE$1      INTERUPT      INITIAT$      ENGAGE$1
              ________      ________      ________      ________      ________
                3.749         1.214         2.442         1.120         4.499


           TAU(U) FOR LATENT CLASS 3
              APPROACH      RESPONSE      EXPECT$1      NEW$1         SAME$1
              ________      ________      ________      ________      ________
                1.450         2.021         2.734        -2.389        -1.036


           TAU(U) FOR LATENT CLASS 3
              RELATIVE      OBJECTS$      SEQUENCE      TRANS$1       AVOID$1
              ________      ________      ________      ________      ________
               -1.643        -0.920        -0.925        -0.862        -1.220


           TAU(U) FOR LATENT CLASS 3
              CONTROL$      TOUCH$1
              ________      ________
               -1.974        -0.876


           TAU(U) FOR LATENT CLASS 4
              PRIMARY$      CHANGE$1      INTERUPT      INITIAT$      ENGAGE$1
              ________      ________      ________      ________      ________
               -0.274        -0.485        -0.722        -0.545        -0.464


           TAU(U) FOR LATENT CLASS 4
              APPROACH      RESPONSE      EXPECT$1      NEW$1         SAME$1
              ________      ________      ________      ________      ________
               -0.431        -0.567        -0.786         1.191         2.602


           TAU(U) FOR LATENT CLASS 4
              RELATIVE      OBJECTS$      SEQUENCE      TRANS$1       AVOID$1
              ________      ________      ________      ________      ________
                1.807        -2.175        -1.565        -1.393         1.051


           TAU(U) FOR LATENT CLASS 4
              CONTROL$      TOUCH$1
              ________      ________
                1.791         1.289


           TAU(U) FOR LATENT CLASS 5
              PRIMARY$      CHANGE$1      INTERUPT      INITIAT$      ENGAGE$1
              ________      ________      ________      ________      ________
                3.288         1.910         2.186         3.623         2.844


           TAU(U) FOR LATENT CLASS 5
              APPROACH      RESPONSE      EXPECT$1      NEW$1         SAME$1
              ________      ________      ________      ________      ________
                3.009         3.555         2.338         2.154         2.571


           TAU(U) FOR LATENT CLASS 5
              RELATIVE      OBJECTS$      SEQUENCE      TRANS$1       AVOID$1
              ________      ________      ________      ________      ________
                2.242         3.511         2.363         1.614         1.666


           TAU(U) FOR LATENT CLASS 5
              CONTROL$      TOUCH$1
              ________      ________
                2.338         3.409


     POPULATION VALUES FOR LATENT CLASS REGRESSION MODEL PART


           ALPHA(C)
              C#1           C#2           C#3           C#4           C#5
              ________      ________      ________      ________      ________
               -0.466         1.279         1.041         0.739         0.000


SAVEDATA INFORMATION

  Order of variables

    PRIMARY
    CHANGE
    INTERUPT
    INITIAT
    ENGAGE
    APPROACH
    RESPONSE
    EXPECT
    NEW
    SAME
    RELATIVE
    OBJECTS
    SEQUENCE
    TRANS
    AVOID
    CONTROL
    TOUCH
    C

  Save file
    n_2000_lca_rep*.dat

  Save file format           Free
  Save file record length    10000


RESULTS SAVING INFORMATION

  Order of data

    Replication number
    Parameter estimates
     (saved in order shown in Technical 1 output)
    Standard errors
     (saved in order shown in Technical 1 output)
    Number of Free Parameters
    H0 Loglikelihood
    Akaike (AIC)
    Bayesian (BIC)
    Sample-Size Adjusted BIC
    Pearson Chi-Square : Value
    Pearson Chi-Square : Degrees of Freedom
    Pearson Chi-Square : P-Value
    Likelihood Chi-Square : Value
    Likelihood Chi-Square : Degrees of Freedom
    Likelihood Chi-Square : P-Value

  Save file
    lcaresults2000.csv

  Save file format           Free


     Beginning Time:  16:27:08
        Ending Time:  16:29:26
       Elapsed Time:  00:02:18



MUTHEN & MUTHEN
3463 Stoner Ave.
Los Angeles, CA  90066

Tel: (310) 391-9971
Fax: (310) 391-8971
Web: www.StatModel.com
Support: Support@StatModel.com

Copyright (c) 1998-2021 Muthen & Muthen
