Mplus VERSION 8.6 (Mac)
MUTHEN & MUTHEN
09/16/2024   4:41 PM

INPUT INSTRUCTIONS

  TITLE:
  LCA Power Simulation: Condition N = 5000
  MONTECARLO:
  NAMES = primary change interupt initiat engage approach response expect
           new same relative objects sequence trans avoid control touch;
  GENERATE = primary change interupt initiat engage approach response expect
           new same relative objects sequence trans avoid control touch(1);
  CATEGORICAL = primary change interupt initiat engage approach response expect
           new same relative objects sequence trans avoid control touch;
  GENCLASSES = c(5);
  CLASSES = c(5);
  NOBSERVATIONS = 5000;
  SEED = 08202024;
  	NREPS = 1000;
   repsave = all;
   save = n_5000_lca_rep*.dat;
   RESULTS = lcaresults5000.csv;
  MODEL POPULATION:
  %OVERALL%

         [c#1*-0.466]; !!! c1 = 6.1%  !!!
         [c#2* 1.279]; !!! c2 = 35.4% !!!
         [c#3* 1.041]; !!! c3 = 27.9% !!!
         [c#4* 0.739]; !!! c4 = 20.6% !!!
                       !!! c5 = 9.8%  !!!

  !!! Class 1: High Flexibility !!!

  %c#1%
  [primary$1*-2.325907 change$1*-1.815290 interupt$1*-1.945910 initiat$1*-2.090741
   engage$1*-1.840434 approach$1*-2.231012 response$1*-2.556366 expect$1*-2.231012
   new$1*-2.987364 same$1*- 2.428837 relative$1*-2.254058 objects$1*-3.555
   sequence$1*-2.132267 trans$1*-3.152319 avoid$1*-2.699549 control$1*-2.050519
   touch$1*-1.774368];

  !!! Class 2: Social and Interest Flexibility !!!
  %c#2%
  [primary$1*-1.0773913 change$1*-1.1039528 interupt$1*-1.5299568 initiat$1*-1.9550845
   engage$1*-0.9643905 approach$1*-1.3370233 response$1*-1.5299568 expect$1*-1.9187592
   new$1*1.1914483 same$1*1.2891306 relative$1*0.8905323 objects$1*1.9367985
   sequence$1*2.4838238 trans$1*1.9643226 avoid$1*1.2540491 control$1*3.555
   touch$1*2.1972246];

  !!! Class 3: Environmetal Flexibility !!!

  %c#3%
  [primary$1*3.7489924 change$1*1.2139664 interupt$1*2.4423470 initiat$1*1.1200608
   engage$1*4.4987991 approach$1*1.4500102 response$1*2.0211513 expect$1*2.7339416
   new$1*-2.3891996 same$1*-1.0355993 relative$1*-1.6434218 objects$1*-0.9197934
   sequence$1*-0.9247059 trans$1*-0.8616248 avoid$1*-1.2196389 control$1*-1.9736255
   touch$1*-0.8760355];

  !!! Class 4: Location and Sensory Flexibilty !!!

  %c#4%
  [primary$1*-0.2736958 change$1*-0.4853059 interupt$1*-0.7217852 initiat$1*-0.5451086
   engage$1*-0.4641576 approach$1*-0.4305291 response$1*-0.5666941 expect$1*-0.7861311
   new$1*1.1914483 same$1*2.6021528 relative$1*1.8070090 objects$1*-2.1751973
   sequence$1*-1.5645131 trans$1*-1.3925561 avoid$1*1.0511726 control$1*1.7905933
   touch$1*1.2891306];

  !!! Class 5: Low Flexibility !!!

  %c#5%
  [primary$1*3.287572 change$1*1.909830 interupt$1*2.186163 initiat$1*3.623315
   engage$1*2.843852 approach$1*3.009467 response$1*3.555 expect$1*2.338303
   new$1*2.153550 same$1*2.571429 relative$1*2.242481 objects$1*3.511031
   sequence$1*2.363483 trans$1*1.614246 avoid$1*1.665687 control$1*2.338303
   touch$1*3.409496];
  ANALYSIS:
  TYPE = MIXTURE;
         !!!STARTS = ; !!! No Starts !!!
      	 processors = 8;
  MODEL:
  %OVERALL%

         [c#1*-0.466]; !!! c1 = 6.1%  !!!
         [c#2* 1.279]; !!! c2 = 35.4% !!!
         [c#3* 1.041]; !!! c3 = 27.9% !!!
         [c#4* 0.739]; !!! c4 = 20.6% !!!
                       !!! c5 = 9.8%  !!!


  !!! Class 1: High Flexibility !!!

  %c#1%
  [primary$1*-2.325907 change$1*-1.815290 interupt$1*-1.945910 initiat$1*-2.090741
   engage$1*-1.840434 approach$1*-2.231012 response$1*-2.556366 expect$1*-2.231012
   new$1*-2.987364 same$1*- 2.428837 relative$1*-2.254058 objects$1*-3.555
   sequence$1*-2.132267 trans$1*-3.152319 avoid$1*-2.699549 control$1*-2.050519
   touch$1*-1.774368];

  !!! Class 2: Social and Interest Flexibility !!!
  %c#2%
  [primary$1*-1.0773913 change$1*-1.1039528 interupt$1*-1.5299568 initiat$1*-1.9550845
   engage$1*-0.9643905 approach$1*-1.3370233 response$1*-1.5299568 expect$1*-1.9187592
   new$1*1.1914483 same$1*1.2891306 relative$1*0.8905323 objects$1*1.9367985
   sequence$1*2.4838238 trans$1*1.9643226 avoid$1*1.2540491 control$1*3.555
   touch$1*2.1972246];

  !!! Class 3: Environmetal Flexibility !!!

  %c#3%
  [primary$1*3.7489924 change$1*1.2139664 interupt$1*2.4423470 initiat$1*1.1200608
   engage$1*4.4987991 approach$1*1.4500102 response$1*2.0211513 expect$1*2.7339416
   new$1*-2.3891996 same$1*-1.0355993 relative$1*-1.6434218 objects$1*-0.9197934
   sequence$1*-0.9247059 trans$1*-0.8616248 avoid$1*-1.2196389 control$1*-1.9736255
   touch$1*-0.8760355];

  !!! Class 4: Location and Sensory Flexibilty !!!

  %c#4%
  [primary$1*-0.2736958 change$1*-0.4853059 interupt$1*-0.7217852 initiat$1*-0.5451086
   engage$1*-0.4641576 approach$1*-0.4305291 response$1*-0.5666941 expect$1*-0.7861311
   new$1*1.1914483 same$1*2.6021528 relative$1*1.8070090 objects$1*-2.1751973
   sequence$1*-1.5645131 trans$1*-1.3925561 avoid$1*1.0511726 control$1*1.7905933
   touch$1*1.2891306];

  !!! Class 5: Low Flexibility !!!

  %c#5%
  [primary$1*3.287572 change$1*1.909830 interupt$1*2.186163 initiat$1*3.623315
   engage$1*2.843852 approach$1*3.009467 response$1*3.555 expect$1*2.338303
   new$1*2.153550 same$1*2.571429 relative$1*2.242481 objects$1*3.511031
   sequence$1*2.363483 trans$1*1.614246 avoid$1*1.665687 control$1*2.338303
   touch$1*3.409496];



INPUT READING TERMINATED NORMALLY




LCA Power Simulation: Condition N = 5000

SUMMARY OF ANALYSIS

Number of groups                                                 1
Number of observations                                        5000

Number of replications
    Requested                                                 1000
    Completed                                                 1000
Value of seed                                              8202024

Number of dependent variables                                   17
Number of independent variables                                  0
Number of continuous latent variables                            0
Number of categorical latent variables                           1

Observed dependent variables

  Binary and ordered categorical (ordinal)
   PRIMARY     CHANGE      INTERUPT    INITIAT     ENGAGE      APPROACH
   RESPONSE    EXPECT      NEW         SAME        RELATIVE    OBJECTS
   SEQUENCE    TRANS       AVOID       CONTROL     TOUCH

Categorical latent variables
   C


Estimator                                                      MLR
Information matrix                                        OBSERVED
Optimization Specifications for the Quasi-Newton Algorithm for
Continuous Outcomes
  Maximum number of iterations                                 100
  Convergence criterion                                  0.100D-05
Optimization Specifications for the EM Algorithm
  Maximum number of iterations                                 500
  Convergence criteria
    Loglikelihood change                                 0.100D-06
    Relative loglikelihood change                        0.100D-06
    Derivative                                           0.100D-05
Optimization Specifications for the M step of the EM Algorithm for
Categorical Latent variables
  Number of M step iterations                                    1
  M step convergence criterion                           0.100D-05
  Basis for M step termination                           ITERATION
Optimization Specifications for the M step of the EM Algorithm for
Censored, Binary or Ordered Categorical (Ordinal), Unordered
Categorical (Nominal) and Count Outcomes
  Number of M step iterations                                    1
  M step convergence criterion                           0.100D-05
  Basis for M step termination                           ITERATION
  Maximum value for logit thresholds                            15
  Minimum value for logit thresholds                           -15
  Minimum expected cell size for chi-square              0.100D-01
Optimization algorithm                                         EMA
Link                                                         LOGIT





MODEL FIT INFORMATION

Number of Free Parameters                       89

Loglikelihood

    H0 Value

        Mean                            -43691.057
        Std Dev                            170.285
        Number of successful computations     1000

             Proportions                   Percentiles
        Expected    Observed         Expected       Observed
           0.990       0.990       -44087.191     -44102.323
           0.980       0.981       -44040.771     -44040.285
           0.950       0.950       -43971.159     -43974.129
           0.900       0.894       -43909.294     -43916.309
           0.800       0.807       -43834.369     -43831.991
           0.700       0.698       -43780.354     -43781.728
           0.500       0.514       -43691.057     -43686.574
           0.300       0.299       -43601.759     -43602.916
           0.200       0.193       -43547.745     -43552.557
           0.100       0.097       -43472.819     -43478.836
           0.050       0.050       -43410.955     -43413.685
           0.020       0.023       -43341.342     -43336.131
           0.010       0.012       -43294.922     -43287.678

Information Criteria

    Akaike (AIC)

        Mean                             87560.114
        Std Dev                            340.570
        Number of successful computations     1000

             Proportions                   Percentiles
        Expected    Observed         Expected       Observed
           0.990       0.988        86767.845      86753.178
           0.980       0.977        86860.684      86842.463
           0.950       0.950        86999.910      86997.155
           0.900       0.903        87123.639      87131.122
           0.800       0.807        87273.490      87280.455
           0.700       0.701        87381.519      87382.462
           0.500       0.486        87560.114      87550.145
           0.300       0.302        87738.709      87740.421
           0.200       0.193        87846.738      87840.138
           0.100       0.106        87996.589      88006.969
           0.050       0.050        88120.318      88110.857
           0.020       0.019        88259.543      88246.639
           0.010       0.010        88352.382      88343.654

    Bayesian (BIC)

        Mean                             88140.144
        Std Dev                            340.570
        Number of successful computations     1000

             Proportions                   Percentiles
        Expected    Observed         Expected       Observed
           0.990       0.988        87347.875      87333.208
           0.980       0.977        87440.715      87422.493
           0.950       0.950        87579.940      87577.185
           0.900       0.903        87703.669      87711.152
           0.800       0.807        87853.520      87860.485
           0.700       0.701        87961.549      87962.492
           0.500       0.486        88140.144      88130.176
           0.300       0.302        88318.739      88320.451
           0.200       0.193        88426.768      88420.168
           0.100       0.106        88576.619      88586.999
           0.050       0.050        88700.348      88690.888
           0.020       0.019        88839.573      88826.669
           0.010       0.010        88932.413      88923.684

    Sample-Size Adjusted BIC (n* = (n + 2) / 24)

        Mean                             87857.333
        Std Dev                            340.570
        Number of successful computations     1000

             Proportions                   Percentiles
        Expected    Observed         Expected       Observed
           0.990       0.988        87065.064      87050.397
           0.980       0.977        87157.903      87139.682
           0.950       0.950        87297.129      87294.374
           0.900       0.903        87420.858      87428.341
           0.800       0.807        87570.709      87577.674
           0.700       0.701        87678.738      87679.681
           0.500       0.486        87857.333      87847.364
           0.300       0.302        88035.928      88037.640
           0.200       0.193        88143.957      88137.357
           0.100       0.106        88293.808      88304.188
           0.050       0.050        88417.537      88408.076
           0.020       0.019        88556.762      88543.858
           0.010       0.010        88649.601      88640.873

Chi-Square Test of Model Fit for the Binary and Ordered Categorical
(Ordinal) Outcomes

    Pearson Chi-Square

        Mean                             31924.938
        Std Dev                           1015.716
        Degrees of freedom                  130775
        Number of successful computations     1000

             Proportions                   Percentiles
        Expected    Observed         Expected       Observed
           0.990       0.000       129588.202      29596.160
           0.980       0.000       129726.819      29943.935
           0.950       0.000       129934.928      30299.287
           0.900       0.000       130120.019      30637.172
           0.800       0.000       130344.385      31073.142
           0.700       0.000       130506.329      31375.661
           0.500       0.000       130774.333      31903.048
           0.300       0.000       131042.705      32399.490
           0.200       0.000       131205.226      32736.988
           0.100       0.000       131430.837      33284.137
           0.050       0.000       131617.346      33674.237
           0.020       0.000       131827.471      34075.255
           0.010       0.000       131967.680      34335.389

    Likelihood Ratio Chi-Square

        Mean                             10284.819
        Std Dev                            174.585
        Degrees of freedom                  130775
        Number of successful computations     1000

             Proportions                   Percentiles
        Expected    Observed         Expected       Observed
           0.990       0.000       129588.202       9854.590
           0.980       0.000       129726.819       9931.998
           0.950       0.000       129934.928      10003.087
           0.900       0.000       130120.019      10071.118
           0.800       0.000       130344.385      10137.482
           0.700       0.000       130506.329      10189.116
           0.500       0.000       130774.333      10282.376
           0.300       0.000       131042.705      10377.840
           0.200       0.000       131205.226      10432.393
           0.100       0.000       131430.837      10508.380
           0.050       0.000       131617.346      10570.749
           0.020       0.000       131827.471      10663.720
           0.010       0.000       131967.680      10690.494



FINAL CLASS COUNTS AND PROPORTIONS FOR THE LATENT CLASSES
BASED ON THE ESTIMATED MODEL

    Latent
   Classes

       1        309.15664          0.06183
       2       1770.76483          0.35415
       3       1396.83916          0.27937
       4       1031.39902          0.20628
       5        491.84036          0.09837


FINAL CLASS COUNTS AND PROPORTIONS FOR THE LATENT CLASSES
BASED ON ESTIMATED POSTERIOR PROBABILITIES

    Latent
   Classes

       1        309.15664          0.06183
       2       1770.76483          0.35415
       3       1396.83916          0.27937
       4       1031.39902          0.20628
       5        491.84036          0.09837


FINAL CLASS COUNTS AND PROPORTIONS FOR THE LATENT CLASSES
BASED ON THEIR MOST LIKELY LATENT CLASS MEMBERSHIP

Class Counts and Proportions

    Latent
   Classes

       1              309          0.06179
       2             1777          0.35544
       3             1398          0.27954
       4             1023          0.20469
       5              493          0.09853


CLASSIFICATION QUALITY

     Entropy                         0.950


Average Latent Class Probabilities for Most Likely Latent Class Membership (Row)
by Latent Class (Column)

           1        2        3        4        5

    1   0.985    0.002    0.002    0.011    0.000
    2   0.000    0.966    0.000    0.032    0.001
    3   0.001    0.000    0.993    0.004    0.002
    4   0.003    0.049    0.005    0.941    0.002
    5   0.000    0.005    0.007    0.005    0.983


Classification Probabilities for the Most Likely Latent Class Membership (Column)
by Latent Class (Row)

           1        2        3        4        5

    1   0.990    0.000    0.000    0.009    0.000
    2   0.000    0.966    0.000    0.032    0.002
    3   0.001    0.000    0.993    0.004    0.002
    4   0.003    0.052    0.007    0.937    0.002
    5   0.000    0.002    0.009    0.003    0.985


Logits for the Classification Probabilities for the Most Likely Latent Class Membership (Column)
by Latent Class (Row)

              1        2        3        4        5

    1     13.806    5.671    6.177    9.101    0.000
    2     -2.478    6.039   -1.895    2.620    0.000
    3     -1.233   -2.147    6.217    0.667    0.000
    4      0.305    3.287    1.279    6.181    0.000
    5    -13.801   -5.991   -4.677   -5.787    0.000


MODEL RESULTS

                              ESTIMATES              S. E.     M. S. E.  95%  % Sig
                 Population   Average   Std. Dev.   Average             Cover Coeff

Latent Class 1

 Thresholds
  PRIMARY$1          -2.326    -2.3439     0.2133     0.2104     0.0458 0.955 1.000
  CHANGE$1           -1.815    -1.8271     0.1728     0.1693     0.0300 0.953 1.000
  INTERUPT$1         -1.946    -1.9569     0.1824     0.1781     0.0333 0.953 1.000
  INITIAT$1          -2.091    -2.1167     0.1929     0.1895     0.0379 0.949 1.000
  ENGAGE$1           -1.840    -1.8632     0.1723     0.1725     0.0302 0.964 1.000
  APPROACH$1         -2.231    -2.2561     0.2091     0.2013     0.0443 0.945 1.000
  RESPONSE$1         -2.556    -2.5825     0.2442     0.2324     0.0603 0.947 1.000
  EXPECT$1           -2.231    -2.2461     0.2013     0.2004     0.0407 0.950 1.000
  NEW$1              -2.987    -3.0198     0.3095     0.2922     0.0968 0.952 1.000
  SAME$1             -2.429    -2.4654     0.2367     0.2301     0.0573 0.959 1.000
  RELATIVE$1         -2.254    -2.2750     0.2069     0.2074     0.0432 0.964 1.000
  OBJECTS$1          -3.555    -3.5992     0.3866     0.3768     0.1513 0.954 1.000
  SEQUENCE$1         -2.132    -2.1551     0.1893     0.1918     0.0363 0.957 1.000
  TRANS$1            -3.152    -3.1977     0.3166     0.3088     0.1022 0.960 1.000
  AVOID$1            -2.700    -2.7247     0.2572     0.2522     0.0667 0.954 1.000
  CONTROL$1          -2.051    -2.0715     0.1912     0.1907     0.0370 0.958 1.000
  TOUCH$1            -1.774    -1.7833     0.1738     0.1688     0.0303 0.942 1.000

Latent Class 2

 Thresholds
  PRIMARY$1          -1.077    -1.0775     0.0573     0.0567     0.0033 0.949 1.000
  CHANGE$1           -1.104    -1.1047     0.0556     0.0570     0.0031 0.951 1.000
  INTERUPT$1         -1.530    -1.5323     0.0638     0.0648     0.0041 0.949 1.000
  INITIAT$1          -1.955    -1.9591     0.0746     0.0765     0.0056 0.956 1.000
  ENGAGE$1           -0.964    -0.9654     0.0553     0.0550     0.0031 0.952 1.000
  APPROACH$1         -1.337    -1.3376     0.0619     0.0610     0.0038 0.942 1.000
  RESPONSE$1         -1.530    -1.5294     0.0636     0.0649     0.0040 0.949 1.000
  EXPECT$1           -1.919    -1.9204     0.0745     0.0748     0.0056 0.953 1.000
  NEW$1               1.191     1.1924     0.0602     0.0579     0.0036 0.943 1.000
  SAME$1              1.289     1.2911     0.0589     0.0591     0.0035 0.948 1.000
  RELATIVE$1          0.891     0.8894     0.0547     0.0537     0.0030 0.951 1.000
  OBJECTS$1           1.937     1.9428     0.0876     0.0857     0.0077 0.947 1.000
  SEQUENCE$1          2.484     2.4889     0.1104     0.1085     0.0122 0.944 1.000
  TRANS$1             1.964     1.9693     0.0854     0.0827     0.0073 0.947 1.000
  AVOID$1             1.254     1.2528     0.0591     0.0590     0.0035 0.949 1.000
  CONTROL$1           3.555     3.5685     0.1561     0.1566     0.0245 0.950 1.000
  TOUCH$1             2.197     2.2024     0.0832     0.0829     0.0069 0.953 1.000

Latent Class 3

 Thresholds
  PRIMARY$1           3.749     3.7667     0.1775     0.1864     0.0318 0.963 1.000
  CHANGE$1            1.214     1.2176     0.0649     0.0643     0.0042 0.955 1.000
  INTERUPT$1          2.442     2.4446     0.0999     0.1005     0.0100 0.954 1.000
  INITIAT$1           1.120     1.1228     0.0641     0.0627     0.0041 0.947 1.000
  ENGAGE$1            4.499     4.5453     0.2917     0.2779     0.0872 0.956 1.000
  APPROACH$1          1.450     1.4526     0.0708     0.0689     0.0050 0.950 1.000
  RESPONSE$1          2.021     2.0262     0.0834     0.0845     0.0070 0.955 1.000
  EXPECT$1            2.734     2.7418     0.1164     0.1147     0.0136 0.954 1.000
  NEW$1              -2.389    -2.3887     0.0989     0.0989     0.0098 0.951 1.000
  SAME$1             -1.036    -1.0330     0.0602     0.0616     0.0036 0.958 1.000
  RELATIVE$1         -1.643    -1.6418     0.0719     0.0739     0.0052 0.963 1.000
  OBJECTS$1          -0.920    -0.9215     0.0605     0.0598     0.0037 0.950 1.000
  SEQUENCE$1         -0.925    -0.9212     0.0619     0.0598     0.0038 0.946 1.000
  TRANS$1            -0.862    -0.8623     0.0559     0.0590     0.0031 0.956 1.000
  AVOID$1            -1.220    -1.2195     0.0652     0.0645     0.0042 0.951 1.000
  CONTROL$1          -1.974    -1.9763     0.0835     0.0837     0.0070 0.947 1.000
  TOUCH$1            -0.876    -0.8792     0.0594     0.0594     0.0035 0.946 1.000

Latent Class 4

 Thresholds
  PRIMARY$1          -0.274    -0.2771     0.0666     0.0666     0.0044 0.953 0.984
  CHANGE$1           -0.485    -0.4868     0.0687     0.0678     0.0047 0.952 1.000
  INTERUPT$1         -0.722    -0.7247     0.0715     0.0702     0.0051 0.953 1.000
  INITIAT$1          -0.545    -0.5487     0.0703     0.0683     0.0050 0.934 1.000
  ENGAGE$1           -0.464    -0.4684     0.0703     0.0677     0.0050 0.942 1.000
  APPROACH$1         -0.431    -0.4338     0.0677     0.0674     0.0046 0.945 1.000
  RESPONSE$1         -0.567    -0.5691     0.0682     0.0685     0.0046 0.959 1.000
  EXPECT$1           -0.786    -0.7852     0.0713     0.0709     0.0051 0.950 1.000
  NEW$1               1.191     1.1914     0.0794     0.0787     0.0063 0.944 1.000
  SAME$1              2.602     2.6142     0.1431     0.1396     0.0206 0.950 1.000
  RELATIVE$1          1.807     1.8116     0.0982     0.0982     0.0096 0.955 1.000
  OBJECTS$1          -2.175    -2.1838     0.1392     0.1354     0.0194 0.945 1.000
  SEQUENCE$1         -1.565    -1.5682     0.1027     0.1030     0.0106 0.959 1.000
  TRANS$1            -1.393    -1.3956     0.0927     0.0922     0.0086 0.941 1.000
  AVOID$1             1.051     1.0568     0.0742     0.0756     0.0055 0.955 1.000
  CONTROL$1           1.791     1.7923     0.0953     0.0941     0.0091 0.952 1.000
  TOUCH$1             1.289     1.2890     0.0801     0.0799     0.0064 0.951 1.000

Latent Class 5

 Thresholds
  PRIMARY$1           3.288     3.3409     0.2763     0.2644     0.0791 0.958 1.000
  CHANGE$1            1.910     1.9146     0.1410     0.1393     0.0199 0.942 1.000
  INTERUPT$1          2.186     2.1991     0.1580     0.1563     0.0251 0.953 1.000
  INITIAT$1           3.623     3.6656     0.3335     0.3216     0.1129 0.958 1.000
  ENGAGE$1            2.844     2.8699     0.2105     0.2097     0.0449 0.958 1.000
  APPROACH$1          3.009     3.0309     0.2332     0.2291     0.0548 0.962 1.000
  RESPONSE$1          3.555     3.5993     0.3131     0.3062     0.0999 0.959 1.000
  EXPECT$1            2.338     2.3570     0.1734     0.1677     0.0304 0.950 1.000
  NEW$1               2.154     2.1574     0.1526     0.1549     0.0233 0.950 1.000
  SAME$1              2.571     2.5852     0.1816     0.1842     0.0331 0.949 1.000
  RELATIVE$1          2.242     2.2511     0.1607     0.1601     0.0259 0.940 1.000
  OBJECTS$1           3.511     3.5706     0.3218     0.3101     0.1070 0.965 1.000
  SEQUENCE$1          2.363     2.3684     0.1694     0.1691     0.0287 0.953 1.000
  TRANS$1             1.614     1.6193     0.1260     0.1251     0.0159 0.946 1.000
  AVOID$1             1.666     1.6666     0.1268     0.1268     0.0161 0.953 1.000
  CONTROL$1           2.338     2.3477     0.1720     0.1669     0.0296 0.945 1.000
  TOUCH$1             3.409     3.4505     0.2851     0.2795     0.0829 0.964 1.000

Categorical Latent Variables

 Means
  C#1                -0.466    -0.4649     0.0753     0.0738     0.0057 0.948 1.000
  C#2                 1.279     1.2817     0.0532     0.0525     0.0028 0.943 1.000
  C#3                 1.041     1.0445     0.0540     0.0534     0.0029 0.951 1.000
  C#4                 0.739     0.7410     0.0584     0.0579     0.0034 0.950 1.000


QUALITY OF NUMERICAL RESULTS

     Average Condition Number for the Information Matrix      0.390E-02
       (ratio of smallest to largest eigenvalue)


TECHNICAL 1 OUTPUT


     PARAMETER SPECIFICATION FOR LATENT CLASS 1


     PARAMETER SPECIFICATION FOR LATENT CLASS 2


     PARAMETER SPECIFICATION FOR LATENT CLASS 3


     PARAMETER SPECIFICATION FOR LATENT CLASS 4


     PARAMETER SPECIFICATION FOR LATENT CLASS 5


     PARAMETER SPECIFICATION FOR LATENT CLASS INDICATOR MODEL PART


           TAU(U) FOR LATENT CLASS 1
              PRIMARY$      CHANGE$1      INTERUPT      INITIAT$      ENGAGE$1
              ________      ________      ________      ________      ________
                    1             2             3             4             5


           TAU(U) FOR LATENT CLASS 1
              APPROACH      RESPONSE      EXPECT$1      NEW$1         SAME$1
              ________      ________      ________      ________      ________
                    6             7             8             9            10


           TAU(U) FOR LATENT CLASS 1
              RELATIVE      OBJECTS$      SEQUENCE      TRANS$1       AVOID$1
              ________      ________      ________      ________      ________
                   11            12            13            14            15


           TAU(U) FOR LATENT CLASS 1
              CONTROL$      TOUCH$1
              ________      ________
                   16            17


           TAU(U) FOR LATENT CLASS 2
              PRIMARY$      CHANGE$1      INTERUPT      INITIAT$      ENGAGE$1
              ________      ________      ________      ________      ________
                   18            19            20            21            22


           TAU(U) FOR LATENT CLASS 2
              APPROACH      RESPONSE      EXPECT$1      NEW$1         SAME$1
              ________      ________      ________      ________      ________
                   23            24            25            26            27


           TAU(U) FOR LATENT CLASS 2
              RELATIVE      OBJECTS$      SEQUENCE      TRANS$1       AVOID$1
              ________      ________      ________      ________      ________
                   28            29            30            31            32


           TAU(U) FOR LATENT CLASS 2
              CONTROL$      TOUCH$1
              ________      ________
                   33            34


           TAU(U) FOR LATENT CLASS 3
              PRIMARY$      CHANGE$1      INTERUPT      INITIAT$      ENGAGE$1
              ________      ________      ________      ________      ________
                   35            36            37            38            39


           TAU(U) FOR LATENT CLASS 3
              APPROACH      RESPONSE      EXPECT$1      NEW$1         SAME$1
              ________      ________      ________      ________      ________
                   40            41            42            43            44


           TAU(U) FOR LATENT CLASS 3
              RELATIVE      OBJECTS$      SEQUENCE      TRANS$1       AVOID$1
              ________      ________      ________      ________      ________
                   45            46            47            48            49


           TAU(U) FOR LATENT CLASS 3
              CONTROL$      TOUCH$1
              ________      ________
                   50            51


           TAU(U) FOR LATENT CLASS 4
              PRIMARY$      CHANGE$1      INTERUPT      INITIAT$      ENGAGE$1
              ________      ________      ________      ________      ________
                   52            53            54            55            56


           TAU(U) FOR LATENT CLASS 4
              APPROACH      RESPONSE      EXPECT$1      NEW$1         SAME$1
              ________      ________      ________      ________      ________
                   57            58            59            60            61


           TAU(U) FOR LATENT CLASS 4
              RELATIVE      OBJECTS$      SEQUENCE      TRANS$1       AVOID$1
              ________      ________      ________      ________      ________
                   62            63            64            65            66


           TAU(U) FOR LATENT CLASS 4
              CONTROL$      TOUCH$1
              ________      ________
                   67            68


           TAU(U) FOR LATENT CLASS 5
              PRIMARY$      CHANGE$1      INTERUPT      INITIAT$      ENGAGE$1
              ________      ________      ________      ________      ________
                   69            70            71            72            73


           TAU(U) FOR LATENT CLASS 5
              APPROACH      RESPONSE      EXPECT$1      NEW$1         SAME$1
              ________      ________      ________      ________      ________
                   74            75            76            77            78


           TAU(U) FOR LATENT CLASS 5
              RELATIVE      OBJECTS$      SEQUENCE      TRANS$1       AVOID$1
              ________      ________      ________      ________      ________
                   79            80            81            82            83


           TAU(U) FOR LATENT CLASS 5
              CONTROL$      TOUCH$1
              ________      ________
                   84            85


     PARAMETER SPECIFICATION FOR LATENT CLASS REGRESSION MODEL PART


           ALPHA(C)
              C#1           C#2           C#3           C#4           C#5
              ________      ________      ________      ________      ________
                   86            87            88            89             0


     STARTING VALUES FOR LATENT CLASS 1


     STARTING VALUES FOR LATENT CLASS 2


     STARTING VALUES FOR LATENT CLASS 3


     STARTING VALUES FOR LATENT CLASS 4


     STARTING VALUES FOR LATENT CLASS 5


     STARTING VALUES FOR LATENT CLASS INDICATOR MODEL PART


           TAU(U) FOR LATENT CLASS 1
              PRIMARY$      CHANGE$1      INTERUPT      INITIAT$      ENGAGE$1
              ________      ________      ________      ________      ________
               -2.326        -1.815        -1.946        -2.091        -1.840


           TAU(U) FOR LATENT CLASS 1
              APPROACH      RESPONSE      EXPECT$1      NEW$1         SAME$1
              ________      ________      ________      ________      ________
               -2.231        -2.556        -2.231        -2.987        -2.429


           TAU(U) FOR LATENT CLASS 1
              RELATIVE      OBJECTS$      SEQUENCE      TRANS$1       AVOID$1
              ________      ________      ________      ________      ________
               -2.254        -3.555        -2.132        -3.152        -2.700


           TAU(U) FOR LATENT CLASS 1
              CONTROL$      TOUCH$1
              ________      ________
               -2.051        -1.774


           TAU(U) FOR LATENT CLASS 2
              PRIMARY$      CHANGE$1      INTERUPT      INITIAT$      ENGAGE$1
              ________      ________      ________      ________      ________
               -1.077        -1.104        -1.530        -1.955        -0.964


           TAU(U) FOR LATENT CLASS 2
              APPROACH      RESPONSE      EXPECT$1      NEW$1         SAME$1
              ________      ________      ________      ________      ________
               -1.337        -1.530        -1.919         1.191         1.289


           TAU(U) FOR LATENT CLASS 2
              RELATIVE      OBJECTS$      SEQUENCE      TRANS$1       AVOID$1
              ________      ________      ________      ________      ________
                0.891         1.937         2.484         1.964         1.254


           TAU(U) FOR LATENT CLASS 2
              CONTROL$      TOUCH$1
              ________      ________
                3.555         2.197


           TAU(U) FOR LATENT CLASS 3
              PRIMARY$      CHANGE$1      INTERUPT      INITIAT$      ENGAGE$1
              ________      ________      ________      ________      ________
                3.749         1.214         2.442         1.120         4.499


           TAU(U) FOR LATENT CLASS 3
              APPROACH      RESPONSE      EXPECT$1      NEW$1         SAME$1
              ________      ________      ________      ________      ________
                1.450         2.021         2.734        -2.389        -1.036


           TAU(U) FOR LATENT CLASS 3
              RELATIVE      OBJECTS$      SEQUENCE      TRANS$1       AVOID$1
              ________      ________      ________      ________      ________
               -1.643        -0.920        -0.925        -0.862        -1.220


           TAU(U) FOR LATENT CLASS 3
              CONTROL$      TOUCH$1
              ________      ________
               -1.974        -0.876


           TAU(U) FOR LATENT CLASS 4
              PRIMARY$      CHANGE$1      INTERUPT      INITIAT$      ENGAGE$1
              ________      ________      ________      ________      ________
               -0.274        -0.485        -0.722        -0.545        -0.464


           TAU(U) FOR LATENT CLASS 4
              APPROACH      RESPONSE      EXPECT$1      NEW$1         SAME$1
              ________      ________      ________      ________      ________
               -0.431        -0.567        -0.786         1.191         2.602


           TAU(U) FOR LATENT CLASS 4
              RELATIVE      OBJECTS$      SEQUENCE      TRANS$1       AVOID$1
              ________      ________      ________      ________      ________
                1.807        -2.175        -1.565        -1.393         1.051


           TAU(U) FOR LATENT CLASS 4
              CONTROL$      TOUCH$1
              ________      ________
                1.791         1.289


           TAU(U) FOR LATENT CLASS 5
              PRIMARY$      CHANGE$1      INTERUPT      INITIAT$      ENGAGE$1
              ________      ________      ________      ________      ________
                3.288         1.910         2.186         3.623         2.844


           TAU(U) FOR LATENT CLASS 5
              APPROACH      RESPONSE      EXPECT$1      NEW$1         SAME$1
              ________      ________      ________      ________      ________
                3.009         3.555         2.338         2.154         2.571


           TAU(U) FOR LATENT CLASS 5
              RELATIVE      OBJECTS$      SEQUENCE      TRANS$1       AVOID$1
              ________      ________      ________      ________      ________
                2.242         3.511         2.363         1.614         1.666


           TAU(U) FOR LATENT CLASS 5
              CONTROL$      TOUCH$1
              ________      ________
                2.338         3.409


     STARTING VALUES FOR LATENT CLASS REGRESSION MODEL PART


           ALPHA(C)
              C#1           C#2           C#3           C#4           C#5
              ________      ________      ________      ________      ________
               -0.466         1.279         1.041         0.739         0.000


     POPULATION VALUES FOR LATENT CLASS 1


     POPULATION VALUES FOR LATENT CLASS 2


     POPULATION VALUES FOR LATENT CLASS 3


     POPULATION VALUES FOR LATENT CLASS 4


     POPULATION VALUES FOR LATENT CLASS 5


     POPULATION VALUES FOR LATENT CLASS INDICATOR MODEL PART


           TAU(U) FOR LATENT CLASS 1
              PRIMARY$      CHANGE$1      INTERUPT      INITIAT$      ENGAGE$1
              ________      ________      ________      ________      ________
               -2.326        -1.815        -1.946        -2.091        -1.840


           TAU(U) FOR LATENT CLASS 1
              APPROACH      RESPONSE      EXPECT$1      NEW$1         SAME$1
              ________      ________      ________      ________      ________
               -2.231        -2.556        -2.231        -2.987        -2.429


           TAU(U) FOR LATENT CLASS 1
              RELATIVE      OBJECTS$      SEQUENCE      TRANS$1       AVOID$1
              ________      ________      ________      ________      ________
               -2.254        -3.555        -2.132        -3.152        -2.700


           TAU(U) FOR LATENT CLASS 1
              CONTROL$      TOUCH$1
              ________      ________
               -2.051        -1.774


           TAU(U) FOR LATENT CLASS 2
              PRIMARY$      CHANGE$1      INTERUPT      INITIAT$      ENGAGE$1
              ________      ________      ________      ________      ________
               -1.077        -1.104        -1.530        -1.955        -0.964


           TAU(U) FOR LATENT CLASS 2
              APPROACH      RESPONSE      EXPECT$1      NEW$1         SAME$1
              ________      ________      ________      ________      ________
               -1.337        -1.530        -1.919         1.191         1.289


           TAU(U) FOR LATENT CLASS 2
              RELATIVE      OBJECTS$      SEQUENCE      TRANS$1       AVOID$1
              ________      ________      ________      ________      ________
                0.891         1.937         2.484         1.964         1.254


           TAU(U) FOR LATENT CLASS 2
              CONTROL$      TOUCH$1
              ________      ________
                3.555         2.197


           TAU(U) FOR LATENT CLASS 3
              PRIMARY$      CHANGE$1      INTERUPT      INITIAT$      ENGAGE$1
              ________      ________      ________      ________      ________
                3.749         1.214         2.442         1.120         4.499


           TAU(U) FOR LATENT CLASS 3
              APPROACH      RESPONSE      EXPECT$1      NEW$1         SAME$1
              ________      ________      ________      ________      ________
                1.450         2.021         2.734        -2.389        -1.036


           TAU(U) FOR LATENT CLASS 3
              RELATIVE      OBJECTS$      SEQUENCE      TRANS$1       AVOID$1
              ________      ________      ________      ________      ________
               -1.643        -0.920        -0.925        -0.862        -1.220


           TAU(U) FOR LATENT CLASS 3
              CONTROL$      TOUCH$1
              ________      ________
               -1.974        -0.876


           TAU(U) FOR LATENT CLASS 4
              PRIMARY$      CHANGE$1      INTERUPT      INITIAT$      ENGAGE$1
              ________      ________      ________      ________      ________
               -0.274        -0.485        -0.722        -0.545        -0.464


           TAU(U) FOR LATENT CLASS 4
              APPROACH      RESPONSE      EXPECT$1      NEW$1         SAME$1
              ________      ________      ________      ________      ________
               -0.431        -0.567        -0.786         1.191         2.602


           TAU(U) FOR LATENT CLASS 4
              RELATIVE      OBJECTS$      SEQUENCE      TRANS$1       AVOID$1
              ________      ________      ________      ________      ________
                1.807        -2.175        -1.565        -1.393         1.051


           TAU(U) FOR LATENT CLASS 4
              CONTROL$      TOUCH$1
              ________      ________
                1.791         1.289


           TAU(U) FOR LATENT CLASS 5
              PRIMARY$      CHANGE$1      INTERUPT      INITIAT$      ENGAGE$1
              ________      ________      ________      ________      ________
                3.288         1.910         2.186         3.623         2.844


           TAU(U) FOR LATENT CLASS 5
              APPROACH      RESPONSE      EXPECT$1      NEW$1         SAME$1
              ________      ________      ________      ________      ________
                3.009         3.555         2.338         2.154         2.571


           TAU(U) FOR LATENT CLASS 5
              RELATIVE      OBJECTS$      SEQUENCE      TRANS$1       AVOID$1
              ________      ________      ________      ________      ________
                2.242         3.511         2.363         1.614         1.666


           TAU(U) FOR LATENT CLASS 5
              CONTROL$      TOUCH$1
              ________      ________
                2.338         3.409


     POPULATION VALUES FOR LATENT CLASS REGRESSION MODEL PART


           ALPHA(C)
              C#1           C#2           C#3           C#4           C#5
              ________      ________      ________      ________      ________
               -0.466         1.279         1.041         0.739         0.000


SAVEDATA INFORMATION

  Order of variables

    PRIMARY
    CHANGE
    INTERUPT
    INITIAT
    ENGAGE
    APPROACH
    RESPONSE
    EXPECT
    NEW
    SAME
    RELATIVE
    OBJECTS
    SEQUENCE
    TRANS
    AVOID
    CONTROL
    TOUCH
    C

  Save file
    n_5000_lca_rep*.dat

  Save file format           Free
  Save file record length    10000


RESULTS SAVING INFORMATION

  Order of data

    Replication number
    Parameter estimates
     (saved in order shown in Technical 1 output)
    Standard errors
     (saved in order shown in Technical 1 output)
    Number of Free Parameters
    H0 Loglikelihood
    Akaike (AIC)
    Bayesian (BIC)
    Sample-Size Adjusted BIC
    Pearson Chi-Square : Value
    Pearson Chi-Square : Degrees of Freedom
    Pearson Chi-Square : P-Value
    Likelihood Chi-Square : Value
    Likelihood Chi-Square : Degrees of Freedom
    Likelihood Chi-Square : P-Value

  Save file
    lcaresults5000.csv

  Save file format           Free


     Beginning Time:  16:41:29
        Ending Time:  16:45:41
       Elapsed Time:  00:04:12



MUTHEN & MUTHEN
3463 Stoner Ave.
Los Angeles, CA  90066

Tel: (310) 391-9971
Fax: (310) 391-8971
Web: www.StatModel.com
Support: Support@StatModel.com

Copyright (c) 1998-2021 Muthen & Muthen
