Mplus VERSION 8.6 (Mac)
MUTHEN & MUTHEN
09/16/2024   4:46 PM

INPUT INSTRUCTIONS

  TITLE:
  LCA Power Simulation: Condition N = 6000
  MONTECARLO:
  NAMES = primary change interupt initiat engage approach response expect
           new same relative objects sequence trans avoid control touch;
  GENERATE = primary change interupt initiat engage approach response expect
           new same relative objects sequence trans avoid control touch(1);
  CATEGORICAL = primary change interupt initiat engage approach response expect
           new same relative objects sequence trans avoid control touch;
  GENCLASSES = c(5);
  CLASSES = c(5);
  NOBSERVATIONS = 6000;
  SEED = 08202024;
  	NREPS = 1000;
   repsave = all;
   save = n_6000_lca_rep*.dat;
   RESULTS = lcaresults6000.csv;
  MODEL POPULATION:
  %OVERALL%

         [c#1*-0.466]; !!! c1 = 6.1%  !!!
         [c#2* 1.279]; !!! c2 = 35.4% !!!
         [c#3* 1.041]; !!! c3 = 27.9% !!!
         [c#4* 0.739]; !!! c4 = 20.6% !!!
                       !!! c5 = 9.8%  !!!

  !!! Class 1: High Flexibility !!!

  %c#1%
  [primary$1*-2.325907 change$1*-1.815290 interupt$1*-1.945910 initiat$1*-2.090741
   engage$1*-1.840434 approach$1*-2.231012 response$1*-2.556366 expect$1*-2.231012
   new$1*-2.987364 same$1*- 2.428837 relative$1*-2.254058 objects$1*-3.555
   sequence$1*-2.132267 trans$1*-3.152319 avoid$1*-2.699549 control$1*-2.050519
   touch$1*-1.774368];

  !!! Class 2: Social and Interest Flexibility !!!
  %c#2%
  [primary$1*-1.0773913 change$1*-1.1039528 interupt$1*-1.5299568 initiat$1*-1.9550845
   engage$1*-0.9643905 approach$1*-1.3370233 response$1*-1.5299568 expect$1*-1.9187592
   new$1*1.1914483 same$1*1.2891306 relative$1*0.8905323 objects$1*1.9367985
   sequence$1*2.4838238 trans$1*1.9643226 avoid$1*1.2540491 control$1*3.555
   touch$1*2.1972246];

  !!! Class 3: Environmetal Flexibility !!!

  %c#3%
  [primary$1*3.7489924 change$1*1.2139664 interupt$1*2.4423470 initiat$1*1.1200608
   engage$1*4.4987991 approach$1*1.4500102 response$1*2.0211513 expect$1*2.7339416
   new$1*-2.3891996 same$1*-1.0355993 relative$1*-1.6434218 objects$1*-0.9197934
   sequence$1*-0.9247059 trans$1*-0.8616248 avoid$1*-1.2196389 control$1*-1.9736255
   touch$1*-0.8760355];

  !!! Class 4: Location and Sensory Flexibilty !!!

  %c#4%
  [primary$1*-0.2736958 change$1*-0.4853059 interupt$1*-0.7217852 initiat$1*-0.5451086
   engage$1*-0.4641576 approach$1*-0.4305291 response$1*-0.5666941 expect$1*-0.7861311
   new$1*1.1914483 same$1*2.6021528 relative$1*1.8070090 objects$1*-2.1751973
   sequence$1*-1.5645131 trans$1*-1.3925561 avoid$1*1.0511726 control$1*1.7905933
   touch$1*1.2891306];

  !!! Class 5: Low Flexibility !!!

  %c#5%
  [primary$1*3.287572 change$1*1.909830 interupt$1*2.186163 initiat$1*3.623315
   engage$1*2.843852 approach$1*3.009467 response$1*3.555 expect$1*2.338303
   new$1*2.153550 same$1*2.571429 relative$1*2.242481 objects$1*3.511031
   sequence$1*2.363483 trans$1*1.614246 avoid$1*1.665687 control$1*2.338303
   touch$1*3.409496];
  ANALYSIS:
  TYPE = MIXTURE;
         !!!STARTS = ; !!! No Starts !!!
      	 processors = 8;
  MODEL:
  %OVERALL%

         [c#1*-0.466]; !!! c1 = 6.1%  !!!
         [c#2* 1.279]; !!! c2 = 35.4% !!!
         [c#3* 1.041]; !!! c3 = 27.9% !!!
         [c#4* 0.739]; !!! c4 = 20.6% !!!
                       !!! c5 = 9.8%  !!!


  !!! Class 1: High Flexibility !!!

  %c#1%
  [primary$1*-2.325907 change$1*-1.815290 interupt$1*-1.945910 initiat$1*-2.090741
   engage$1*-1.840434 approach$1*-2.231012 response$1*-2.556366 expect$1*-2.231012
   new$1*-2.987364 same$1*- 2.428837 relative$1*-2.254058 objects$1*-3.555
   sequence$1*-2.132267 trans$1*-3.152319 avoid$1*-2.699549 control$1*-2.050519
   touch$1*-1.774368];

  !!! Class 2: Social and Interest Flexibility !!!
  %c#2%
  [primary$1*-1.0773913 change$1*-1.1039528 interupt$1*-1.5299568 initiat$1*-1.9550845
   engage$1*-0.9643905 approach$1*-1.3370233 response$1*-1.5299568 expect$1*-1.9187592
   new$1*1.1914483 same$1*1.2891306 relative$1*0.8905323 objects$1*1.9367985
   sequence$1*2.4838238 trans$1*1.9643226 avoid$1*1.2540491 control$1*3.555
   touch$1*2.1972246];

  !!! Class 3: Environmetal Flexibility !!!

  %c#3%
  [primary$1*3.7489924 change$1*1.2139664 interupt$1*2.4423470 initiat$1*1.1200608
   engage$1*4.4987991 approach$1*1.4500102 response$1*2.0211513 expect$1*2.7339416
   new$1*-2.3891996 same$1*-1.0355993 relative$1*-1.6434218 objects$1*-0.9197934
   sequence$1*-0.9247059 trans$1*-0.8616248 avoid$1*-1.2196389 control$1*-1.9736255
   touch$1*-0.8760355];

  !!! Class 4: Location and Sensory Flexibilty !!!

  %c#4%
  [primary$1*-0.2736958 change$1*-0.4853059 interupt$1*-0.7217852 initiat$1*-0.5451086
   engage$1*-0.4641576 approach$1*-0.4305291 response$1*-0.5666941 expect$1*-0.7861311
   new$1*1.1914483 same$1*2.6021528 relative$1*1.8070090 objects$1*-2.1751973
   sequence$1*-1.5645131 trans$1*-1.3925561 avoid$1*1.0511726 control$1*1.7905933
   touch$1*1.2891306];

  !!! Class 5: Low Flexibility !!!

  %c#5%
  [primary$1*3.287572 change$1*1.909830 interupt$1*2.186163 initiat$1*3.623315
   engage$1*2.843852 approach$1*3.009467 response$1*3.555 expect$1*2.338303
   new$1*2.153550 same$1*2.571429 relative$1*2.242481 objects$1*3.511031
   sequence$1*2.363483 trans$1*1.614246 avoid$1*1.665687 control$1*2.338303
   touch$1*3.409496];



INPUT READING TERMINATED NORMALLY




LCA Power Simulation: Condition N = 6000

SUMMARY OF ANALYSIS

Number of groups                                                 1
Number of observations                                        6000

Number of replications
    Requested                                                 1000
    Completed                                                 1000
Value of seed                                              8202024

Number of dependent variables                                   17
Number of independent variables                                  0
Number of continuous latent variables                            0
Number of categorical latent variables                           1

Observed dependent variables

  Binary and ordered categorical (ordinal)
   PRIMARY     CHANGE      INTERUPT    INITIAT     ENGAGE      APPROACH
   RESPONSE    EXPECT      NEW         SAME        RELATIVE    OBJECTS
   SEQUENCE    TRANS       AVOID       CONTROL     TOUCH

Categorical latent variables
   C


Estimator                                                      MLR
Information matrix                                        OBSERVED
Optimization Specifications for the Quasi-Newton Algorithm for
Continuous Outcomes
  Maximum number of iterations                                 100
  Convergence criterion                                  0.100D-05
Optimization Specifications for the EM Algorithm
  Maximum number of iterations                                 500
  Convergence criteria
    Loglikelihood change                                 0.100D-06
    Relative loglikelihood change                        0.100D-06
    Derivative                                           0.100D-05
Optimization Specifications for the M step of the EM Algorithm for
Categorical Latent variables
  Number of M step iterations                                    1
  M step convergence criterion                           0.100D-05
  Basis for M step termination                           ITERATION
Optimization Specifications for the M step of the EM Algorithm for
Censored, Binary or Ordered Categorical (Ordinal), Unordered
Categorical (Nominal) and Count Outcomes
  Number of M step iterations                                    1
  M step convergence criterion                           0.100D-05
  Basis for M step termination                           ITERATION
  Maximum value for logit thresholds                            15
  Minimum value for logit thresholds                           -15
  Minimum expected cell size for chi-square              0.100D-01
Optimization algorithm                                         EMA
Link                                                         LOGIT





MODEL FIT INFORMATION

Number of Free Parameters                       89

Loglikelihood

    H0 Value

        Mean                            -52440.825
        Std Dev                            182.782
        Number of successful computations     1000

             Proportions                   Percentiles
        Expected    Observed         Expected       Observed
           0.990       0.995       -52866.030     -52831.604
           0.980       0.988       -52816.204     -52800.738
           0.950       0.954       -52741.483     -52737.621
           0.900       0.904       -52675.078     -52673.047
           0.800       0.802       -52594.654     -52594.313
           0.700       0.690       -52536.676     -52539.928
           0.500       0.495       -52440.825     -52445.912
           0.300       0.285       -52344.975     -52350.524
           0.200       0.199       -52286.996     -52287.707
           0.100       0.109       -52206.572     -52193.661
           0.050       0.060       -52140.168     -52132.001
           0.020       0.023       -52065.447     -52057.100
           0.010       0.010       -52015.620     -52017.333

Information Criteria

    Akaike (AIC)

        Mean                            105059.650
        Std Dev                            365.563
        Number of successful computations     1000

             Proportions                   Percentiles
        Expected    Observed         Expected       Observed
           0.990       0.990       104209.241     104166.713
           0.980       0.977       104308.893     104274.399
           0.950       0.940       104458.336     104440.669
           0.900       0.891       104591.145     104556.324
           0.800       0.801       104751.992     104751.151
           0.700       0.715       104867.949     104878.846
           0.500       0.505       105059.650     105068.968
           0.300       0.310       105251.352     105257.535
           0.200       0.198       105367.308     105365.640
           0.100       0.096       105528.156     105521.369
           0.050       0.046       105660.965     105649.104
           0.020       0.012       105810.407     105778.243
           0.010       0.005       105910.060     105837.838

    Bayesian (BIC)

        Mean                            105655.907
        Std Dev                            365.563
        Number of successful computations     1000

             Proportions                   Percentiles
        Expected    Observed         Expected       Observed
           0.990       0.990       104805.498     104762.969
           0.980       0.977       104905.150     104870.655
           0.950       0.940       105054.592     105036.926
           0.900       0.891       105187.402     105152.581
           0.800       0.801       105348.249     105347.407
           0.700       0.715       105464.206     105475.102
           0.500       0.505       105655.907     105665.225
           0.300       0.310       105847.608     105853.792
           0.200       0.198       105963.565     105961.897
           0.100       0.096       106124.413     106117.626
           0.050       0.046       106257.222     106245.361
           0.020       0.012       106406.664     106374.500
           0.010       0.005       106506.317     106434.094

    Sample-Size Adjusted BIC (n* = (n + 2) / 24)

        Mean                            105373.090
        Std Dev                            365.563
        Number of successful computations     1000

             Proportions                   Percentiles
        Expected    Observed         Expected       Observed
           0.990       0.990       104522.681     104480.152
           0.980       0.977       104622.333     104587.838
           0.950       0.940       104771.775     104754.108
           0.900       0.891       104904.584     104869.764
           0.800       0.801       105065.432     105064.590
           0.700       0.715       105181.389     105192.285
           0.500       0.505       105373.090     105382.408
           0.300       0.310       105564.791     105570.975
           0.200       0.198       105680.748     105679.080
           0.100       0.096       105841.596     105834.808
           0.050       0.046       105974.405     105962.544
           0.020       0.012       106123.847     106091.683
           0.010       0.005       106223.499     106151.277

Chi-Square Test of Model Fit for the Binary and Ordered Categorical
(Ordinal) Outcomes

    Pearson Chi-Square

        Mean                             35201.801
        Std Dev                           1056.254
        Degrees of freedom                  130769
        Number of successful computations     1000

             Proportions                   Percentiles
        Expected    Observed         Expected       Observed
           0.990       0.000       129582.229      33016.368
           0.980       0.000       129720.843      33147.313
           0.950       0.000       129928.947      33574.162
           0.900       0.000       130114.034      33809.054
           0.800       0.000       130338.395      34278.555
           0.700       0.000       130500.335      34610.875
           0.500       0.000       130768.333      35144.841
           0.300       0.000       131036.698      35791.014
           0.200       0.000       131199.216      36085.679
           0.100       0.000       131424.822      36637.876
           0.050       0.000       131611.327      37007.544
           0.020       0.000       131821.447      37303.897
           0.010       0.000       131961.653      37641.883

    Likelihood Ratio Chi-Square

        Mean                             11645.060
        Std Dev                            185.377
        Degrees of freedom                  130769
        Number of successful computations     1000

             Proportions                   Percentiles
        Expected    Observed         Expected       Observed
           0.990       0.000       129582.229      11226.057
           0.980       0.000       129720.843      11279.811
           0.950       0.000       129928.947      11338.114
           0.900       0.000       130114.034      11398.233
           0.800       0.000       130338.395      11489.428
           0.700       0.000       130500.335      11540.383
           0.500       0.000       130768.333      11646.174
           0.300       0.000       131036.698      11744.812
           0.200       0.000       131199.216      11803.229
           0.100       0.000       131424.822      11891.708
           0.050       0.000       131611.327      11947.442
           0.020       0.000       131821.447      12006.647
           0.010       0.000       131961.653      12053.404



FINAL CLASS COUNTS AND PROPORTIONS FOR THE LATENT CLASSES
BASED ON THE ESTIMATED MODEL

    Latent
   Classes

       1        370.83118          0.06181
       2       2125.70500          0.35428
       3       1675.42180          0.27924
       4       1238.00572          0.20633
       5        590.03630          0.09834


FINAL CLASS COUNTS AND PROPORTIONS FOR THE LATENT CLASSES
BASED ON ESTIMATED POSTERIOR PROBABILITIES

    Latent
   Classes

       1        370.83118          0.06181
       2       2125.70500          0.35428
       3       1675.42180          0.27924
       4       1238.00572          0.20633
       5        590.03630          0.09834


FINAL CLASS COUNTS AND PROPORTIONS FOR THE LATENT CLASSES
BASED ON THEIR MOST LIKELY LATENT CLASS MEMBERSHIP

Class Counts and Proportions

    Latent
   Classes

       1              371          0.06176
       2             2134          0.35562
       3             1676          0.27941
       4             1228          0.20471
       5              591          0.09849


CLASSIFICATION QUALITY

     Entropy                         0.950


Average Latent Class Probabilities for Most Likely Latent Class Membership (Row)
by Latent Class (Column)

           1        2        3        4        5

    1   0.985    0.002    0.002    0.011    0.000
    2   0.000    0.966    0.000    0.032    0.001
    3   0.001    0.000    0.993    0.004    0.002
    4   0.003    0.049    0.005    0.941    0.002
    5   0.000    0.005    0.007    0.005    0.983


Classification Probabilities for the Most Likely Latent Class Membership (Column)
by Latent Class (Row)

           1        2        3        4        5

    1   0.987    0.002    0.002    0.009    0.000
    2   0.000    0.970    0.000    0.029    0.001
    3   0.000    0.000    0.994    0.003    0.003
    4   0.004    0.060    0.005    0.928    0.003
    5   0.000    0.002    0.008    0.003    0.988


Logits for the Classification Probabilities for the Most Likely Latent Class Membership (Column)
by Latent Class (Row)

              1        2        3        4        5

    1     13.802    7.747    7.611    9.069    0.000
    2     -0.614    7.061   -1.085    3.543    0.000
    3     -2.005   -2.755    5.912   -0.003    0.000
    4      0.250    3.083    0.662    5.815    0.000
    5    -13.803   -6.321   -4.862   -5.894    0.000


MODEL RESULTS

                              ESTIMATES              S. E.     M. S. E.  95%  % Sig
                 Population   Average   Std. Dev.   Average             Cover Coeff

Latent Class 1

 Thresholds
  PRIMARY$1          -2.326    -2.3367     0.1904     0.1911     0.0363 0.960 1.000
  CHANGE$1           -1.815    -1.8244     0.1594     0.1543     0.0255 0.950 1.000
  INTERUPT$1         -1.946    -1.9525     0.1640     0.1621     0.0269 0.951 1.000
  INITIAT$1          -2.091    -2.1103     0.1718     0.1723     0.0299 0.958 1.000
  ENGAGE$1           -1.840    -1.8589     0.1546     0.1570     0.0242 0.965 1.000
  APPROACH$1         -2.231    -2.2515     0.1880     0.1831     0.0357 0.955 1.000
  RESPONSE$1         -2.556    -2.5751     0.2127     0.2109     0.0456 0.954 1.000
  EXPECT$1           -2.231    -2.2442     0.1840     0.1826     0.0340 0.955 1.000
  NEW$1              -2.987    -3.0143     0.2796     0.2652     0.0788 0.947 1.000
  SAME$1             -2.429    -2.4596     0.2125     0.2090     0.0460 0.950 1.000
  RELATIVE$1         -2.254    -2.2686     0.1837     0.1885     0.0339 0.960 1.000
  OBJECTS$1          -3.555    -3.5897     0.3454     0.3399     0.1204 0.962 1.000
  SEQUENCE$1         -2.132    -2.1513     0.1696     0.1746     0.0291 0.959 1.000
  TRANS$1            -3.152    -3.1925     0.2902     0.2804     0.0857 0.960 1.000
  AVOID$1            -2.700    -2.7234     0.2366     0.2296     0.0565 0.960 1.000
  CONTROL$1          -2.051    -2.0638     0.1712     0.1732     0.0295 0.954 1.000
  TOUCH$1            -1.774    -1.7789     0.1557     0.1536     0.0242 0.944 1.000

Latent Class 2

 Thresholds
  PRIMARY$1          -1.077    -1.0773     0.0523     0.0518     0.0027 0.948 1.000
  CHANGE$1           -1.104    -1.1054     0.0507     0.0520     0.0026 0.954 1.000
  INTERUPT$1         -1.530    -1.5313     0.0560     0.0591     0.0031 0.960 1.000
  INITIAT$1          -1.955    -1.9600     0.0709     0.0698     0.0051 0.947 1.000
  ENGAGE$1           -0.964    -0.9647     0.0501     0.0502     0.0025 0.956 1.000
  APPROACH$1         -1.337    -1.3370     0.0551     0.0557     0.0030 0.954 1.000
  RESPONSE$1         -1.530    -1.5289     0.0588     0.0592     0.0035 0.946 1.000
  EXPECT$1           -1.919    -1.9196     0.0688     0.0682     0.0047 0.955 1.000
  NEW$1               1.191     1.1923     0.0535     0.0528     0.0029 0.947 1.000
  SAME$1              1.289     1.2905     0.0530     0.0540     0.0028 0.961 1.000
  RELATIVE$1          0.891     0.8901     0.0494     0.0490     0.0024 0.955 1.000
  OBJECTS$1           1.937     1.9410     0.0818     0.0781     0.0067 0.943 1.000
  SEQUENCE$1          2.484     2.4860     0.0978     0.0987     0.0096 0.949 1.000
  TRANS$1             1.964     1.9696     0.0771     0.0754     0.0060 0.947 1.000
  AVOID$1             1.254     1.2525     0.0535     0.0538     0.0029 0.954 1.000
  CONTROL$1           3.555     3.5661     0.1408     0.1426     0.0199 0.950 1.000
  TOUCH$1             2.197     2.2025     0.0759     0.0756     0.0058 0.949 1.000

Latent Class 3

 Thresholds
  PRIMARY$1           3.749     3.7682     0.1706     0.1702     0.0294 0.958 1.000
  CHANGE$1            1.214     1.2178     0.0591     0.0587     0.0035 0.956 1.000
  INTERUPT$1          2.442     2.4442     0.0903     0.0917     0.0082 0.952 1.000
  INITIAT$1           1.120     1.1234     0.0577     0.0572     0.0033 0.948 1.000
  ENGAGE$1            4.499     4.5326     0.2526     0.2513     0.0649 0.961 1.000
  APPROACH$1          1.450     1.4520     0.0636     0.0629     0.0040 0.945 1.000
  RESPONSE$1          2.021     2.0247     0.0760     0.0771     0.0058 0.959 1.000
  EXPECT$1            2.734     2.7427     0.1098     0.1048     0.0121 0.947 1.000
  NEW$1              -2.389    -2.3873     0.0906     0.0903     0.0082 0.947 1.000
  SAME$1             -1.036    -1.0335     0.0557     0.0562     0.0031 0.952 1.000
  RELATIVE$1         -1.643    -1.6419     0.0657     0.0674     0.0043 0.956 1.000
  OBJECTS$1          -0.920    -0.9212     0.0541     0.0546     0.0029 0.952 1.000
  SEQUENCE$1         -0.925    -0.9211     0.0580     0.0546     0.0034 0.934 1.000
  TRANS$1            -0.862    -0.8614     0.0521     0.0538     0.0027 0.962 1.000
  AVOID$1            -1.220    -1.2199     0.0595     0.0589     0.0035 0.942 1.000
  CONTROL$1          -1.974    -1.9765     0.0769     0.0764     0.0059 0.941 1.000
  TOUCH$1            -0.876    -0.8786     0.0534     0.0542     0.0029 0.954 1.000

Latent Class 4

 Thresholds
  PRIMARY$1          -0.274    -0.2759     0.0598     0.0607     0.0036 0.950 0.995
  CHANGE$1           -0.485    -0.4862     0.0625     0.0618     0.0039 0.945 1.000
  INTERUPT$1         -0.722    -0.7239     0.0683     0.0640     0.0047 0.925 1.000
  INITIAT$1          -0.545    -0.5489     0.0640     0.0623     0.0041 0.946 1.000
  ENGAGE$1           -0.464    -0.4689     0.0630     0.0618     0.0040 0.945 1.000
  APPROACH$1         -0.431    -0.4329     0.0621     0.0615     0.0039 0.943 1.000
  RESPONSE$1         -0.567    -0.5697     0.0603     0.0625     0.0036 0.957 1.000
  EXPECT$1           -0.786    -0.7857     0.0637     0.0647     0.0041 0.958 1.000
  NEW$1               1.191     1.1904     0.0716     0.0718     0.0051 0.943 1.000
  SAME$1              2.602     2.6108     0.1312     0.1271     0.0173 0.954 1.000
  RELATIVE$1          1.807     1.8115     0.0926     0.0896     0.0086 0.950 1.000
  OBJECTS$1          -2.175    -2.1819     0.1230     0.1232     0.0152 0.946 1.000
  SEQUENCE$1         -1.565    -1.5683     0.0926     0.0938     0.0086 0.951 1.000
  TRANS$1            -1.393    -1.3968     0.0846     0.0841     0.0072 0.956 1.000
  AVOID$1             1.051     1.0549     0.0655     0.0690     0.0043 0.962 1.000
  CONTROL$1           1.791     1.7916     0.0831     0.0858     0.0069 0.960 1.000
  TOUCH$1             1.289     1.2900     0.0713     0.0729     0.0051 0.959 1.000

Latent Class 5

 Thresholds
  PRIMARY$1           3.288     3.3318     0.2466     0.2396     0.0627 0.955 1.000
  CHANGE$1            1.910     1.9152     0.1256     0.1271     0.0158 0.956 1.000
  INTERUPT$1          2.186     2.1978     0.1380     0.1424     0.0192 0.961 1.000
  INITIAT$1           3.623     3.6628     0.2968     0.2919     0.0896 0.960 1.000
  ENGAGE$1            2.844     2.8656     0.1992     0.1907     0.0401 0.939 1.000
  APPROACH$1          3.009     3.0284     0.2172     0.2085     0.0475 0.957 1.000
  RESPONSE$1          3.555     3.5919     0.2757     0.2772     0.0773 0.961 1.000
  EXPECT$1            2.338     2.3520     0.1563     0.1525     0.0246 0.954 1.000
  NEW$1               2.154     2.1557     0.1375     0.1411     0.0189 0.951 1.000
  SAME$1              2.571     2.5856     0.1705     0.1680     0.0292 0.945 1.000
  RELATIVE$1          2.242     2.2511     0.1448     0.1460     0.0210 0.951 1.000
  OBJECTS$1           3.511     3.5618     0.2893     0.2805     0.0862 0.965 1.000
  SEQUENCE$1          2.363     2.3680     0.1559     0.1542     0.0243 0.954 1.000
  TRANS$1             1.614     1.6176     0.1151     0.1141     0.0133 0.959 1.000
  AVOID$1             1.666     1.6652     0.1157     0.1156     0.0134 0.957 1.000
  CONTROL$1           2.338     2.3438     0.1604     0.1519     0.0257 0.946 1.000
  TOUCH$1             3.409     3.4457     0.2655     0.2540     0.0717 0.950 1.000

Categorical Latent Variables

 Means
  C#1                -0.466    -0.4649     0.0686     0.0674     0.0047 0.946 1.000
  C#2                 1.279     1.2823     0.0485     0.0479     0.0024 0.945 1.000
  C#3                 1.041     1.0442     0.0494     0.0487     0.0024 0.947 1.000
  C#4                 0.739     0.7415     0.0532     0.0528     0.0028 0.956 1.000


QUALITY OF NUMERICAL RESULTS

     Average Condition Number for the Information Matrix      0.412E-02
       (ratio of smallest to largest eigenvalue)


TECHNICAL 1 OUTPUT


     PARAMETER SPECIFICATION FOR LATENT CLASS 1


     PARAMETER SPECIFICATION FOR LATENT CLASS 2


     PARAMETER SPECIFICATION FOR LATENT CLASS 3


     PARAMETER SPECIFICATION FOR LATENT CLASS 4


     PARAMETER SPECIFICATION FOR LATENT CLASS 5


     PARAMETER SPECIFICATION FOR LATENT CLASS INDICATOR MODEL PART


           TAU(U) FOR LATENT CLASS 1
              PRIMARY$      CHANGE$1      INTERUPT      INITIAT$      ENGAGE$1
              ________      ________      ________      ________      ________
                    1             2             3             4             5


           TAU(U) FOR LATENT CLASS 1
              APPROACH      RESPONSE      EXPECT$1      NEW$1         SAME$1
              ________      ________      ________      ________      ________
                    6             7             8             9            10


           TAU(U) FOR LATENT CLASS 1
              RELATIVE      OBJECTS$      SEQUENCE      TRANS$1       AVOID$1
              ________      ________      ________      ________      ________
                   11            12            13            14            15


           TAU(U) FOR LATENT CLASS 1
              CONTROL$      TOUCH$1
              ________      ________
                   16            17


           TAU(U) FOR LATENT CLASS 2
              PRIMARY$      CHANGE$1      INTERUPT      INITIAT$      ENGAGE$1
              ________      ________      ________      ________      ________
                   18            19            20            21            22


           TAU(U) FOR LATENT CLASS 2
              APPROACH      RESPONSE      EXPECT$1      NEW$1         SAME$1
              ________      ________      ________      ________      ________
                   23            24            25            26            27


           TAU(U) FOR LATENT CLASS 2
              RELATIVE      OBJECTS$      SEQUENCE      TRANS$1       AVOID$1
              ________      ________      ________      ________      ________
                   28            29            30            31            32


           TAU(U) FOR LATENT CLASS 2
              CONTROL$      TOUCH$1
              ________      ________
                   33            34


           TAU(U) FOR LATENT CLASS 3
              PRIMARY$      CHANGE$1      INTERUPT      INITIAT$      ENGAGE$1
              ________      ________      ________      ________      ________
                   35            36            37            38            39


           TAU(U) FOR LATENT CLASS 3
              APPROACH      RESPONSE      EXPECT$1      NEW$1         SAME$1
              ________      ________      ________      ________      ________
                   40            41            42            43            44


           TAU(U) FOR LATENT CLASS 3
              RELATIVE      OBJECTS$      SEQUENCE      TRANS$1       AVOID$1
              ________      ________      ________      ________      ________
                   45            46            47            48            49


           TAU(U) FOR LATENT CLASS 3
              CONTROL$      TOUCH$1
              ________      ________
                   50            51


           TAU(U) FOR LATENT CLASS 4
              PRIMARY$      CHANGE$1      INTERUPT      INITIAT$      ENGAGE$1
              ________      ________      ________      ________      ________
                   52            53            54            55            56


           TAU(U) FOR LATENT CLASS 4
              APPROACH      RESPONSE      EXPECT$1      NEW$1         SAME$1
              ________      ________      ________      ________      ________
                   57            58            59            60            61


           TAU(U) FOR LATENT CLASS 4
              RELATIVE      OBJECTS$      SEQUENCE      TRANS$1       AVOID$1
              ________      ________      ________      ________      ________
                   62            63            64            65            66


           TAU(U) FOR LATENT CLASS 4
              CONTROL$      TOUCH$1
              ________      ________
                   67            68


           TAU(U) FOR LATENT CLASS 5
              PRIMARY$      CHANGE$1      INTERUPT      INITIAT$      ENGAGE$1
              ________      ________      ________      ________      ________
                   69            70            71            72            73


           TAU(U) FOR LATENT CLASS 5
              APPROACH      RESPONSE      EXPECT$1      NEW$1         SAME$1
              ________      ________      ________      ________      ________
                   74            75            76            77            78


           TAU(U) FOR LATENT CLASS 5
              RELATIVE      OBJECTS$      SEQUENCE      TRANS$1       AVOID$1
              ________      ________      ________      ________      ________
                   79            80            81            82            83


           TAU(U) FOR LATENT CLASS 5
              CONTROL$      TOUCH$1
              ________      ________
                   84            85


     PARAMETER SPECIFICATION FOR LATENT CLASS REGRESSION MODEL PART


           ALPHA(C)
              C#1           C#2           C#3           C#4           C#5
              ________      ________      ________      ________      ________
                   86            87            88            89             0


     STARTING VALUES FOR LATENT CLASS 1


     STARTING VALUES FOR LATENT CLASS 2


     STARTING VALUES FOR LATENT CLASS 3


     STARTING VALUES FOR LATENT CLASS 4


     STARTING VALUES FOR LATENT CLASS 5


     STARTING VALUES FOR LATENT CLASS INDICATOR MODEL PART


           TAU(U) FOR LATENT CLASS 1
              PRIMARY$      CHANGE$1      INTERUPT      INITIAT$      ENGAGE$1
              ________      ________      ________      ________      ________
               -2.326        -1.815        -1.946        -2.091        -1.840


           TAU(U) FOR LATENT CLASS 1
              APPROACH      RESPONSE      EXPECT$1      NEW$1         SAME$1
              ________      ________      ________      ________      ________
               -2.231        -2.556        -2.231        -2.987        -2.429


           TAU(U) FOR LATENT CLASS 1
              RELATIVE      OBJECTS$      SEQUENCE      TRANS$1       AVOID$1
              ________      ________      ________      ________      ________
               -2.254        -3.555        -2.132        -3.152        -2.700


           TAU(U) FOR LATENT CLASS 1
              CONTROL$      TOUCH$1
              ________      ________
               -2.051        -1.774


           TAU(U) FOR LATENT CLASS 2
              PRIMARY$      CHANGE$1      INTERUPT      INITIAT$      ENGAGE$1
              ________      ________      ________      ________      ________
               -1.077        -1.104        -1.530        -1.955        -0.964


           TAU(U) FOR LATENT CLASS 2
              APPROACH      RESPONSE      EXPECT$1      NEW$1         SAME$1
              ________      ________      ________      ________      ________
               -1.337        -1.530        -1.919         1.191         1.289


           TAU(U) FOR LATENT CLASS 2
              RELATIVE      OBJECTS$      SEQUENCE      TRANS$1       AVOID$1
              ________      ________      ________      ________      ________
                0.891         1.937         2.484         1.964         1.254


           TAU(U) FOR LATENT CLASS 2
              CONTROL$      TOUCH$1
              ________      ________
                3.555         2.197


           TAU(U) FOR LATENT CLASS 3
              PRIMARY$      CHANGE$1      INTERUPT      INITIAT$      ENGAGE$1
              ________      ________      ________      ________      ________
                3.749         1.214         2.442         1.120         4.499


           TAU(U) FOR LATENT CLASS 3
              APPROACH      RESPONSE      EXPECT$1      NEW$1         SAME$1
              ________      ________      ________      ________      ________
                1.450         2.021         2.734        -2.389        -1.036


           TAU(U) FOR LATENT CLASS 3
              RELATIVE      OBJECTS$      SEQUENCE      TRANS$1       AVOID$1
              ________      ________      ________      ________      ________
               -1.643        -0.920        -0.925        -0.862        -1.220


           TAU(U) FOR LATENT CLASS 3
              CONTROL$      TOUCH$1
              ________      ________
               -1.974        -0.876


           TAU(U) FOR LATENT CLASS 4
              PRIMARY$      CHANGE$1      INTERUPT      INITIAT$      ENGAGE$1
              ________      ________      ________      ________      ________
               -0.274        -0.485        -0.722        -0.545        -0.464


           TAU(U) FOR LATENT CLASS 4
              APPROACH      RESPONSE      EXPECT$1      NEW$1         SAME$1
              ________      ________      ________      ________      ________
               -0.431        -0.567        -0.786         1.191         2.602


           TAU(U) FOR LATENT CLASS 4
              RELATIVE      OBJECTS$      SEQUENCE      TRANS$1       AVOID$1
              ________      ________      ________      ________      ________
                1.807        -2.175        -1.565        -1.393         1.051


           TAU(U) FOR LATENT CLASS 4
              CONTROL$      TOUCH$1
              ________      ________
                1.791         1.289


           TAU(U) FOR LATENT CLASS 5
              PRIMARY$      CHANGE$1      INTERUPT      INITIAT$      ENGAGE$1
              ________      ________      ________      ________      ________
                3.288         1.910         2.186         3.623         2.844


           TAU(U) FOR LATENT CLASS 5
              APPROACH      RESPONSE      EXPECT$1      NEW$1         SAME$1
              ________      ________      ________      ________      ________
                3.009         3.555         2.338         2.154         2.571


           TAU(U) FOR LATENT CLASS 5
              RELATIVE      OBJECTS$      SEQUENCE      TRANS$1       AVOID$1
              ________      ________      ________      ________      ________
                2.242         3.511         2.363         1.614         1.666


           TAU(U) FOR LATENT CLASS 5
              CONTROL$      TOUCH$1
              ________      ________
                2.338         3.409


     STARTING VALUES FOR LATENT CLASS REGRESSION MODEL PART


           ALPHA(C)
              C#1           C#2           C#3           C#4           C#5
              ________      ________      ________      ________      ________
               -0.466         1.279         1.041         0.739         0.000


     POPULATION VALUES FOR LATENT CLASS 1


     POPULATION VALUES FOR LATENT CLASS 2


     POPULATION VALUES FOR LATENT CLASS 3


     POPULATION VALUES FOR LATENT CLASS 4


     POPULATION VALUES FOR LATENT CLASS 5


     POPULATION VALUES FOR LATENT CLASS INDICATOR MODEL PART


           TAU(U) FOR LATENT CLASS 1
              PRIMARY$      CHANGE$1      INTERUPT      INITIAT$      ENGAGE$1
              ________      ________      ________      ________      ________
               -2.326        -1.815        -1.946        -2.091        -1.840


           TAU(U) FOR LATENT CLASS 1
              APPROACH      RESPONSE      EXPECT$1      NEW$1         SAME$1
              ________      ________      ________      ________      ________
               -2.231        -2.556        -2.231        -2.987        -2.429


           TAU(U) FOR LATENT CLASS 1
              RELATIVE      OBJECTS$      SEQUENCE      TRANS$1       AVOID$1
              ________      ________      ________      ________      ________
               -2.254        -3.555        -2.132        -3.152        -2.700


           TAU(U) FOR LATENT CLASS 1
              CONTROL$      TOUCH$1
              ________      ________
               -2.051        -1.774


           TAU(U) FOR LATENT CLASS 2
              PRIMARY$      CHANGE$1      INTERUPT      INITIAT$      ENGAGE$1
              ________      ________      ________      ________      ________
               -1.077        -1.104        -1.530        -1.955        -0.964


           TAU(U) FOR LATENT CLASS 2
              APPROACH      RESPONSE      EXPECT$1      NEW$1         SAME$1
              ________      ________      ________      ________      ________
               -1.337        -1.530        -1.919         1.191         1.289


           TAU(U) FOR LATENT CLASS 2
              RELATIVE      OBJECTS$      SEQUENCE      TRANS$1       AVOID$1
              ________      ________      ________      ________      ________
                0.891         1.937         2.484         1.964         1.254


           TAU(U) FOR LATENT CLASS 2
              CONTROL$      TOUCH$1
              ________      ________
                3.555         2.197


           TAU(U) FOR LATENT CLASS 3
              PRIMARY$      CHANGE$1      INTERUPT      INITIAT$      ENGAGE$1
              ________      ________      ________      ________      ________
                3.749         1.214         2.442         1.120         4.499


           TAU(U) FOR LATENT CLASS 3
              APPROACH      RESPONSE      EXPECT$1      NEW$1         SAME$1
              ________      ________      ________      ________      ________
                1.450         2.021         2.734        -2.389        -1.036


           TAU(U) FOR LATENT CLASS 3
              RELATIVE      OBJECTS$      SEQUENCE      TRANS$1       AVOID$1
              ________      ________      ________      ________      ________
               -1.643        -0.920        -0.925        -0.862        -1.220


           TAU(U) FOR LATENT CLASS 3
              CONTROL$      TOUCH$1
              ________      ________
               -1.974        -0.876


           TAU(U) FOR LATENT CLASS 4
              PRIMARY$      CHANGE$1      INTERUPT      INITIAT$      ENGAGE$1
              ________      ________      ________      ________      ________
               -0.274        -0.485        -0.722        -0.545        -0.464


           TAU(U) FOR LATENT CLASS 4
              APPROACH      RESPONSE      EXPECT$1      NEW$1         SAME$1
              ________      ________      ________      ________      ________
               -0.431        -0.567        -0.786         1.191         2.602


           TAU(U) FOR LATENT CLASS 4
              RELATIVE      OBJECTS$      SEQUENCE      TRANS$1       AVOID$1
              ________      ________      ________      ________      ________
                1.807        -2.175        -1.565        -1.393         1.051


           TAU(U) FOR LATENT CLASS 4
              CONTROL$      TOUCH$1
              ________      ________
                1.791         1.289


           TAU(U) FOR LATENT CLASS 5
              PRIMARY$      CHANGE$1      INTERUPT      INITIAT$      ENGAGE$1
              ________      ________      ________      ________      ________
                3.288         1.910         2.186         3.623         2.844


           TAU(U) FOR LATENT CLASS 5
              APPROACH      RESPONSE      EXPECT$1      NEW$1         SAME$1
              ________      ________      ________      ________      ________
                3.009         3.555         2.338         2.154         2.571


           TAU(U) FOR LATENT CLASS 5
              RELATIVE      OBJECTS$      SEQUENCE      TRANS$1       AVOID$1
              ________      ________      ________      ________      ________
                2.242         3.511         2.363         1.614         1.666


           TAU(U) FOR LATENT CLASS 5
              CONTROL$      TOUCH$1
              ________      ________
                2.338         3.409


     POPULATION VALUES FOR LATENT CLASS REGRESSION MODEL PART


           ALPHA(C)
              C#1           C#2           C#3           C#4           C#5
              ________      ________      ________      ________      ________
               -0.466         1.279         1.041         0.739         0.000


SAVEDATA INFORMATION

  Order of variables

    PRIMARY
    CHANGE
    INTERUPT
    INITIAT
    ENGAGE
    APPROACH
    RESPONSE
    EXPECT
    NEW
    SAME
    RELATIVE
    OBJECTS
    SEQUENCE
    TRANS
    AVOID
    CONTROL
    TOUCH
    C

  Save file
    n_6000_lca_rep*.dat

  Save file format           Free
  Save file record length    10000


RESULTS SAVING INFORMATION

  Order of data

    Replication number
    Parameter estimates
     (saved in order shown in Technical 1 output)
    Standard errors
     (saved in order shown in Technical 1 output)
    Number of Free Parameters
    H0 Loglikelihood
    Akaike (AIC)
    Bayesian (BIC)
    Sample-Size Adjusted BIC
    Pearson Chi-Square : Value
    Pearson Chi-Square : Degrees of Freedom
    Pearson Chi-Square : P-Value
    Likelihood Chi-Square : Value
    Likelihood Chi-Square : Degrees of Freedom
    Likelihood Chi-Square : P-Value

  Save file
    lcaresults6000.csv

  Save file format           Free


     Beginning Time:  16:46:36
        Ending Time:  16:51:17
       Elapsed Time:  00:04:41



MUTHEN & MUTHEN
3463 Stoner Ave.
Los Angeles, CA  90066

Tel: (310) 391-9971
Fax: (310) 391-8971
Web: www.StatModel.com
Support: Support@StatModel.com

Copyright (c) 1998-2021 Muthen & Muthen
