Mplus VERSION 8.6 (Mac)
MUTHEN & MUTHEN
10/02/2024   2:00 PM

INPUT INSTRUCTIONS

  TITLE:
  Hypothesized Model
  DATA:
  FILE = "/Users/agarber/github/SIM_CLCA/C3-Hypothesized/CLCA_Hypothesized.dat";

  VARIABLE:
  NAMES = primary change interupt initiat engage approach response expect new same
       relative objects sequence trans avoid control touch;
   MISSING=.;
   categorical = primary-touch;
      usevar = primary-touch;
      classes = c(5);
  ANALYSIS:
  estimator = mlr;
      type = mixture;
      !starts = 500 200;
      !STSEED = 21345; !!! USE SEED TO REPLICATE THESIS RESULTS !!!

  MODEL:
  !!! NAME & LABEL PARAMETERS !!!

       %OVERALL%

       %C#1%       !!!High_Flex!!!

       [ primary$1 ](t1);
       [ change$1  ](t2);
       [ interupt$1](t3);
       [ initiat$1 ](t4);
       [ engage$1  ](t5);
       [ approach$1](t6);
       [ response$1](t7);
       [ expect$1  ](t8);
       [ new$1     ](t9);
       [ same$1    ](t10);
       [ relative$1](t11);
       [ objects$1 ](t12);
       [ sequence$1](t13);
       [ trans$1   ](t14);
       [ avoid$1   ](t15);
       [ control$1 ](t16);
       [ touch$1   ](t17);

       %C#2%       !!!ScIn_Flex!!!

       [ primary$1 ](t18);
       [ change$1  ](t19);
       [ interupt$1](t20);
       [ initiat$1 ](t21);
       [ engage$1  ](t22);
       [ approach$1](t23);
       [ response$1](t24);
       [ expect$1  ](t25);
       [ new$1     ](t26);
       [ same$1    ](t27);
       [ relative$1](t28);
       [ objects$1 ](t29);
       [ sequence$1](t30);
       [ trans$1   ](t31);
       [ avoid$1   ](t32);
       [ control$1 ](t33);
       [ touch$1   ](t34);

       %C#3%        !!!LocSnsLo!!!

       [ primary$1 ](t35);
       [ change$1  ](t36);
       [ interupt$1](t37);
       [ initiat$1 ](t38);
       [ engage$1  ](t39);
       [ approach$1](t40);
       [ response$1](t41);
       [ expect$1  ](t42);
       [ new$1     ](t43);
       [ same$1    ](t44);
       [ relative$1](t45);
       [ objects$1 ](t46);
       [ sequence$1](t47);
       [ trans$1   ](t48);
       [ avoid$1   ](t49);
       [ control$1 ](t50);
       [ touch$1   ](t51);

       %C#4%     !!!Env_Flex !!!

       [ primary$1 ](t52);
       [ change$1  ](t53);
       [ interupt$1](t54);
       [ initiat$1 ](t55);
       [ engage$1  ](t56);
       [ approach$1](t57);
       [ response$1](t58);
       [ expect$1  ](t59);
       [ new$1     ](t60);
       [ same$1    ](t61);
       [ relative$1](t62);
       [ objects$1 ](t63);
       [ sequence$1](t64);
       [ trans$1   ](t65);
       [ avoid$1   ](t66);
       [ control$1 ](t67);
       [ touch$1   ](t68);

       %C#5%         !!!Low_Flex!!!

       [ primary$1 ](t69);
       [ change$1  ](t70);
       [ interupt$1](t71);
       [ initiat$1 ](t72);
       [ engage$1  ](t73);
       [ approach$1](t74);
       [ response$1](t75);
       [ expect$1  ](t76);
       [ new$1     ](t77);
       [ same$1    ](t78);
       [ relative$1](t79);
       [ objects$1 ](t80);
       [ sequence$1](t81);
       [ trans$1   ](t82);
       [ avoid$1   ](t83);
       [ control$1 ](t84);
       [ touch$1   ](t85);

  MODEL CONSTRAINT:

    !!!       THRESHOLD BOUNDARIES            !!!
    !!! -.85 (THRESHOLD) ~ .70 (PROBABILTY)   !!!
    !!!  .85 (THRESHOLD) ~ .30 (PROBABILTY)   !!!

    ! LABELS C1-C5 BELOW REFLECT ORDER OF CLASSES IN PLOT (NOT MPLUS C# LABELS ABOVE)

       !   C1    |   C2    |   C3    |   C4   |    C5  !
       !High_Flex|ScIn_Flex|Env_Flex |LocSnsLo|Low_Flex!
       !_________|_________|_________|________|________!
       !t1 <-.8; t18<-.8; t35> .8;           t69> .8;  !!!U1 !!!
       !t2 <-.8; t19<-.8; t36> .8;           t70> .8;  !!!U2 !!!
       !t3 <-.8; t20<-.8; t37> .8;           t71> .8;  !!!U3 !!!
       !t4 <-.8; t21<-.8; t38> .8;           t72> .8;  !!!U4 !!!
       !t5 <-.8; t22<-.8; t39> .8;           t73> .8;  !!!U5 !!!
       !t6 <-.8; t23<-.8; t40> .8;           t74> .8;  !!!U6 !!!
       !t7 <-.8; t24<-.8; t41> .8;           t75> .8;  !!!U7 !!!
       !t8 <-.8; t25<-.8; t42> .8;           t76> .8;  !!!U8 !!!
       !
       !t9 <-.8; t26> .8; t43<-.8; t60> .8;  t77> .8;  !!!U9 !!!
       !t10<-.8; t27> .8; t44<-.8; t61> .8;  t78> .8;  !!!U10!!!
       !t11<-.8; t28> .8; t45<-.8; t62> .8;  t79> .8;  !!!U11!!!
       !t12<-.8; t29> .8; t46<-.8; t63<-.8;  t80> .8;  !!!U12!!!
       !t13<-.8; t30> .8; t47<-.8; t64<-.8;  t81> .8;  !!!U13!!!
       !t14<-.8; t31> .8; t48<-.8; t65<-.8;  t82> .8;  !!!U14!!!
       !t15<-.8; t32> .8; t49<-.8; t66> .8;  t83> .8;  !!!U15!!!
       !t16<-.8; t33> .8; t50<-.8; t67> .8;  t84> .8;  !!!U16!!!
       !t17<-.8; t34> .8; t51<-.8; t68> .8;  t85> .8;  !!!U17!!!

    !!!       EQUALITY (& INEQUALITY) CONSTRAINTS       !!!

       !  C1vC2  |  C3vC4  |  C4vC5  !
       !_________|_________|_________!
                  t35=-t52;           !!!U1 !!!
                  t36=-t53;           !!!U2 !!!
                  t37=-t54;           !!!U3 !!!
                  t38=-t55;           !!!U4 !!!
                  t39=-t56;           !!!U5 !!!
                  t40=-t57;           !!!U6 !!!
                  t41=-t58;           !!!U7 !!!
                  t42=-t59;           !!!U8 !!!
        t9 =-t26;                     !!!U9 !!!
        t10=-t27;                     !!!U10!!!
        t11=-t28;                     !!!U11!!!
        t12=-t29;           t63=-t80; !!!U12!!!
        t13=-t30;           t64=-t81; !!!U13!!!
        t14=-t31;           t65=-t82; !!!U14!!!
        t15=-t32;                     !!!U15!!!
        t16=-t33;                     !!!U16!!!
        t17=-t34;                     !!!U17!!!

  OUTPUT:
  tech14;
  PLOT:
  type = plot3;
            series = primary-touch(*);



INPUT READING TERMINATED NORMALLY




Hypothesized Model

SUMMARY OF ANALYSIS

Number of groups                                                 1
Number of observations                                        6000

Number of dependent variables                                   17
Number of independent variables                                  0
Number of continuous latent variables                            0
Number of categorical latent variables                           1

Observed dependent variables

  Binary and ordered categorical (ordinal)
   PRIMARY     CHANGE      INTERUPT    INITIAT     ENGAGE      APPROACH
   RESPONSE    EXPECT      NEW         SAME        RELATIVE    OBJECTS
   SEQUENCE    TRANS       AVOID       CONTROL     TOUCH

Categorical latent variables
   C


Estimator                                                      MLR
Information matrix                                        OBSERVED
Optimization Specifications for the Quasi-Newton Algorithm for
Continuous Outcomes
  Maximum number of iterations                                 100
  Convergence criterion                                  0.100D-05
Optimization Specifications for the EM Algorithm
  Maximum number of iterations                                 500
  Convergence criteria
    Loglikelihood change                                 0.100D-06
    Relative loglikelihood change                        0.100D-06
    Derivative                                           0.100D-05
Optimization Specifications for the M step of the EM Algorithm for
Categorical Latent variables
  Number of M step iterations                                    1
  M step convergence criterion                           0.100D-05
  Basis for M step termination                           ITERATION
Optimization Specifications for the M step of the EM Algorithm for
Censored, Binary or Ordered Categorical (Ordinal), Unordered
Categorical (Nominal) and Count Outcomes
  Number of M step iterations                                    1
  M step convergence criterion                           0.100D-05
  Basis for M step termination                           ITERATION
  Maximum value for logit thresholds                            15
  Minimum value for logit thresholds                           -15
  Minimum expected cell size for chi-square              0.100D-01
Maximum number of iterations for H1                           2000
Convergence criterion for H1                             0.100D-03
Optimization algorithm                                         EMA
Random Starts Specifications
  Number of initial stage random starts                         20
  Number of final stage optimizations                            4
  Number of initial stage iterations                            10
  Initial stage convergence criterion                    0.100D+01
  Random starts scale                                    0.500D+01
  Random seed for generating random starts                       0
Link                                                         LOGIT

Input data file(s)
  /Users/agarber/github/SIM_CLCA/C3-Hypothesized/CLCA_Hypothesized.dat
Input data format  FREE


SUMMARY OF DATA

     Number of missing data patterns             1
     Number of y missing data patterns           0
     Number of u missing data patterns           1


COVARIANCE COVERAGE OF DATA

Minimum covariance coverage value   0.100


UNIVARIATE PROPORTIONS AND COUNTS FOR CATEGORICAL VARIABLES

    PRIMARY
      Category 1    0.553         3319.000
      Category 2    0.447         2681.000
    CHANGE
      Category 1    0.474         2845.000
      Category 2    0.526         3155.000
    INTERUPT
      Category 1    0.477         2865.000
      Category 2    0.522         3135.000
    INITIAT
      Category 1    0.434         2606.000
      Category 2    0.566         3394.000
    ENGAGE
      Category 1    0.551         3308.000
      Category 2    0.449         2692.000
    APPROACH
      Category 1    0.479         2877.000
      Category 2    0.520         3123.000
    RESPONSE
      Category 1    0.486         2915.000
      Category 2    0.514         3085.000
    EXPECT
      Category 1    0.467         2799.000
      Category 2    0.533         3201.000
    NEW
      Category 1    0.541         3245.000
      Category 2    0.459         2755.000
    SAME
      Category 1    0.646         3878.000
      Category 2    0.354         2122.000
    RELATIVE
      Category 1    0.569         3416.000
      Category 2    0.431         2584.000
    OBJECTS
      Category 1    0.507         3044.000
      Category 2    0.493         2956.000
    SEQUENCE
      Category 1    0.535         3208.000
      Category 2    0.465         2792.000
    TRANS
      Category 1    0.517         3103.000
      Category 2    0.483         2897.000
    AVOID
      Category 1    0.583         3495.000
      Category 2    0.417         2505.000
    CONTROL
      Category 1    0.655         3928.000
      Category 2    0.345         2072.000
    TOUCH
      Category 1    0.672         4032.000
      Category 2    0.328         1968.000


RANDOM STARTS RESULTS RANKED FROM THE BEST TO THE WORST LOGLIKELIHOOD VALUES

Final stage loglikelihood values at local maxima, seeds, and initial stage start numbers:

          -54038.386  462953           7
          -54038.386  939021           8
          -54144.763  unperturbed      0
          -54144.763  127215           9



THE BEST LOGLIKELIHOOD VALUE HAS BEEN REPLICATED.  RERUN WITH AT LEAST TWICE THE
RANDOM STARTS TO CHECK THAT THE BEST LOGLIKELIHOOD IS STILL OBTAINED AND REPLICATED.


THE MODEL ESTIMATION TERMINATED NORMALLY



MODEL FIT INFORMATION

Number of Free Parameters                       69

Loglikelihood

          H0 Value                      -54038.386
          H0 Scaling Correction Factor      1.0080
            for MLR

Information Criteria

          Akaike (AIC)                  108214.772
          Bayesian (BIC)                108677.039
          Sample-Size Adjusted BIC      108457.776
            (n* = (n + 2) / 24)

Chi-Square Test of Model Fit for the Binary and Ordered Categorical
(Ordinal) Outcomes**

          Pearson Chi-Square

          Value                          41347.294
          Degrees of Freedom                130684
          P-Value                           1.0000

          Likelihood Ratio Chi-Square

          Value                          13326.833
          Degrees of Freedom                130684
          P-Value                           1.0000

** Of the 131072 cells in the latent class indicator table, 318
   were deleted in the calculation of chi-square due to extreme values.



FINAL CLASS COUNTS AND PROPORTIONS FOR THE LATENT CLASSES
BASED ON THE ESTIMATED MODEL

    Latent
   Classes

       1       2142.39303          0.35707
       2        345.66169          0.05761
       3       1742.14707          0.29036
       4       1176.07158          0.19601
       5        593.72663          0.09895


FINAL CLASS COUNTS AND PROPORTIONS FOR THE LATENT CLASSES
BASED ON ESTIMATED POSTERIOR PROBABILITIES

    Latent
   Classes

       1       2142.39432          0.35707
       2        345.66174          0.05761
       3       1742.14718          0.29036
       4       1176.07028          0.19601
       5        593.72649          0.09895


FINAL CLASS COUNTS AND PROPORTIONS FOR THE LATENT CLASSES
BASED ON THEIR MOST LIKELY LATENT CLASS MEMBERSHIP

Class Counts and Proportions

    Latent
   Classes

       1             2137          0.35617
       2              343          0.05717
       3             1728          0.28800
       4             1205          0.20083
       5              587          0.09783


CLASSIFICATION QUALITY

     Entropy                         0.936


Average Latent Class Probabilities for Most Likely Latent Class Membership (Row)
by Latent Class (Column)

           1        2        3        4        5

    1   0.967    0.001    0.001    0.028    0.003
    2   0.001    0.970    0.015    0.014    0.000
    3   0.000    0.002    0.987    0.006    0.005
    4   0.058    0.007    0.020    0.912    0.004
    5   0.008    0.000    0.009    0.005    0.979


Classification Probabilities for the Most Likely Latent Class Membership (Column)
by Latent Class (Row)

           1        2        3        4        5

    1   0.965    0.000    0.000    0.033    0.002
    2   0.004    0.962    0.010    0.023    0.000
    3   0.002    0.003    0.979    0.014    0.003
    4   0.051    0.004    0.008    0.934    0.002
    5   0.010    0.000    0.015    0.007    0.968


Logits for the Classification Probabilities for the Most Likely Latent Class Membership (Column)
by Latent Class (Row)

              1        2        3        4        5

    1      6.142   -2.699   -2.014    2.761    0.000
    2      8.291   13.777    9.223   10.064    0.000
    3     -0.652    0.028    5.816    1.553    0.000
    4      3.049    0.521    1.226    5.951    0.000
    5     -4.581  -13.783   -4.162   -4.902    0.000


MODEL RESULTS

                                                    Two-Tailed
                    Estimate       S.E.  Est./S.E.    P-Value

Latent Class 1

 Thresholds
    PRIMARY$1         -0.977      0.051    -19.225      0.000
    CHANGE$1          -1.069      0.051    -20.791      0.000
    INTERUPT$1        -1.486      0.058    -25.434      0.000
    INITIAT$1         -1.919      0.070    -27.462      0.000
    ENGAGE$1          -0.888      0.049    -18.011      0.000
    APPROACH$1        -1.322      0.055    -23.836      0.000
    RESPONSE$1        -1.387      0.057    -24.524      0.000
    EXPECT$1          -1.921      0.069    -27.691      0.000
    NEW$1              1.246      0.050     25.017      0.000
    SAME$1             1.473      0.053     27.849      0.000
    RELATIVE$1         0.993      0.046     21.404      0.000
    OBJECTS$1          2.082      0.082     25.408      0.000
    SEQUENCE$1         2.308      0.085     27.149      0.000
    TRANS$1            2.135      0.079     27.059      0.000
    AVOID$1            1.457      0.053     27.356      0.000
    CONTROL$1          3.212      0.114     28.063      0.000
    TOUCH$1            2.201      0.070     31.225      0.000

Latent Class 2

 Thresholds
    PRIMARY$1         -2.357      0.206    -11.436      0.000
    CHANGE$1          -1.936      0.170    -11.406      0.000
    INTERUPT$1        -2.187      0.190    -11.522      0.000
    INITIAT$1         -2.110      0.182    -11.571      0.000
    ENGAGE$1          -1.697      0.157    -10.819      0.000
    APPROACH$1        -2.254      0.196    -11.471      0.000
    RESPONSE$1        -3.031      0.281    -10.773      0.000
    EXPECT$1          -2.304      0.201    -11.462      0.000
    NEW$1             -1.246      0.050    -25.017      0.000
    SAME$1            -1.473      0.053    -27.849      0.000
    RELATIVE$1        -0.993      0.046    -21.404      0.000
    OBJECTS$1         -2.082      0.082    -25.408      0.000
    SEQUENCE$1        -2.308      0.085    -27.149      0.000
    TRANS$1           -2.135      0.079    -27.059      0.000
    AVOID$1           -1.457      0.053    -27.356      0.000
    CONTROL$1         -3.212      0.114    -28.063      0.000
    TOUCH$1           -2.201      0.070    -31.225      0.000

Latent Class 3

 Thresholds
    PRIMARY$1          1.550      0.056     27.711      0.000
    CHANGE$1           0.872      0.043     20.378      0.000
    INTERUPT$1         1.505      0.052     28.923      0.000
    INITIAT$1          0.881      0.043     20.695      0.000
    ENGAGE$1           1.742      0.060     28.894      0.000
    APPROACH$1         1.013      0.044     22.844      0.000
    RESPONSE$1         1.372      0.050     27.641      0.000
    EXPECT$1           1.644      0.055     30.038      0.000
    NEW$1             -2.136      0.084    -25.577      0.000
    SAME$1            -0.960      0.056    -17.099      0.000
    RELATIVE$1        -1.491      0.065    -22.826      0.000
    OBJECTS$1         -0.953      0.054    -17.598      0.000
    SEQUENCE$1        -0.938      0.054    -17.360      0.000
    TRANS$1           -0.906      0.054    -16.913      0.000
    AVOID$1           -1.196      0.058    -20.474      0.000
    CONTROL$1         -1.806      0.073    -24.631      0.000
    TOUCH$1           -0.791      0.053    -14.889      0.000

Latent Class 4

 Thresholds
    PRIMARY$1         -1.550      0.056    -27.711      0.000
    CHANGE$1          -0.872      0.043    -20.378      0.000
    INTERUPT$1        -1.505      0.052    -28.923      0.000
    INITIAT$1         -0.881      0.043    -20.695      0.000
    ENGAGE$1          -1.742      0.060    -28.894      0.000
    APPROACH$1        -1.013      0.044    -22.844      0.000
    RESPONSE$1        -1.372      0.050    -27.641      0.000
    EXPECT$1          -1.644      0.055    -30.038      0.000
    NEW$1              1.214      0.076     16.070      0.000
    SAME$1             2.608      0.132     19.697      0.000
    RELATIVE$1         1.926      0.099     19.469      0.000
    OBJECTS$1         -2.498      0.121    -20.658      0.000
    SEQUENCE$1        -1.819      0.088    -20.621      0.000
    TRANS$1           -1.426      0.069    -20.530      0.000
    AVOID$1            1.001      0.071     14.127      0.000
    CONTROL$1          1.995      0.097     20.490      0.000
    TOUCH$1            1.328      0.077     17.341      0.000

Latent Class 5

 Thresholds
    PRIMARY$1          3.187      0.233     13.676      0.000
    CHANGE$1           1.742      0.121     14.440      0.000
    INTERUPT$1         2.097      0.137     15.273      0.000
    INITIAT$1          3.471      0.293     11.859      0.000
    ENGAGE$1           2.515      0.164     15.346      0.000
    APPROACH$1         2.685      0.183     14.701      0.000
    RESPONSE$1         3.330      0.260     12.818      0.000
    EXPECT$1           2.046      0.137     14.907      0.000
    NEW$1              2.128      0.142     14.940      0.000
    SAME$1             2.831      0.187     15.104      0.000
    RELATIVE$1         2.400      0.156     15.348      0.000
    OBJECTS$1          2.498      0.121     20.658      0.000
    SEQUENCE$1         1.819      0.088     20.621      0.000
    TRANS$1            1.426      0.069     20.530      0.000
    AVOID$1            1.801      0.123     14.628      0.000
    CONTROL$1          2.177      0.143     15.275      0.000
    TOUCH$1            3.230      0.231     13.968      0.000

Categorical Latent Variables

 Means
    C#1                1.283      0.049     26.372      0.000
    C#2               -0.541      0.070     -7.734      0.000
    C#3                1.076      0.049     21.925      0.000
    C#4                0.684      0.056     12.156      0.000


QUALITY OF NUMERICAL RESULTS

     Condition Number for the Information Matrix              0.513E-03
       (ratio of smallest to largest eigenvalue)


RESULTS IN PROBABILITY SCALE

                                                    Two-Tailed
                    Estimate       S.E.  Est./S.E.    P-Value

Latent Class 1

 PRIMARY
    Category 1         0.274      0.010     27.093      0.000
    Category 2         0.726      0.010     71.955      0.000
 CHANGE
    Category 1         0.255      0.010     26.111      0.000
    Category 2         0.745      0.010     76.086      0.000
 INTERUPT
    Category 1         0.184      0.009     20.982      0.000
    Category 2         0.816      0.009     92.762      0.000
 INITIAT
    Category 1         0.128      0.008     16.412      0.000
    Category 2         0.872      0.008    111.819      0.000
 ENGAGE
    Category 1         0.292      0.010     28.638      0.000
    Category 2         0.708      0.010     69.582      0.000
 APPROACH
    Category 1         0.211      0.009     22.848      0.000
    Category 2         0.789      0.009     85.659      0.000
 RESPONSE
    Category 1         0.200      0.009     22.108      0.000
    Category 2         0.800      0.009     88.453      0.000
 EXPECT
    Category 1         0.128      0.008     16.531      0.000
    Category 2         0.872      0.008    112.819      0.000
 NEW
    Category 1         0.777      0.009     89.876      0.000
    Category 2         0.223      0.009     25.845      0.000
 SAME
    Category 1         0.813      0.008    101.381      0.000
    Category 2         0.187      0.008     23.243      0.000
 RELATIVE
    Category 1         0.730      0.009     79.734      0.000
    Category 2         0.270      0.009     29.534      0.000
 OBJECTS
    Category 1         0.889      0.008    110.100      0.000
    Category 2         0.111      0.008     13.722      0.000
 SEQUENCE
    Category 1         0.910      0.007    130.042      0.000
    Category 2         0.090      0.007     12.932      0.000
 TRANS
    Category 1         0.894      0.007    119.871      0.000
    Category 2         0.106      0.007     14.171      0.000
 AVOID
    Category 1         0.811      0.008     99.380      0.000
    Category 2         0.189      0.008     23.148      0.000
 CONTROL
    Category 1         0.961      0.004    225.730      0.000
    Category 2         0.039      0.004      9.087      0.000
 TOUCH
    Category 1         0.900      0.006    142.327      0.000
    Category 2         0.100      0.006     15.760      0.000

Latent Class 2

 PRIMARY
    Category 1         0.086      0.016      5.310      0.000
    Category 2         0.914      0.016     56.090      0.000
 CHANGE
    Category 1         0.126      0.019      6.740      0.000
    Category 2         0.874      0.019     46.734      0.000
 INTERUPT
    Category 1         0.101      0.017      5.859      0.000
    Category 2         0.899      0.017     52.209      0.000
 INITIAT
    Category 1         0.108      0.018      6.150      0.000
    Category 2         0.892      0.018     50.708      0.000
 ENGAGE
    Category 1         0.155      0.021      7.542      0.000
    Category 2         0.845      0.021     41.172      0.000
 APPROACH
    Category 1         0.095      0.017      5.625      0.000
    Category 2         0.905      0.017     53.560      0.000
 RESPONSE
    Category 1         0.046      0.012      3.726      0.000
    Category 2         0.954      0.012     77.182      0.000
 EXPECT
    Category 1         0.091      0.017      5.471      0.000
    Category 2         0.909      0.017     54.792      0.000
 NEW
    Category 1         0.223      0.009     25.845      0.000
    Category 2         0.777      0.009     89.876      0.000
 SAME
    Category 1         0.187      0.008     23.243      0.000
    Category 2         0.813      0.008    101.381      0.000
 RELATIVE
    Category 1         0.270      0.009     29.534      0.000
    Category 2         0.730      0.009     79.734      0.000
 OBJECTS
    Category 1         0.111      0.008     13.722      0.000
    Category 2         0.889      0.008    110.100      0.000
 SEQUENCE
    Category 1         0.090      0.007     12.932      0.000
    Category 2         0.910      0.007    130.042      0.000
 TRANS
    Category 1         0.106      0.007     14.171      0.000
    Category 2         0.894      0.007    119.871      0.000
 AVOID
    Category 1         0.189      0.008     23.148      0.000
    Category 2         0.811      0.008     99.380      0.000
 CONTROL
    Category 1         0.039      0.004      9.087      0.000
    Category 2         0.961      0.004    225.730      0.000
 TOUCH
    Category 1         0.100      0.006     15.760      0.000
    Category 2         0.900      0.006    142.327      0.000

Latent Class 3

 PRIMARY
    Category 1         0.825      0.008    102.118      0.000
    Category 2         0.175      0.008     21.666      0.000
 CHANGE
    Category 1         0.705      0.009     79.275      0.000
    Category 2         0.295      0.009     33.159      0.000
 INTERUPT
    Category 1         0.818      0.008    105.786      0.000
    Category 2         0.182      0.008     23.478      0.000
 INITIAT
    Category 1         0.707      0.009     80.167      0.000
    Category 2         0.293      0.009     33.207      0.000
 ENGAGE
    Category 1         0.851      0.008    111.267      0.000
    Category 2         0.149      0.008     19.495      0.000
 APPROACH
    Category 1         0.734      0.009     84.648      0.000
    Category 2         0.266      0.009     30.729      0.000
 RESPONSE
    Category 1         0.798      0.008     99.592      0.000
    Category 2         0.202      0.008     25.249      0.000
 EXPECT
    Category 1         0.838      0.007    112.834      0.000
    Category 2         0.162      0.007     21.805      0.000
 NEW
    Category 1         0.106      0.008     13.391      0.000
    Category 2         0.894      0.008    113.328      0.000
 SAME
    Category 1         0.277      0.011     24.642      0.000
    Category 2         0.723      0.011     64.337      0.000
 RELATIVE
    Category 1         0.184      0.010     18.763      0.000
    Category 2         0.816      0.010     83.298      0.000
 OBJECTS
    Category 1         0.278      0.011     25.588      0.000
    Category 2         0.722      0.011     66.359      0.000
 SEQUENCE
    Category 1         0.281      0.011     25.766      0.000
    Category 2         0.719      0.011     65.802      0.000
 TRANS
    Category 1         0.288      0.011     26.193      0.000
    Category 2         0.712      0.011     64.845      0.000
 AVOID
    Category 1         0.232      0.010     22.301      0.000
    Category 2         0.768      0.010     73.729      0.000
 CONTROL
    Category 1         0.141      0.009     15.875      0.000
    Category 2         0.859      0.009     96.654      0.000
 TOUCH
    Category 1         0.312      0.011     27.365      0.000
    Category 2         0.688      0.011     60.345      0.000

Latent Class 4

 PRIMARY
    Category 1         0.175      0.008     21.666      0.000
    Category 2         0.825      0.008    102.118      0.000
 CHANGE
    Category 1         0.295      0.009     33.159      0.000
    Category 2         0.705      0.009     79.275      0.000
 INTERUPT
    Category 1         0.182      0.008     23.478      0.000
    Category 2         0.818      0.008    105.786      0.000
 INITIAT
    Category 1         0.293      0.009     33.207      0.000
    Category 2         0.707      0.009     80.167      0.000
 ENGAGE
    Category 1         0.149      0.008     19.495      0.000
    Category 2         0.851      0.008    111.267      0.000
 APPROACH
    Category 1         0.266      0.009     30.729      0.000
    Category 2         0.734      0.009     84.648      0.000
 RESPONSE
    Category 1         0.202      0.008     25.249      0.000
    Category 2         0.798      0.008     99.592      0.000
 EXPECT
    Category 1         0.162      0.007     21.805      0.000
    Category 2         0.838      0.007    112.834      0.000
 NEW
    Category 1         0.771      0.013     57.806      0.000
    Category 2         0.229      0.013     17.165      0.000
 SAME
    Category 1         0.931      0.008    110.028      0.000
    Category 2         0.069      0.008      8.111      0.000
 RELATIVE
    Category 1         0.873      0.011     79.477      0.000
    Category 2         0.127      0.011     11.580      0.000
 OBJECTS
    Category 1         0.076      0.008      8.949      0.000
    Category 2         0.924      0.008    108.826      0.000
 SEQUENCE
    Category 1         0.140      0.011     13.172      0.000
    Category 2         0.860      0.011     81.244      0.000
 TRANS
    Category 1         0.194      0.011     17.856      0.000
    Category 2         0.806      0.011     74.317      0.000
 AVOID
    Category 1         0.731      0.014     52.517      0.000
    Category 2         0.269      0.014     19.305      0.000
 CONTROL
    Category 1         0.880      0.010     85.788      0.000
    Category 2         0.120      0.010     11.667      0.000
 TOUCH
    Category 1         0.791      0.013     62.333      0.000
    Category 2         0.209      0.013     16.513      0.000

Latent Class 5

 PRIMARY
    Category 1         0.960      0.009    108.221      0.000
    Category 2         0.040      0.009      4.468      0.000
 CHANGE
    Category 1         0.851      0.015     55.605      0.000
    Category 2         0.149      0.015      9.745      0.000
 INTERUPT
    Category 1         0.891      0.013     66.570      0.000
    Category 2         0.109      0.013      8.180      0.000
 INITIAT
    Category 1         0.970      0.009    113.364      0.000
    Category 2         0.030      0.009      3.522      0.000
 ENGAGE
    Category 1         0.925      0.011     81.551      0.000
    Category 2         0.075      0.011      6.596      0.000
 APPROACH
    Category 1         0.936      0.011     85.710      0.000
    Category 2         0.064      0.011      5.850      0.000
 RESPONSE
    Category 1         0.965      0.009    111.416      0.000
    Category 2         0.035      0.009      3.986      0.000
 EXPECT
    Category 1         0.886      0.014     63.653      0.000
    Category 2         0.114      0.014      8.228      0.000
 NEW
    Category 1         0.894      0.014     65.977      0.000
    Category 2         0.106      0.014      7.857      0.000
 SAME
    Category 1         0.944      0.010     95.853      0.000
    Category 2         0.056      0.010      5.649      0.000
 RELATIVE
    Category 1         0.917      0.012     76.889      0.000
    Category 2         0.083      0.012      6.975      0.000
 OBJECTS
    Category 1         0.924      0.008    108.826      0.000
    Category 2         0.076      0.008      8.949      0.000
 SEQUENCE
    Category 1         0.860      0.011     81.244      0.000
    Category 2         0.140      0.011     13.172      0.000
 TRANS
    Category 1         0.806      0.011     74.317      0.000
    Category 2         0.194      0.011     17.856      0.000
 AVOID
    Category 1         0.858      0.015     57.317      0.000
    Category 2         0.142      0.015      9.461      0.000
 CONTROL
    Category 1         0.898      0.013     68.915      0.000
    Category 2         0.102      0.013      7.810      0.000
 TOUCH
    Category 1         0.962      0.008    113.645      0.000
    Category 2         0.038      0.008      4.495      0.000


LATENT CLASS INDICATOR ODDS RATIOS FOR THE LATENT CLASSES

                                                95% C.I.
                    Estimate       S.E.  Lower 2.5% Upper 2.5%

Latent Class 1 Compared to Latent Class 2

 PRIMARY
    Category > 1       0.251      0.053      0.166      0.381
 CHANGE
    Category > 1       0.420      0.075      0.297      0.595
 INTERUPT
    Category > 1       0.496      0.099      0.336      0.732
 INITIAT
    Category > 1       0.826      0.161      0.564      1.211
 ENGAGE
    Category > 1       0.445      0.073      0.322      0.614
 APPROACH
    Category > 1       0.394      0.080      0.264      0.587
 RESPONSE
    Category > 1       0.193      0.055      0.110      0.339
 EXPECT
    Category > 1       0.681      0.145      0.449      1.034
 NEW
    Category > 1       0.083      0.008      0.068      0.101
 SAME
    Category > 1       0.053      0.006      0.043      0.065
 RELATIVE
    Category > 1       0.137      0.013      0.114      0.165
 OBJECTS
    Category > 1       0.016      0.003      0.011      0.021
 SEQUENCE
    Category > 1       0.010      0.002      0.007      0.014
 TRANS
    Category > 1       0.014      0.002      0.010      0.019
 AVOID
    Category > 1       0.054      0.006      0.044      0.067
 CONTROL
    Category > 1       0.002      0.000      0.001      0.003
 TOUCH
    Category > 1       0.012      0.002      0.009      0.016

Latent Class 1 Compared to Latent Class 3

 PRIMARY
    Category > 1      12.518      0.899     10.874     14.411
 CHANGE
    Category > 1       6.966      0.454      6.131      7.916
 INTERUPT
    Category > 1      19.920      1.505     17.178     23.100
 INITIAT
    Category > 1      16.448      1.308     14.074     19.224
 ENGAGE
    Category > 1      13.867      1.037     11.976     16.057
 APPROACH
    Category > 1      10.328      0.712      9.021     11.823
 RESPONSE
    Category > 1      15.782      1.147     13.686     18.198
 EXPECT
    Category > 1      35.315      2.979     29.933     41.666
 NEW
    Category > 1       0.034      0.003      0.028      0.041
 SAME
    Category > 1       0.088      0.007      0.076      0.102
 RELATIVE
    Category > 1       0.083      0.007      0.071      0.098
 OBJECTS
    Category > 1       0.048      0.005      0.040      0.058
 SEQUENCE
    Category > 1       0.039      0.004      0.032      0.047
 TRANS
    Category > 1       0.048      0.005      0.040      0.058
 AVOID
    Category > 1       0.070      0.006      0.060      0.082
 CONTROL
    Category > 1       0.007      0.001      0.005      0.009
 TOUCH
    Category > 1       0.050      0.004      0.042      0.060

Latent Class 1 Compared to Latent Class 4

 PRIMARY
    Category > 1       0.563      0.045      0.483      0.658
 CHANGE
    Category > 1       1.219      0.084      1.065      1.394
 INTERUPT
    Category > 1       0.981      0.079      0.837      1.150
 INITIAT
    Category > 1       2.822      0.237      2.394      3.328
 ENGAGE
    Category > 1       0.426      0.034      0.363      0.499
 APPROACH
    Category > 1       1.361      0.099      1.180      1.570
 RESPONSE
    Category > 1       1.014      0.079      0.871      1.181
 EXPECT
    Category > 1       1.319      0.122      1.101      1.580
 NEW
    Category > 1       0.968      0.090      0.807      1.162
 SAME
    Category > 1       3.110      0.452      2.340      4.134
 RELATIVE
    Category > 1       2.542      0.283      2.044      3.162
 OBJECTS
    Category > 1       0.010      0.001      0.008      0.013
 SEQUENCE
    Category > 1       0.016      0.002      0.013      0.020
 TRANS
    Category > 1       0.028      0.003      0.023      0.035
 AVOID
    Category > 1       0.634      0.058      0.530      0.758
 CONTROL
    Category > 1       0.296      0.046      0.219      0.401
 TOUCH
    Category > 1       0.418      0.045      0.339      0.515

Latent Class 1 Compared to Latent Class 5

 PRIMARY
    Category > 1      64.324     15.337     40.311    102.642
 CHANGE
    Category > 1      16.627      2.183     12.855     21.506
 INTERUPT
    Category > 1      35.980      5.377     26.844     48.224
 INITIAT
    Category > 1     219.280     65.569    122.030    394.031
 ENGAGE
    Category > 1      30.041      5.149     21.469     42.036
 APPROACH
    Category > 1      54.929     10.480     37.792     79.838
 RESPONSE
    Category > 1     111.823     29.705     66.437    188.215
 EXPECT
    Category > 1      52.795      8.085     39.106     71.276
 NEW
    Category > 1       2.415      0.365      1.795      3.248
 SAME
    Category > 1       3.890      0.759      2.654      5.701
 RELATIVE
    Category > 1       4.083      0.667      2.965      5.624
 OBJECTS
    Category > 1       1.516      0.232      1.123      2.045
 SEQUENCE
    Category > 1       0.613      0.078      0.477      0.788
 TRANS
    Category > 1       0.492      0.053      0.398      0.608
 AVOID
    Category > 1       1.411      0.190      1.084      1.837
 CONTROL
    Category > 1       0.355      0.065      0.248      0.509
 TOUCH
    Category > 1       2.799      0.677      1.742      4.498

Latent Class 2 Compared to Latent Class 3

 PRIMARY
    Category > 1      49.783     10.556     32.854     75.434
 CHANGE
    Category > 1      16.577      2.897     11.770     23.349
 INTERUPT
    Category > 1      40.154      7.880     27.332     58.990
 INITIAT
    Category > 1      19.906      3.724     13.795     28.724
 ENGAGE
    Category > 1      31.157      5.203     22.459     43.222
 APPROACH
    Category > 1      26.231      5.267     17.697     38.881
 RESPONSE
    Category > 1      81.705     23.292     46.729    142.859
 EXPECT
    Category > 1      51.821     10.751     34.507     77.821
 NEW
    Category > 1       0.411      0.040      0.340      0.497
 SAME
    Category > 1       1.671      0.129      1.436      1.944
 RELATIVE
    Category > 1       0.608      0.049      0.519      0.712
 OBJECTS
    Category > 1       3.094      0.304      2.552      3.751
 SEQUENCE
    Category > 1       3.937      0.398      3.231      4.799
 TRANS
    Category > 1       3.417      0.326      2.834      4.120
 AVOID
    Category > 1       1.299      0.103      1.112      1.516
 CONTROL
    Category > 1       4.080      0.555      3.125      5.327
 TOUCH
    Category > 1       4.095      0.361      3.445      4.868

Latent Class 2 Compared to Latent Class 4

 PRIMARY
    Category > 1       2.241      0.482      1.470      3.416
 CHANGE
    Category > 1       2.900      0.509      2.057      4.090
 INTERUPT
    Category > 1       1.978      0.391      1.343      2.912
 INITIAT
    Category > 1       3.416      0.640      2.366      4.931
 ENGAGE
    Category > 1       0.956      0.162      0.687      1.332
 APPROACH
    Category > 1       3.457      0.698      2.327      5.136
 RESPONSE
    Category > 1       5.251      1.503      2.996      9.204
 EXPECT
    Category > 1       1.935      0.405      1.284      2.916
 NEW
    Category > 1      11.711      1.030      9.856     13.915
 SAME
    Category > 1      59.171      8.277     44.982     77.836
 RELATIVE
    Category > 1      18.529      1.985     15.020     22.858
 OBJECTS
    Category > 1       0.660      0.101      0.489      0.890
 SEQUENCE
    Category > 1       1.630      0.209      1.269      2.095
 TRANS
    Category > 1       2.032      0.219      1.645      2.511
 AVOID
    Category > 1      11.679      1.005      9.867     13.824
 CONTROL
    Category > 1     182.659     26.618    137.278    243.043
 TOUCH
    Category > 1      34.088      3.458     27.941     41.587

Latent Class 2 Compared to Latent Class 5

 PRIMARY
    Category > 1     255.812     79.602    139.010    470.758
 CHANGE
    Category > 1      39.565      8.239     26.306     59.508
 INTERUPT
    Category > 1      72.526     16.997     45.814    114.812
 INITIAT
    Category > 1     265.372     91.509    134.998    521.656
 ENGAGE
    Category > 1      67.495     15.317     43.262    105.302
 APPROACH
    Category > 1     139.516     37.426     82.468    236.031
 RESPONSE
    Category > 1     578.933    221.779    273.239   1226.632
 EXPECT
    Category > 1      77.470     18.855     48.080    124.825
 NEW
    Category > 1      29.200      4.392     21.744     39.212
 SAME
    Category > 1      74.011     14.397     50.549    108.363
 RELATIVE
    Category > 1      29.762      4.848     21.627     40.956
 OBJECTS
    Category > 1      97.571     13.565     74.299    128.133
 SEQUENCE
    Category > 1      62.024      7.251     49.323     77.996
 TRANS
    Category > 1      35.205      3.604     28.805     43.028
 AVOID
    Category > 1      26.010      3.479     20.013     33.805
 CONTROL
    Category > 1     219.178     39.831    153.499    312.960
 TOUCH
    Category > 1     228.297     55.142    142.200    366.523

Latent Class 3 Compared to Latent Class 4

 PRIMARY
    Category > 1       0.045      0.005      0.036      0.056
 CHANGE
    Category > 1       0.175      0.015      0.148      0.207
 INTERUPT
    Category > 1       0.049      0.005      0.040      0.060
 INITIAT
    Category > 1       0.172      0.015      0.145      0.203
 ENGAGE
    Category > 1       0.031      0.004      0.024      0.039
 APPROACH
    Category > 1       0.132      0.012      0.111      0.157
 RESPONSE
    Category > 1       0.064      0.006      0.053      0.078
 EXPECT
    Category > 1       0.037      0.004      0.030      0.046
 NEW
    Category > 1      28.500      3.235     22.815     35.602
 SAME
    Category > 1      35.419      5.097     26.713     46.961
 RELATIVE
    Category > 1      30.470      3.624     24.134     38.469
 OBJECTS
    Category > 1       0.213      0.028      0.165      0.276
 SEQUENCE
    Category > 1       0.414      0.043      0.338      0.507
 TRANS
    Category > 1       0.595      0.052      0.501      0.707
 AVOID
    Category > 1       8.994      0.832      7.503     10.781
 CONTROL
    Category > 1      44.769      5.493     35.199     56.941
 TOUCH
    Category > 1       8.324      0.782      6.924     10.008

Latent Class 3 Compared to Latent Class 5

 PRIMARY
    Category > 1       5.139      1.234      3.210      8.227
 CHANGE
    Category > 1       2.387      0.306      1.856      3.069
 INTERUPT
    Category > 1       1.806      0.266      1.354      2.410
 INITIAT
    Category > 1      13.331      3.948      7.461     23.821
 ENGAGE
    Category > 1       2.166      0.379      1.537      3.052
 APPROACH
    Category > 1       5.319      1.001      3.677      7.693
 RESPONSE
    Category > 1       7.086      1.879      4.214     11.914
 EXPECT
    Category > 1       1.495      0.221      1.118      1.998
 NEW
    Category > 1      71.061     11.700     51.461     98.127
 SAME
    Category > 1      44.301      8.691     30.160     65.074
 RELATIVE
    Category > 1      48.943      8.294     35.110     68.225
 OBJECTS
    Category > 1      31.535      4.182     24.317     40.896
 SEQUENCE
    Category > 1      15.753      1.629     12.862     19.293
 TRANS
    Category > 1      10.304      0.903      8.678     12.234
 AVOID
    Category > 1      20.030      2.736     15.325     26.179
 CONTROL
    Category > 1      53.720      8.617     39.228     73.565
 TOUCH
    Category > 1      55.748     13.235     35.006     88.781

Latent Class 4 Compared to Latent Class 5

 PRIMARY
    Category > 1     114.156     27.308     71.429    182.442
 CHANGE
    Category > 1      13.642      1.742     10.621     17.522
 INTERUPT
    Category > 1      36.670      5.374     27.515     48.871
 INITIAT
    Category > 1      77.695     22.955     43.541    138.640
 ENGAGE
    Category > 1      70.566     12.297     50.149     99.296
 APPROACH
    Category > 1      40.359      7.569     27.945     58.289
 RESPONSE
    Category > 1     110.244     29.098     65.718    184.938
 EXPECT
    Category > 1      40.030      5.901     29.985     53.441
 NEW
    Category > 1       2.493      0.402      1.817      3.421
 SAME
    Category > 1       1.251      0.288      0.797      1.964
 RELATIVE
    Category > 1       1.606      0.297      1.117      2.309
 OBJECTS
    Category > 1     147.871     35.764     92.047    237.551
 SEQUENCE
    Category > 1      38.046      6.714     26.922     53.766
 TRANS
    Category > 1      17.322      2.406     13.193     22.744
 AVOID
    Category > 1       2.227      0.317      1.685      2.944
 CONTROL
    Category > 1       1.200      0.207      0.855      1.684
 TOUCH
    Category > 1       6.697      1.635      4.151     10.806


TECHNICAL 14 OUTPUT

     Random Starts Specifications for the k-1 Class Analysis Model
        Number of initial stage random starts                  20
        Number of final stage optimizations                     4

     Random Starts Specification for the k-1 Class Model for Generated Data
        Number of initial stage random starts                   0
        Number of final stage optimizations for the
           initial stage random starts                          0
     Random Starts Specification for the k Class Model for Generated Data
        Number of initial stage random starts                  40
        Number of final stage optimizations                     8
     Number of bootstrap draws requested                   Varies


     PARAMETRIC BOOTSTRAPPED LIKELIHOOD RATIO TEST FOR 4 (H0) VERSUS 5 CLASSES

          H0 Loglikelihood Value                       -54707.057
          2 Times the Loglikelihood Difference           1337.342
          Difference in the Number of Parameters                9
          Approximate P-Value                              0.0000
          Successful Bootstrap Draws                            5

     WARNING:  OF THE 5 BOOTSTRAP DRAWS, 3 DRAWS HAD BOTH A SMALLER LRT VALUE THAN THE
     OBSERVED LRT VALUE AND NOT A REPLICATED BEST LOGLIKELIHOOD VALUE FOR THE 5-CLASS MODEL.
     THIS MEANS THAT THE P-VALUE MAY NOT BE TRUSTWORTHY DUE TO LOCAL MAXIMA.
     INCREASE THE NUMBER OF RANDOM STARTS USING THE LRTSTARTS OPTION.



PLOT INFORMATION

The following plots are available:

  Histograms (sample values)
  Scatterplots (sample values)
  Sample proportions and estimated probabilities

     Beginning Time:  14:00:08
        Ending Time:  14:07:46
       Elapsed Time:  00:07:38



MUTHEN & MUTHEN
3463 Stoner Ave.
Los Angeles, CA  90066

Tel: (310) 391-9971
Fax: (310) 391-8971
Web: www.StatModel.com
Support: Support@StatModel.com

Copyright (c) 1998-2021 Muthen & Muthen
