Mplus VERSION 8.6 (Mac)
MUTHEN & MUTHEN
09/26/2024  12:33 PM

INPUT INSTRUCTIONS

  TITLE:
  Hypothesized Model
  DATA:
  FILE = "/Users/agarber/github/SIM_CLCA/C3-Hypothesized/CLCA_Hypothesized.dat";

  VARIABLE:
  NAMES = primary change interupt initiat engage approach response expect new same
       relative objects sequence trans avoid control touch;
   MISSING=.;
   categorical = primary-touch;
      usevar = primary-touch;
      classes = c(5);
  ANALYSIS:
  estimator = mlr;
      type = mixture;
      starts = 0;
      STSEED = 279529; !!! USE SEED TO REPLICATE THESIS RESULTS !!!

  MODEL:
  !!! NAME & LABEL PARAMETERS !!!

       %OVERALL%

       [ c#1 ];
       [ c#2 ];
       [ c#3 ];
       [ c#4 ];

       %C#1%       !!!High_Flex!!!

       [ primary$1 ](t1);
       [ change$1  ](t2);
       [ interupt$1](t3);
       [ initiat$1 ](t4);
       [ engage$1  ](t5);
       [ approach$1](t6);
       [ response$1](t7);
       [ expect$1  ](t8);
       [ new$1     ](t9);
       [ same$1    ](t10);
       [ relative$1](t11);
       [ objects$1 ](t12);
       [ sequence$1](t13);
       [ trans$1   ](t14);
       [ avoid$1   ](t15);
       [ control$1 ](t16);
       [ touch$1   ](t17);

       %C#2%       !!!ScIn_Flex!!!

       [ primary$1 ](t18);
       [ change$1  ](t19);
       [ interupt$1](t20);
       [ initiat$1 ](t21);
       [ engage$1  ](t22);
       [ approach$1](t23);
       [ response$1](t24);
       [ expect$1  ](t25);
       [ new$1     ](t26);
       [ same$1    ](t27);
       [ relative$1](t28);
       [ objects$1 ](t29);
       [ sequence$1](t30);
       [ trans$1   ](t31);
       [ avoid$1   ](t32);
       [ control$1 ](t33);
       [ touch$1   ](t34);

       %C#3%        !!!LocSnsLo!!!

       [ primary$1 ](t52);
       [ change$1  ](t53);
       [ interupt$1](t54);
       [ initiat$1 ](t55);
       [ engage$1  ](t56);
       [ approach$1](t57);
       [ response$1](t58);
       [ expect$1  ](t59);
       [ new$1     ](t60);
       [ same$1    ](t61);
       [ relative$1](t62);
       [ objects$1 ](t63);
       [ sequence$1](t64);
       [ trans$1   ](t65);
       [ avoid$1   ](t66);
       [ control$1 ](t67);
       [ touch$1   ](t68);

       %C#4%     !!!Env_Flex !!!

       [ primary$1 ](t35);
       [ change$1  ](t36);
       [ interupt$1](t37);
       [ initiat$1 ](t38);
       [ engage$1  ](t39);
       [ approach$1](t40);
       [ response$1](t41);
       [ expect$1  ](t42);
       [ new$1     ](t43);
       [ same$1    ](t44);
       [ relative$1](t45);
       [ objects$1 ](t46);
       [ sequence$1](t47);
       [ trans$1   ](t48);
       [ avoid$1   ](t49);
       [ control$1 ](t50);
       [ touch$1   ](t51);

       %C#5%         !!!Low_Flex!!!

       [ primary$1 ](t69);
       [ change$1  ](t70);
       [ interupt$1](t71);
       [ initiat$1 ](t72);
       [ engage$1  ](t73);
       [ approach$1](t74);
       [ response$1](t75);
       [ expect$1  ](t76);
       [ new$1     ](t77);
       [ same$1    ](t78);
       [ relative$1](t79);
       [ objects$1 ](t80);
       [ sequence$1](t81);
       [ trans$1   ](t82);
       [ avoid$1   ](t83);
       [ control$1 ](t84);
       [ touch$1   ](t85);

  MODEL CONSTRAINT:

    !!!       THRESHOLD BOUNDARIES            !!!
    !!! -.85 (THRESHOLD) ~ .70 (PROBABILTY)   !!!
    !!!  .85 (THRESHOLD) ~ .30 (PROBABILTY)   !!!

    ! LABELS C1-C5 BELOW REFLECT ORDER OF CLASSES IN PLOT (NOT MPLUS C# LABELS ABOVE)

       !   C1    |   C2    |   C3    |   C4   |    C5  !
       !High_Flex|ScIn_Flex|Env_Flex |LocSnsLo|Low_Flex!
       !_________|_________|_________|________|________!
        t1 <-.85; t18<-.85; t35> .85;           t69> .85;  !!!U1 !!!
        t2 <-.85; t19<-.85; t36> .85;           t70> .85;  !!!U2 !!!
        t3 <-.85; t20<-.85; t37> .85;           t71> .85;  !!!U3 !!!
        t4 <-.85; t21<-.85; t38> .85;           t72> .85;  !!!U4 !!!
        t5 <-.85; t22<-.85; t39> .85;           t73> .85;  !!!U5 !!!
        t6 <-.85; t23<-.85; t40> .85;           t74> .85;  !!!U6 !!!
        t7 <-.85; t24<-.85; t41> .85;           t75> .85;  !!!U7 !!!
        t8 <-.85; t25<-.85; t42> .85;           t76> .85;  !!!U8 !!!

        t9 <-.85; t26> .85; t43<-.85; t60> .85; t77> .85;  !!!U9 !!!
        t10<-.85; t27> .85; t44<-.85; t61> .85; t78> .85;  !!!U10!!!
        t11<-.85; t28> .85; t45<-.85; t62> .85; t79> .85;  !!!U11!!!
        t12<-.85; t29> .85; t46<-.85; t63<-.85; t80> .85;  !!!U12!!!
        t13<-.85; t30> .85; t47<-.85; t64<-.85; t81> .85;  !!!U13!!!
        t14<-.85; t31> .85; t48<-.85; t65<-.85; t82> .85;  !!!U14!!!
        t15<-.85; t32> .85; t49<-.85; t66> .85; t83> .85;  !!!U15!!!
        t16<-.85; t33> .85; t50<-.85; t67> .85; t84> .85;  !!!U16!!!
        t17<-.85; t34> .85; t51<-.85; t68> .85; t85> .85;  !!!U17!!!

    !!!       EQUALITY (& INEQUALITY) CONSTRAINTS       !!!

      !  C1vC2  |  C3vC4  |  C4vC5  !
      !_________|_________|_________!
       t1 = t18; t35=-t52;           !!!U1 !!!
       t2 = t19; t36=-t53;           !!!U2 !!!
       t3 = t20; t37=-t54;           !!!U3 !!!
       t4 = t21; t38=-t55;           !!!U4 !!!
       t5 = t22; t39=-t56;           !!!U5 !!!
       t6 = t23; t40=-t57;           !!!U6 !!!
       t7 = t24; t41=-t58;           !!!U7 !!!
       t8 = t25; t42=-t59;           !!!U8 !!!
       t9 =-t26;                     !!!U9 !!!
       t10=-t27;                     !!!U10!!!
       t11=-t28;                     !!!U11!!!
       t12=-t29;           t63=-t80; !!!U12!!!
       t13=-t30;           t64=-t81; !!!U13!!!
       t14=-t31;           t65=-t82; !!!U14!!!
       t15=-t32;                     !!!U15!!!
       t16=-t33;                     !!!U16!!!
       t17=-t34;                     !!!U17!!!


  OUTPUT:
  tech14;
  PLOT:
  type = plot3;
            series = primary-touch(*);



INPUT READING TERMINATED NORMALLY




Hypothesized Model

SUMMARY OF ANALYSIS

Number of groups                                                 1
Number of observations                                        3000

Number of dependent variables                                   17
Number of independent variables                                  0
Number of continuous latent variables                            0
Number of categorical latent variables                           1

Observed dependent variables

  Binary and ordered categorical (ordinal)
   PRIMARY     CHANGE      INTERUPT    INITIAT     ENGAGE      APPROACH
   RESPONSE    EXPECT      NEW         SAME        RELATIVE    OBJECTS
   SEQUENCE    TRANS       AVOID       CONTROL     TOUCH

Categorical latent variables
   C


Estimator                                                      MLR
Information matrix                                        OBSERVED
Optimization Specifications for the Quasi-Newton Algorithm for
Continuous Outcomes
  Maximum number of iterations                                 100
  Convergence criterion                                  0.100D-05
Optimization Specifications for the EM Algorithm
  Maximum number of iterations                                 500
  Convergence criteria
    Loglikelihood change                                 0.100D-06
    Relative loglikelihood change                        0.100D-06
    Derivative                                           0.100D-05
Optimization Specifications for the M step of the EM Algorithm for
Categorical Latent variables
  Number of M step iterations                                    1
  M step convergence criterion                           0.100D-05
  Basis for M step termination                           ITERATION
Optimization Specifications for the M step of the EM Algorithm for
Censored, Binary or Ordered Categorical (Ordinal), Unordered
Categorical (Nominal) and Count Outcomes
  Number of M step iterations                                    1
  M step convergence criterion                           0.100D-05
  Basis for M step termination                           ITERATION
  Maximum value for logit thresholds                            15
  Minimum value for logit thresholds                           -15
  Minimum expected cell size for chi-square              0.100D-01
Maximum number of iterations for H1                           2000
Convergence criterion for H1                             0.100D-03
Optimization algorithm                                         EMA
Link                                                         LOGIT

Input data file(s)
  /Users/agarber/github/SIM_CLCA/C3-Hypothesized/CLCA_Hypothesized.dat
Input data format  FREE


SUMMARY OF DATA

     Number of missing data patterns             1
     Number of y missing data patterns           0
     Number of u missing data patterns           1


COVARIANCE COVERAGE OF DATA

Minimum covariance coverage value   0.100


UNIVARIATE PROPORTIONS AND COUNTS FOR CATEGORICAL VARIABLES

    PRIMARY
      Category 1    0.542         1625.000
      Category 2    0.458         1375.000
    CHANGE
      Category 1    0.466         1398.000
      Category 2    0.534         1602.000
    INTERUPT
      Category 1    0.481         1444.000
      Category 2    0.519         1556.000
    INITIAT
      Category 1    0.420         1261.000
      Category 2    0.580         1739.000
    ENGAGE
      Category 1    0.551         1652.000
      Category 2    0.449         1348.000
    APPROACH
      Category 1    0.461         1383.000
      Category 2    0.539         1617.000
    RESPONSE
      Category 1    0.484         1452.000
      Category 2    0.516         1548.000
    EXPECT
      Category 1    0.468         1403.000
      Category 2    0.532         1597.000
    NEW
      Category 1    0.551         1652.000
      Category 2    0.449         1348.000
    SAME
      Category 1    0.645         1935.000
      Category 2    0.355         1065.000
    RELATIVE
      Category 1    0.571         1714.000
      Category 2    0.429         1286.000
    OBJECTS
      Category 1    0.527         1581.000
      Category 2    0.473         1419.000
    SEQUENCE
      Category 1    0.555         1665.000
      Category 2    0.445         1335.000
    TRANS
      Category 1    0.528         1583.000
      Category 2    0.472         1417.000
    AVOID
      Category 1    0.567         1702.000
      Category 2    0.433         1298.000
    CONTROL
      Category 1    0.657         1971.000
      Category 2    0.343         1029.000
    TOUCH
      Category 1    0.671         2013.000
      Category 2    0.329          987.000


     THE LOGLIKELIHOOD DECREASED IN THE LAST EM ITERATION.  CHANGE YOUR MODEL
     AND/OR STARTING VALUES.



     THE MODEL ESTIMATION DID NOT TERMINATE NORMALLY DUE TO AN ERROR IN THE
     COMPUTATION.  CHANGE YOUR MODEL AND/OR STARTING VALUES.






MODEL RESULTS

                    Estimate

Latent Class 1

 Thresholds
    PRIMARY$1         -1.833
    CHANGE$1          -2.136
    INTERUPT$1        -2.075
    INITIAT$1         -2.321
    ENGAGE$1          -1.797
    APPROACH$1        -2.156
    RESPONSE$1        -2.064
    EXPECT$1          -2.130
    NEW$1             -1.797
    SAME$1            -1.403
    RELATIVE$1        -1.713
    OBJECTS$1         -1.892
    SEQUENCE$1        -1.779
    TRANS$1           -1.889
    AVOID$1           -1.729
    CONTROL$1         -1.350
    TOUCH$1           -1.287

Latent Class 2

 Thresholds
    PRIMARY$1      *********
    CHANGE$1          -3.483
    INTERUPT$1        -5.613
    INITIAT$1         -2.495
    ENGAGE$1       *********
    APPROACH$1        -3.190
    RESPONSE$1        -6.408
    EXPECT$1          -3.607
    NEW$1          *********
    SAME$1         *********
    RELATIVE$1     *********
    OBJECTS$1      *********
    SEQUENCE$1     *********
    TRANS$1        *********
    AVOID$1        *********
    CONTROL$1      *********
    TOUCH$1        *********

Latent Class 3

 Thresholds
    PRIMARY$1         -1.167
    CHANGE$1          -0.864
    INTERUPT$1        -0.925
    INITIAT$1         -0.868
    ENGAGE$1          -1.203
    APPROACH$1        -0.868
    RESPONSE$1        -0.936
    EXPECT$1          -0.870
    NEW$1              0.868
    SAME$1             0.868
    RELATIVE$1         0.868
    OBJECTS$1         -0.868
    SEQUENCE$1        -0.868
    TRANS$1           -0.868
    AVOID$1            0.868
    CONTROL$1          0.868
    TOUCH$1            0.868

Latent Class 4

 Thresholds
    PRIMARY$1          1.167
    CHANGE$1           0.864
    INTERUPT$1         0.925
    INITIAT$1          0.868
    ENGAGE$1           1.203
    APPROACH$1         0.868
    RESPONSE$1         0.936
    EXPECT$1           0.870
    NEW$1             -0.868
    SAME$1            -0.868
    RELATIVE$1        -0.868
    OBJECTS$1         -0.868
    SEQUENCE$1        -0.868
    TRANS$1           -0.868
    AVOID$1           -0.868
    CONTROL$1         -0.868
    TOUCH$1           -0.868

Latent Class 5

 Thresholds
    PRIMARY$1          2.167
    CHANGE$1           1.864
    INTERUPT$1         1.925
    INITIAT$1          1.679
    ENGAGE$1           2.203
    APPROACH$1         1.860
    RESPONSE$1         1.936
    EXPECT$1           1.870
    NEW$1              2.203
    SAME$1             2.597
    RELATIVE$1         2.287
    OBJECTS$1          1.056
    SEQUENCE$1         1.059
    TRANS$1            1.056
    AVOID$1            2.271
    CONTROL$1          2.650
    TOUCH$1            2.713

Categorical Latent Variables

 Means
    C#1               -0.284
    C#2                0.915
    C#3                0.471
    C#4                0.804


MODEL COMMAND WITH FINAL ESTIMATES USED AS STARTING VALUES

     %OVERALL%

     [ c#1*-0.28365 ];
     [ c#2*0.91452 ];
     [ c#3*0.47082 ];
     [ c#4*0.80361 ];

     %C#1%

     [ primary$1*-1.83295 ] (t1);
     [ change$1*-2.13621 ] (t2);
     [ interupt$1*-2.07470 ] (t3);
     [ initiat$1*-2.32141 ] (t4);
     [ engage$1*-1.79664 ] (t5);
     [ approach$1*-2.15632 ] (t6);
     [ response$1*-2.06402 ] (t7);
     [ expect$1*-2.12951 ] (t8);
     [ new$1*-1.79664 ] (t9);
     [ same$1*-1.40287 ] (t10);
     [ relative$1*-1.71271 ] (t11);
     [ objects$1*-1.89189 ] (t12);
     [ sequence$1*-1.77911 ] (t13);
     [ trans$1*-1.88922 ] (t14);
     [ avoid$1*-1.72902 ] (t15);
     [ control$1*-1.35005 ] (t16);
     [ touch$1*-1.28729 ] (t17);

     %C#2%

     [ primary$1**************** ] (t18);
     [ change$1*-3.48325 ] (t19);
     [ interupt$1*-5.61305 ] (t20);
     [ initiat$1*-2.49509 ] (t21);
     [ engage$1**************** ] (t22);
     [ approach$1*-3.18963 ] (t23);
     [ response$1*-6.40774 ] (t24);
     [ expect$1*-3.60703 ] (t25);
     [ new$1**************** ] (t26);
     [ same$1**************** ] (t27);
     [ relative$1**************** ] (t28);
     [ objects$1**************** ] (t29);
     [ sequence$1**************** ] (t30);
     [ trans$1**************** ] (t31);
     [ avoid$1**************** ] (t32);
     [ control$1**************** ] (t33);
     [ touch$1*118485296 ] (t34);

     %C#3%

     [ primary$1*-1.16705 ] (t52);
     [ change$1*-0.86379 ] (t53);
     [ interupt$1*-0.92530 ] (t54);
     [ initiat$1*-0.86832 ] (t55);
     [ engage$1*-1.20336 ] (t56);
     [ approach$1*-0.86832 ] (t57);
     [ response$1*-0.93598 ] (t58);
     [ expect$1*-0.87049 ] (t59);
     [ new$1*0.86832 ] (t60);
     [ same$1*0.86832 ] (t61);
     [ relative$1*0.86832 ] (t62);
     [ objects$1*-0.86832 ] (t63);
     [ sequence$1*-0.86832 ] (t64);
     [ trans$1*-0.86832 ] (t65);
     [ avoid$1*0.86832 ] (t66);
     [ control$1*0.86832 ] (t67);
     [ touch$1*0.86832 ] (t68);

     %C#4%

     [ primary$1*1.16705 ] (t35);
     [ change$1*0.86379 ] (t36);
     [ interupt$1*0.92530 ] (t37);
     [ initiat$1*0.86832 ] (t38);
     [ engage$1*1.20336 ] (t39);
     [ approach$1*0.86832 ] (t40);
     [ response$1*0.93598 ] (t41);
     [ expect$1*0.87049 ] (t42);
     [ new$1*-0.86832 ] (t43);
     [ same$1*-0.86832 ] (t44);
     [ relative$1*-0.86832 ] (t45);
     [ objects$1*-0.86832 ] (t46);
     [ sequence$1*-0.86832 ] (t47);
     [ trans$1*-0.86832 ] (t48);
     [ avoid$1*-0.86832 ] (t49);
     [ control$1*-0.86832 ] (t50);
     [ touch$1*-0.86832 ] (t51);

     %C#5%

     [ primary$1*2.16705 ] (t69);
     [ change$1*1.86379 ] (t70);
     [ interupt$1*1.92530 ] (t71);
     [ initiat$1*1.67859 ] (t72);
     [ engage$1*2.20336 ] (t73);
     [ approach$1*1.86005 ] (t74);
     [ response$1*1.93598 ] (t75);
     [ expect$1*1.87049 ] (t76);
     [ new$1*2.20336 ] (t77);
     [ same$1*2.59713 ] (t78);
     [ relative$1*2.28729 ] (t79);
     [ objects$1*1.05602 ] (t80);
     [ sequence$1*1.05882 ] (t81);
     [ trans$1*1.05610 ] (t82);
     [ avoid$1*2.27098 ] (t83);
     [ control$1*2.64995 ] (t84);
     [ touch$1*2.71271 ] (t85);



TECHNICAL 14 OUTPUT

     Random Starts Specifications for the k-1 Class Analysis Model
        Number of initial stage random starts                   0
        Number of final stage optimizations                     0

     Random Starts Specification for the k-1 Class Model for Generated Data
        Number of initial stage random starts                   0
        Number of final stage optimizations for the
           initial stage random starts                          0
     Random Starts Specification for the k Class Model for Generated Data
        Number of initial stage random starts                  40
        Number of final stage optimizations                     8
     Number of bootstrap draws requested                   Varies


     Beginning Time:  12:33:20
        Ending Time:  12:33:20
       Elapsed Time:  00:00:00



MUTHEN & MUTHEN
3463 Stoner Ave.
Los Angeles, CA  90066

Tel: (310) 391-9971
Fax: (310) 391-8971
Web: www.StatModel.com
Support: Support@StatModel.com

Copyright (c) 1998-2021 Muthen & Muthen
