Mplus VERSION 8.6 (Mac)
MUTHEN & MUTHEN
10/02/2024   1:54 PM

INPUT INSTRUCTIONS

  TITLE:
  Hypothesis-M1
  DATA:
  FILE = "/Users/agarber/github/SIM_CLCA/C3-Hypothesized/Hypothesis-M1-CLCA.dat";

  VARIABLE:
  NAMES = primary change interupt initiat engage approach response expect new same
       relative objects sequence trans avoid control touch;
   MISSING=.;
   categorical = primary-touch;
      usevar = primary-touch;
      classes = c(5);
  ANALYSIS:
  estimator = mlr;
      type = mixture;
      !starts = 500 200;
      !STSEED = 459573; !!! USE SEED TO REPLICATE THESIS RESULTS !!!

  MODEL:
  !!! NAME & LABEL PARAMETERS !!!

       %OVERALL%

       %C#1%       !!!High_Flex!!!

       [ primary$1*-.85 ](t1);
       [  change$1*-.85 ](t2);
       [interupt$1*-.85 ](t3);
       [ initiat$1*-.85 ](t4);
       [  engage$1*-.85 ](t5);
       [approach$1*-.85 ](t6);
       [response$1*-.85 ](t7);
       [  expect$1*-.85 ](t8);
       [     new$1*-.85 ](t9);
       [    same$1*-.85 ](t10);
       [relative$1*-.85 ](t11);
       [ objects$1*-.85 ](t12);
       [sequence$1*-.85 ](t13);
       [   trans$1*-.85 ](t14);
       [   avoid$1*-.85 ](t15);
       [ control$1*-.85 ](t16);
       [   touch$1*-.85 ](t17);

       %C#2%       !!!ScIn_Flex!!!

       [ primary$1*-.85 ](t18);
       [  change$1*-.85 ](t19);
       [interupt$1*-.85 ](t20);
       [ initiat$1*-.85 ](t21);
       [  engage$1*-.85 ](t22);
       [approach$1*-.85 ](t23);
       [response$1*-.85 ](t24);
       [  expect$1*-.85 ](t25);
       [     new$1*.85  ](t26);
       [    same$1*.85  ](t27);
       [relative$1*.85  ](t28);
       [ objects$1*.85  ](t29);
       [sequence$1*.85  ](t30);
       [   trans$1*.85  ](t31);
       [   avoid$1*.85  ](t32);
       [ control$1*.85  ](t33);
       [   touch$1*.85  ](t34);

       %C#3%        !!!LocSnsLo!!!

      [ primary$1*.85 ](t35);
      [  change$1*.85 ](t36);
      [interupt$1*.85 ](t37);
      [ initiat$1*.85 ](t38);
      [  engage$1*.85 ](t39);
      [approach$1*.85 ](t40);
      [response$1*.85 ](t41);
      [  expect$1*.85 ](t42);
      [     new$1*-.85](t43);
      [    same$1*-.85](t44);
      [relative$1*-.85](t45);
      [ objects$1*-.85](t46);
      [sequence$1*-.85](t47);
      [   trans$1*-.85](t48);
      [   avoid$1*-.85](t49);
      [ control$1*-.85](t50);
      [   touch$1*-.85](t51);

       %C#4%     !!!Env_Flex !!!

          [ primary$1 ](t52);
          [  change$1 ](t53);
          [interupt$1 ](t54);
          [ initiat$1 ](t55);
          [  engage$1 ](t56);
          [approach$1 ](t57);
          [response$1 ](t58);
          [  expect$1 ](t59);
      [     new$1*.85 ](t60);
      [    same$1*.85 ](t61);
      [relative$1*.85 ](t62);
      [ objects$1*-.85](t63);
      [sequence$1*-.85](t64);
      [   trans$1*-.85](t65);
      [   avoid$1*.85 ](t66);
      [ control$1*.85 ](t67);
      [   touch$1*.85 ](t68);

       %C#5%         !!!Low_Flex!!!

       [ primary$1*.85 ](t69);
       [  change$1*.85 ](t70);
       [interupt$1*.85 ](t71);
       [ initiat$1*.85 ](t72);
       [  engage$1*.85 ](t73);
       [approach$1*.85 ](t74);
       [response$1*.85 ](t75);
       [  expect$1*.85 ](t76);
       [     new$1*.85 ](t77);
       [    same$1*.85 ](t78);
       [relative$1*.85 ](t79);
       [ objects$1*.85 ](t80);
       [sequence$1*.85 ](t81);
       [   trans$1*.85 ](t82);
       [   avoid$1*.85 ](t83);
       [ control$1*.85 ](t84);
       [   touch$1*.85 ](t85);

  MODEL CONSTRAINT:

    !!!       THRESHOLD BOUNDARIES            !!!
    !!! -.85 (THRESHOLD) ~ .70 (PROBABILTY)   !!!
    !!!  .85 (THRESHOLD) ~ .30 (PROBABILTY)   !!!

    ! LABELS C1-C5 BELOW REFLECT ORDER OF CLASSES IN PLOT (NOT MPLUS C# LABELS ABOVE)

       !   C1    |   C2    |   C3    |   C4   |    C5  !
       !High_Flex|ScIn_Flex|Env_Flex |LocSnsLo|Low_Flex!
       !_________|_________|_________|________|________!
        t1 <-.8;  t18<-.8;  t35> .8;           t69> .8;  !!!U1 !!!
        t2 <-.8;  t19<-.8;  t36> .8;           t70> .8;  !!!U2 !!!
        t3 <-.8;  t20<-.8;  t37> .8;           t71> .8;  !!!U3 !!!
        t4 <-.8;  t21<-.8;  t38> .8;           t72> .8;  !!!U4 !!!
        t5 <-.8;  t22<-.8;  t39> .8;           t73> .8;  !!!U5 !!!
        t6 <-.8;  t23<-.8;  t40> .8;           t74> .8;  !!!U6 !!!
        t7 <-.8;  t24<-.8;  t41> .8;           t75> .8;  !!!U7 !!!
        t8 <-.8;  t25<-.8;  t42> .8;           t76> .8;  !!!U8 !!!

        t9 <-.8;  t26> .8;  t43<-.8; t60> .8;  t77> .8;  !!!U9 !!!
        t10<-.8;  t27> .8;  t44<-.8; t61> .8;  t78> .8;  !!!U10!!!
        t11<-.8;  t28> .8;  t45<-.8; t62> .8;  t79> .8;  !!!U11!!!
        t12<-.8;  t29> .8;  t46<-.8; t63<-.8;  t80> .8;  !!!U12!!!
        t13<-.8;  t30> .8;  t47<-.8; t64<-.8;  t81> .8;  !!!U13!!!
        t14<-.8;  t31> .8;  t48<-.8; t65<-.8;  t82> .8;  !!!U14!!!
        t15<-.8;  t32> .8;  t49<-.8; t66> .8;  t83> .8;  !!!U15!!!
        t16<-.8;  t33> .8;  t50<-.8; t67> .8;  t84> .8;  !!!U16!!!
        t17<-.8;  t34> .8;  t51<-.8; t68> .8;  t85> .8;  !!!U17!!!

    !!!       EQUALITY (& INEQUALITY) CONSTRAINTS       !!!

      !  C1vC2  |  C3vC4  |  C4vC5  !
      !_________|_________|_________!
                 t35=-t52;           !!!U1 !!!
                 t36=-t53;           !!!U2 !!!
                 t37=-t54;           !!!U3 !!!
                 t38=-t55;           !!!U4 !!!
                 t39=-t56;           !!!U5 !!!
                 t40=-t57;           !!!U6 !!!
                 t41=-t58;           !!!U7 !!!
                 t42=-t59;           !!!U8 !!!
       t9 =-t26;                     !!!U9 !!!
       t10=-t27;                     !!!U10!!!
       t11=-t28;                     !!!U11!!!
       t12=-t29;           t63=-t80; !!!U12!!!
       t13=-t30;           t64=-t81; !!!U13!!!
       t14=-t31;           t65=-t82; !!!U14!!!
       t15=-t32;                     !!!U15!!!
       t16=-t33;                     !!!U16!!!
       t17=-t34;                     !!!U17!!!


  OUTPUT:
  tech14;
  PLOT:
  type = plot3;
            series = primary-touch(*);



INPUT READING TERMINATED NORMALLY




Hypothesis-M1

SUMMARY OF ANALYSIS

Number of groups                                                 1
Number of observations                                        6000

Number of dependent variables                                   17
Number of independent variables                                  0
Number of continuous latent variables                            0
Number of categorical latent variables                           1

Observed dependent variables

  Binary and ordered categorical (ordinal)
   PRIMARY     CHANGE      INTERUPT    INITIAT     ENGAGE      APPROACH
   RESPONSE    EXPECT      NEW         SAME        RELATIVE    OBJECTS
   SEQUENCE    TRANS       AVOID       CONTROL     TOUCH

Categorical latent variables
   C


Estimator                                                      MLR
Information matrix                                        OBSERVED
Optimization Specifications for the Quasi-Newton Algorithm for
Continuous Outcomes
  Maximum number of iterations                                 100
  Convergence criterion                                  0.100D-05
Optimization Specifications for the EM Algorithm
  Maximum number of iterations                                 500
  Convergence criteria
    Loglikelihood change                                 0.100D-06
    Relative loglikelihood change                        0.100D-06
    Derivative                                           0.100D-05
Optimization Specifications for the M step of the EM Algorithm for
Categorical Latent variables
  Number of M step iterations                                    1
  M step convergence criterion                           0.100D-05
  Basis for M step termination                           ITERATION
Optimization Specifications for the M step of the EM Algorithm for
Censored, Binary or Ordered Categorical (Ordinal), Unordered
Categorical (Nominal) and Count Outcomes
  Number of M step iterations                                    1
  M step convergence criterion                           0.100D-05
  Basis for M step termination                           ITERATION
  Maximum value for logit thresholds                            15
  Minimum value for logit thresholds                           -15
  Minimum expected cell size for chi-square              0.100D-01
Maximum number of iterations for H1                           2000
Convergence criterion for H1                             0.100D-03
Optimization algorithm                                         EMA
Random Starts Specifications
  Number of initial stage random starts                         20
  Number of final stage optimizations                            4
  Number of initial stage iterations                            10
  Initial stage convergence criterion                    0.100D+01
  Random starts scale                                    0.500D+01
  Random seed for generating random starts                       0
Link                                                         LOGIT

Input data file(s)
  /Users/agarber/github/SIM_CLCA/C3-Hypothesized/Hypothesis-M1-CLCA.dat
Input data format  FREE


SUMMARY OF DATA

     Number of missing data patterns             1
     Number of y missing data patterns           0
     Number of u missing data patterns           1


COVARIANCE COVERAGE OF DATA

Minimum covariance coverage value   0.100


UNIVARIATE PROPORTIONS AND COUNTS FOR CATEGORICAL VARIABLES

    PRIMARY
      Category 1    0.553         3319.000
      Category 2    0.447         2681.000
    CHANGE
      Category 1    0.474         2845.000
      Category 2    0.526         3155.000
    INTERUPT
      Category 1    0.477         2865.000
      Category 2    0.522         3135.000
    INITIAT
      Category 1    0.434         2606.000
      Category 2    0.566         3394.000
    ENGAGE
      Category 1    0.551         3308.000
      Category 2    0.449         2692.000
    APPROACH
      Category 1    0.479         2877.000
      Category 2    0.520         3123.000
    RESPONSE
      Category 1    0.486         2915.000
      Category 2    0.514         3085.000
    EXPECT
      Category 1    0.467         2799.000
      Category 2    0.533         3201.000
    NEW
      Category 1    0.541         3245.000
      Category 2    0.459         2755.000
    SAME
      Category 1    0.646         3878.000
      Category 2    0.354         2122.000
    RELATIVE
      Category 1    0.569         3416.000
      Category 2    0.431         2584.000
    OBJECTS
      Category 1    0.507         3044.000
      Category 2    0.493         2956.000
    SEQUENCE
      Category 1    0.535         3208.000
      Category 2    0.465         2792.000
    TRANS
      Category 1    0.517         3103.000
      Category 2    0.483         2897.000
    AVOID
      Category 1    0.583         3495.000
      Category 2    0.417         2505.000
    CONTROL
      Category 1    0.655         3928.000
      Category 2    0.345         2072.000
    TOUCH
      Category 1    0.672         4032.000
      Category 2    0.328         1968.000


RANDOM STARTS RESULTS RANKED FROM THE BEST TO THE WORST LOGLIKELIHOOD VALUES

20 perturbed starting value run(s) did not converge in the initial stage
optimizations.

Final stage loglikelihood values at local maxima, seeds, and initial stage start numbers:

          -54038.401  unperturbed      0

3 perturbed starting value run(s) did not converge.



     WARNING:  THE BEST LOGLIKELIHOOD VALUE WAS NOT REPLICATED.  THE
     SOLUTION MAY NOT BE TRUSTWORTHY DUE TO LOCAL MAXIMA.  INCREASE THE
     NUMBER OF RANDOM STARTS.


THE MODEL ESTIMATION TERMINATED NORMALLY



MODEL FIT INFORMATION

Number of Free Parameters                       69

Loglikelihood

          H0 Value                      -54038.401
          H0 Scaling Correction Factor      1.0079
            for MLR

Information Criteria

          Akaike (AIC)                  108214.802
          Bayesian (BIC)                108677.069
          Sample-Size Adjusted BIC      108457.806
            (n* = (n + 2) / 24)

Chi-Square Test of Model Fit for the Binary and Ordered Categorical
(Ordinal) Outcomes**

          Pearson Chi-Square

          Value                          41353.855
          Degrees of Freedom                130684
          P-Value                           1.0000

          Likelihood Ratio Chi-Square

          Value                          13326.584
          Degrees of Freedom                130684
          P-Value                           1.0000

** Of the 131072 cells in the latent class indicator table, 318
   were deleted in the calculation of chi-square due to extreme values.



FINAL CLASS COUNTS AND PROPORTIONS FOR THE LATENT CLASSES
BASED ON THE ESTIMATED MODEL

    Latent
   Classes

       1        345.64616          0.05761
       2       2142.33743          0.35706
       3       1741.98865          0.29033
       4       1176.23344          0.19604
       5        593.79432          0.09897


FINAL CLASS COUNTS AND PROPORTIONS FOR THE LATENT CLASSES
BASED ON ESTIMATED POSTERIOR PROBABILITIES

    Latent
   Classes

       1        345.64621          0.05761
       2       2142.33894          0.35706
       3       1741.98877          0.29033
       4       1176.23192          0.19604
       5        593.79416          0.09897


FINAL CLASS COUNTS AND PROPORTIONS FOR THE LATENT CLASSES
BASED ON THEIR MOST LIKELY LATENT CLASS MEMBERSHIP

Class Counts and Proportions

    Latent
   Classes

       1              343          0.05717
       2             2137          0.35617
       3             1728          0.28800
       4             1205          0.20083
       5              587          0.09783


CLASSIFICATION QUALITY

     Entropy                         0.936


Average Latent Class Probabilities for Most Likely Latent Class Membership (Row)
by Latent Class (Column)

           1        2        3        4        5

    1   0.970    0.001    0.015    0.014    0.000
    2   0.001    0.967    0.001    0.028    0.003
    3   0.002    0.000    0.987    0.006    0.005
    4   0.007    0.058    0.020    0.912    0.004
    5   0.000    0.008    0.009    0.005    0.979


Classification Probabilities for the Most Likely Latent Class Membership (Column)
by Latent Class (Row)

           1        2        3        4        5

    1   0.962    0.004    0.010    0.023    0.000
    2   0.000    0.965    0.000    0.033    0.002
    3   0.003    0.002    0.979    0.014    0.003
    4   0.004    0.051    0.008    0.934    0.002
    5   0.000    0.010    0.015    0.007    0.968


Logits for the Classification Probabilities for the Most Likely Latent Class Membership (Column)
by Latent Class (Row)

              1        2        3        4        5

    1     13.777    8.291    9.222   10.064    0.000
    2     -2.698    6.143   -2.013    2.761    0.000
    3      0.033   -0.651    5.820    1.553    0.000
    4      0.521    3.048    1.228    5.950    0.000
    5    -13.783   -4.581   -4.157   -4.901    0.000


MODEL RESULTS

                                                    Two-Tailed
                    Estimate       S.E.  Est./S.E.    P-Value

Latent Class 1

 Thresholds
    PRIMARY$1         -2.357      0.206    -11.435      0.000
    CHANGE$1          -1.936      0.170    -11.406      0.000
    INTERUPT$1        -2.188      0.190    -11.522      0.000
    INITIAT$1         -2.110      0.182    -11.571      0.000
    ENGAGE$1          -1.697      0.157    -10.819      0.000
    APPROACH$1        -2.254      0.196    -11.471      0.000
    RESPONSE$1        -3.031      0.281    -10.772      0.000
    EXPECT$1          -2.304      0.201    -11.461      0.000
    NEW$1             -1.246      0.050    -25.016      0.000
    SAME$1            -1.473      0.053    -27.849      0.000
    RELATIVE$1        -0.993      0.046    -21.403      0.000
    OBJECTS$1         -2.083      0.082    -25.410      0.000
    SEQUENCE$1        -2.308      0.085    -27.152      0.000
    TRANS$1           -2.135      0.079    -27.062      0.000
    AVOID$1           -1.457      0.053    -27.355      0.000
    CONTROL$1         -3.213      0.114    -28.062      0.000
    TOUCH$1           -2.201      0.070    -31.225      0.000

Latent Class 2

 Thresholds
    PRIMARY$1         -0.977      0.051    -19.225      0.000
    CHANGE$1          -1.070      0.051    -20.791      0.000
    INTERUPT$1        -1.486      0.058    -25.434      0.000
    INITIAT$1         -1.919      0.070    -27.462      0.000
    ENGAGE$1          -0.888      0.049    -18.011      0.000
    APPROACH$1        -1.322      0.055    -23.836      0.000
    RESPONSE$1        -1.387      0.057    -24.524      0.000
    EXPECT$1          -1.921      0.069    -27.691      0.000
    NEW$1              1.246      0.050     25.016      0.000
    SAME$1             1.473      0.053     27.849      0.000
    RELATIVE$1         0.993      0.046     21.403      0.000
    OBJECTS$1          2.083      0.082     25.410      0.000
    SEQUENCE$1         2.308      0.085     27.152      0.000
    TRANS$1            2.135      0.079     27.062      0.000
    AVOID$1            1.457      0.053     27.355      0.000
    CONTROL$1          3.213      0.114     28.062      0.000
    TOUCH$1            2.201      0.070     31.225      0.000

Latent Class 3

 Thresholds
    PRIMARY$1          1.550      0.056     27.721      0.000
    CHANGE$1           0.872      0.043     20.379      0.000
    INTERUPT$1         1.505      0.052     28.924      0.000
    INITIAT$1          0.881      0.043     20.694      0.000
    ENGAGE$1           1.742      0.060     28.901      0.000
    APPROACH$1         1.013      0.044     22.846      0.000
    RESPONSE$1         1.372      0.050     27.642      0.000
    EXPECT$1           1.644      0.055     30.041      0.000
    NEW$1             -2.136      0.083    -25.600      0.000
    SAME$1            -0.960      0.056    -17.144      0.000
    RELATIVE$1        -1.491      0.065    -22.869      0.000
    OBJECTS$1         -0.953      0.054    -17.598      0.000
    SEQUENCE$1        -0.938      0.054    -17.359      0.000
    TRANS$1           -0.907      0.054    -16.912      0.000
    AVOID$1           -1.196      0.058    -20.483      0.000
    CONTROL$1         -1.807      0.073    -24.677      0.000
    TOUCH$1           -0.800      0.000  *********      0.000

Latent Class 4

 Thresholds
    PRIMARY$1         -1.550      0.056    -27.721      0.000
    CHANGE$1          -0.872      0.043    -20.379      0.000
    INTERUPT$1        -1.505      0.052    -28.924      0.000
    INITIAT$1         -0.881      0.043    -20.694      0.000
    ENGAGE$1          -1.742      0.060    -28.901      0.000
    APPROACH$1        -1.013      0.044    -22.846      0.000
    RESPONSE$1        -1.372      0.050    -27.642      0.000
    EXPECT$1          -1.644      0.055    -30.041      0.000
    NEW$1              1.214      0.076     16.072      0.000
    SAME$1             2.607      0.132     19.700      0.000
    RELATIVE$1         1.926      0.099     19.473      0.000
    OBJECTS$1         -2.498      0.121    -20.666      0.000
    SEQUENCE$1        -1.819      0.088    -20.625      0.000
    TRANS$1           -1.426      0.069    -20.532      0.000
    AVOID$1            1.001      0.071     14.128      0.000
    CONTROL$1          1.995      0.097     20.494      0.000
    TOUCH$1            1.329      0.077     17.347      0.000

Latent Class 5

 Thresholds
    PRIMARY$1          3.187      0.233     13.677      0.000
    CHANGE$1           1.741      0.121     14.440      0.000
    INTERUPT$1         2.097      0.137     15.274      0.000
    INITIAT$1          3.471      0.293     11.864      0.000
    ENGAGE$1           2.515      0.164     15.346      0.000
    APPROACH$1         2.684      0.183     14.702      0.000
    RESPONSE$1         3.330      0.260     12.818      0.000
    EXPECT$1           2.046      0.137     14.908      0.000
    NEW$1              2.127      0.142     14.944      0.000
    SAME$1             2.831      0.187     15.104      0.000
    RELATIVE$1         2.400      0.156     15.349      0.000
    OBJECTS$1          2.498      0.121     20.666      0.000
    SEQUENCE$1         1.819      0.088     20.625      0.000
    TRANS$1            1.426      0.069     20.532      0.000
    AVOID$1            1.801      0.123     14.630      0.000
    CONTROL$1          2.177      0.142     15.277      0.000
    TOUCH$1            3.230      0.231     13.968      0.000

Categorical Latent Variables

 Means
    C#1               -0.541      0.070     -7.737      0.000
    C#2                1.283      0.049     26.375      0.000
    C#3                1.076      0.049     21.934      0.000
    C#4                0.684      0.056     12.158      0.000


QUALITY OF NUMERICAL RESULTS

     Condition Number for the Information Matrix              0.100E-03
       (ratio of smallest to largest eigenvalue)


RESULTS IN PROBABILITY SCALE

                                                    Two-Tailed
                    Estimate       S.E.  Est./S.E.    P-Value

Latent Class 1

 PRIMARY
    Category 1         0.086      0.016      5.310      0.000
    Category 2         0.914      0.016     56.091      0.000
 CHANGE
    Category 1         0.126      0.019      6.740      0.000
    Category 2         0.874      0.019     46.732      0.000
 INTERUPT
    Category 1         0.101      0.017      5.858      0.000
    Category 2         0.899      0.017     52.214      0.000
 INITIAT
    Category 1         0.108      0.018      6.149      0.000
    Category 2         0.892      0.018     50.710      0.000
 ENGAGE
    Category 1         0.155      0.021      7.542      0.000
    Category 2         0.845      0.021     41.172      0.000
 APPROACH
    Category 1         0.095      0.017      5.624      0.000
    Category 2         0.905      0.017     53.561      0.000
 RESPONSE
    Category 1         0.046      0.012      3.726      0.000
    Category 2         0.954      0.012     77.190      0.000
 EXPECT
    Category 1         0.091      0.017      5.471      0.000
    Category 2         0.909      0.017     54.794      0.000
 NEW
    Category 1         0.223      0.009     25.844      0.000
    Category 2         0.777      0.009     89.874      0.000
 SAME
    Category 1         0.187      0.008     23.243      0.000
    Category 2         0.813      0.008    101.379      0.000
 RELATIVE
    Category 1         0.270      0.009     29.534      0.000
    Category 2         0.730      0.009     79.732      0.000
 OBJECTS
    Category 1         0.111      0.008     13.722      0.000
    Category 2         0.889      0.008    110.115      0.000
 SEQUENCE
    Category 1         0.090      0.007     12.933      0.000
    Category 2         0.910      0.007    130.063      0.000
 TRANS
    Category 1         0.106      0.007     14.172      0.000
    Category 2         0.894      0.007    119.887      0.000
 AVOID
    Category 1         0.189      0.008     23.148      0.000
    Category 2         0.811      0.008     99.379      0.000
 CONTROL
    Category 1         0.039      0.004      9.087      0.000
    Category 2         0.961      0.004    225.739      0.000
 TOUCH
    Category 1         0.100      0.006     15.760      0.000
    Category 2         0.900      0.006    142.324      0.000

Latent Class 2

 PRIMARY
    Category 1         0.274      0.010     27.093      0.000
    Category 2         0.726      0.010     71.956      0.000
 CHANGE
    Category 1         0.255      0.010     26.111      0.000
    Category 2         0.745      0.010     76.086      0.000
 INTERUPT
    Category 1         0.184      0.009     20.982      0.000
    Category 2         0.816      0.009     92.762      0.000
 INITIAT
    Category 1         0.128      0.008     16.411      0.000
    Category 2         0.872      0.008    111.821      0.000
 ENGAGE
    Category 1         0.292      0.010     28.638      0.000
    Category 2         0.708      0.010     69.582      0.000
 APPROACH
    Category 1         0.211      0.009     22.848      0.000
    Category 2         0.789      0.009     85.659      0.000
 RESPONSE
    Category 1         0.200      0.009     22.108      0.000
    Category 2         0.800      0.009     88.453      0.000
 EXPECT
    Category 1         0.128      0.008     16.531      0.000
    Category 2         0.872      0.008    112.820      0.000
 NEW
    Category 1         0.777      0.009     89.874      0.000
    Category 2         0.223      0.009     25.844      0.000
 SAME
    Category 1         0.813      0.008    101.379      0.000
    Category 2         0.187      0.008     23.243      0.000
 RELATIVE
    Category 1         0.730      0.009     79.732      0.000
    Category 2         0.270      0.009     29.534      0.000
 OBJECTS
    Category 1         0.889      0.008    110.115      0.000
    Category 2         0.111      0.008     13.722      0.000
 SEQUENCE
    Category 1         0.910      0.007    130.063      0.000
    Category 2         0.090      0.007     12.933      0.000
 TRANS
    Category 1         0.894      0.007    119.887      0.000
    Category 2         0.106      0.007     14.172      0.000
 AVOID
    Category 1         0.811      0.008     99.379      0.000
    Category 2         0.189      0.008     23.148      0.000
 CONTROL
    Category 1         0.961      0.004    225.739      0.000
    Category 2         0.039      0.004      9.087      0.000
 TOUCH
    Category 1         0.900      0.006    142.324      0.000
    Category 2         0.100      0.006     15.760      0.000

Latent Class 3

 PRIMARY
    Category 1         0.825      0.008    102.150      0.000
    Category 2         0.175      0.008     21.676      0.000
 CHANGE
    Category 1         0.705      0.009     79.281      0.000
    Category 2         0.295      0.009     33.163      0.000
 INTERUPT
    Category 1         0.818      0.008    105.786      0.000
    Category 2         0.182      0.008     23.479      0.000
 INITIAT
    Category 1         0.707      0.009     80.166      0.000
    Category 2         0.293      0.009     33.208      0.000
 ENGAGE
    Category 1         0.851      0.008    111.292      0.000
    Category 2         0.149      0.008     19.503      0.000
 APPROACH
    Category 1         0.734      0.009     84.653      0.000
    Category 2         0.266      0.009     30.732      0.000
 RESPONSE
    Category 1         0.798      0.008     99.593      0.000
    Category 2         0.202      0.008     25.249      0.000
 EXPECT
    Category 1         0.838      0.007    112.846      0.000
    Category 2         0.162      0.007     21.809      0.000
 NEW
    Category 1         0.106      0.008     13.400      0.000
    Category 2         0.894      0.008    113.449      0.000
 SAME
    Category 1         0.277      0.011     24.697      0.000
    Category 2         0.723      0.011     64.499      0.000
 RELATIVE
    Category 1         0.184      0.010     18.794      0.000
    Category 2         0.816      0.010     83.461      0.000
 OBJECTS
    Category 1         0.278      0.011     25.589      0.000
    Category 2         0.722      0.011     66.359      0.000
 SEQUENCE
    Category 1         0.281      0.011     25.763      0.000
    Category 2         0.719      0.011     65.797      0.000
 TRANS
    Category 1         0.288      0.011     26.192      0.000
    Category 2         0.712      0.011     64.843      0.000
 AVOID
    Category 1         0.232      0.010     22.307      0.000
    Category 2         0.768      0.010     73.760      0.000
 CONTROL
    Category 1         0.141      0.009     15.901      0.000
    Category 2         0.859      0.009     96.843      0.000
 TOUCH
    Category 1         0.310      0.000  *********      0.000
    Category 2         0.690      0.000  *********      0.000

Latent Class 4

 PRIMARY
    Category 1         0.175      0.008     21.676      0.000
    Category 2         0.825      0.008    102.150      0.000
 CHANGE
    Category 1         0.295      0.009     33.163      0.000
    Category 2         0.705      0.009     79.281      0.000
 INTERUPT
    Category 1         0.182      0.008     23.479      0.000
    Category 2         0.818      0.008    105.786      0.000
 INITIAT
    Category 1         0.293      0.009     33.208      0.000
    Category 2         0.707      0.009     80.166      0.000
 ENGAGE
    Category 1         0.149      0.008     19.503      0.000
    Category 2         0.851      0.008    111.292      0.000
 APPROACH
    Category 1         0.266      0.009     30.732      0.000
    Category 2         0.734      0.009     84.653      0.000
 RESPONSE
    Category 1         0.202      0.008     25.249      0.000
    Category 2         0.798      0.008     99.593      0.000
 EXPECT
    Category 1         0.162      0.007     21.809      0.000
    Category 2         0.838      0.007    112.846      0.000
 NEW
    Category 1         0.771      0.013     57.813      0.000
    Category 2         0.229      0.013     17.170      0.000
 SAME
    Category 1         0.931      0.008    110.037      0.000
    Category 2         0.069      0.008      8.112      0.000
 RELATIVE
    Category 1         0.873      0.011     79.488      0.000
    Category 2         0.127      0.011     11.584      0.000
 OBJECTS
    Category 1         0.076      0.008      8.954      0.000
    Category 2         0.924      0.008    108.850      0.000
 SEQUENCE
    Category 1         0.140      0.011     13.176      0.000
    Category 2         0.860      0.011     81.256      0.000
 TRANS
    Category 1         0.194      0.011     17.861      0.000
    Category 2         0.806      0.011     74.325      0.000
 AVOID
    Category 1         0.731      0.014     52.522      0.000
    Category 2         0.269      0.014     19.308      0.000
 CONTROL
    Category 1         0.880      0.010     85.798      0.000
    Category 2         0.120      0.010     11.670      0.000
 TOUCH
    Category 1         0.791      0.013     62.354      0.000
    Category 2         0.209      0.013     16.515      0.000

Latent Class 5

 PRIMARY
    Category 1         0.960      0.009    108.216      0.000
    Category 2         0.040      0.009      4.469      0.000
 CHANGE
    Category 1         0.851      0.015     55.604      0.000
    Category 2         0.149      0.015      9.746      0.000
 INTERUPT
    Category 1         0.891      0.013     66.572      0.000
    Category 2         0.109      0.013      8.180      0.000
 INITIAT
    Category 1         0.970      0.009    113.361      0.000
    Category 2         0.030      0.009      3.525      0.000
 ENGAGE
    Category 1         0.925      0.011     81.550      0.000
    Category 2         0.075      0.011      6.596      0.000
 APPROACH
    Category 1         0.936      0.011     85.709      0.000
    Category 2         0.064      0.011      5.851      0.000
 RESPONSE
    Category 1         0.965      0.009    111.409      0.000
    Category 2         0.035      0.009      3.987      0.000
 EXPECT
    Category 1         0.886      0.014     63.657      0.000
    Category 2         0.114      0.014      8.229      0.000
 NEW
    Category 1         0.894      0.014     65.980      0.000
    Category 2         0.106      0.014      7.862      0.000
 SAME
    Category 1         0.944      0.010     95.839      0.000
    Category 2         0.056      0.010      5.649      0.000
 RELATIVE
    Category 1         0.917      0.012     76.882      0.000
    Category 2         0.083      0.012      6.977      0.000
 OBJECTS
    Category 1         0.924      0.008    108.850      0.000
    Category 2         0.076      0.008      8.954      0.000
 SEQUENCE
    Category 1         0.860      0.011     81.256      0.000
    Category 2         0.140      0.011     13.176      0.000
 TRANS
    Category 1         0.806      0.011     74.325      0.000
    Category 2         0.194      0.011     17.861      0.000
 AVOID
    Category 1         0.858      0.015     57.317      0.000
    Category 2         0.142      0.015      9.464      0.000
 CONTROL
    Category 1         0.898      0.013     68.911      0.000
    Category 2         0.102      0.013      7.813      0.000
 TOUCH
    Category 1         0.962      0.008    113.670      0.000
    Category 2         0.038      0.008      4.495      0.000


LATENT CLASS INDICATOR ODDS RATIOS FOR THE LATENT CLASSES

                                                95% C.I.
                    Estimate       S.E.  Lower 2.5% Upper 2.5%

Latent Class 1 Compared to Latent Class 2

 PRIMARY
    Category > 1       3.977      0.844      2.624      6.028
 CHANGE
    Category > 1       2.380      0.422      1.681      3.369
 INTERUPT
    Category > 1       2.016      0.401      1.366      2.976
 INITIAT
    Category > 1       1.210      0.236      0.826      1.774
 ENGAGE
    Category > 1       2.247      0.369      1.628      3.101
 APPROACH
    Category > 1       2.540      0.519      1.702      3.790
 RESPONSE
    Category > 1       5.179      1.486      2.951      9.088
 EXPECT
    Category > 1       1.468      0.312      0.967      2.227
 NEW
    Category > 1      12.093      1.205      9.948     14.701
 SAME
    Category > 1      19.024      2.012     15.462     23.406
 RELATIVE
    Category > 1       7.288      0.676      6.076      8.742
 OBJECTS
    Category > 1      64.394     10.555     46.700     88.791
 SEQUENCE
    Category > 1     101.136     17.195     72.474    141.133
 TRANS
    Category > 1      71.562     11.293     52.523     97.501
 AVOID
    Category > 1      18.432      1.963     14.958     22.711
 CONTROL
    Category > 1     617.138    141.298    393.994    966.662
 TOUCH
    Category > 1      81.550     11.495     61.865    107.499

Latent Class 1 Compared to Latent Class 3

 PRIMARY
    Category > 1      49.780     10.556     32.852     75.433
 CHANGE
    Category > 1      16.577      2.897     11.769     23.348
 INTERUPT
    Category > 1      40.159      7.882     27.335     59.000
 INITIAT
    Category > 1      19.907      3.725     13.796     28.727
 ENGAGE
    Category > 1      31.153      5.203     22.457     43.217
 APPROACH
    Category > 1      26.234      5.268     17.698     38.886
 RESPONSE
    Category > 1      81.726     23.302     46.737    142.908
 EXPECT
    Category > 1      51.824     10.752     34.508     77.828
 NEW
    Category > 1       0.411      0.040      0.339      0.497
 SAME
    Category > 1       1.670      0.129      1.436      1.943
 RELATIVE
    Category > 1       0.608      0.049      0.519      0.712
 OBJECTS
    Category > 1       3.094      0.304      2.552      3.752
 SEQUENCE
    Category > 1       3.938      0.398      3.231      4.799
 TRANS
    Category > 1       3.417      0.326      2.834      4.120
 AVOID
    Category > 1       1.298      0.103      1.112      1.516
 CONTROL
    Category > 1       4.079      0.555      3.124      5.325
 TOUCH
    Category > 1       4.058      0.286      3.534      4.659

Latent Class 1 Compared to Latent Class 4

 PRIMARY
    Category > 1       2.241      0.482      1.470      3.417
 CHANGE
    Category > 1       2.900      0.509      2.057      4.090
 INTERUPT
    Category > 1       1.978      0.391      1.343      2.913
 INITIAT
    Category > 1       3.416      0.640      2.366      4.932
 ENGAGE
    Category > 1       0.957      0.162      0.687      1.333
 APPROACH
    Category > 1       3.457      0.699      2.327      5.137
 RESPONSE
    Category > 1       5.253      1.504      2.997      9.207
 EXPECT
    Category > 1       1.936      0.405      1.284      2.917
 NEW
    Category > 1      11.709      1.030      9.855     13.912
 SAME
    Category > 1      59.163      8.275     44.977     77.821
 RELATIVE
    Category > 1      18.524      1.984     15.017     22.851
 OBJECTS
    Category > 1       0.660      0.101      0.489      0.891
 SEQUENCE
    Category > 1       1.631      0.209      1.269      2.095
 TRANS
    Category > 1       2.033      0.219      1.646      2.511
 AVOID
    Category > 1      11.678      1.005      9.866     13.823
 CONTROL
    Category > 1     182.639     26.613    137.264    243.012
 TOUCH
    Category > 1      34.095      3.459     27.947     41.595

Latent Class 1 Compared to Latent Class 5

 PRIMARY
    Category > 1     255.807     79.601    139.006    470.750
 CHANGE
    Category > 1      39.562      8.239     26.303     59.503
 INTERUPT
    Category > 1      72.538     17.001     45.821    114.834
 INITIAT
    Category > 1     265.225     91.423    134.959    521.229
 ENGAGE
    Category > 1      67.496     15.317     43.263    105.304
 APPROACH
    Category > 1     139.514     37.425     82.465    236.026
 RESPONSE
    Category > 1     578.983    221.810    273.251   1226.788
 EXPECT
    Category > 1      77.474     18.856     48.082    124.834
 NEW
    Category > 1      29.186      4.388     21.736     39.188
 SAME
    Category > 1      73.993     14.393     50.538    108.335
 RELATIVE
    Category > 1      29.749      4.845     21.620     40.935
 OBJECTS
    Category > 1      97.546     13.558     74.285    128.091
 SEQUENCE
    Category > 1      62.019      7.250     49.320     77.987
 TRANS
    Category > 1      35.203      3.604     28.803     43.025
 AVOID
    Category > 1      26.001      3.476     20.007     33.791
 CONTROL
    Category > 1     219.099     39.812    153.451    312.833
 TOUCH
    Category > 1     228.365     55.162    142.238    366.643

Latent Class 2 Compared to Latent Class 3

 PRIMARY
    Category > 1      12.516      0.899     10.873     14.408
 CHANGE
    Category > 1       6.966      0.454      6.131      7.915
 INTERUPT
    Category > 1      19.919      1.505     17.177     23.099
 INITIAT
    Category > 1      16.448      1.308     14.074     19.224
 ENGAGE
    Category > 1      13.865      1.037     11.975     16.054
 APPROACH
    Category > 1      10.327      0.712      9.021     11.822
 RESPONSE
    Category > 1      15.781      1.147     13.686     18.198
 EXPECT
    Category > 1      35.314      2.979     29.932     41.663
 NEW
    Category > 1       0.034      0.003      0.028      0.041
 SAME
    Category > 1       0.088      0.007      0.076      0.102
 RELATIVE
    Category > 1       0.083      0.007      0.071      0.098
 OBJECTS
    Category > 1       0.048      0.005      0.040      0.058
 SEQUENCE
    Category > 1       0.039      0.004      0.032      0.047
 TRANS
    Category > 1       0.048      0.005      0.040      0.058
 AVOID
    Category > 1       0.070      0.006      0.060      0.082
 CONTROL
    Category > 1       0.007      0.001      0.005      0.009
 TOUCH
    Category > 1       0.050      0.004      0.043      0.057

Latent Class 2 Compared to Latent Class 4

 PRIMARY
    Category > 1       0.564      0.045      0.483      0.658
 CHANGE
    Category > 1       1.219      0.084      1.066      1.394
 INTERUPT
    Category > 1       0.981      0.079      0.837      1.150
 INITIAT
    Category > 1       2.822      0.237      2.394      3.328
 ENGAGE
    Category > 1       0.426      0.034      0.363      0.499
 APPROACH
    Category > 1       1.361      0.099      1.180      1.570
 RESPONSE
    Category > 1       1.014      0.079      0.871      1.181
 EXPECT
    Category > 1       1.319      0.122      1.101      1.580
 NEW
    Category > 1       0.968      0.090      0.807      1.162
 SAME
    Category > 1       3.110      0.451      2.340      4.133
 RELATIVE
    Category > 1       2.542      0.283      2.043      3.162
 OBJECTS
    Category > 1       0.010      0.001      0.008      0.013
 SEQUENCE
    Category > 1       0.016      0.002      0.013      0.020
 TRANS
    Category > 1       0.028      0.003      0.023      0.035
 AVOID
    Category > 1       0.634      0.058      0.530      0.758
 CONTROL
    Category > 1       0.296      0.046      0.219      0.401
 TOUCH
    Category > 1       0.418      0.045      0.339      0.515

Latent Class 2 Compared to Latent Class 5

 PRIMARY
    Category > 1      64.317     15.334     40.308    102.628
 CHANGE
    Category > 1      16.626      2.182     12.854     21.504
 INTERUPT
    Category > 1      35.979      5.376     26.844     48.222
 INITIAT
    Category > 1     219.141     65.491    121.993    393.651
 ENGAGE
    Category > 1      30.040      5.149     21.469     42.034
 APPROACH
    Category > 1      54.922     10.478     37.788     79.824
 RESPONSE
    Category > 1     111.803     29.697     66.429    188.171
 EXPECT
    Category > 1      52.792      8.084     39.105     71.271
 NEW
    Category > 1       2.413      0.365      1.794      3.246
 SAME
    Category > 1       3.890      0.759      2.654      5.700
 RELATIVE
    Category > 1       4.082      0.667      2.964      5.622
 OBJECTS
    Category > 1       1.515      0.231      1.123      2.044
 SEQUENCE
    Category > 1       0.613      0.078      0.477      0.788
 TRANS
    Category > 1       0.492      0.053      0.398      0.608
 AVOID
    Category > 1       1.411      0.190      1.084      1.836
 CONTROL
    Category > 1       0.355      0.065      0.248      0.509
 TOUCH
    Category > 1       2.800      0.678      1.743      4.500

Latent Class 3 Compared to Latent Class 4

 PRIMARY
    Category > 1       0.045      0.005      0.036      0.056
 CHANGE
    Category > 1       0.175      0.015      0.148      0.207
 INTERUPT
    Category > 1       0.049      0.005      0.040      0.060
 INITIAT
    Category > 1       0.172      0.015      0.145      0.203
 ENGAGE
    Category > 1       0.031      0.004      0.024      0.039
 APPROACH
    Category > 1       0.132      0.012      0.111      0.157
 RESPONSE
    Category > 1       0.064      0.006      0.053      0.078
 EXPECT
    Category > 1       0.037      0.004      0.030      0.046
 NEW
    Category > 1      28.507      3.235     22.821     35.609
 SAME
    Category > 1      35.424      5.097     26.720     46.965
 RELATIVE
    Category > 1      30.472      3.623     24.136     38.470
 OBJECTS
    Category > 1       0.213      0.028      0.165      0.277
 SEQUENCE
    Category > 1       0.414      0.043      0.338      0.507
 TRANS
    Category > 1       0.595      0.052      0.501      0.707
 AVOID
    Category > 1       8.994      0.832      7.503     10.782
 CONTROL
    Category > 1      44.777      5.492     35.208     56.946
 TOUCH
    Category > 1       8.403      0.644      7.232      9.764

Latent Class 3 Compared to Latent Class 5

 PRIMARY
    Category > 1       5.139      1.234      3.210      8.227
 CHANGE
    Category > 1       2.387      0.306      1.856      3.068
 INTERUPT
    Category > 1       1.806      0.266      1.354      2.410
 INITIAT
    Category > 1      13.323      3.943      7.459     23.797
 ENGAGE
    Category > 1       2.167      0.379      1.538      3.053
 APPROACH
    Category > 1       5.318      1.001      3.677      7.692
 RESPONSE
    Category > 1       7.084      1.878      4.214     11.911
 EXPECT
    Category > 1       1.495      0.221      1.118      1.998
 NEW
    Category > 1      71.055     11.698     51.458     98.115
 SAME
    Category > 1      44.305      8.691     30.163     65.076
 RELATIVE
    Category > 1      48.936      8.293     35.106     68.215
 OBJECTS
    Category > 1      31.524      4.178     24.312     40.874
 SEQUENCE
    Category > 1      15.750      1.629     12.861     19.288
 TRANS
    Category > 1      10.302      0.902      8.677     12.232
 AVOID
    Category > 1      20.026      2.735     15.322     26.173
 CONTROL
    Category > 1      53.716      8.616     39.226     73.559
 TOUCH
    Category > 1      56.282     13.016     35.769     88.558

Latent Class 4 Compared to Latent Class 5

 PRIMARY
    Category > 1     114.127     27.298     71.415    182.384
 CHANGE
    Category > 1      13.640      1.742     10.620     17.519
 INTERUPT
    Category > 1      36.666      5.373     27.513     48.865
 INITIAT
    Category > 1      77.642     22.926     43.526    138.497
 ENGAGE
    Category > 1      70.552     12.293     50.140     99.273
 APPROACH
    Category > 1      40.353      7.567     27.941     58.276
 RESPONSE
    Category > 1     110.222     29.088     65.709    184.888
 EXPECT
    Category > 1      40.025      5.900     29.982     53.432
 NEW
    Category > 1       2.493      0.402      1.817      3.419
 SAME
    Category > 1       1.251      0.288      0.797      1.963
 RELATIVE
    Category > 1       1.606      0.297      1.117      2.308
 OBJECTS
    Category > 1     147.765     35.719     92.005    237.319
 SEQUENCE
    Category > 1      38.031      6.709     26.914     53.740
 TRANS
    Category > 1      17.317      2.405     13.190     22.736
 AVOID
    Category > 1       2.226      0.317      1.684      2.943
 CONTROL
    Category > 1       1.200      0.207      0.855      1.683
 TOUCH
    Category > 1       6.698      1.635      4.151     10.808


TECHNICAL 14 OUTPUT

     Random Starts Specifications for the k-1 Class Analysis Model
        Number of initial stage random starts                  20
        Number of final stage optimizations                     4

     Random Starts Specification for the k-1 Class Model for Generated Data
        Number of initial stage random starts                   0
        Number of final stage optimizations for the
           initial stage random starts                          0
     Random Starts Specification for the k Class Model for Generated Data
        Number of initial stage random starts                  40
        Number of final stage optimizations                     8
     Number of bootstrap draws requested                   Varies


     THE LIKELIHOOD RATIO TEST COULD NOT BE COMPUTED.  AN ERROR HAS
     OCCURRED DURING THE ESTIMATION OF THE H0 MODEL WITH ONE LESS CLASS.

     INCREASE THE NUMBER OF RANDOM STARTS USING THE LRTSTARTS OPTION.



PLOT INFORMATION

The following plots are available:

  Histograms (sample values)
  Scatterplots (sample values)
  Sample proportions and estimated probabilities

     Beginning Time:  13:54:05
        Ending Time:  13:54:49
       Elapsed Time:  00:00:44



MUTHEN & MUTHEN
3463 Stoner Ave.
Los Angeles, CA  90066

Tel: (310) 391-9971
Fax: (310) 391-8971
Web: www.StatModel.com
Support: Support@StatModel.com

Copyright (c) 1998-2021 Muthen & Muthen
